running egg_info
creating ../../../build/lslidar_catorgrapher/lslidar_catorgrapher.egg-info
writing ../../../build/lslidar_catorgrapher/lslidar_catorgrapher.egg-info/PKG-INFO
writing dependency_links to ../../../build/lslidar_catorgrapher/lslidar_catorgrapher.egg-info/dependency_links.txt
writing requirements to ../../../build/lslidar_catorgrapher/lslidar_catorgrapher.egg-info/requires.txt
writing top-level names to ../../../build/lslidar_catorgrapher/lslidar_catorgrapher.egg-info/top_level.txt
writing manifest file '../../../build/lslidar_catorgrapher/lslidar_catorgrapher.egg-info/SOURCES.txt'
reading manifest file '../../../build/lslidar_catorgrapher/lslidar_catorgrapher.egg-info/SOURCES.txt'
writing manifest file '../../../build/lslidar_catorgrapher/lslidar_catorgrapher.egg-info/SOURCES.txt'
running build
running build_py
creating /home/yht/SLAM_2D_Learn/SLAM_2D_Learn/build/lslidar_catorgrapher/build
creating /home/yht/SLAM_2D_Learn/SLAM_2D_Learn/build/lslidar_catorgrapher/build/lib
creating /home/yht/SLAM_2D_Learn/SLAM_2D_Learn/build/lslidar_catorgrapher/build/lib/lslidar_catorgrapher
copying lslidar_catorgrapher/check_block.py -> /home/yht/SLAM_2D_Learn/SLAM_2D_Learn/build/lslidar_catorgrapher/build/lib/lslidar_catorgrapher
copying lslidar_catorgrapher/read_map_pos.py -> /home/yht/SLAM_2D_Learn/SLAM_2D_Learn/build/lslidar_catorgrapher/build/lib/lslidar_catorgrapher
copying lslidar_catorgrapher/__init__.py -> /home/yht/SLAM_2D_Learn/SLAM_2D_Learn/build/lslidar_catorgrapher/build/lib/lslidar_catorgrapher
running install
running install_lib
creating /home/yht/SLAM_2D_Learn/SLAM_2D_Learn/install/lslidar_catorgrapher/lib/python3.12/site-packages/lslidar_catorgrapher
copying /home/yht/SLAM_2D_Learn/SLAM_2D_Learn/build/lslidar_catorgrapher/build/lib/lslidar_catorgrapher/check_block.py -> /home/yht/SLAM_2D_Learn/SLAM_2D_Learn/install/lslidar_catorgrapher/lib/python3.12/site-packages/lslidar_catorgrapher
copying /home/yht/SLAM_2D_Learn/SLAM_2D_Learn/build/lslidar_catorgrapher/build/lib/lslidar_catorgrapher/read_map_pos.py -> /home/yht/SLAM_2D_Learn/SLAM_2D_Learn/install/lslidar_catorgrapher/lib/python3.12/site-packages/lslidar_catorgrapher
copying /home/yht/SLAM_2D_Learn/SLAM_2D_Learn/build/lslidar_catorgrapher/build/lib/lslidar_catorgrapher/__init__.py -> /home/yht/SLAM_2D_Learn/SLAM_2D_Learn/install/lslidar_catorgrapher/lib/python3.12/site-packages/lslidar_catorgrapher
byte-compiling /home/yht/SLAM_2D_Learn/SLAM_2D_Learn/install/lslidar_catorgrapher/lib/python3.12/site-packages/lslidar_catorgrapher/check_block.py to check_block.cpython-312.pyc
byte-compiling /home/yht/SLAM_2D_Learn/SLAM_2D_Learn/install/lslidar_catorgrapher/lib/python3.12/site-packages/lslidar_catorgrapher/read_map_pos.py to read_map_pos.cpython-312.pyc
byte-compiling /home/yht/SLAM_2D_Learn/SLAM_2D_Learn/install/lslidar_catorgrapher/lib/python3.12/site-packages/lslidar_catorgrapher/__init__.py to __init__.cpython-312.pyc
running install_data
creating /home/yht/SLAM_2D_Learn/SLAM_2D_Learn/install/lslidar_catorgrapher/share/ament_index
creating /home/yht/SLAM_2D_Learn/SLAM_2D_Learn/install/lslidar_catorgrapher/share/ament_index/resource_index
creating /home/yht/SLAM_2D_Learn/SLAM_2D_Learn/install/lslidar_catorgrapher/share/ament_index/resource_index/packages
copying resource/lslidar_catorgrapher -> /home/yht/SLAM_2D_Learn/SLAM_2D_Learn/install/lslidar_catorgrapher/share/ament_index/resource_index/packages
copying package.xml -> /home/yht/SLAM_2D_Learn/SLAM_2D_Learn/install/lslidar_catorgrapher/share/lslidar_catorgrapher
creating /home/yht/SLAM_2D_Learn/SLAM_2D_Learn/install/lslidar_catorgrapher/share/lslidar_catorgrapher/launch
copying launch/catorgrapher_calc.py -> /home/yht/SLAM_2D_Learn/SLAM_2D_Learn/install/lslidar_catorgrapher/share/lslidar_catorgrapher/launch
copying launch/catorgrapher_launch.py -> /home/yht/SLAM_2D_Learn/SLAM_2D_Learn/install/lslidar_catorgrapher/share/lslidar_catorgrapher/launch
copying launch/catorgrapher_rviz.py -> /home/yht/SLAM_2D_Learn/SLAM_2D_Learn/install/lslidar_catorgrapher/share/lslidar_catorgrapher/launch
creating /home/yht/SLAM_2D_Learn/SLAM_2D_Learn/install/lslidar_catorgrapher/share/lslidar_catorgrapher/config
copying config/catorgrapher_rviz.rviz -> /home/yht/SLAM_2D_Learn/SLAM_2D_Learn/install/lslidar_catorgrapher/share/lslidar_catorgrapher/config
copying config/catorgrapher_config.lua -> /home/yht/SLAM_2D_Learn/SLAM_2D_Learn/install/lslidar_catorgrapher/share/lslidar_catorgrapher/config
copying config/catorgrapher_urdf.urdf -> /home/yht/SLAM_2D_Learn/SLAM_2D_Learn/install/lslidar_catorgrapher/share/lslidar_catorgrapher/config
running install_egg_info
Copying ../../../build/lslidar_catorgrapher/lslidar_catorgrapher.egg-info to /home/yht/SLAM_2D_Learn/SLAM_2D_Learn/install/lslidar_catorgrapher/lib/python3.12/site-packages/lslidar_catorgrapher-0.0.0-py3.12.egg-info
running install_scripts
writing list of installed files to '/home/yht/SLAM_2D_Learn/SLAM_2D_Learn/build/lslidar_catorgrapher/install.log'
