[1.029s] Invoking command in '/home/yht/SLAM_2D_Learn/SLAM_2D_Learn/src/leo_explore': DEBUGINFOD_URLS=https://debuginfod.ubuntu.com PYTHONPATH=/home/yht/SLAM_2D_Learn/SLAM_2D_Learn/build/leo_explore/prefix_override:/usr/lib/python3/dist-packages/colcon_core/task/python/colcon_distutils_commands:/home/yht/SLAM_2D_Learn/SLAM_2D_Learn/install/leo_explore/lib/python3.12/site-packages:${PYTHONPATH} /usr/bin/python3 -W ignore:setup.py install is deprecated -W ignore:easy_install command is deprecated setup.py egg_info --egg-base ../../build/leo_explore build --build-base /home/yht/SLAM_2D_Learn/SLAM_2D_Learn/build/leo_explore/build install --record /home/yht/SLAM_2D_Learn/SLAM_2D_Learn/build/leo_explore/install.log --single-version-externally-managed install_data
[1.205s] running egg_info
[1.217s] writing ../../build/leo_explore/leo_explore.egg-info/PKG-INFO
[1.217s] writing dependency_links to ../../build/leo_explore/leo_explore.egg-info/dependency_links.txt
[1.217s] writing entry points to ../../build/leo_explore/leo_explore.egg-info/entry_points.txt
[1.217s] writing requirements to ../../build/leo_explore/leo_explore.egg-info/requires.txt
[1.217s] writing top-level names to ../../build/leo_explore/leo_explore.egg-info/top_level.txt
[1.241s] reading manifest file '../../build/leo_explore/leo_explore.egg-info/SOURCES.txt'
[1.242s] writing manifest file '../../build/leo_explore/leo_explore.egg-info/SOURCES.txt'
[1.242s] running build
[1.242s] running build_py
[1.242s] running install
[1.247s] running install_lib
[1.259s] running install_data
[1.259s] running install_egg_info
[1.272s] removing '/home/yht/SLAM_2D_Learn/SLAM_2D_Learn/install/leo_explore/lib/python3.12/site-packages/leo_explore-0.0.0-py3.12.egg-info' (and everything under it)
[1.272s] Copying ../../build/leo_explore/leo_explore.egg-info to /home/yht/SLAM_2D_Learn/SLAM_2D_Learn/install/leo_explore/lib/python3.12/site-packages/leo_explore-0.0.0-py3.12.egg-info
[1.272s] running install_scripts
[1.354s] Installing wander script to /home/yht/SLAM_2D_Learn/SLAM_2D_Learn/install/leo_explore/lib/leo_explore
[1.354s] writing list of installed files to '/home/yht/SLAM_2D_Learn/SLAM_2D_Learn/build/leo_explore/install.log'
[1.372s] Invoked command in '/home/yht/SLAM_2D_Learn/SLAM_2D_Learn/src/leo_explore' returned '0': DEBUGINFOD_URLS=https://debuginfod.ubuntu.com PYTHONPATH=/home/yht/SLAM_2D_Learn/SLAM_2D_Learn/build/leo_explore/prefix_override:/usr/lib/python3/dist-packages/colcon_core/task/python/colcon_distutils_commands:/home/yht/SLAM_2D_Learn/SLAM_2D_Learn/install/leo_explore/lib/python3.12/site-packages:${PYTHONPATH} /usr/bin/python3 -W ignore:setup.py install is deprecated -W ignore:easy_install command is deprecated setup.py egg_info --egg-base ../../build/leo_explore build --build-base /home/yht/SLAM_2D_Learn/SLAM_2D_Learn/build/leo_explore/build install --record /home/yht/SLAM_2D_Learn/SLAM_2D_Learn/build/leo_explore/install.log --single-version-externally-managed install_data
