[0.181s] DEBUG:colcon:Command line arguments: ['/usr/bin/colcon', 'build']
[0.181s] DEBUG:colcon:Parsed command line arguments: Namespace(log_base=None, log_level=None, verb_name='build', build_base='build', install_base='install', merge_install=False, symlink_install=False, test_result_base=None, continue_on_error=False, executor='parallel', parallel_workers=32, event_handlers=None, ignore_user_meta=False, metas=['./colcon.meta'], base_paths=['.'], packages_ignore=None, packages_ignore_regex=None, paths=None, packages_up_to=None, packages_up_to_regex=None, packages_above=None, packages_above_and_dependencies=None, packages_above_depth=None, packages_select_by_dep=None, packages_skip_by_dep=None, packages_skip_up_to=None, packages_select_build_failed=False, packages_skip_build_finished=False, packages_select_test_failures=False, packages_skip_test_passed=False, packages_select=None, packages_skip=None, packages_select_regex=None, packages_skip_regex=None, packages_start=None, packages_end=None, allow_overriding=[], cmake_args=None, cmake_target=None, cmake_target_skip_unavailable=False, cmake_clean_cache=False, cmake_clean_first=False, cmake_force_configure=False, ament_cmake_args=None, catkin_cmake_args=None, catkin_skip_building_tests=False, mixin_files=None, mixin=None, verb_parser=<colcon_mixin.mixin.mixin_argument.MixinArgumentDecorator object at 0x7c8adc6a9640>, verb_extension=<colcon_core.verb.build.BuildVerb object at 0x7c8adc7cdf10>, main=<bound method BuildVerb.main of <colcon_core.verb.build.BuildVerb object at 0x7c8adc7cdf10>>, mixin_verb=('build',))
[0.220s] Level 1:colcon.colcon_core.package_discovery:discover_packages(colcon_meta) check parameters
[0.220s] Level 1:colcon.colcon_core.package_discovery:discover_packages(recursive) check parameters
[0.220s] Level 1:colcon.colcon_core.package_discovery:discover_packages(ignore) check parameters
[0.220s] Level 1:colcon.colcon_core.package_discovery:discover_packages(path) check parameters
[0.220s] Level 1:colcon.colcon_core.package_discovery:discover_packages(colcon_meta) discover
[0.220s] Level 1:colcon.colcon_core.package_discovery:discover_packages(recursive) discover
[0.220s] INFO:colcon.colcon_core.package_discovery:Crawling recursively for packages in '/home/yht/SLAM_2D_Learn/SLAM_2D_Learn'
[0.221s] Level 1:colcon.colcon_core.package_identification:_identify(.) by extensions ['ignore', 'ignore_ament_install']
[0.221s] Level 1:colcon.colcon_core.package_identification:_identify(.) by extension 'ignore'
[0.221s] Level 1:colcon.colcon_core.package_identification:_identify(.) by extension 'ignore_ament_install'
[0.221s] Level 1:colcon.colcon_core.package_identification:_identify(.) by extensions ['colcon_pkg']
[0.221s] Level 1:colcon.colcon_core.package_identification:_identify(.) by extension 'colcon_pkg'
[0.221s] Level 1:colcon.colcon_core.package_identification:_identify(.) by extensions ['colcon_meta']
[0.221s] Level 1:colcon.colcon_core.package_identification:_identify(.) by extension 'colcon_meta'
[0.221s] Level 1:colcon.colcon_core.package_identification:_identify(.) by extensions ['ros']
[0.221s] Level 1:colcon.colcon_core.package_identification:_identify(.) by extension 'ros'
[0.239s] Level 1:colcon.colcon_core.package_identification:_identify(.) by extensions ['cmake', 'python']
[0.239s] Level 1:colcon.colcon_core.package_identification:_identify(.) by extension 'cmake'
[0.239s] Level 1:colcon.colcon_core.package_identification:_identify(.) by extension 'python'
[0.239s] Level 1:colcon.colcon_core.package_identification:_identify(.) by extensions ['python_setup_py']
[0.239s] Level 1:colcon.colcon_core.package_identification:_identify(.) by extension 'python_setup_py'
[0.239s] Level 1:colcon.colcon_core.package_identification:_identify(build) by extensions ['ignore', 'ignore_ament_install']
[0.239s] Level 1:colcon.colcon_core.package_identification:_identify(build) by extension 'ignore'
[0.239s] Level 1:colcon.colcon_core.package_identification:_identify(build) ignored
[0.239s] Level 1:colcon.colcon_core.package_identification:_identify(install) by extensions ['ignore', 'ignore_ament_install']
[0.239s] Level 1:colcon.colcon_core.package_identification:_identify(install) by extension 'ignore'
[0.240s] Level 1:colcon.colcon_core.package_identification:_identify(install) ignored
[0.240s] Level 1:colcon.colcon_core.package_identification:_identify(log) by extensions ['ignore', 'ignore_ament_install']
[0.240s] Level 1:colcon.colcon_core.package_identification:_identify(log) by extension 'ignore'
[0.240s] Level 1:colcon.colcon_core.package_identification:_identify(log) ignored
[0.240s] Level 1:colcon.colcon_core.package_identification:_identify(src) by extensions ['ignore', 'ignore_ament_install']
[0.240s] Level 1:colcon.colcon_core.package_identification:_identify(src) by extension 'ignore'
[0.240s] Level 1:colcon.colcon_core.package_identification:_identify(src) by extension 'ignore_ament_install'
[0.240s] Level 1:colcon.colcon_core.package_identification:_identify(src) by extensions ['colcon_pkg']
[0.240s] Level 1:colcon.colcon_core.package_identification:_identify(src) by extension 'colcon_pkg'
[0.240s] Level 1:colcon.colcon_core.package_identification:_identify(src) by extensions ['colcon_meta']
[0.240s] Level 1:colcon.colcon_core.package_identification:_identify(src) by extension 'colcon_meta'
[0.240s] Level 1:colcon.colcon_core.package_identification:_identify(src) by extensions ['ros']
[0.240s] Level 1:colcon.colcon_core.package_identification:_identify(src) by extension 'ros'
[0.240s] Level 1:colcon.colcon_core.package_identification:_identify(src) by extensions ['cmake', 'python']
[0.240s] Level 1:colcon.colcon_core.package_identification:_identify(src) by extension 'cmake'
[0.240s] Level 1:colcon.colcon_core.package_identification:_identify(src) by extension 'python'
[0.240s] Level 1:colcon.colcon_core.package_identification:_identify(src) by extensions ['python_setup_py']
[0.240s] Level 1:colcon.colcon_core.package_identification:_identify(src) by extension 'python_setup_py'
[0.240s] Level 1:colcon.colcon_core.package_identification:_identify(src/Lslidar_ROS2_main) by extensions ['ignore', 'ignore_ament_install']
[0.240s] Level 1:colcon.colcon_core.package_identification:_identify(src/Lslidar_ROS2_main) by extension 'ignore'
[0.240s] Level 1:colcon.colcon_core.package_identification:_identify(src/Lslidar_ROS2_main) by extension 'ignore_ament_install'
[0.240s] Level 1:colcon.colcon_core.package_identification:_identify(src/Lslidar_ROS2_main) by extensions ['colcon_pkg']
[0.240s] Level 1:colcon.colcon_core.package_identification:_identify(src/Lslidar_ROS2_main) by extension 'colcon_pkg'
[0.240s] Level 1:colcon.colcon_core.package_identification:_identify(src/Lslidar_ROS2_main) by extensions ['colcon_meta']
[0.240s] Level 1:colcon.colcon_core.package_identification:_identify(src/Lslidar_ROS2_main) by extension 'colcon_meta'
[0.240s] Level 1:colcon.colcon_core.package_identification:_identify(src/Lslidar_ROS2_main) by extensions ['ros']
[0.240s] Level 1:colcon.colcon_core.package_identification:_identify(src/Lslidar_ROS2_main) by extension 'ros'
[0.240s] Level 1:colcon.colcon_core.package_identification:_identify(src/Lslidar_ROS2_main) by extensions ['cmake', 'python']
[0.240s] Level 1:colcon.colcon_core.package_identification:_identify(src/Lslidar_ROS2_main) by extension 'cmake'
[0.240s] Level 1:colcon.colcon_core.package_identification:_identify(src/Lslidar_ROS2_main) by extension 'python'
[0.240s] Level 1:colcon.colcon_core.package_identification:_identify(src/Lslidar_ROS2_main) by extensions ['python_setup_py']
[0.240s] Level 1:colcon.colcon_core.package_identification:_identify(src/Lslidar_ROS2_main) by extension 'python_setup_py'
[0.240s] Level 1:colcon.colcon_core.package_identification:_identify(src/Lslidar_ROS2_main/lslidar_catorgrapher) by extensions ['ignore', 'ignore_ament_install']
[0.240s] Level 1:colcon.colcon_core.package_identification:_identify(src/Lslidar_ROS2_main/lslidar_catorgrapher) by extension 'ignore'
[0.240s] Level 1:colcon.colcon_core.package_identification:_identify(src/Lslidar_ROS2_main/lslidar_catorgrapher) by extension 'ignore_ament_install'
[0.241s] Level 1:colcon.colcon_core.package_identification:_identify(src/Lslidar_ROS2_main/lslidar_catorgrapher) by extensions ['colcon_pkg']
[0.241s] Level 1:colcon.colcon_core.package_identification:_identify(src/Lslidar_ROS2_main/lslidar_catorgrapher) by extension 'colcon_pkg'
[0.241s] Level 1:colcon.colcon_core.package_identification:_identify(src/Lslidar_ROS2_main/lslidar_catorgrapher) by extensions ['colcon_meta']
[0.241s] Level 1:colcon.colcon_core.package_identification:_identify(src/Lslidar_ROS2_main/lslidar_catorgrapher) by extension 'colcon_meta'
[0.241s] Level 1:colcon.colcon_core.package_identification:_identify(src/Lslidar_ROS2_main/lslidar_catorgrapher) by extensions ['ros']
[0.241s] Level 1:colcon.colcon_core.package_identification:_identify(src/Lslidar_ROS2_main/lslidar_catorgrapher) by extension 'ros'
[0.243s] DEBUG:colcon.colcon_core.package_identification:Package 'src/Lslidar_ROS2_main/lslidar_catorgrapher' with type 'ros.ament_python' and name 'lslidar_catorgrapher'
[0.243s] Level 1:colcon.colcon_core.package_identification:_identify(src/Lslidar_ROS2_main/lslidar_slam) by extensions ['ignore', 'ignore_ament_install']
[0.243s] Level 1:colcon.colcon_core.package_identification:_identify(src/Lslidar_ROS2_main/lslidar_slam) by extension 'ignore'
[0.243s] Level 1:colcon.colcon_core.package_identification:_identify(src/Lslidar_ROS2_main/lslidar_slam) by extension 'ignore_ament_install'
[0.243s] Level 1:colcon.colcon_core.package_identification:_identify(src/Lslidar_ROS2_main/lslidar_slam) by extensions ['colcon_pkg']
[0.243s] Level 1:colcon.colcon_core.package_identification:_identify(src/Lslidar_ROS2_main/lslidar_slam) by extension 'colcon_pkg'
[0.243s] Level 1:colcon.colcon_core.package_identification:_identify(src/Lslidar_ROS2_main/lslidar_slam) by extensions ['colcon_meta']
[0.243s] Level 1:colcon.colcon_core.package_identification:_identify(src/Lslidar_ROS2_main/lslidar_slam) by extension 'colcon_meta'
[0.243s] Level 1:colcon.colcon_core.package_identification:_identify(src/Lslidar_ROS2_main/lslidar_slam) by extensions ['ros']
[0.243s] Level 1:colcon.colcon_core.package_identification:_identify(src/Lslidar_ROS2_main/lslidar_slam) by extension 'ros'
[0.244s] DEBUG:colcon.colcon_core.package_identification:Package 'src/Lslidar_ROS2_main/lslidar_slam' with type 'ros.ament_python' and name 'lslidar_slam'
[0.244s] Level 1:colcon.colcon_core.package_identification:_identify(src/leo_explore) by extensions ['ignore', 'ignore_ament_install']
[0.244s] Level 1:colcon.colcon_core.package_identification:_identify(src/leo_explore) by extension 'ignore'
[0.244s] Level 1:colcon.colcon_core.package_identification:_identify(src/leo_explore) by extension 'ignore_ament_install'
[0.244s] Level 1:colcon.colcon_core.package_identification:_identify(src/leo_explore) by extensions ['colcon_pkg']
[0.244s] Level 1:colcon.colcon_core.package_identification:_identify(src/leo_explore) by extension 'colcon_pkg'
[0.244s] Level 1:colcon.colcon_core.package_identification:_identify(src/leo_explore) by extensions ['colcon_meta']
[0.244s] Level 1:colcon.colcon_core.package_identification:_identify(src/leo_explore) by extension 'colcon_meta'
[0.244s] Level 1:colcon.colcon_core.package_identification:_identify(src/leo_explore) by extensions ['ros']
[0.244s] Level 1:colcon.colcon_core.package_identification:_identify(src/leo_explore) by extension 'ros'
[0.244s] DEBUG:colcon.colcon_core.package_identification:Package 'src/leo_explore' with type 'ros.ament_python' and name 'leo_explore'
[0.244s] Level 1:colcon.colcon_core.package_identification:_identify(src/rplidar_ros) by extensions ['ignore', 'ignore_ament_install']
[0.244s] Level 1:colcon.colcon_core.package_identification:_identify(src/rplidar_ros) by extension 'ignore'
[0.244s] Level 1:colcon.colcon_core.package_identification:_identify(src/rplidar_ros) by extension 'ignore_ament_install'
[0.244s] Level 1:colcon.colcon_core.package_identification:_identify(src/rplidar_ros) by extensions ['colcon_pkg']
[0.244s] Level 1:colcon.colcon_core.package_identification:_identify(src/rplidar_ros) by extension 'colcon_pkg'
[0.245s] Level 1:colcon.colcon_core.package_identification:_identify(src/rplidar_ros) by extensions ['colcon_meta']
[0.245s] Level 1:colcon.colcon_core.package_identification:_identify(src/rplidar_ros) by extension 'colcon_meta'
[0.245s] Level 1:colcon.colcon_core.package_identification:_identify(src/rplidar_ros) by extensions ['ros']
[0.245s] Level 1:colcon.colcon_core.package_identification:_identify(src/rplidar_ros) by extension 'ros'
[0.245s] DEBUG:colcon.colcon_core.package_identification:Package 'src/rplidar_ros' with type 'ros.ament_cmake' and name 'rplidar_ros'
[0.245s] Level 1:colcon.colcon_core.package_discovery:discover_packages(recursive) using defaults
[0.245s] Level 1:colcon.colcon_core.package_discovery:discover_packages(ignore) discover
[0.245s] Level 1:colcon.colcon_core.package_discovery:discover_packages(ignore) using defaults
[0.245s] Level 1:colcon.colcon_core.package_discovery:discover_packages(path) discover
[0.245s] Level 1:colcon.colcon_core.package_discovery:discover_packages(path) using defaults
[0.264s] Level 1:colcon.colcon_core.package_discovery:discover_packages(prefix_path) check parameters
[0.264s] Level 1:colcon.colcon_core.package_discovery:discover_packages(prefix_path) discover
[0.267s] DEBUG:colcon.colcon_installed_package_information.package_discovery:Found 443 installed packages in /opt/ros/jazzy
[0.268s] Level 1:colcon.colcon_core.package_discovery:discover_packages(prefix_path) using defaults
[0.300s] Level 5:colcon.colcon_core.verb:set package 'leo_explore' build argument 'cmake_args' from command line to 'None'
[0.300s] Level 5:colcon.colcon_core.verb:set package 'leo_explore' build argument 'cmake_target' from command line to 'None'
[0.300s] Level 5:colcon.colcon_core.verb:set package 'leo_explore' build argument 'cmake_target_skip_unavailable' from command line to 'False'
[0.300s] Level 5:colcon.colcon_core.verb:set package 'leo_explore' build argument 'cmake_clean_cache' from command line to 'False'
[0.300s] Level 5:colcon.colcon_core.verb:set package 'leo_explore' build argument 'cmake_clean_first' from command line to 'False'
[0.300s] Level 5:colcon.colcon_core.verb:set package 'leo_explore' build argument 'cmake_force_configure' from command line to 'False'
[0.300s] Level 5:colcon.colcon_core.verb:set package 'leo_explore' build argument 'ament_cmake_args' from command line to 'None'
[0.300s] Level 5:colcon.colcon_core.verb:set package 'leo_explore' build argument 'catkin_cmake_args' from command line to 'None'
[0.300s] Level 5:colcon.colcon_core.verb:set package 'leo_explore' build argument 'catkin_skip_building_tests' from command line to 'False'
[0.300s] DEBUG:colcon.colcon_core.verb:Building package 'leo_explore' with the following arguments: {'ament_cmake_args': None, 'build_base': '/home/yht/SLAM_2D_Learn/SLAM_2D_Learn/build/leo_explore', 'catkin_cmake_args': None, 'catkin_skip_building_tests': False, 'cmake_args': None, 'cmake_clean_cache': False, 'cmake_clean_first': False, 'cmake_force_configure': False, 'cmake_target': None, 'cmake_target_skip_unavailable': False, 'install_base': '/home/yht/SLAM_2D_Learn/SLAM_2D_Learn/install/leo_explore', 'merge_install': False, 'path': '/home/yht/SLAM_2D_Learn/SLAM_2D_Learn/src/leo_explore', 'symlink_install': False, 'test_result_base': None}
[0.300s] Level 5:colcon.colcon_core.verb:set package 'lslidar_catorgrapher' build argument 'cmake_args' from command line to 'None'
[0.300s] Level 5:colcon.colcon_core.verb:set package 'lslidar_catorgrapher' build argument 'cmake_target' from command line to 'None'
[0.300s] Level 5:colcon.colcon_core.verb:set package 'lslidar_catorgrapher' build argument 'cmake_target_skip_unavailable' from command line to 'False'
[0.300s] Level 5:colcon.colcon_core.verb:set package 'lslidar_catorgrapher' build argument 'cmake_clean_cache' from command line to 'False'
[0.300s] Level 5:colcon.colcon_core.verb:set package 'lslidar_catorgrapher' build argument 'cmake_clean_first' from command line to 'False'
[0.300s] Level 5:colcon.colcon_core.verb:set package 'lslidar_catorgrapher' build argument 'cmake_force_configure' from command line to 'False'
[0.300s] Level 5:colcon.colcon_core.verb:set package 'lslidar_catorgrapher' build argument 'ament_cmake_args' from command line to 'None'
[0.300s] Level 5:colcon.colcon_core.verb:set package 'lslidar_catorgrapher' build argument 'catkin_cmake_args' from command line to 'None'
[0.300s] Level 5:colcon.colcon_core.verb:set package 'lslidar_catorgrapher' build argument 'catkin_skip_building_tests' from command line to 'False'
[0.301s] DEBUG:colcon.colcon_core.verb:Building package 'lslidar_catorgrapher' with the following arguments: {'ament_cmake_args': None, 'build_base': '/home/yht/SLAM_2D_Learn/SLAM_2D_Learn/build/lslidar_catorgrapher', 'catkin_cmake_args': None, 'catkin_skip_building_tests': False, 'cmake_args': None, 'cmake_clean_cache': False, 'cmake_clean_first': False, 'cmake_force_configure': False, 'cmake_target': None, 'cmake_target_skip_unavailable': False, 'install_base': '/home/yht/SLAM_2D_Learn/SLAM_2D_Learn/install/lslidar_catorgrapher', 'merge_install': False, 'path': '/home/yht/SLAM_2D_Learn/SLAM_2D_Learn/src/Lslidar_ROS2_main/lslidar_catorgrapher', 'symlink_install': False, 'test_result_base': None}
[0.301s] Level 5:colcon.colcon_core.verb:set package 'lslidar_slam' build argument 'cmake_args' from command line to 'None'
[0.301s] Level 5:colcon.colcon_core.verb:set package 'lslidar_slam' build argument 'cmake_target' from command line to 'None'
[0.301s] Level 5:colcon.colcon_core.verb:set package 'lslidar_slam' build argument 'cmake_target_skip_unavailable' from command line to 'False'
[0.301s] Level 5:colcon.colcon_core.verb:set package 'lslidar_slam' build argument 'cmake_clean_cache' from command line to 'False'
[0.301s] Level 5:colcon.colcon_core.verb:set package 'lslidar_slam' build argument 'cmake_clean_first' from command line to 'False'
[0.301s] Level 5:colcon.colcon_core.verb:set package 'lslidar_slam' build argument 'cmake_force_configure' from command line to 'False'
[0.301s] Level 5:colcon.colcon_core.verb:set package 'lslidar_slam' build argument 'ament_cmake_args' from command line to 'None'
[0.301s] Level 5:colcon.colcon_core.verb:set package 'lslidar_slam' build argument 'catkin_cmake_args' from command line to 'None'
[0.301s] Level 5:colcon.colcon_core.verb:set package 'lslidar_slam' build argument 'catkin_skip_building_tests' from command line to 'False'
[0.301s] DEBUG:colcon.colcon_core.verb:Building package 'lslidar_slam' with the following arguments: {'ament_cmake_args': None, 'build_base': '/home/yht/SLAM_2D_Learn/SLAM_2D_Learn/build/lslidar_slam', 'catkin_cmake_args': None, 'catkin_skip_building_tests': False, 'cmake_args': None, 'cmake_clean_cache': False, 'cmake_clean_first': False, 'cmake_force_configure': False, 'cmake_target': None, 'cmake_target_skip_unavailable': False, 'install_base': '/home/yht/SLAM_2D_Learn/SLAM_2D_Learn/install/lslidar_slam', 'merge_install': False, 'path': '/home/yht/SLAM_2D_Learn/SLAM_2D_Learn/src/Lslidar_ROS2_main/lslidar_slam', 'symlink_install': False, 'test_result_base': None}
[0.301s] Level 5:colcon.colcon_core.verb:set package 'rplidar_ros' build argument 'cmake_args' from command line to 'None'
[0.301s] Level 5:colcon.colcon_core.verb:set package 'rplidar_ros' build argument 'cmake_target' from command line to 'None'
[0.301s] Level 5:colcon.colcon_core.verb:set package 'rplidar_ros' build argument 'cmake_target_skip_unavailable' from command line to 'False'
[0.301s] Level 5:colcon.colcon_core.verb:set package 'rplidar_ros' build argument 'cmake_clean_cache' from command line to 'False'
[0.301s] Level 5:colcon.colcon_core.verb:set package 'rplidar_ros' build argument 'cmake_clean_first' from command line to 'False'
[0.301s] Level 5:colcon.colcon_core.verb:set package 'rplidar_ros' build argument 'cmake_force_configure' from command line to 'False'
[0.301s] Level 5:colcon.colcon_core.verb:set package 'rplidar_ros' build argument 'ament_cmake_args' from command line to 'None'
[0.301s] Level 5:colcon.colcon_core.verb:set package 'rplidar_ros' build argument 'catkin_cmake_args' from command line to 'None'
[0.301s] Level 5:colcon.colcon_core.verb:set package 'rplidar_ros' build argument 'catkin_skip_building_tests' from command line to 'False'
[0.301s] DEBUG:colcon.colcon_core.verb:Building package 'rplidar_ros' with the following arguments: {'ament_cmake_args': None, 'build_base': '/home/yht/SLAM_2D_Learn/SLAM_2D_Learn/build/rplidar_ros', 'catkin_cmake_args': None, 'catkin_skip_building_tests': False, 'cmake_args': None, 'cmake_clean_cache': False, 'cmake_clean_first': False, 'cmake_force_configure': False, 'cmake_target': None, 'cmake_target_skip_unavailable': False, 'install_base': '/home/yht/SLAM_2D_Learn/SLAM_2D_Learn/install/rplidar_ros', 'merge_install': False, 'path': '/home/yht/SLAM_2D_Learn/SLAM_2D_Learn/src/rplidar_ros', 'symlink_install': False, 'test_result_base': None}
[0.301s] INFO:colcon.colcon_core.executor:Executing jobs using 'parallel' executor
[0.302s] DEBUG:colcon.colcon_parallel_executor.executor.parallel:run_until_complete
[0.302s] INFO:colcon.colcon_ros.task.ament_python.build:Building ROS package in '/home/yht/SLAM_2D_Learn/SLAM_2D_Learn/src/leo_explore' with build type 'ament_python'
[0.302s] Level 1:colcon.colcon_core.shell:create_environment_hook('leo_explore', 'ament_prefix_path')
[0.308s] INFO:colcon.colcon_core.plugin_system:Skipping extension 'colcon_core.shell.bat': Not used on non-Windows systems
[0.308s] INFO:colcon.colcon_core.shell:Creating environment hook '/home/yht/SLAM_2D_Learn/SLAM_2D_Learn/install/leo_explore/share/leo_explore/hook/ament_prefix_path.ps1'
[0.309s] INFO:colcon.colcon_core.shell:Creating environment descriptor '/home/yht/SLAM_2D_Learn/SLAM_2D_Learn/install/leo_explore/share/leo_explore/hook/ament_prefix_path.dsv'
[0.309s] INFO:colcon.colcon_core.shell:Creating environment hook '/home/yht/SLAM_2D_Learn/SLAM_2D_Learn/install/leo_explore/share/leo_explore/hook/ament_prefix_path.sh'
[0.310s] INFO:colcon.colcon_core.shell:Skip shell extension 'powershell' for command environment: Not usable outside of PowerShell
[0.310s] DEBUG:colcon.colcon_core.shell:Skip shell extension 'dsv' for command environment
[0.312s] INFO:colcon.colcon_ros.task.ament_python.build:Building ROS package in '/home/yht/SLAM_2D_Learn/SLAM_2D_Learn/src/Lslidar_ROS2_main/lslidar_catorgrapher' with build type 'ament_python'
[0.312s] Level 1:colcon.colcon_core.shell:create_environment_hook('lslidar_catorgrapher', 'ament_prefix_path')
[0.312s] INFO:colcon.colcon_core.shell:Creating environment hook '/home/yht/SLAM_2D_Learn/SLAM_2D_Learn/install/lslidar_catorgrapher/share/lslidar_catorgrapher/hook/ament_prefix_path.ps1'
[0.312s] INFO:colcon.colcon_core.shell:Creating environment descriptor '/home/yht/SLAM_2D_Learn/SLAM_2D_Learn/install/lslidar_catorgrapher/share/lslidar_catorgrapher/hook/ament_prefix_path.dsv'
[0.313s] INFO:colcon.colcon_core.shell:Creating environment hook '/home/yht/SLAM_2D_Learn/SLAM_2D_Learn/install/lslidar_catorgrapher/share/lslidar_catorgrapher/hook/ament_prefix_path.sh'
[0.313s] INFO:colcon.colcon_core.shell:Skip shell extension 'powershell' for command environment: Not usable outside of PowerShell
[0.313s] DEBUG:colcon.colcon_core.shell:Skip shell extension 'dsv' for command environment
[0.315s] INFO:colcon.colcon_ros.task.ament_python.build:Building ROS package in '/home/yht/SLAM_2D_Learn/SLAM_2D_Learn/src/Lslidar_ROS2_main/lslidar_slam' with build type 'ament_python'
[0.315s] Level 1:colcon.colcon_core.shell:create_environment_hook('lslidar_slam', 'ament_prefix_path')
[0.315s] INFO:colcon.colcon_core.shell:Creating environment hook '/home/yht/SLAM_2D_Learn/SLAM_2D_Learn/install/lslidar_slam/share/lslidar_slam/hook/ament_prefix_path.ps1'
[0.316s] INFO:colcon.colcon_core.shell:Creating environment descriptor '/home/yht/SLAM_2D_Learn/SLAM_2D_Learn/install/lslidar_slam/share/lslidar_slam/hook/ament_prefix_path.dsv'
[0.316s] INFO:colcon.colcon_core.shell:Creating environment hook '/home/yht/SLAM_2D_Learn/SLAM_2D_Learn/install/lslidar_slam/share/lslidar_slam/hook/ament_prefix_path.sh'
[0.316s] INFO:colcon.colcon_core.shell:Skip shell extension 'powershell' for command environment: Not usable outside of PowerShell
[0.316s] DEBUG:colcon.colcon_core.shell:Skip shell extension 'dsv' for command environment
[0.318s] INFO:colcon.colcon_ros.task.ament_cmake.build:Building ROS package in '/home/yht/SLAM_2D_Learn/SLAM_2D_Learn/src/rplidar_ros' with build type 'ament_cmake'
[0.318s] INFO:colcon.colcon_cmake.task.cmake.build:Building CMake package in '/home/yht/SLAM_2D_Learn/SLAM_2D_Learn/src/rplidar_ros'
[0.318s] INFO:colcon.colcon_core.shell:Skip shell extension 'powershell' for command environment: Not usable outside of PowerShell
[0.318s] DEBUG:colcon.colcon_core.shell:Skip shell extension 'dsv' for command environment
[0.490s] INFO:colcon.colcon_core.task.python.build:Building Python package in '/home/yht/SLAM_2D_Learn/SLAM_2D_Learn/src/leo_explore'
[0.490s] INFO:colcon.colcon_core.shell:Skip shell extension 'powershell' for command environment: Not usable outside of PowerShell
[0.490s] DEBUG:colcon.colcon_core.shell:Skip shell extension 'dsv' for command environment
[0.654s] INFO:colcon.colcon_core.task.python.build:Building Python package in '/home/yht/SLAM_2D_Learn/SLAM_2D_Learn/src/Lslidar_ROS2_main/lslidar_catorgrapher'
[0.655s] INFO:colcon.colcon_core.shell:Skip shell extension 'powershell' for command environment: Not usable outside of PowerShell
[0.655s] DEBUG:colcon.colcon_core.shell:Skip shell extension 'dsv' for command environment
[0.800s] INFO:colcon.colcon_core.task.python.build:Building Python package in '/home/yht/SLAM_2D_Learn/SLAM_2D_Learn/src/Lslidar_ROS2_main/lslidar_slam'
[0.800s] INFO:colcon.colcon_core.shell:Skip shell extension 'powershell' for command environment: Not usable outside of PowerShell
[0.800s] DEBUG:colcon.colcon_core.shell:Skip shell extension 'dsv' for command environment
[0.804s] DEBUG:colcon.colcon_core.event_handler.log_command:Invoking command in '/home/yht/SLAM_2D_Learn/SLAM_2D_Learn/build/rplidar_ros': CMAKE_PREFIX_PATH=${CMAKE_PREFIX_PATH}:/opt/ros/jazzy DEBUGINFOD_URLS=https://debuginfod.ubuntu.com /usr/bin/cmake --build /home/yht/SLAM_2D_Learn/SLAM_2D_Learn/build/rplidar_ros -- -j32 -l32
[0.931s] DEBUG:colcon.colcon_core.event_handler.log_command:Invoked command in '/home/yht/SLAM_2D_Learn/SLAM_2D_Learn/build/rplidar_ros' returned '0': CMAKE_PREFIX_PATH=${CMAKE_PREFIX_PATH}:/opt/ros/jazzy DEBUGINFOD_URLS=https://debuginfod.ubuntu.com /usr/bin/cmake --build /home/yht/SLAM_2D_Learn/SLAM_2D_Learn/build/rplidar_ros -- -j32 -l32
[0.940s] DEBUG:colcon.colcon_core.event_handler.log_command:Invoking command in '/home/yht/SLAM_2D_Learn/SLAM_2D_Learn/build/rplidar_ros': CMAKE_PREFIX_PATH=${CMAKE_PREFIX_PATH}:/opt/ros/jazzy DEBUGINFOD_URLS=https://debuginfod.ubuntu.com /usr/bin/cmake --install /home/yht/SLAM_2D_Learn/SLAM_2D_Learn/build/rplidar_ros
[0.953s] Level 1:colcon.colcon_core.environment:create_environment_scripts_only(rplidar_ros)
[0.953s] DEBUG:colcon.colcon_core.event_handler.log_command:Invoked command in '/home/yht/SLAM_2D_Learn/SLAM_2D_Learn/build/rplidar_ros' returned '0': CMAKE_PREFIX_PATH=${CMAKE_PREFIX_PATH}:/opt/ros/jazzy DEBUGINFOD_URLS=https://debuginfod.ubuntu.com /usr/bin/cmake --install /home/yht/SLAM_2D_Learn/SLAM_2D_Learn/build/rplidar_ros
[0.958s] Level 1:colcon.colcon_core.environment:checking '/home/yht/SLAM_2D_Learn/SLAM_2D_Learn/install/rplidar_ros' for CMake module files
[0.958s] Level 1:colcon.colcon_core.environment:checking '/home/yht/SLAM_2D_Learn/SLAM_2D_Learn/install/rplidar_ros' for CMake config files
[0.958s] Level 1:colcon.colcon_core.shell:create_environment_hook('rplidar_ros', 'cmake_prefix_path')
[0.958s] INFO:colcon.colcon_core.shell:Creating environment hook '/home/yht/SLAM_2D_Learn/SLAM_2D_Learn/install/rplidar_ros/share/rplidar_ros/hook/cmake_prefix_path.ps1'
[0.959s] INFO:colcon.colcon_core.shell:Creating environment descriptor '/home/yht/SLAM_2D_Learn/SLAM_2D_Learn/install/rplidar_ros/share/rplidar_ros/hook/cmake_prefix_path.dsv'
[0.959s] INFO:colcon.colcon_core.shell:Creating environment hook '/home/yht/SLAM_2D_Learn/SLAM_2D_Learn/install/rplidar_ros/share/rplidar_ros/hook/cmake_prefix_path.sh'
[0.959s] Level 1:colcon.colcon_core.environment:checking '/home/yht/SLAM_2D_Learn/SLAM_2D_Learn/install/rplidar_ros/lib'
[0.959s] Level 1:colcon.colcon_core.environment:checking '/home/yht/SLAM_2D_Learn/SLAM_2D_Learn/install/rplidar_ros/bin'
[0.959s] Level 1:colcon.colcon_core.environment:checking '/home/yht/SLAM_2D_Learn/SLAM_2D_Learn/install/rplidar_ros/lib/pkgconfig/rplidar_ros.pc'
[0.960s] Level 1:colcon.colcon_core.environment:checking '/home/yht/SLAM_2D_Learn/SLAM_2D_Learn/install/rplidar_ros/lib/python3.12/site-packages'
[0.960s] Level 1:colcon.colcon_core.environment:checking '/home/yht/SLAM_2D_Learn/SLAM_2D_Learn/install/rplidar_ros/bin'
[0.960s] INFO:colcon.colcon_core.shell:Creating package script '/home/yht/SLAM_2D_Learn/SLAM_2D_Learn/install/rplidar_ros/share/rplidar_ros/package.ps1'
[0.961s] INFO:colcon.colcon_core.shell:Creating package descriptor '/home/yht/SLAM_2D_Learn/SLAM_2D_Learn/install/rplidar_ros/share/rplidar_ros/package.dsv'
[0.961s] INFO:colcon.colcon_core.shell:Creating package script '/home/yht/SLAM_2D_Learn/SLAM_2D_Learn/install/rplidar_ros/share/rplidar_ros/package.sh'
[0.962s] INFO:colcon.colcon_core.shell:Creating package script '/home/yht/SLAM_2D_Learn/SLAM_2D_Learn/install/rplidar_ros/share/rplidar_ros/package.bash'
[0.962s] INFO:colcon.colcon_core.shell:Creating package script '/home/yht/SLAM_2D_Learn/SLAM_2D_Learn/install/rplidar_ros/share/rplidar_ros/package.zsh'
[0.963s] Level 1:colcon.colcon_core.environment:create_file_with_runtime_dependencies(/home/yht/SLAM_2D_Learn/SLAM_2D_Learn/install/rplidar_ros/share/colcon-core/packages/rplidar_ros)
[0.963s] Level 1:colcon.colcon_core.environment:create_environment_scripts_only(rplidar_ros)
[0.963s] Level 1:colcon.colcon_core.environment:checking '/home/yht/SLAM_2D_Learn/SLAM_2D_Learn/install/rplidar_ros' for CMake module files
[0.963s] Level 1:colcon.colcon_core.environment:checking '/home/yht/SLAM_2D_Learn/SLAM_2D_Learn/install/rplidar_ros' for CMake config files
[0.963s] Level 1:colcon.colcon_core.shell:create_environment_hook('rplidar_ros', 'cmake_prefix_path')
[0.964s] INFO:colcon.colcon_core.shell:Creating environment hook '/home/yht/SLAM_2D_Learn/SLAM_2D_Learn/install/rplidar_ros/share/rplidar_ros/hook/cmake_prefix_path.ps1'
[0.964s] INFO:colcon.colcon_core.shell:Creating environment descriptor '/home/yht/SLAM_2D_Learn/SLAM_2D_Learn/install/rplidar_ros/share/rplidar_ros/hook/cmake_prefix_path.dsv'
[0.964s] INFO:colcon.colcon_core.shell:Creating environment hook '/home/yht/SLAM_2D_Learn/SLAM_2D_Learn/install/rplidar_ros/share/rplidar_ros/hook/cmake_prefix_path.sh'
[0.964s] Level 1:colcon.colcon_core.environment:checking '/home/yht/SLAM_2D_Learn/SLAM_2D_Learn/install/rplidar_ros/lib'
[0.964s] Level 1:colcon.colcon_core.environment:checking '/home/yht/SLAM_2D_Learn/SLAM_2D_Learn/install/rplidar_ros/bin'
[0.964s] Level 1:colcon.colcon_core.environment:checking '/home/yht/SLAM_2D_Learn/SLAM_2D_Learn/install/rplidar_ros/lib/pkgconfig/rplidar_ros.pc'
[0.964s] Level 1:colcon.colcon_core.environment:checking '/home/yht/SLAM_2D_Learn/SLAM_2D_Learn/install/rplidar_ros/lib/python3.12/site-packages'
[0.965s] Level 1:colcon.colcon_core.environment:checking '/home/yht/SLAM_2D_Learn/SLAM_2D_Learn/install/rplidar_ros/bin'
[0.965s] INFO:colcon.colcon_core.shell:Creating package script '/home/yht/SLAM_2D_Learn/SLAM_2D_Learn/install/rplidar_ros/share/rplidar_ros/package.ps1'
[0.965s] INFO:colcon.colcon_core.shell:Creating package descriptor '/home/yht/SLAM_2D_Learn/SLAM_2D_Learn/install/rplidar_ros/share/rplidar_ros/package.dsv'
[0.965s] INFO:colcon.colcon_core.shell:Creating package script '/home/yht/SLAM_2D_Learn/SLAM_2D_Learn/install/rplidar_ros/share/rplidar_ros/package.sh'
[0.966s] INFO:colcon.colcon_core.shell:Creating package script '/home/yht/SLAM_2D_Learn/SLAM_2D_Learn/install/rplidar_ros/share/rplidar_ros/package.bash'
[0.966s] INFO:colcon.colcon_core.shell:Creating package script '/home/yht/SLAM_2D_Learn/SLAM_2D_Learn/install/rplidar_ros/share/rplidar_ros/package.zsh'
[0.966s] Level 1:colcon.colcon_core.environment:create_file_with_runtime_dependencies(/home/yht/SLAM_2D_Learn/SLAM_2D_Learn/install/rplidar_ros/share/colcon-core/packages/rplidar_ros)
[1.325s] DEBUG:colcon.colcon_core.event_handler.log_command:Invoking command in '/home/yht/SLAM_2D_Learn/SLAM_2D_Learn/src/Lslidar_ROS2_main/lslidar_slam': DEBUGINFOD_URLS=https://debuginfod.ubuntu.com PYTHONPATH=/home/yht/SLAM_2D_Learn/SLAM_2D_Learn/build/lslidar_slam/prefix_override:/usr/lib/python3/dist-packages/colcon_core/task/python/colcon_distutils_commands:/home/yht/SLAM_2D_Learn/SLAM_2D_Learn/install/lslidar_slam/lib/python3.12/site-packages:${PYTHONPATH} /usr/bin/python3 -W ignore:setup.py install is deprecated -W ignore:easy_install command is deprecated setup.py egg_info --egg-base ../../../build/lslidar_slam build --build-base /home/yht/SLAM_2D_Learn/SLAM_2D_Learn/build/lslidar_slam/build install --record /home/yht/SLAM_2D_Learn/SLAM_2D_Learn/build/lslidar_slam/install.log --single-version-externally-managed install_data
[1.326s] DEBUG:colcon.colcon_core.event_handler.log_command:Invoking command in '/home/yht/SLAM_2D_Learn/SLAM_2D_Learn/src/Lslidar_ROS2_main/lslidar_catorgrapher': DEBUGINFOD_URLS=https://debuginfod.ubuntu.com PYTHONPATH=/home/yht/SLAM_2D_Learn/SLAM_2D_Learn/build/lslidar_catorgrapher/prefix_override:/usr/lib/python3/dist-packages/colcon_core/task/python/colcon_distutils_commands:/home/yht/SLAM_2D_Learn/SLAM_2D_Learn/install/lslidar_catorgrapher/lib/python3.12/site-packages:${PYTHONPATH} /usr/bin/python3 -W ignore:setup.py install is deprecated -W ignore:easy_install command is deprecated setup.py egg_info --egg-base ../../../build/lslidar_catorgrapher build --build-base /home/yht/SLAM_2D_Learn/SLAM_2D_Learn/build/lslidar_catorgrapher/build install --record /home/yht/SLAM_2D_Learn/SLAM_2D_Learn/build/lslidar_catorgrapher/install.log --single-version-externally-managed install_data
[1.331s] DEBUG:colcon.colcon_core.event_handler.log_command:Invoking command in '/home/yht/SLAM_2D_Learn/SLAM_2D_Learn/src/leo_explore': DEBUGINFOD_URLS=https://debuginfod.ubuntu.com PYTHONPATH=/home/yht/SLAM_2D_Learn/SLAM_2D_Learn/build/leo_explore/prefix_override:/usr/lib/python3/dist-packages/colcon_core/task/python/colcon_distutils_commands:/home/yht/SLAM_2D_Learn/SLAM_2D_Learn/install/leo_explore/lib/python3.12/site-packages:${PYTHONPATH} /usr/bin/python3 -W ignore:setup.py install is deprecated -W ignore:easy_install command is deprecated setup.py egg_info --egg-base ../../build/leo_explore build --build-base /home/yht/SLAM_2D_Learn/SLAM_2D_Learn/build/leo_explore/build install --record /home/yht/SLAM_2D_Learn/SLAM_2D_Learn/build/leo_explore/install.log --single-version-externally-managed install_data
[1.667s] Level 1:colcon.colcon_core.environment:checking '/home/yht/SLAM_2D_Learn/SLAM_2D_Learn/install/lslidar_slam' for CMake module files
[1.667s] DEBUG:colcon.colcon_core.event_handler.log_command:Invoked command in '/home/yht/SLAM_2D_Learn/SLAM_2D_Learn/src/Lslidar_ROS2_main/lslidar_slam' returned '0': DEBUGINFOD_URLS=https://debuginfod.ubuntu.com PYTHONPATH=/home/yht/SLAM_2D_Learn/SLAM_2D_Learn/build/lslidar_slam/prefix_override:/usr/lib/python3/dist-packages/colcon_core/task/python/colcon_distutils_commands:/home/yht/SLAM_2D_Learn/SLAM_2D_Learn/install/lslidar_slam/lib/python3.12/site-packages:${PYTHONPATH} /usr/bin/python3 -W ignore:setup.py install is deprecated -W ignore:easy_install command is deprecated setup.py egg_info --egg-base ../../../build/lslidar_slam build --build-base /home/yht/SLAM_2D_Learn/SLAM_2D_Learn/build/lslidar_slam/build install --record /home/yht/SLAM_2D_Learn/SLAM_2D_Learn/build/lslidar_slam/install.log --single-version-externally-managed install_data
[1.668s] Level 1:colcon.colcon_core.environment:checking '/home/yht/SLAM_2D_Learn/SLAM_2D_Learn/install/lslidar_slam' for CMake config files
[1.668s] Level 1:colcon.colcon_core.environment:checking '/home/yht/SLAM_2D_Learn/SLAM_2D_Learn/install/lslidar_slam/lib'
[1.668s] Level 1:colcon.colcon_core.environment:checking '/home/yht/SLAM_2D_Learn/SLAM_2D_Learn/install/lslidar_slam/bin'
[1.668s] Level 1:colcon.colcon_core.environment:checking '/home/yht/SLAM_2D_Learn/SLAM_2D_Learn/install/lslidar_slam/lib/pkgconfig/lslidar_slam.pc'
[1.668s] Level 1:colcon.colcon_core.environment:checking '/home/yht/SLAM_2D_Learn/SLAM_2D_Learn/install/lslidar_slam/lib/python3.12/site-packages'
[1.668s] Level 1:colcon.colcon_core.shell:create_environment_hook('lslidar_slam', 'pythonpath')
[1.668s] INFO:colcon.colcon_core.shell:Creating environment hook '/home/yht/SLAM_2D_Learn/SLAM_2D_Learn/install/lslidar_slam/share/lslidar_slam/hook/pythonpath.ps1'
[1.669s] INFO:colcon.colcon_core.shell:Creating environment descriptor '/home/yht/SLAM_2D_Learn/SLAM_2D_Learn/install/lslidar_slam/share/lslidar_slam/hook/pythonpath.dsv'
[1.669s] INFO:colcon.colcon_core.shell:Creating environment hook '/home/yht/SLAM_2D_Learn/SLAM_2D_Learn/install/lslidar_slam/share/lslidar_slam/hook/pythonpath.sh'
[1.669s] Level 1:colcon.colcon_core.environment:checking '/home/yht/SLAM_2D_Learn/SLAM_2D_Learn/install/lslidar_slam/bin'
[1.669s] Level 1:colcon.colcon_core.environment:create_environment_scripts_only(lslidar_slam)
[1.670s] INFO:colcon.colcon_core.shell:Creating package script '/home/yht/SLAM_2D_Learn/SLAM_2D_Learn/install/lslidar_slam/share/lslidar_slam/package.ps1'
[1.670s] INFO:colcon.colcon_core.shell:Creating package descriptor '/home/yht/SLAM_2D_Learn/SLAM_2D_Learn/install/lslidar_slam/share/lslidar_slam/package.dsv'
[1.670s] INFO:colcon.colcon_core.shell:Creating package script '/home/yht/SLAM_2D_Learn/SLAM_2D_Learn/install/lslidar_slam/share/lslidar_slam/package.sh'
[1.671s] INFO:colcon.colcon_core.shell:Creating package script '/home/yht/SLAM_2D_Learn/SLAM_2D_Learn/install/lslidar_slam/share/lslidar_slam/package.bash'
[1.671s] INFO:colcon.colcon_core.shell:Creating package script '/home/yht/SLAM_2D_Learn/SLAM_2D_Learn/install/lslidar_slam/share/lslidar_slam/package.zsh'
[1.671s] Level 1:colcon.colcon_core.environment:create_file_with_runtime_dependencies(/home/yht/SLAM_2D_Learn/SLAM_2D_Learn/install/lslidar_slam/share/colcon-core/packages/lslidar_slam)
[1.674s] Level 1:colcon.colcon_core.environment:checking '/home/yht/SLAM_2D_Learn/SLAM_2D_Learn/install/leo_explore' for CMake module files
[1.675s] DEBUG:colcon.colcon_core.event_handler.log_command:Invoked command in '/home/yht/SLAM_2D_Learn/SLAM_2D_Learn/src/leo_explore' returned '0': DEBUGINFOD_URLS=https://debuginfod.ubuntu.com PYTHONPATH=/home/yht/SLAM_2D_Learn/SLAM_2D_Learn/build/leo_explore/prefix_override:/usr/lib/python3/dist-packages/colcon_core/task/python/colcon_distutils_commands:/home/yht/SLAM_2D_Learn/SLAM_2D_Learn/install/leo_explore/lib/python3.12/site-packages:${PYTHONPATH} /usr/bin/python3 -W ignore:setup.py install is deprecated -W ignore:easy_install command is deprecated setup.py egg_info --egg-base ../../build/leo_explore build --build-base /home/yht/SLAM_2D_Learn/SLAM_2D_Learn/build/leo_explore/build install --record /home/yht/SLAM_2D_Learn/SLAM_2D_Learn/build/leo_explore/install.log --single-version-externally-managed install_data
[1.675s] Level 1:colcon.colcon_core.environment:checking '/home/yht/SLAM_2D_Learn/SLAM_2D_Learn/install/leo_explore' for CMake config files
[1.675s] Level 1:colcon.colcon_core.environment:checking '/home/yht/SLAM_2D_Learn/SLAM_2D_Learn/install/leo_explore/lib'
[1.675s] Level 1:colcon.colcon_core.environment:checking '/home/yht/SLAM_2D_Learn/SLAM_2D_Learn/install/leo_explore/bin'
[1.675s] Level 1:colcon.colcon_core.environment:checking '/home/yht/SLAM_2D_Learn/SLAM_2D_Learn/install/leo_explore/lib/pkgconfig/leo_explore.pc'
[1.675s] Level 1:colcon.colcon_core.environment:checking '/home/yht/SLAM_2D_Learn/SLAM_2D_Learn/install/leo_explore/lib/python3.12/site-packages'
[1.675s] Level 1:colcon.colcon_core.shell:create_environment_hook('leo_explore', 'pythonpath')
[1.676s] INFO:colcon.colcon_core.shell:Creating environment hook '/home/yht/SLAM_2D_Learn/SLAM_2D_Learn/install/leo_explore/share/leo_explore/hook/pythonpath.ps1'
[1.676s] INFO:colcon.colcon_core.shell:Creating environment descriptor '/home/yht/SLAM_2D_Learn/SLAM_2D_Learn/install/leo_explore/share/leo_explore/hook/pythonpath.dsv'
[1.676s] INFO:colcon.colcon_core.shell:Creating environment hook '/home/yht/SLAM_2D_Learn/SLAM_2D_Learn/install/leo_explore/share/leo_explore/hook/pythonpath.sh'
[1.676s] Level 1:colcon.colcon_core.environment:checking '/home/yht/SLAM_2D_Learn/SLAM_2D_Learn/install/leo_explore/bin'
[1.676s] Level 1:colcon.colcon_core.environment:create_environment_scripts_only(leo_explore)
[1.676s] INFO:colcon.colcon_core.shell:Creating package script '/home/yht/SLAM_2D_Learn/SLAM_2D_Learn/install/leo_explore/share/leo_explore/package.ps1'
[1.677s] INFO:colcon.colcon_core.shell:Creating package descriptor '/home/yht/SLAM_2D_Learn/SLAM_2D_Learn/install/leo_explore/share/leo_explore/package.dsv'
[1.677s] INFO:colcon.colcon_core.shell:Creating package script '/home/yht/SLAM_2D_Learn/SLAM_2D_Learn/install/leo_explore/share/leo_explore/package.sh'
[1.677s] INFO:colcon.colcon_core.shell:Creating package script '/home/yht/SLAM_2D_Learn/SLAM_2D_Learn/install/leo_explore/share/leo_explore/package.bash'
[1.677s] INFO:colcon.colcon_core.shell:Creating package script '/home/yht/SLAM_2D_Learn/SLAM_2D_Learn/install/leo_explore/share/leo_explore/package.zsh'
[1.677s] Level 1:colcon.colcon_core.environment:create_file_with_runtime_dependencies(/home/yht/SLAM_2D_Learn/SLAM_2D_Learn/install/leo_explore/share/colcon-core/packages/leo_explore)
[1.736s] Level 1:colcon.colcon_core.environment:checking '/home/yht/SLAM_2D_Learn/SLAM_2D_Learn/install/lslidar_catorgrapher' for CMake module files
[1.736s] DEBUG:colcon.colcon_core.event_handler.log_command:Invoked command in '/home/yht/SLAM_2D_Learn/SLAM_2D_Learn/src/Lslidar_ROS2_main/lslidar_catorgrapher' returned '0': DEBUGINFOD_URLS=https://debuginfod.ubuntu.com PYTHONPATH=/home/yht/SLAM_2D_Learn/SLAM_2D_Learn/build/lslidar_catorgrapher/prefix_override:/usr/lib/python3/dist-packages/colcon_core/task/python/colcon_distutils_commands:/home/yht/SLAM_2D_Learn/SLAM_2D_Learn/install/lslidar_catorgrapher/lib/python3.12/site-packages:${PYTHONPATH} /usr/bin/python3 -W ignore:setup.py install is deprecated -W ignore:easy_install command is deprecated setup.py egg_info --egg-base ../../../build/lslidar_catorgrapher build --build-base /home/yht/SLAM_2D_Learn/SLAM_2D_Learn/build/lslidar_catorgrapher/build install --record /home/yht/SLAM_2D_Learn/SLAM_2D_Learn/build/lslidar_catorgrapher/install.log --single-version-externally-managed install_data
[1.736s] Level 1:colcon.colcon_core.environment:checking '/home/yht/SLAM_2D_Learn/SLAM_2D_Learn/install/lslidar_catorgrapher' for CMake config files
[1.737s] Level 1:colcon.colcon_core.environment:checking '/home/yht/SLAM_2D_Learn/SLAM_2D_Learn/install/lslidar_catorgrapher/lib'
[1.737s] Level 1:colcon.colcon_core.environment:checking '/home/yht/SLAM_2D_Learn/SLAM_2D_Learn/install/lslidar_catorgrapher/bin'
[1.737s] Level 1:colcon.colcon_core.environment:checking '/home/yht/SLAM_2D_Learn/SLAM_2D_Learn/install/lslidar_catorgrapher/lib/pkgconfig/lslidar_catorgrapher.pc'
[1.737s] Level 1:colcon.colcon_core.environment:checking '/home/yht/SLAM_2D_Learn/SLAM_2D_Learn/install/lslidar_catorgrapher/lib/python3.12/site-packages'
[1.737s] Level 1:colcon.colcon_core.shell:create_environment_hook('lslidar_catorgrapher', 'pythonpath')
[1.737s] INFO:colcon.colcon_core.shell:Creating environment hook '/home/yht/SLAM_2D_Learn/SLAM_2D_Learn/install/lslidar_catorgrapher/share/lslidar_catorgrapher/hook/pythonpath.ps1'
[1.737s] INFO:colcon.colcon_core.shell:Creating environment descriptor '/home/yht/SLAM_2D_Learn/SLAM_2D_Learn/install/lslidar_catorgrapher/share/lslidar_catorgrapher/hook/pythonpath.dsv'
[1.738s] INFO:colcon.colcon_core.shell:Creating environment hook '/home/yht/SLAM_2D_Learn/SLAM_2D_Learn/install/lslidar_catorgrapher/share/lslidar_catorgrapher/hook/pythonpath.sh'
[1.738s] Level 1:colcon.colcon_core.environment:checking '/home/yht/SLAM_2D_Learn/SLAM_2D_Learn/install/lslidar_catorgrapher/bin'
[1.738s] Level 1:colcon.colcon_core.environment:create_environment_scripts_only(lslidar_catorgrapher)
[1.738s] INFO:colcon.colcon_core.shell:Creating package script '/home/yht/SLAM_2D_Learn/SLAM_2D_Learn/install/lslidar_catorgrapher/share/lslidar_catorgrapher/package.ps1'
[1.739s] INFO:colcon.colcon_core.shell:Creating package descriptor '/home/yht/SLAM_2D_Learn/SLAM_2D_Learn/install/lslidar_catorgrapher/share/lslidar_catorgrapher/package.dsv'
[1.739s] INFO:colcon.colcon_core.shell:Creating package script '/home/yht/SLAM_2D_Learn/SLAM_2D_Learn/install/lslidar_catorgrapher/share/lslidar_catorgrapher/package.sh'
[1.739s] INFO:colcon.colcon_core.shell:Creating package script '/home/yht/SLAM_2D_Learn/SLAM_2D_Learn/install/lslidar_catorgrapher/share/lslidar_catorgrapher/package.bash'
[1.739s] INFO:colcon.colcon_core.shell:Creating package script '/home/yht/SLAM_2D_Learn/SLAM_2D_Learn/install/lslidar_catorgrapher/share/lslidar_catorgrapher/package.zsh'
[1.739s] Level 1:colcon.colcon_core.environment:create_file_with_runtime_dependencies(/home/yht/SLAM_2D_Learn/SLAM_2D_Learn/install/lslidar_catorgrapher/share/colcon-core/packages/lslidar_catorgrapher)
[1.739s] DEBUG:colcon.colcon_parallel_executor.executor.parallel:closing loop
[1.740s] DEBUG:colcon.colcon_parallel_executor.executor.parallel:loop closed
[1.740s] DEBUG:colcon.colcon_parallel_executor.executor.parallel:run_until_complete finished with '0'
[1.740s] DEBUG:colcon.colcon_core.event_reactor:joining thread
[1.751s] INFO:colcon.colcon_core.plugin_system:Skipping extension 'colcon_notification.desktop_notification.terminal_notifier': Not used on non-Darwin systems
[1.751s] INFO:colcon.colcon_core.plugin_system:Skipping extension 'colcon_notification.desktop_notification.win32': Not used on non-Windows systems
[1.751s] INFO:colcon.colcon_notification.desktop_notification:Sending desktop notification using 'notify2'
[1.768s] DEBUG:colcon.colcon_core.event_reactor:joined thread
[1.768s] INFO:colcon.colcon_core.shell:Creating prefix script '/home/yht/SLAM_2D_Learn/SLAM_2D_Learn/install/local_setup.ps1'
[1.769s] INFO:colcon.colcon_core.shell:Creating prefix util module '/home/yht/SLAM_2D_Learn/SLAM_2D_Learn/install/_local_setup_util_ps1.py'
[1.771s] INFO:colcon.colcon_core.shell:Creating prefix chain script '/home/yht/SLAM_2D_Learn/SLAM_2D_Learn/install/setup.ps1'
[1.772s] INFO:colcon.colcon_core.shell:Creating prefix script '/home/yht/SLAM_2D_Learn/SLAM_2D_Learn/install/local_setup.sh'
[1.773s] INFO:colcon.colcon_core.shell:Creating prefix util module '/home/yht/SLAM_2D_Learn/SLAM_2D_Learn/install/_local_setup_util_sh.py'
[1.773s] INFO:colcon.colcon_core.shell:Creating prefix chain script '/home/yht/SLAM_2D_Learn/SLAM_2D_Learn/install/setup.sh'
[1.774s] INFO:colcon.colcon_core.shell:Creating prefix script '/home/yht/SLAM_2D_Learn/SLAM_2D_Learn/install/local_setup.bash'
[1.775s] INFO:colcon.colcon_core.shell:Creating prefix chain script '/home/yht/SLAM_2D_Learn/SLAM_2D_Learn/install/setup.bash'
[1.776s] INFO:colcon.colcon_core.shell:Creating prefix script '/home/yht/SLAM_2D_Learn/SLAM_2D_Learn/install/local_setup.zsh'
[1.777s] INFO:colcon.colcon_core.shell:Creating prefix chain script '/home/yht/SLAM_2D_Learn/SLAM_2D_Learn/install/setup.zsh'
