[0.712s] Invoking command in '/home/yht/SLAM_2D_Learn/SLAM_2D_Learn/src/leo_explore': DEBUGINFOD_URLS=https://debuginfod.ubuntu.com PYTHONPATH=/home/yht/SLAM_2D_Learn/SLAM_2D_Learn/build/leo_explore/prefix_override:/usr/lib/python3/dist-packages/colcon_core/task/python/colcon_distutils_commands:/home/yht/SLAM_2D_Learn/SLAM_2D_Learn/install/leo_explore/lib/python3.12/site-packages:${PYTHONPATH} /usr/bin/python3 -W ignore:setup.py install is deprecated -W ignore:easy_install command is deprecated setup.py egg_info --egg-base ../../build/leo_explore build --build-base /home/yht/SLAM_2D_Learn/SLAM_2D_Learn/build/leo_explore/build install --record /home/yht/SLAM_2D_Learn/SLAM_2D_Learn/build/leo_explore/install.log --single-version-externally-managed install_data
[0.882s] running egg_info
[0.894s] writing ../../build/leo_explore/leo_explore.egg-info/PKG-INFO
[0.895s] writing dependency_links to ../../build/leo_explore/leo_explore.egg-info/dependency_links.txt
[0.895s] writing entry points to ../../build/leo_explore/leo_explore.egg-info/entry_points.txt
[0.895s] writing requirements to ../../build/leo_explore/leo_explore.egg-info/requires.txt
[0.895s] writing top-level names to ../../build/leo_explore/leo_explore.egg-info/top_level.txt
[0.919s] reading manifest file '../../build/leo_explore/leo_explore.egg-info/SOURCES.txt'
[0.920s] writing manifest file '../../build/leo_explore/leo_explore.egg-info/SOURCES.txt'
[0.920s] running build
[0.920s] running build_py
[0.920s] running install
[0.924s] running install_lib
[0.937s] running install_data
[0.937s] running install_egg_info
[0.950s] removing '/home/yht/SLAM_2D_Learn/SLAM_2D_Learn/install/leo_explore/lib/python3.12/site-packages/leo_explore-0.0.0-py3.12.egg-info' (and everything under it)
[0.950s] Copying ../../build/leo_explore/leo_explore.egg-info to /home/yht/SLAM_2D_Learn/SLAM_2D_Learn/install/leo_explore/lib/python3.12/site-packages/leo_explore-0.0.0-py3.12.egg-info
[0.950s] running install_scripts
[1.033s] Installing wander script to /home/yht/SLAM_2D_Learn/SLAM_2D_Learn/install/leo_explore/lib/leo_explore
[1.033s] writing list of installed files to '/home/yht/SLAM_2D_Learn/SLAM_2D_Learn/build/leo_explore/install.log'
[1.050s] Invoked command in '/home/yht/SLAM_2D_Learn/SLAM_2D_Learn/src/leo_explore' returned '0': DEBUGINFOD_URLS=https://debuginfod.ubuntu.com PYTHONPATH=/home/yht/SLAM_2D_Learn/SLAM_2D_Learn/build/leo_explore/prefix_override:/usr/lib/python3/dist-packages/colcon_core/task/python/colcon_distutils_commands:/home/yht/SLAM_2D_Learn/SLAM_2D_Learn/install/leo_explore/lib/python3.12/site-packages:${PYTHONPATH} /usr/bin/python3 -W ignore:setup.py install is deprecated -W ignore:easy_install command is deprecated setup.py egg_info --egg-base ../../build/leo_explore build --build-base /home/yht/SLAM_2D_Learn/SLAM_2D_Learn/build/leo_explore/build install --record /home/yht/SLAM_2D_Learn/SLAM_2D_Learn/build/leo_explore/install.log --single-version-externally-managed install_data
