[0.936s] Invoking command in '/home/yht/SLAM_2D_Learn/SLAM_2D_Learn/build/rplidar_ros': CMAKE_PREFIX_PATH=${CMAKE_PREFIX_PATH}:/home/yht/SLAM_2D_Learn/SLAM_2D_Learn/install/ros_basics:/home/yht/SLAM_2D_Learn/SLAM_2D_Learn/install/lslidar_slam:/home/yht/SLAM_2D_Learn/SLAM_2D_Learn/install/lslidar_catorgrapher:/home/yht/SLAM_2D_Learn/SLAM_2D_Learn/install/leo_explore:/opt/ros/jazzy DEBUGINFOD_URLS=https://debuginfod.ubuntu.com /usr/bin/cmake --build /home/yht/SLAM_2D_Learn/SLAM_2D_Learn/build/rplidar_ros -- -j32 -l32
[1.022s] [  5%] Built target rplidar_client
[1.026s] [ 52%] Built target rplidar_composition
[1.034s] [100%] Built target rplidar_node
[1.051s] Invoked command in '/home/yht/SLAM_2D_Learn/SLAM_2D_Learn/build/rplidar_ros' returned '0': CMAKE_PREFIX_PATH=${CMAKE_PREFIX_PATH}:/home/yht/SLAM_2D_Learn/SLAM_2D_Learn/install/ros_basics:/home/yht/SLAM_2D_Learn/SLAM_2D_Learn/install/lslidar_slam:/home/yht/SLAM_2D_Learn/SLAM_2D_Learn/install/lslidar_catorgrapher:/home/yht/SLAM_2D_Learn/SLAM_2D_Learn/install/leo_explore:/opt/ros/jazzy DEBUGINFOD_URLS=https://debuginfod.ubuntu.com /usr/bin/cmake --build /home/yht/SLAM_2D_Learn/SLAM_2D_Learn/build/rplidar_ros -- -j32 -l32
[1.053s] Invoking command in '/home/yht/SLAM_2D_Learn/SLAM_2D_Learn/build/rplidar_ros': CMAKE_PREFIX_PATH=${CMAKE_PREFIX_PATH}:/home/yht/SLAM_2D_Learn/SLAM_2D_Learn/install/ros_basics:/home/yht/SLAM_2D_Learn/SLAM_2D_Learn/install/lslidar_slam:/home/yht/SLAM_2D_Learn/SLAM_2D_Learn/install/lslidar_catorgrapher:/home/yht/SLAM_2D_Learn/SLAM_2D_Learn/install/leo_explore:/opt/ros/jazzy DEBUGINFOD_URLS=https://debuginfod.ubuntu.com /usr/bin/cmake --install /home/yht/SLAM_2D_Learn/SLAM_2D_Learn/build/rplidar_ros
[1.065s] -- Install configuration: ""
[1.066s] -- Up-to-date: /home/yht/SLAM_2D_Learn/SLAM_2D_Learn/install/rplidar_ros/share/rplidar_ros/launch
[1.066s] -- Up-to-date: /home/yht/SLAM_2D_Learn/SLAM_2D_Learn/install/rplidar_ros/share/rplidar_ros/launch/view_rplidar_a2m8_launch.py
[1.066s] -- Up-to-date: /home/yht/SLAM_2D_Learn/SLAM_2D_Learn/install/rplidar_ros/share/rplidar_ros/launch/view_rplidar_s2_launch.py
[1.066s] -- Up-to-date: /home/yht/SLAM_2D_Learn/SLAM_2D_Learn/install/rplidar_ros/share/rplidar_ros/launch/rplidar_a2m12_launch.py
[1.066s] -- Up-to-date: /home/yht/SLAM_2D_Learn/SLAM_2D_Learn/install/rplidar_ros/share/rplidar_ros/launch/view_rplidar_a1_launch.py
[1.067s] -- Up-to-date: /home/yht/SLAM_2D_Learn/SLAM_2D_Learn/install/rplidar_ros/share/rplidar_ros/launch/rplidar_a2m7_launch.py
[1.067s] -- Up-to-date: /home/yht/SLAM_2D_Learn/SLAM_2D_Learn/install/rplidar_ros/share/rplidar_ros/launch/view_rplidar_a3_launch.py
[1.067s] -- Up-to-date: /home/yht/SLAM_2D_Learn/SLAM_2D_Learn/install/rplidar_ros/share/rplidar_ros/launch/view_rplidar_c1_launch.py
[1.067s] -- Up-to-date: /home/yht/SLAM_2D_Learn/SLAM_2D_Learn/install/rplidar_ros/share/rplidar_ros/launch/view_rplidar_s2e_launch.py
[1.067s] -- Up-to-date: /home/yht/SLAM_2D_Learn/SLAM_2D_Learn/install/rplidar_ros/share/rplidar_ros/launch/rplidar_s3_launch.py
[1.067s] -- Up-to-date: /home/yht/SLAM_2D_Learn/SLAM_2D_Learn/install/rplidar_ros/share/rplidar_ros/launch/rplidar_s1_tcp_launch.py
[1.068s] -- Up-to-date: /home/yht/SLAM_2D_Learn/SLAM_2D_Learn/install/rplidar_ros/share/rplidar_ros/launch/rplidar_t1_launch.py
[1.068s] -- Up-to-date: /home/yht/SLAM_2D_Learn/SLAM_2D_Learn/install/rplidar_ros/share/rplidar_ros/launch/view_rplidar_a2m7_launch.py
[1.068s] -- Up-to-date: /home/yht/SLAM_2D_Learn/SLAM_2D_Learn/install/rplidar_ros/share/rplidar_ros/launch/rplidar_s2_launch.py
[1.068s] -- Up-to-date: /home/yht/SLAM_2D_Learn/SLAM_2D_Learn/install/rplidar_ros/share/rplidar_ros/launch/rplidar_a1_launch.py
[1.068s] -- Up-to-date: /home/yht/SLAM_2D_Learn/SLAM_2D_Learn/install/rplidar_ros/share/rplidar_ros/launch/rplidar_a3_launch.py
[1.068s] -- Up-to-date: /home/yht/SLAM_2D_Learn/SLAM_2D_Learn/install/rplidar_ros/share/rplidar_ros/launch/view_rplidar_a2m12_launch.py
[1.068s] -- Up-to-date: /home/yht/SLAM_2D_Learn/SLAM_2D_Learn/install/rplidar_ros/share/rplidar_ros/launch/rplidar_c1_launch.py
[1.069s] -- Up-to-date: /home/yht/SLAM_2D_Learn/SLAM_2D_Learn/install/rplidar_ros/share/rplidar_ros/launch/view_rplidar_s3_launch.py
[1.069s] -- Up-to-date: /home/yht/SLAM_2D_Learn/SLAM_2D_Learn/install/rplidar_ros/share/rplidar_ros/launch/rplidar_a2m8_launch.py
[1.069s] -- Up-to-date: /home/yht/SLAM_2D_Learn/SLAM_2D_Learn/install/rplidar_ros/share/rplidar_ros/launch/view_rplidar_s1_launch.py
[1.069s] -- Up-to-date: /home/yht/SLAM_2D_Learn/SLAM_2D_Learn/install/rplidar_ros/share/rplidar_ros/launch/view_rplidar_t1_launch.py
[1.069s] -- Up-to-date: /home/yht/SLAM_2D_Learn/SLAM_2D_Learn/install/rplidar_ros/share/rplidar_ros/launch/rplidar_s2e_launch.py
[1.069s] -- Up-to-date: /home/yht/SLAM_2D_Learn/SLAM_2D_Learn/install/rplidar_ros/share/rplidar_ros/launch/view_rplidar_s1_tcp_launch.py
[1.069s] -- Up-to-date: /home/yht/SLAM_2D_Learn/SLAM_2D_Learn/install/rplidar_ros/share/rplidar_ros/launch/rplidar_s1_launch.py
[1.069s] -- Up-to-date: /home/yht/SLAM_2D_Learn/SLAM_2D_Learn/install/rplidar_ros/share/rplidar_ros/rviz
[1.069s] -- Up-to-date: /home/yht/SLAM_2D_Learn/SLAM_2D_Learn/install/rplidar_ros/share/rplidar_ros/rviz/rplidar_ros.rviz
[1.069s] -- Up-to-date: /home/yht/SLAM_2D_Learn/SLAM_2D_Learn/install/rplidar_ros/lib/rplidar_ros/rplidar_node
[1.069s] -- Up-to-date: /home/yht/SLAM_2D_Learn/SLAM_2D_Learn/install/rplidar_ros/lib/rplidar_ros/rplidar_composition
[1.069s] -- Up-to-date: /home/yht/SLAM_2D_Learn/SLAM_2D_Learn/install/rplidar_ros/lib/rplidar_ros/rplidar_client
[1.069s] -- Up-to-date: /home/yht/SLAM_2D_Learn/SLAM_2D_Learn/install/rplidar_ros/share/ament_index/resource_index/package_run_dependencies/rplidar_ros
[1.070s] -- Up-to-date: /home/yht/SLAM_2D_Learn/SLAM_2D_Learn/install/rplidar_ros/share/ament_index/resource_index/parent_prefix_path/rplidar_ros
[1.070s] -- Up-to-date: /home/yht/SLAM_2D_Learn/SLAM_2D_Learn/install/rplidar_ros/share/rplidar_ros/environment/ament_prefix_path.sh
[1.070s] -- Up-to-date: /home/yht/SLAM_2D_Learn/SLAM_2D_Learn/install/rplidar_ros/share/rplidar_ros/environment/ament_prefix_path.dsv
[1.070s] -- Up-to-date: /home/yht/SLAM_2D_Learn/SLAM_2D_Learn/install/rplidar_ros/share/rplidar_ros/environment/path.sh
[1.070s] -- Up-to-date: /home/yht/SLAM_2D_Learn/SLAM_2D_Learn/install/rplidar_ros/share/rplidar_ros/environment/path.dsv
[1.070s] -- Up-to-date: /home/yht/SLAM_2D_Learn/SLAM_2D_Learn/install/rplidar_ros/share/rplidar_ros/local_setup.bash
[1.070s] -- Up-to-date: /home/yht/SLAM_2D_Learn/SLAM_2D_Learn/install/rplidar_ros/share/rplidar_ros/local_setup.sh
[1.070s] -- Up-to-date: /home/yht/SLAM_2D_Learn/SLAM_2D_Learn/install/rplidar_ros/share/rplidar_ros/local_setup.zsh
[1.070s] -- Up-to-date: /home/yht/SLAM_2D_Learn/SLAM_2D_Learn/install/rplidar_ros/share/rplidar_ros/local_setup.dsv
[1.070s] -- Installing: /home/yht/SLAM_2D_Learn/SLAM_2D_Learn/install/rplidar_ros/share/rplidar_ros/package.dsv
[1.070s] -- Up-to-date: /home/yht/SLAM_2D_Learn/SLAM_2D_Learn/install/rplidar_ros/share/ament_index/resource_index/packages/rplidar_ros
[1.070s] -- Up-to-date: /home/yht/SLAM_2D_Learn/SLAM_2D_Learn/install/rplidar_ros/share/rplidar_ros/cmake/ament_cmake_export_dependencies-extras.cmake
[1.070s] -- Up-to-date: /home/yht/SLAM_2D_Learn/SLAM_2D_Learn/install/rplidar_ros/share/rplidar_ros/cmake/ament_cmake_export_include_directories-extras.cmake
[1.070s] -- Up-to-date: /home/yht/SLAM_2D_Learn/SLAM_2D_Learn/install/rplidar_ros/share/rplidar_ros/cmake/rplidar_rosConfig.cmake
[1.071s] -- Up-to-date: /home/yht/SLAM_2D_Learn/SLAM_2D_Learn/install/rplidar_ros/share/rplidar_ros/cmake/rplidar_rosConfig-version.cmake
[1.071s] -- Up-to-date: /home/yht/SLAM_2D_Learn/SLAM_2D_Learn/install/rplidar_ros/share/rplidar_ros/package.xml
[1.071s] Invoked command in '/home/yht/SLAM_2D_Learn/SLAM_2D_Learn/build/rplidar_ros' returned '0': CMAKE_PREFIX_PATH=${CMAKE_PREFIX_PATH}:/home/yht/SLAM_2D_Learn/SLAM_2D_Learn/install/ros_basics:/home/yht/SLAM_2D_Learn/SLAM_2D_Learn/install/lslidar_slam:/home/yht/SLAM_2D_Learn/SLAM_2D_Learn/install/lslidar_catorgrapher:/home/yht/SLAM_2D_Learn/SLAM_2D_Learn/install/leo_explore:/opt/ros/jazzy DEBUGINFOD_URLS=https://debuginfod.ubuntu.com /usr/bin/cmake --install /home/yht/SLAM_2D_Learn/SLAM_2D_Learn/build/rplidar_ros
