[1.298s] Invoking command in '/home/yht/SLAM_2D_Learn/SLAM_2D_Learn/src/Lslidar_ROS2_main/lslidar_catorgrapher': DEBUGINFOD_URLS=https://debuginfod.ubuntu.com PYTHONPATH=/home/yht/SLAM_2D_Learn/SLAM_2D_Learn/build/lslidar_catorgrapher/prefix_override:/usr/lib/python3/dist-packages/colcon_core/task/python/colcon_distutils_commands:/home/yht/SLAM_2D_Learn/SLAM_2D_Learn/install/lslidar_catorgrapher/lib/python3.12/site-packages:${PYTHONPATH} /usr/bin/python3 -W ignore:setup.py install is deprecated -W ignore:easy_install command is deprecated setup.py egg_info --egg-base ../../../build/lslidar_catorgrapher build --build-base /home/yht/SLAM_2D_Learn/SLAM_2D_Learn/build/lslidar_catorgrapher/build install --record /home/yht/SLAM_2D_Learn/SLAM_2D_Learn/build/lslidar_catorgrapher/install.log --single-version-externally-managed install_data
[1.475s] running egg_info
[1.487s] writing ../../../build/lslidar_catorgrapher/lslidar_catorgrapher.egg-info/PKG-INFO
[1.491s] writing dependency_links to ../../../build/lslidar_catorgrapher/lslidar_catorgrapher.egg-info/dependency_links.txt
[1.491s] writing requirements to ../../../build/lslidar_catorgrapher/lslidar_catorgrapher.egg-info/requires.txt
[1.491s] writing top-level names to ../../../build/lslidar_catorgrapher/lslidar_catorgrapher.egg-info/top_level.txt
[1.516s] reading manifest file '../../../build/lslidar_catorgrapher/lslidar_catorgrapher.egg-info/SOURCES.txt'
[1.659s] writing manifest file '../../../build/lslidar_catorgrapher/lslidar_catorgrapher.egg-info/SOURCES.txt'
[1.659s] running build
[1.660s] running build_py
[1.661s] running install
[1.671s] running install_lib
[1.711s] running install_data
[1.713s] copying launch/catorgrapher_calc.py -> /home/yht/SLAM_2D_Learn/SLAM_2D_Learn/install/lslidar_catorgrapher/share/lslidar_catorgrapher/launch
[1.713s] copying config/catorgrapher_rviz.rviz -> /home/yht/SLAM_2D_Learn/SLAM_2D_Learn/install/lslidar_catorgrapher/share/lslidar_catorgrapher/config
[1.713s] copying config/catorgrapher_config.lua -> /home/yht/SLAM_2D_Learn/SLAM_2D_Learn/install/lslidar_catorgrapher/share/lslidar_catorgrapher/config
[1.713s] running install_egg_info
[1.733s] removing '/home/yht/SLAM_2D_Learn/SLAM_2D_Learn/install/lslidar_catorgrapher/lib/python3.12/site-packages/lslidar_catorgrapher-0.0.0-py3.12.egg-info' (and everything under it)
[1.733s] Copying ../../../build/lslidar_catorgrapher/lslidar_catorgrapher.egg-info to /home/yht/SLAM_2D_Learn/SLAM_2D_Learn/install/lslidar_catorgrapher/lib/python3.12/site-packages/lslidar_catorgrapher-0.0.0-py3.12.egg-info
[1.734s] running install_scripts
[1.834s] writing list of installed files to '/home/yht/SLAM_2D_Learn/SLAM_2D_Learn/build/lslidar_catorgrapher/install.log'
[1.857s] Invoked command in '/home/yht/SLAM_2D_Learn/SLAM_2D_Learn/src/Lslidar_ROS2_main/lslidar_catorgrapher' returned '0': DEBUGINFOD_URLS=https://debuginfod.ubuntu.com PYTHONPATH=/home/yht/SLAM_2D_Learn/SLAM_2D_Learn/build/lslidar_catorgrapher/prefix_override:/usr/lib/python3/dist-packages/colcon_core/task/python/colcon_distutils_commands:/home/yht/SLAM_2D_Learn/SLAM_2D_Learn/install/lslidar_catorgrapher/lib/python3.12/site-packages:${PYTHONPATH} /usr/bin/python3 -W ignore:setup.py install is deprecated -W ignore:easy_install command is deprecated setup.py egg_info --egg-base ../../../build/lslidar_catorgrapher build --build-base /home/yht/SLAM_2D_Learn/SLAM_2D_Learn/build/lslidar_catorgrapher/build install --record /home/yht/SLAM_2D_Learn/SLAM_2D_Learn/build/lslidar_catorgrapher/install.log --single-version-externally-managed install_data
