[0.202s] DEBUG:colcon:Command line arguments: ['/usr/bin/colcon', 'build']
[0.202s] DEBUG:colcon:Parsed command line arguments: Namespace(log_base=None, log_level=None, verb_name='build', build_base='build', install_base='install', merge_install=False, symlink_install=False, test_result_base=None, continue_on_error=False, executor='parallel', parallel_workers=32, event_handlers=None, ignore_user_meta=False, metas=['./colcon.meta'], base_paths=['.'], packages_ignore=None, packages_ignore_regex=None, paths=None, packages_up_to=None, packages_up_to_regex=None, packages_above=None, packages_above_and_dependencies=None, packages_above_depth=None, packages_select_by_dep=None, packages_skip_by_dep=None, packages_skip_up_to=None, packages_select_build_failed=False, packages_skip_build_finished=False, packages_select_test_failures=False, packages_skip_test_passed=False, packages_select=None, packages_skip=None, packages_select_regex=None, packages_skip_regex=None, packages_start=None, packages_end=None, allow_overriding=[], cmake_args=None, cmake_target=None, cmake_target_skip_unavailable=False, cmake_clean_cache=False, cmake_clean_first=False, cmake_force_configure=False, ament_cmake_args=None, catkin_cmake_args=None, catkin_skip_building_tests=False, mixin_files=None, mixin=None, verb_parser=<colcon_mixin.mixin.mixin_argument.MixinArgumentDecorator object at 0x7d3b9c7abe60>, verb_extension=<colcon_core.verb.build.BuildVerb object at 0x7d3b9c7ce2a0>, main=<bound method BuildVerb.main of <colcon_core.verb.build.BuildVerb object at 0x7d3b9c7ce2a0>>, mixin_verb=('build',))
[0.256s] Level 1:colcon.colcon_core.package_discovery:discover_packages(colcon_meta) check parameters
[0.256s] Level 1:colcon.colcon_core.package_discovery:discover_packages(recursive) check parameters
[0.257s] Level 1:colcon.colcon_core.package_discovery:discover_packages(ignore) check parameters
[0.257s] Level 1:colcon.colcon_core.package_discovery:discover_packages(path) check parameters
[0.257s] Level 1:colcon.colcon_core.package_discovery:discover_packages(colcon_meta) discover
[0.257s] Level 1:colcon.colcon_core.package_discovery:discover_packages(recursive) discover
[0.257s] INFO:colcon.colcon_core.package_discovery:Crawling recursively for packages in '/home/yht/SLAM_2D_Learn/SLAM_2D_Learn'
[0.257s] Level 1:colcon.colcon_core.package_identification:_identify(.) by extensions ['ignore', 'ignore_ament_install']
[0.257s] Level 1:colcon.colcon_core.package_identification:_identify(.) by extension 'ignore'
[0.257s] Level 1:colcon.colcon_core.package_identification:_identify(.) by extension 'ignore_ament_install'
[0.257s] Level 1:colcon.colcon_core.package_identification:_identify(.) by extensions ['colcon_pkg']
[0.257s] Level 1:colcon.colcon_core.package_identification:_identify(.) by extension 'colcon_pkg'
[0.257s] Level 1:colcon.colcon_core.package_identification:_identify(.) by extensions ['colcon_meta']
[0.257s] Level 1:colcon.colcon_core.package_identification:_identify(.) by extension 'colcon_meta'
[0.257s] Level 1:colcon.colcon_core.package_identification:_identify(.) by extensions ['ros']
[0.257s] Level 1:colcon.colcon_core.package_identification:_identify(.) by extension 'ros'
[0.284s] Level 1:colcon.colcon_core.package_identification:_identify(.) by extensions ['cmake', 'python']
[0.284s] Level 1:colcon.colcon_core.package_identification:_identify(.) by extension 'cmake'
[0.284s] Level 1:colcon.colcon_core.package_identification:_identify(.) by extension 'python'
[0.284s] Level 1:colcon.colcon_core.package_identification:_identify(.) by extensions ['python_setup_py']
[0.284s] Level 1:colcon.colcon_core.package_identification:_identify(.) by extension 'python_setup_py'
[0.284s] Level 1:colcon.colcon_core.package_identification:_identify(build) by extensions ['ignore', 'ignore_ament_install']
[0.284s] Level 1:colcon.colcon_core.package_identification:_identify(build) by extension 'ignore'
[0.284s] Level 1:colcon.colcon_core.package_identification:_identify(build) ignored
[0.284s] Level 1:colcon.colcon_core.package_identification:_identify(install) by extensions ['ignore', 'ignore_ament_install']
[0.284s] Level 1:colcon.colcon_core.package_identification:_identify(install) by extension 'ignore'
[0.284s] Level 1:colcon.colcon_core.package_identification:_identify(install) ignored
[0.284s] Level 1:colcon.colcon_core.package_identification:_identify(log) by extensions ['ignore', 'ignore_ament_install']
[0.284s] Level 1:colcon.colcon_core.package_identification:_identify(log) by extension 'ignore'
[0.284s] Level 1:colcon.colcon_core.package_identification:_identify(log) ignored
[0.284s] Level 1:colcon.colcon_core.package_identification:_identify(src) by extensions ['ignore', 'ignore_ament_install']
[0.284s] Level 1:colcon.colcon_core.package_identification:_identify(src) by extension 'ignore'
[0.284s] Level 1:colcon.colcon_core.package_identification:_identify(src) by extension 'ignore_ament_install'
[0.284s] Level 1:colcon.colcon_core.package_identification:_identify(src) by extensions ['colcon_pkg']
[0.285s] Level 1:colcon.colcon_core.package_identification:_identify(src) by extension 'colcon_pkg'
[0.285s] Level 1:colcon.colcon_core.package_identification:_identify(src) by extensions ['colcon_meta']
[0.285s] Level 1:colcon.colcon_core.package_identification:_identify(src) by extension 'colcon_meta'
[0.285s] Level 1:colcon.colcon_core.package_identification:_identify(src) by extensions ['ros']
[0.285s] Level 1:colcon.colcon_core.package_identification:_identify(src) by extension 'ros'
[0.285s] Level 1:colcon.colcon_core.package_identification:_identify(src) by extensions ['cmake', 'python']
[0.285s] Level 1:colcon.colcon_core.package_identification:_identify(src) by extension 'cmake'
[0.285s] Level 1:colcon.colcon_core.package_identification:_identify(src) by extension 'python'
[0.285s] Level 1:colcon.colcon_core.package_identification:_identify(src) by extensions ['python_setup_py']
[0.285s] Level 1:colcon.colcon_core.package_identification:_identify(src) by extension 'python_setup_py'
[0.285s] Level 1:colcon.colcon_core.package_identification:_identify(src/Lslidar_ROS2_main) by extensions ['ignore', 'ignore_ament_install']
[0.285s] Level 1:colcon.colcon_core.package_identification:_identify(src/Lslidar_ROS2_main) by extension 'ignore'
[0.285s] Level 1:colcon.colcon_core.package_identification:_identify(src/Lslidar_ROS2_main) by extension 'ignore_ament_install'
[0.285s] Level 1:colcon.colcon_core.package_identification:_identify(src/Lslidar_ROS2_main) by extensions ['colcon_pkg']
[0.285s] Level 1:colcon.colcon_core.package_identification:_identify(src/Lslidar_ROS2_main) by extension 'colcon_pkg'
[0.285s] Level 1:colcon.colcon_core.package_identification:_identify(src/Lslidar_ROS2_main) by extensions ['colcon_meta']
[0.285s] Level 1:colcon.colcon_core.package_identification:_identify(src/Lslidar_ROS2_main) by extension 'colcon_meta'
[0.285s] Level 1:colcon.colcon_core.package_identification:_identify(src/Lslidar_ROS2_main) by extensions ['ros']
[0.285s] Level 1:colcon.colcon_core.package_identification:_identify(src/Lslidar_ROS2_main) by extension 'ros'
[0.285s] Level 1:colcon.colcon_core.package_identification:_identify(src/Lslidar_ROS2_main) by extensions ['cmake', 'python']
[0.285s] Level 1:colcon.colcon_core.package_identification:_identify(src/Lslidar_ROS2_main) by extension 'cmake'
[0.285s] Level 1:colcon.colcon_core.package_identification:_identify(src/Lslidar_ROS2_main) by extension 'python'
[0.285s] Level 1:colcon.colcon_core.package_identification:_identify(src/Lslidar_ROS2_main) by extensions ['python_setup_py']
[0.285s] Level 1:colcon.colcon_core.package_identification:_identify(src/Lslidar_ROS2_main) by extension 'python_setup_py'
[0.285s] Level 1:colcon.colcon_core.package_identification:_identify(src/Lslidar_ROS2_main/lslidar_catorgrapher) by extensions ['ignore', 'ignore_ament_install']
[0.285s] Level 1:colcon.colcon_core.package_identification:_identify(src/Lslidar_ROS2_main/lslidar_catorgrapher) by extension 'ignore'
[0.285s] Level 1:colcon.colcon_core.package_identification:_identify(src/Lslidar_ROS2_main/lslidar_catorgrapher) by extension 'ignore_ament_install'
[0.285s] Level 1:colcon.colcon_core.package_identification:_identify(src/Lslidar_ROS2_main/lslidar_catorgrapher) by extensions ['colcon_pkg']
[0.285s] Level 1:colcon.colcon_core.package_identification:_identify(src/Lslidar_ROS2_main/lslidar_catorgrapher) by extension 'colcon_pkg'
[0.285s] Level 1:colcon.colcon_core.package_identification:_identify(src/Lslidar_ROS2_main/lslidar_catorgrapher) by extensions ['colcon_meta']
[0.285s] Level 1:colcon.colcon_core.package_identification:_identify(src/Lslidar_ROS2_main/lslidar_catorgrapher) by extension 'colcon_meta'
[0.286s] Level 1:colcon.colcon_core.package_identification:_identify(src/Lslidar_ROS2_main/lslidar_catorgrapher) by extensions ['ros']
[0.286s] Level 1:colcon.colcon_core.package_identification:_identify(src/Lslidar_ROS2_main/lslidar_catorgrapher) by extension 'ros'
[0.288s] DEBUG:colcon.colcon_core.package_identification:Package 'src/Lslidar_ROS2_main/lslidar_catorgrapher' with type 'ros.ament_python' and name 'lslidar_catorgrapher'
[0.288s] Level 1:colcon.colcon_core.package_identification:_identify(src/Lslidar_ROS2_main/lslidar_slam) by extensions ['ignore', 'ignore_ament_install']
[0.288s] Level 1:colcon.colcon_core.package_identification:_identify(src/Lslidar_ROS2_main/lslidar_slam) by extension 'ignore'
[0.288s] Level 1:colcon.colcon_core.package_identification:_identify(src/Lslidar_ROS2_main/lslidar_slam) by extension 'ignore_ament_install'
[0.288s] Level 1:colcon.colcon_core.package_identification:_identify(src/Lslidar_ROS2_main/lslidar_slam) by extensions ['colcon_pkg']
[0.288s] Level 1:colcon.colcon_core.package_identification:_identify(src/Lslidar_ROS2_main/lslidar_slam) by extension 'colcon_pkg'
[0.288s] Level 1:colcon.colcon_core.package_identification:_identify(src/Lslidar_ROS2_main/lslidar_slam) by extensions ['colcon_meta']
[0.288s] Level 1:colcon.colcon_core.package_identification:_identify(src/Lslidar_ROS2_main/lslidar_slam) by extension 'colcon_meta'
[0.289s] Level 1:colcon.colcon_core.package_identification:_identify(src/Lslidar_ROS2_main/lslidar_slam) by extensions ['ros']
[0.289s] Level 1:colcon.colcon_core.package_identification:_identify(src/Lslidar_ROS2_main/lslidar_slam) by extension 'ros'
[0.289s] DEBUG:colcon.colcon_core.package_identification:Package 'src/Lslidar_ROS2_main/lslidar_slam' with type 'ros.ament_python' and name 'lslidar_slam'
[0.289s] Level 1:colcon.colcon_core.package_identification:_identify(src/leo_explore) by extensions ['ignore', 'ignore_ament_install']
[0.289s] Level 1:colcon.colcon_core.package_identification:_identify(src/leo_explore) by extension 'ignore'
[0.289s] Level 1:colcon.colcon_core.package_identification:_identify(src/leo_explore) by extension 'ignore_ament_install'
[0.289s] Level 1:colcon.colcon_core.package_identification:_identify(src/leo_explore) by extensions ['colcon_pkg']
[0.289s] Level 1:colcon.colcon_core.package_identification:_identify(src/leo_explore) by extension 'colcon_pkg'
[0.289s] Level 1:colcon.colcon_core.package_identification:_identify(src/leo_explore) by extensions ['colcon_meta']
[0.289s] Level 1:colcon.colcon_core.package_identification:_identify(src/leo_explore) by extension 'colcon_meta'
[0.289s] Level 1:colcon.colcon_core.package_identification:_identify(src/leo_explore) by extensions ['ros']
[0.289s] Level 1:colcon.colcon_core.package_identification:_identify(src/leo_explore) by extension 'ros'
[0.290s] DEBUG:colcon.colcon_core.package_identification:Package 'src/leo_explore' with type 'ros.ament_python' and name 'leo_explore'
[0.290s] Level 1:colcon.colcon_core.package_identification:_identify(src/leo_navigation_tutorial) by extensions ['ignore', 'ignore_ament_install']
[0.290s] Level 1:colcon.colcon_core.package_identification:_identify(src/leo_navigation_tutorial) by extension 'ignore'
[0.290s] Level 1:colcon.colcon_core.package_identification:_identify(src/leo_navigation_tutorial) by extension 'ignore_ament_install'
[0.290s] Level 1:colcon.colcon_core.package_identification:_identify(src/leo_navigation_tutorial) by extensions ['colcon_pkg']
[0.290s] Level 1:colcon.colcon_core.package_identification:_identify(src/leo_navigation_tutorial) by extension 'colcon_pkg'
[0.290s] Level 1:colcon.colcon_core.package_identification:_identify(src/leo_navigation_tutorial) by extensions ['colcon_meta']
[0.290s] Level 1:colcon.colcon_core.package_identification:_identify(src/leo_navigation_tutorial) by extension 'colcon_meta'
[0.290s] Level 1:colcon.colcon_core.package_identification:_identify(src/leo_navigation_tutorial) by extensions ['ros']
[0.290s] Level 1:colcon.colcon_core.package_identification:_identify(src/leo_navigation_tutorial) by extension 'ros'
[0.291s] DEBUG:colcon.colcon_core.package_identification:Package 'src/leo_navigation_tutorial' with type 'ros.ament_cmake' and name 'leo_nav'
[0.291s] Level 1:colcon.colcon_core.package_identification:_identify(src/ros_basics) by extensions ['ignore', 'ignore_ament_install']
[0.291s] Level 1:colcon.colcon_core.package_identification:_identify(src/ros_basics) by extension 'ignore'
[0.291s] Level 1:colcon.colcon_core.package_identification:_identify(src/ros_basics) by extension 'ignore_ament_install'
[0.292s] Level 1:colcon.colcon_core.package_identification:_identify(src/ros_basics) by extensions ['colcon_pkg']
[0.292s] Level 1:colcon.colcon_core.package_identification:_identify(src/ros_basics) by extension 'colcon_pkg'
[0.292s] Level 1:colcon.colcon_core.package_identification:_identify(src/ros_basics) by extensions ['colcon_meta']
[0.292s] Level 1:colcon.colcon_core.package_identification:_identify(src/ros_basics) by extension 'colcon_meta'
[0.292s] Level 1:colcon.colcon_core.package_identification:_identify(src/ros_basics) by extensions ['ros']
[0.292s] Level 1:colcon.colcon_core.package_identification:_identify(src/ros_basics) by extension 'ros'
[0.292s] DEBUG:colcon.colcon_core.package_identification:Package 'src/ros_basics' with type 'ros.ament_python' and name 'ros_basics'
[0.292s] Level 1:colcon.colcon_core.package_identification:_identify(src/rplidar_ros) by extensions ['ignore', 'ignore_ament_install']
[0.292s] Level 1:colcon.colcon_core.package_identification:_identify(src/rplidar_ros) by extension 'ignore'
[0.292s] Level 1:colcon.colcon_core.package_identification:_identify(src/rplidar_ros) by extension 'ignore_ament_install'
[0.292s] Level 1:colcon.colcon_core.package_identification:_identify(src/rplidar_ros) by extensions ['colcon_pkg']
[0.292s] Level 1:colcon.colcon_core.package_identification:_identify(src/rplidar_ros) by extension 'colcon_pkg'
[0.292s] Level 1:colcon.colcon_core.package_identification:_identify(src/rplidar_ros) by extensions ['colcon_meta']
[0.292s] Level 1:colcon.colcon_core.package_identification:_identify(src/rplidar_ros) by extension 'colcon_meta'
[0.292s] Level 1:colcon.colcon_core.package_identification:_identify(src/rplidar_ros) by extensions ['ros']
[0.292s] Level 1:colcon.colcon_core.package_identification:_identify(src/rplidar_ros) by extension 'ros'
[0.293s] DEBUG:colcon.colcon_core.package_identification:Package 'src/rplidar_ros' with type 'ros.ament_cmake' and name 'rplidar_ros'
[0.293s] Level 1:colcon.colcon_core.package_discovery:discover_packages(recursive) using defaults
[0.293s] Level 1:colcon.colcon_core.package_discovery:discover_packages(ignore) discover
[0.293s] Level 1:colcon.colcon_core.package_discovery:discover_packages(ignore) using defaults
[0.293s] Level 1:colcon.colcon_core.package_discovery:discover_packages(path) discover
[0.293s] Level 1:colcon.colcon_core.package_discovery:discover_packages(path) using defaults
[0.315s] Level 1:colcon.colcon_core.package_discovery:discover_packages(prefix_path) check parameters
[0.315s] Level 1:colcon.colcon_core.package_discovery:discover_packages(prefix_path) discover
[0.318s] DEBUG:colcon.colcon_installed_package_information.package_discovery:Found 443 installed packages in /opt/ros/jazzy
[0.319s] Level 1:colcon.colcon_core.package_discovery:discover_packages(prefix_path) using defaults
[0.359s] Level 5:colcon.colcon_core.verb:set package 'leo_explore' build argument 'cmake_args' from command line to 'None'
[0.359s] Level 5:colcon.colcon_core.verb:set package 'leo_explore' build argument 'cmake_target' from command line to 'None'
[0.359s] Level 5:colcon.colcon_core.verb:set package 'leo_explore' build argument 'cmake_target_skip_unavailable' from command line to 'False'
[0.359s] Level 5:colcon.colcon_core.verb:set package 'leo_explore' build argument 'cmake_clean_cache' from command line to 'False'
[0.359s] Level 5:colcon.colcon_core.verb:set package 'leo_explore' build argument 'cmake_clean_first' from command line to 'False'
[0.359s] Level 5:colcon.colcon_core.verb:set package 'leo_explore' build argument 'cmake_force_configure' from command line to 'False'
[0.359s] Level 5:colcon.colcon_core.verb:set package 'leo_explore' build argument 'ament_cmake_args' from command line to 'None'
[0.359s] Level 5:colcon.colcon_core.verb:set package 'leo_explore' build argument 'catkin_cmake_args' from command line to 'None'
[0.359s] Level 5:colcon.colcon_core.verb:set package 'leo_explore' build argument 'catkin_skip_building_tests' from command line to 'False'
[0.359s] DEBUG:colcon.colcon_core.verb:Building package 'leo_explore' with the following arguments: {'ament_cmake_args': None, 'build_base': '/home/yht/SLAM_2D_Learn/SLAM_2D_Learn/build/leo_explore', 'catkin_cmake_args': None, 'catkin_skip_building_tests': False, 'cmake_args': None, 'cmake_clean_cache': False, 'cmake_clean_first': False, 'cmake_force_configure': False, 'cmake_target': None, 'cmake_target_skip_unavailable': False, 'install_base': '/home/yht/SLAM_2D_Learn/SLAM_2D_Learn/install/leo_explore', 'merge_install': False, 'path': '/home/yht/SLAM_2D_Learn/SLAM_2D_Learn/src/leo_explore', 'symlink_install': False, 'test_result_base': None}
[0.359s] Level 5:colcon.colcon_core.verb:set package 'leo_nav' build argument 'cmake_args' from command line to 'None'
[0.359s] Level 5:colcon.colcon_core.verb:set package 'leo_nav' build argument 'cmake_target' from command line to 'None'
[0.359s] Level 5:colcon.colcon_core.verb:set package 'leo_nav' build argument 'cmake_target_skip_unavailable' from command line to 'False'
[0.359s] Level 5:colcon.colcon_core.verb:set package 'leo_nav' build argument 'cmake_clean_cache' from command line to 'False'
[0.359s] Level 5:colcon.colcon_core.verb:set package 'leo_nav' build argument 'cmake_clean_first' from command line to 'False'
[0.359s] Level 5:colcon.colcon_core.verb:set package 'leo_nav' build argument 'cmake_force_configure' from command line to 'False'
[0.359s] Level 5:colcon.colcon_core.verb:set package 'leo_nav' build argument 'ament_cmake_args' from command line to 'None'
[0.359s] Level 5:colcon.colcon_core.verb:set package 'leo_nav' build argument 'catkin_cmake_args' from command line to 'None'
[0.359s] Level 5:colcon.colcon_core.verb:set package 'leo_nav' build argument 'catkin_skip_building_tests' from command line to 'False'
[0.359s] DEBUG:colcon.colcon_core.verb:Building package 'leo_nav' with the following arguments: {'ament_cmake_args': None, 'build_base': '/home/yht/SLAM_2D_Learn/SLAM_2D_Learn/build/leo_nav', 'catkin_cmake_args': None, 'catkin_skip_building_tests': False, 'cmake_args': None, 'cmake_clean_cache': False, 'cmake_clean_first': False, 'cmake_force_configure': False, 'cmake_target': None, 'cmake_target_skip_unavailable': False, 'install_base': '/home/yht/SLAM_2D_Learn/SLAM_2D_Learn/install/leo_nav', 'merge_install': False, 'path': '/home/yht/SLAM_2D_Learn/SLAM_2D_Learn/src/leo_navigation_tutorial', 'symlink_install': False, 'test_result_base': None}
[0.359s] Level 5:colcon.colcon_core.verb:set package 'lslidar_catorgrapher' build argument 'cmake_args' from command line to 'None'
[0.359s] Level 5:colcon.colcon_core.verb:set package 'lslidar_catorgrapher' build argument 'cmake_target' from command line to 'None'
[0.359s] Level 5:colcon.colcon_core.verb:set package 'lslidar_catorgrapher' build argument 'cmake_target_skip_unavailable' from command line to 'False'
[0.359s] Level 5:colcon.colcon_core.verb:set package 'lslidar_catorgrapher' build argument 'cmake_clean_cache' from command line to 'False'
[0.359s] Level 5:colcon.colcon_core.verb:set package 'lslidar_catorgrapher' build argument 'cmake_clean_first' from command line to 'False'
[0.359s] Level 5:colcon.colcon_core.verb:set package 'lslidar_catorgrapher' build argument 'cmake_force_configure' from command line to 'False'
[0.359s] Level 5:colcon.colcon_core.verb:set package 'lslidar_catorgrapher' build argument 'ament_cmake_args' from command line to 'None'
[0.359s] Level 5:colcon.colcon_core.verb:set package 'lslidar_catorgrapher' build argument 'catkin_cmake_args' from command line to 'None'
[0.359s] Level 5:colcon.colcon_core.verb:set package 'lslidar_catorgrapher' build argument 'catkin_skip_building_tests' from command line to 'False'
[0.359s] DEBUG:colcon.colcon_core.verb:Building package 'lslidar_catorgrapher' with the following arguments: {'ament_cmake_args': None, 'build_base': '/home/yht/SLAM_2D_Learn/SLAM_2D_Learn/build/lslidar_catorgrapher', 'catkin_cmake_args': None, 'catkin_skip_building_tests': False, 'cmake_args': None, 'cmake_clean_cache': False, 'cmake_clean_first': False, 'cmake_force_configure': False, 'cmake_target': None, 'cmake_target_skip_unavailable': False, 'install_base': '/home/yht/SLAM_2D_Learn/SLAM_2D_Learn/install/lslidar_catorgrapher', 'merge_install': False, 'path': '/home/yht/SLAM_2D_Learn/SLAM_2D_Learn/src/Lslidar_ROS2_main/lslidar_catorgrapher', 'symlink_install': False, 'test_result_base': None}
[0.360s] Level 5:colcon.colcon_core.verb:set package 'lslidar_slam' build argument 'cmake_args' from command line to 'None'
[0.360s] Level 5:colcon.colcon_core.verb:set package 'lslidar_slam' build argument 'cmake_target' from command line to 'None'
[0.360s] Level 5:colcon.colcon_core.verb:set package 'lslidar_slam' build argument 'cmake_target_skip_unavailable' from command line to 'False'
[0.360s] Level 5:colcon.colcon_core.verb:set package 'lslidar_slam' build argument 'cmake_clean_cache' from command line to 'False'
[0.360s] Level 5:colcon.colcon_core.verb:set package 'lslidar_slam' build argument 'cmake_clean_first' from command line to 'False'
[0.360s] Level 5:colcon.colcon_core.verb:set package 'lslidar_slam' build argument 'cmake_force_configure' from command line to 'False'
[0.360s] Level 5:colcon.colcon_core.verb:set package 'lslidar_slam' build argument 'ament_cmake_args' from command line to 'None'
[0.360s] Level 5:colcon.colcon_core.verb:set package 'lslidar_slam' build argument 'catkin_cmake_args' from command line to 'None'
[0.360s] Level 5:colcon.colcon_core.verb:set package 'lslidar_slam' build argument 'catkin_skip_building_tests' from command line to 'False'
[0.360s] DEBUG:colcon.colcon_core.verb:Building package 'lslidar_slam' with the following arguments: {'ament_cmake_args': None, 'build_base': '/home/yht/SLAM_2D_Learn/SLAM_2D_Learn/build/lslidar_slam', 'catkin_cmake_args': None, 'catkin_skip_building_tests': False, 'cmake_args': None, 'cmake_clean_cache': False, 'cmake_clean_first': False, 'cmake_force_configure': False, 'cmake_target': None, 'cmake_target_skip_unavailable': False, 'install_base': '/home/yht/SLAM_2D_Learn/SLAM_2D_Learn/install/lslidar_slam', 'merge_install': False, 'path': '/home/yht/SLAM_2D_Learn/SLAM_2D_Learn/src/Lslidar_ROS2_main/lslidar_slam', 'symlink_install': False, 'test_result_base': None}
[0.360s] Level 5:colcon.colcon_core.verb:set package 'ros_basics' build argument 'cmake_args' from command line to 'None'
[0.360s] Level 5:colcon.colcon_core.verb:set package 'ros_basics' build argument 'cmake_target' from command line to 'None'
[0.360s] Level 5:colcon.colcon_core.verb:set package 'ros_basics' build argument 'cmake_target_skip_unavailable' from command line to 'False'
[0.360s] Level 5:colcon.colcon_core.verb:set package 'ros_basics' build argument 'cmake_clean_cache' from command line to 'False'
[0.360s] Level 5:colcon.colcon_core.verb:set package 'ros_basics' build argument 'cmake_clean_first' from command line to 'False'
[0.360s] Level 5:colcon.colcon_core.verb:set package 'ros_basics' build argument 'cmake_force_configure' from command line to 'False'
[0.360s] Level 5:colcon.colcon_core.verb:set package 'ros_basics' build argument 'ament_cmake_args' from command line to 'None'
[0.360s] Level 5:colcon.colcon_core.verb:set package 'ros_basics' build argument 'catkin_cmake_args' from command line to 'None'
[0.360s] Level 5:colcon.colcon_core.verb:set package 'ros_basics' build argument 'catkin_skip_building_tests' from command line to 'False'
[0.360s] DEBUG:colcon.colcon_core.verb:Building package 'ros_basics' with the following arguments: {'ament_cmake_args': None, 'build_base': '/home/yht/SLAM_2D_Learn/SLAM_2D_Learn/build/ros_basics', 'catkin_cmake_args': None, 'catkin_skip_building_tests': False, 'cmake_args': None, 'cmake_clean_cache': False, 'cmake_clean_first': False, 'cmake_force_configure': False, 'cmake_target': None, 'cmake_target_skip_unavailable': False, 'install_base': '/home/yht/SLAM_2D_Learn/SLAM_2D_Learn/install/ros_basics', 'merge_install': False, 'path': '/home/yht/SLAM_2D_Learn/SLAM_2D_Learn/src/ros_basics', 'symlink_install': False, 'test_result_base': None}
[0.360s] Level 5:colcon.colcon_core.verb:set package 'rplidar_ros' build argument 'cmake_args' from command line to 'None'
[0.360s] Level 5:colcon.colcon_core.verb:set package 'rplidar_ros' build argument 'cmake_target' from command line to 'None'
[0.360s] Level 5:colcon.colcon_core.verb:set package 'rplidar_ros' build argument 'cmake_target_skip_unavailable' from command line to 'False'
[0.360s] Level 5:colcon.colcon_core.verb:set package 'rplidar_ros' build argument 'cmake_clean_cache' from command line to 'False'
[0.360s] Level 5:colcon.colcon_core.verb:set package 'rplidar_ros' build argument 'cmake_clean_first' from command line to 'False'
[0.360s] Level 5:colcon.colcon_core.verb:set package 'rplidar_ros' build argument 'cmake_force_configure' from command line to 'False'
[0.360s] Level 5:colcon.colcon_core.verb:set package 'rplidar_ros' build argument 'ament_cmake_args' from command line to 'None'
[0.360s] Level 5:colcon.colcon_core.verb:set package 'rplidar_ros' build argument 'catkin_cmake_args' from command line to 'None'
[0.360s] Level 5:colcon.colcon_core.verb:set package 'rplidar_ros' build argument 'catkin_skip_building_tests' from command line to 'False'
[0.360s] DEBUG:colcon.colcon_core.verb:Building package 'rplidar_ros' with the following arguments: {'ament_cmake_args': None, 'build_base': '/home/yht/SLAM_2D_Learn/SLAM_2D_Learn/build/rplidar_ros', 'catkin_cmake_args': None, 'catkin_skip_building_tests': False, 'cmake_args': None, 'cmake_clean_cache': False, 'cmake_clean_first': False, 'cmake_force_configure': False, 'cmake_target': None, 'cmake_target_skip_unavailable': False, 'install_base': '/home/yht/SLAM_2D_Learn/SLAM_2D_Learn/install/rplidar_ros', 'merge_install': False, 'path': '/home/yht/SLAM_2D_Learn/SLAM_2D_Learn/src/rplidar_ros', 'symlink_install': False, 'test_result_base': None}
[0.360s] INFO:colcon.colcon_core.executor:Executing jobs using 'parallel' executor
[0.361s] DEBUG:colcon.colcon_parallel_executor.executor.parallel:run_until_complete
[0.361s] INFO:colcon.colcon_ros.task.ament_python.build:Building ROS package in '/home/yht/SLAM_2D_Learn/SLAM_2D_Learn/src/leo_explore' with build type 'ament_python'
[0.361s] Level 1:colcon.colcon_core.shell:create_environment_hook('leo_explore', 'ament_prefix_path')
[0.367s] INFO:colcon.colcon_core.plugin_system:Skipping extension 'colcon_core.shell.bat': Not used on non-Windows systems
[0.367s] INFO:colcon.colcon_core.shell:Creating environment hook '/home/yht/SLAM_2D_Learn/SLAM_2D_Learn/install/leo_explore/share/leo_explore/hook/ament_prefix_path.ps1'
[0.369s] INFO:colcon.colcon_core.shell:Creating environment descriptor '/home/yht/SLAM_2D_Learn/SLAM_2D_Learn/install/leo_explore/share/leo_explore/hook/ament_prefix_path.dsv'
[0.369s] INFO:colcon.colcon_core.shell:Creating environment hook '/home/yht/SLAM_2D_Learn/SLAM_2D_Learn/install/leo_explore/share/leo_explore/hook/ament_prefix_path.sh'
[0.370s] INFO:colcon.colcon_core.shell:Skip shell extension 'powershell' for command environment: Not usable outside of PowerShell
[0.370s] DEBUG:colcon.colcon_core.shell:Skip shell extension 'dsv' for command environment
[0.373s] INFO:colcon.colcon_ros.task.ament_cmake.build:Building ROS package in '/home/yht/SLAM_2D_Learn/SLAM_2D_Learn/src/leo_navigation_tutorial' with build type 'ament_cmake'
[0.373s] INFO:colcon.colcon_cmake.task.cmake.build:Building CMake package in '/home/yht/SLAM_2D_Learn/SLAM_2D_Learn/src/leo_navigation_tutorial'
[0.373s] INFO:colcon.colcon_core.shell:Skip shell extension 'powershell' for command environment: Not usable outside of PowerShell
[0.373s] DEBUG:colcon.colcon_core.shell:Skip shell extension 'dsv' for command environment
[0.375s] INFO:colcon.colcon_ros.task.ament_python.build:Building ROS package in '/home/yht/SLAM_2D_Learn/SLAM_2D_Learn/src/Lslidar_ROS2_main/lslidar_catorgrapher' with build type 'ament_python'
[0.375s] Level 1:colcon.colcon_core.shell:create_environment_hook('lslidar_catorgrapher', 'ament_prefix_path')
[0.375s] INFO:colcon.colcon_core.shell:Creating environment hook '/home/yht/SLAM_2D_Learn/SLAM_2D_Learn/install/lslidar_catorgrapher/share/lslidar_catorgrapher/hook/ament_prefix_path.ps1'
[0.376s] INFO:colcon.colcon_core.shell:Creating environment descriptor '/home/yht/SLAM_2D_Learn/SLAM_2D_Learn/install/lslidar_catorgrapher/share/lslidar_catorgrapher/hook/ament_prefix_path.dsv'
[0.376s] INFO:colcon.colcon_core.shell:Creating environment hook '/home/yht/SLAM_2D_Learn/SLAM_2D_Learn/install/lslidar_catorgrapher/share/lslidar_catorgrapher/hook/ament_prefix_path.sh'
[0.377s] INFO:colcon.colcon_core.shell:Skip shell extension 'powershell' for command environment: Not usable outside of PowerShell
[0.377s] DEBUG:colcon.colcon_core.shell:Skip shell extension 'dsv' for command environment
[0.379s] INFO:colcon.colcon_ros.task.ament_python.build:Building ROS package in '/home/yht/SLAM_2D_Learn/SLAM_2D_Learn/src/Lslidar_ROS2_main/lslidar_slam' with build type 'ament_python'
[0.379s] Level 1:colcon.colcon_core.shell:create_environment_hook('lslidar_slam', 'ament_prefix_path')
[0.379s] INFO:colcon.colcon_core.shell:Creating environment hook '/home/yht/SLAM_2D_Learn/SLAM_2D_Learn/install/lslidar_slam/share/lslidar_slam/hook/ament_prefix_path.ps1'
[0.380s] INFO:colcon.colcon_core.shell:Creating environment descriptor '/home/yht/SLAM_2D_Learn/SLAM_2D_Learn/install/lslidar_slam/share/lslidar_slam/hook/ament_prefix_path.dsv'
[0.380s] INFO:colcon.colcon_core.shell:Creating environment hook '/home/yht/SLAM_2D_Learn/SLAM_2D_Learn/install/lslidar_slam/share/lslidar_slam/hook/ament_prefix_path.sh'
[0.380s] INFO:colcon.colcon_core.shell:Skip shell extension 'powershell' for command environment: Not usable outside of PowerShell
[0.380s] DEBUG:colcon.colcon_core.shell:Skip shell extension 'dsv' for command environment
[0.383s] INFO:colcon.colcon_ros.task.ament_python.build:Building ROS package in '/home/yht/SLAM_2D_Learn/SLAM_2D_Learn/src/ros_basics' with build type 'ament_python'
[0.383s] Level 1:colcon.colcon_core.shell:create_environment_hook('ros_basics', 'ament_prefix_path')
[0.383s] INFO:colcon.colcon_core.shell:Creating environment hook '/home/yht/SLAM_2D_Learn/SLAM_2D_Learn/install/ros_basics/share/ros_basics/hook/ament_prefix_path.ps1'
[0.384s] INFO:colcon.colcon_core.shell:Creating environment descriptor '/home/yht/SLAM_2D_Learn/SLAM_2D_Learn/install/ros_basics/share/ros_basics/hook/ament_prefix_path.dsv'
[0.384s] INFO:colcon.colcon_core.shell:Creating environment hook '/home/yht/SLAM_2D_Learn/SLAM_2D_Learn/install/ros_basics/share/ros_basics/hook/ament_prefix_path.sh'
[0.384s] INFO:colcon.colcon_core.shell:Skip shell extension 'powershell' for command environment: Not usable outside of PowerShell
[0.384s] DEBUG:colcon.colcon_core.shell:Skip shell extension 'dsv' for command environment
[0.387s] INFO:colcon.colcon_ros.task.ament_cmake.build:Building ROS package in '/home/yht/SLAM_2D_Learn/SLAM_2D_Learn/src/rplidar_ros' with build type 'ament_cmake'
[0.387s] INFO:colcon.colcon_cmake.task.cmake.build:Building CMake package in '/home/yht/SLAM_2D_Learn/SLAM_2D_Learn/src/rplidar_ros'
[0.387s] INFO:colcon.colcon_core.shell:Skip shell extension 'powershell' for command environment: Not usable outside of PowerShell
[0.387s] DEBUG:colcon.colcon_core.shell:Skip shell extension 'dsv' for command environment
[0.684s] INFO:colcon.colcon_core.task.python.build:Building Python package in '/home/yht/SLAM_2D_Learn/SLAM_2D_Learn/src/leo_explore'
[0.684s] INFO:colcon.colcon_core.shell:Skip shell extension 'powershell' for command environment: Not usable outside of PowerShell
[0.684s] DEBUG:colcon.colcon_core.shell:Skip shell extension 'dsv' for command environment
[0.690s] DEBUG:colcon.colcon_core.event_handler.log_command:Invoking command in '/home/yht/SLAM_2D_Learn/SLAM_2D_Learn/build/leo_nav': CMAKE_PREFIX_PATH=${CMAKE_PREFIX_PATH}:/opt/ros/jazzy DEBUGINFOD_URLS=https://debuginfod.ubuntu.com /usr/bin/cmake --build /home/yht/SLAM_2D_Learn/SLAM_2D_Learn/build/leo_nav -- -j32 -l32
[0.834s] INFO:colcon.colcon_core.task.python.build:Building Python package in '/home/yht/SLAM_2D_Learn/SLAM_2D_Learn/src/Lslidar_ROS2_main/lslidar_catorgrapher'
[0.834s] INFO:colcon.colcon_core.shell:Skip shell extension 'powershell' for command environment: Not usable outside of PowerShell
[0.834s] DEBUG:colcon.colcon_core.shell:Skip shell extension 'dsv' for command environment
[0.975s] INFO:colcon.colcon_core.task.python.build:Building Python package in '/home/yht/SLAM_2D_Learn/SLAM_2D_Learn/src/Lslidar_ROS2_main/lslidar_slam'
[0.975s] INFO:colcon.colcon_core.shell:Skip shell extension 'powershell' for command environment: Not usable outside of PowerShell
[0.975s] DEBUG:colcon.colcon_core.shell:Skip shell extension 'dsv' for command environment
[1.126s] INFO:colcon.colcon_core.task.python.build:Building Python package in '/home/yht/SLAM_2D_Learn/SLAM_2D_Learn/src/ros_basics'
[1.126s] INFO:colcon.colcon_core.shell:Skip shell extension 'powershell' for command environment: Not usable outside of PowerShell
[1.126s] DEBUG:colcon.colcon_core.shell:Skip shell extension 'dsv' for command environment
[1.134s] DEBUG:colcon.colcon_core.event_handler.log_command:Invoked command in '/home/yht/SLAM_2D_Learn/SLAM_2D_Learn/build/leo_nav' returned '0': CMAKE_PREFIX_PATH=${CMAKE_PREFIX_PATH}:/opt/ros/jazzy DEBUGINFOD_URLS=https://debuginfod.ubuntu.com /usr/bin/cmake --build /home/yht/SLAM_2D_Learn/SLAM_2D_Learn/build/leo_nav -- -j32 -l32
[1.144s] DEBUG:colcon.colcon_core.event_handler.log_command:Invoking command in '/home/yht/SLAM_2D_Learn/SLAM_2D_Learn/build/leo_nav': CMAKE_PREFIX_PATH=${CMAKE_PREFIX_PATH}:/opt/ros/jazzy DEBUGINFOD_URLS=https://debuginfod.ubuntu.com /usr/bin/cmake --install /home/yht/SLAM_2D_Learn/SLAM_2D_Learn/build/leo_nav
[1.145s] DEBUG:colcon.colcon_core.event_handler.log_command:Invoking command in '/home/yht/SLAM_2D_Learn/SLAM_2D_Learn/build/rplidar_ros': CMAKE_PREFIX_PATH=${CMAKE_PREFIX_PATH}:/opt/ros/jazzy DEBUGINFOD_URLS=https://debuginfod.ubuntu.com /usr/bin/cmake --build /home/yht/SLAM_2D_Learn/SLAM_2D_Learn/build/rplidar_ros -- -j32 -l32
[1.155s] Level 1:colcon.colcon_core.environment:create_environment_scripts_only(leo_nav)
[1.155s] DEBUG:colcon.colcon_core.event_handler.log_command:Invoked command in '/home/yht/SLAM_2D_Learn/SLAM_2D_Learn/build/leo_nav' returned '0': CMAKE_PREFIX_PATH=${CMAKE_PREFIX_PATH}:/opt/ros/jazzy DEBUGINFOD_URLS=https://debuginfod.ubuntu.com /usr/bin/cmake --install /home/yht/SLAM_2D_Learn/SLAM_2D_Learn/build/leo_nav
[1.160s] Level 1:colcon.colcon_core.environment:checking '/home/yht/SLAM_2D_Learn/SLAM_2D_Learn/install/leo_nav' for CMake module files
[1.169s] Level 1:colcon.colcon_core.environment:checking '/home/yht/SLAM_2D_Learn/SLAM_2D_Learn/install/leo_nav' for CMake config files
[1.169s] Level 1:colcon.colcon_core.shell:create_environment_hook('leo_nav', 'cmake_prefix_path')
[1.169s] INFO:colcon.colcon_core.shell:Creating environment hook '/home/yht/SLAM_2D_Learn/SLAM_2D_Learn/install/leo_nav/share/leo_nav/hook/cmake_prefix_path.ps1'
[1.170s] INFO:colcon.colcon_core.shell:Creating environment descriptor '/home/yht/SLAM_2D_Learn/SLAM_2D_Learn/install/leo_nav/share/leo_nav/hook/cmake_prefix_path.dsv'
[1.170s] INFO:colcon.colcon_core.shell:Creating environment hook '/home/yht/SLAM_2D_Learn/SLAM_2D_Learn/install/leo_nav/share/leo_nav/hook/cmake_prefix_path.sh'
[1.170s] Level 1:colcon.colcon_core.environment:checking '/home/yht/SLAM_2D_Learn/SLAM_2D_Learn/install/leo_nav/bin'
[1.170s] Level 1:colcon.colcon_core.environment:checking '/home/yht/SLAM_2D_Learn/SLAM_2D_Learn/install/leo_nav/lib/pkgconfig/leo_nav.pc'
[1.170s] Level 1:colcon.colcon_core.environment:checking '/home/yht/SLAM_2D_Learn/SLAM_2D_Learn/install/leo_nav/lib/python3.12/site-packages'
[1.171s] Level 1:colcon.colcon_core.environment:checking '/home/yht/SLAM_2D_Learn/SLAM_2D_Learn/install/leo_nav/bin'
[1.171s] INFO:colcon.colcon_core.shell:Creating package script '/home/yht/SLAM_2D_Learn/SLAM_2D_Learn/install/leo_nav/share/leo_nav/package.ps1'
[1.171s] INFO:colcon.colcon_core.shell:Creating package descriptor '/home/yht/SLAM_2D_Learn/SLAM_2D_Learn/install/leo_nav/share/leo_nav/package.dsv'
[1.172s] INFO:colcon.colcon_core.shell:Creating package script '/home/yht/SLAM_2D_Learn/SLAM_2D_Learn/install/leo_nav/share/leo_nav/package.sh'
[1.172s] INFO:colcon.colcon_core.shell:Creating package script '/home/yht/SLAM_2D_Learn/SLAM_2D_Learn/install/leo_nav/share/leo_nav/package.bash'
[1.173s] INFO:colcon.colcon_core.shell:Creating package script '/home/yht/SLAM_2D_Learn/SLAM_2D_Learn/install/leo_nav/share/leo_nav/package.zsh'
[1.173s] Level 1:colcon.colcon_core.environment:create_file_with_runtime_dependencies(/home/yht/SLAM_2D_Learn/SLAM_2D_Learn/install/leo_nav/share/colcon-core/packages/leo_nav)
[1.174s] Level 1:colcon.colcon_core.environment:create_environment_scripts_only(leo_nav)
[1.174s] Level 1:colcon.colcon_core.environment:checking '/home/yht/SLAM_2D_Learn/SLAM_2D_Learn/install/leo_nav' for CMake module files
[1.174s] Level 1:colcon.colcon_core.environment:checking '/home/yht/SLAM_2D_Learn/SLAM_2D_Learn/install/leo_nav' for CMake config files
[1.174s] Level 1:colcon.colcon_core.shell:create_environment_hook('leo_nav', 'cmake_prefix_path')
[1.174s] INFO:colcon.colcon_core.shell:Creating environment hook '/home/yht/SLAM_2D_Learn/SLAM_2D_Learn/install/leo_nav/share/leo_nav/hook/cmake_prefix_path.ps1'
[1.175s] INFO:colcon.colcon_core.shell:Creating environment descriptor '/home/yht/SLAM_2D_Learn/SLAM_2D_Learn/install/leo_nav/share/leo_nav/hook/cmake_prefix_path.dsv'
[1.175s] INFO:colcon.colcon_core.shell:Creating environment hook '/home/yht/SLAM_2D_Learn/SLAM_2D_Learn/install/leo_nav/share/leo_nav/hook/cmake_prefix_path.sh'
[1.175s] Level 1:colcon.colcon_core.environment:checking '/home/yht/SLAM_2D_Learn/SLAM_2D_Learn/install/leo_nav/bin'
[1.175s] Level 1:colcon.colcon_core.environment:checking '/home/yht/SLAM_2D_Learn/SLAM_2D_Learn/install/leo_nav/lib/pkgconfig/leo_nav.pc'
[1.175s] Level 1:colcon.colcon_core.environment:checking '/home/yht/SLAM_2D_Learn/SLAM_2D_Learn/install/leo_nav/lib/python3.12/site-packages'
[1.175s] Level 1:colcon.colcon_core.environment:checking '/home/yht/SLAM_2D_Learn/SLAM_2D_Learn/install/leo_nav/bin'
[1.176s] INFO:colcon.colcon_core.shell:Creating package script '/home/yht/SLAM_2D_Learn/SLAM_2D_Learn/install/leo_nav/share/leo_nav/package.ps1'
[1.176s] INFO:colcon.colcon_core.shell:Creating package descriptor '/home/yht/SLAM_2D_Learn/SLAM_2D_Learn/install/leo_nav/share/leo_nav/package.dsv'
[1.176s] INFO:colcon.colcon_core.shell:Creating package script '/home/yht/SLAM_2D_Learn/SLAM_2D_Learn/install/leo_nav/share/leo_nav/package.sh'
[1.176s] INFO:colcon.colcon_core.shell:Creating package script '/home/yht/SLAM_2D_Learn/SLAM_2D_Learn/install/leo_nav/share/leo_nav/package.bash'
[1.176s] INFO:colcon.colcon_core.shell:Creating package script '/home/yht/SLAM_2D_Learn/SLAM_2D_Learn/install/leo_nav/share/leo_nav/package.zsh'
[1.177s] Level 1:colcon.colcon_core.environment:create_file_with_runtime_dependencies(/home/yht/SLAM_2D_Learn/SLAM_2D_Learn/install/leo_nav/share/colcon-core/packages/leo_nav)
[1.248s] DEBUG:colcon.colcon_core.event_handler.log_command:Invoked command in '/home/yht/SLAM_2D_Learn/SLAM_2D_Learn/build/rplidar_ros' returned '0': CMAKE_PREFIX_PATH=${CMAKE_PREFIX_PATH}:/opt/ros/jazzy DEBUGINFOD_URLS=https://debuginfod.ubuntu.com /usr/bin/cmake --build /home/yht/SLAM_2D_Learn/SLAM_2D_Learn/build/rplidar_ros -- -j32 -l32
[1.250s] DEBUG:colcon.colcon_core.event_handler.log_command:Invoking command in '/home/yht/SLAM_2D_Learn/SLAM_2D_Learn/build/rplidar_ros': CMAKE_PREFIX_PATH=${CMAKE_PREFIX_PATH}:/opt/ros/jazzy DEBUGINFOD_URLS=https://debuginfod.ubuntu.com /usr/bin/cmake --install /home/yht/SLAM_2D_Learn/SLAM_2D_Learn/build/rplidar_ros
[1.263s] Level 1:colcon.colcon_core.environment:create_environment_scripts_only(rplidar_ros)
[1.263s] DEBUG:colcon.colcon_core.event_handler.log_command:Invoked command in '/home/yht/SLAM_2D_Learn/SLAM_2D_Learn/build/rplidar_ros' returned '0': CMAKE_PREFIX_PATH=${CMAKE_PREFIX_PATH}:/opt/ros/jazzy DEBUGINFOD_URLS=https://debuginfod.ubuntu.com /usr/bin/cmake --install /home/yht/SLAM_2D_Learn/SLAM_2D_Learn/build/rplidar_ros
[1.263s] Level 1:colcon.colcon_core.environment:checking '/home/yht/SLAM_2D_Learn/SLAM_2D_Learn/install/rplidar_ros' for CMake module files
[1.264s] Level 1:colcon.colcon_core.environment:checking '/home/yht/SLAM_2D_Learn/SLAM_2D_Learn/install/rplidar_ros' for CMake config files
[1.264s] Level 1:colcon.colcon_core.shell:create_environment_hook('rplidar_ros', 'cmake_prefix_path')
[1.264s] INFO:colcon.colcon_core.shell:Creating environment hook '/home/yht/SLAM_2D_Learn/SLAM_2D_Learn/install/rplidar_ros/share/rplidar_ros/hook/cmake_prefix_path.ps1'
[1.265s] INFO:colcon.colcon_core.shell:Creating environment descriptor '/home/yht/SLAM_2D_Learn/SLAM_2D_Learn/install/rplidar_ros/share/rplidar_ros/hook/cmake_prefix_path.dsv'
[1.265s] INFO:colcon.colcon_core.shell:Creating environment hook '/home/yht/SLAM_2D_Learn/SLAM_2D_Learn/install/rplidar_ros/share/rplidar_ros/hook/cmake_prefix_path.sh'
[1.266s] Level 1:colcon.colcon_core.environment:checking '/home/yht/SLAM_2D_Learn/SLAM_2D_Learn/install/rplidar_ros/lib'
[1.266s] Level 1:colcon.colcon_core.environment:checking '/home/yht/SLAM_2D_Learn/SLAM_2D_Learn/install/rplidar_ros/bin'
[1.266s] Level 1:colcon.colcon_core.environment:checking '/home/yht/SLAM_2D_Learn/SLAM_2D_Learn/install/rplidar_ros/lib/pkgconfig/rplidar_ros.pc'
[1.266s] Level 1:colcon.colcon_core.environment:checking '/home/yht/SLAM_2D_Learn/SLAM_2D_Learn/install/rplidar_ros/lib/python3.12/site-packages'
[1.266s] Level 1:colcon.colcon_core.environment:checking '/home/yht/SLAM_2D_Learn/SLAM_2D_Learn/install/rplidar_ros/bin'
[1.266s] INFO:colcon.colcon_core.shell:Creating package script '/home/yht/SLAM_2D_Learn/SLAM_2D_Learn/install/rplidar_ros/share/rplidar_ros/package.ps1'
[1.267s] INFO:colcon.colcon_core.shell:Creating package descriptor '/home/yht/SLAM_2D_Learn/SLAM_2D_Learn/install/rplidar_ros/share/rplidar_ros/package.dsv'
[1.267s] INFO:colcon.colcon_core.shell:Creating package script '/home/yht/SLAM_2D_Learn/SLAM_2D_Learn/install/rplidar_ros/share/rplidar_ros/package.sh'
[1.267s] INFO:colcon.colcon_core.shell:Creating package script '/home/yht/SLAM_2D_Learn/SLAM_2D_Learn/install/rplidar_ros/share/rplidar_ros/package.bash'
[1.267s] INFO:colcon.colcon_core.shell:Creating package script '/home/yht/SLAM_2D_Learn/SLAM_2D_Learn/install/rplidar_ros/share/rplidar_ros/package.zsh'
[1.268s] Level 1:colcon.colcon_core.environment:create_file_with_runtime_dependencies(/home/yht/SLAM_2D_Learn/SLAM_2D_Learn/install/rplidar_ros/share/colcon-core/packages/rplidar_ros)
[1.268s] Level 1:colcon.colcon_core.environment:create_environment_scripts_only(rplidar_ros)
[1.268s] Level 1:colcon.colcon_core.environment:checking '/home/yht/SLAM_2D_Learn/SLAM_2D_Learn/install/rplidar_ros' for CMake module files
[1.268s] Level 1:colcon.colcon_core.environment:checking '/home/yht/SLAM_2D_Learn/SLAM_2D_Learn/install/rplidar_ros' for CMake config files
[1.268s] Level 1:colcon.colcon_core.shell:create_environment_hook('rplidar_ros', 'cmake_prefix_path')
[1.269s] INFO:colcon.colcon_core.shell:Creating environment hook '/home/yht/SLAM_2D_Learn/SLAM_2D_Learn/install/rplidar_ros/share/rplidar_ros/hook/cmake_prefix_path.ps1'
[1.269s] INFO:colcon.colcon_core.shell:Creating environment descriptor '/home/yht/SLAM_2D_Learn/SLAM_2D_Learn/install/rplidar_ros/share/rplidar_ros/hook/cmake_prefix_path.dsv'
[1.269s] INFO:colcon.colcon_core.shell:Creating environment hook '/home/yht/SLAM_2D_Learn/SLAM_2D_Learn/install/rplidar_ros/share/rplidar_ros/hook/cmake_prefix_path.sh'
[1.269s] Level 1:colcon.colcon_core.environment:checking '/home/yht/SLAM_2D_Learn/SLAM_2D_Learn/install/rplidar_ros/lib'
[1.269s] Level 1:colcon.colcon_core.environment:checking '/home/yht/SLAM_2D_Learn/SLAM_2D_Learn/install/rplidar_ros/bin'
[1.269s] Level 1:colcon.colcon_core.environment:checking '/home/yht/SLAM_2D_Learn/SLAM_2D_Learn/install/rplidar_ros/lib/pkgconfig/rplidar_ros.pc'
[1.270s] Level 1:colcon.colcon_core.environment:checking '/home/yht/SLAM_2D_Learn/SLAM_2D_Learn/install/rplidar_ros/lib/python3.12/site-packages'
[1.270s] Level 1:colcon.colcon_core.environment:checking '/home/yht/SLAM_2D_Learn/SLAM_2D_Learn/install/rplidar_ros/bin'
[1.270s] INFO:colcon.colcon_core.shell:Creating package script '/home/yht/SLAM_2D_Learn/SLAM_2D_Learn/install/rplidar_ros/share/rplidar_ros/package.ps1'
[1.270s] INFO:colcon.colcon_core.shell:Creating package descriptor '/home/yht/SLAM_2D_Learn/SLAM_2D_Learn/install/rplidar_ros/share/rplidar_ros/package.dsv'
[1.270s] INFO:colcon.colcon_core.shell:Creating package script '/home/yht/SLAM_2D_Learn/SLAM_2D_Learn/install/rplidar_ros/share/rplidar_ros/package.sh'
[1.271s] INFO:colcon.colcon_core.shell:Creating package script '/home/yht/SLAM_2D_Learn/SLAM_2D_Learn/install/rplidar_ros/share/rplidar_ros/package.bash'
[1.271s] INFO:colcon.colcon_core.shell:Creating package script '/home/yht/SLAM_2D_Learn/SLAM_2D_Learn/install/rplidar_ros/share/rplidar_ros/package.zsh'
[1.271s] Level 1:colcon.colcon_core.environment:create_file_with_runtime_dependencies(/home/yht/SLAM_2D_Learn/SLAM_2D_Learn/install/rplidar_ros/share/colcon-core/packages/rplidar_ros)
[1.673s] DEBUG:colcon.colcon_core.event_handler.log_command:Invoking command in '/home/yht/SLAM_2D_Learn/SLAM_2D_Learn/src/leo_explore': DEBUGINFOD_URLS=https://debuginfod.ubuntu.com PYTHONPATH=/home/yht/SLAM_2D_Learn/SLAM_2D_Learn/build/leo_explore/prefix_override:/usr/lib/python3/dist-packages/colcon_core/task/python/colcon_distutils_commands:/home/yht/SLAM_2D_Learn/SLAM_2D_Learn/install/leo_explore/lib/python3.12/site-packages:${PYTHONPATH} /usr/bin/python3 -W ignore:setup.py install is deprecated -W ignore:easy_install command is deprecated setup.py egg_info --egg-base ../../build/leo_explore build --build-base /home/yht/SLAM_2D_Learn/SLAM_2D_Learn/build/leo_explore/build install --record /home/yht/SLAM_2D_Learn/SLAM_2D_Learn/build/leo_explore/install.log --single-version-externally-managed install_data
[1.674s] DEBUG:colcon.colcon_core.event_handler.log_command:Invoking command in '/home/yht/SLAM_2D_Learn/SLAM_2D_Learn/src/Lslidar_ROS2_main/lslidar_catorgrapher': DEBUGINFOD_URLS=https://debuginfod.ubuntu.com PYTHONPATH=/home/yht/SLAM_2D_Learn/SLAM_2D_Learn/build/lslidar_catorgrapher/prefix_override:/usr/lib/python3/dist-packages/colcon_core/task/python/colcon_distutils_commands:/home/yht/SLAM_2D_Learn/SLAM_2D_Learn/install/lslidar_catorgrapher/lib/python3.12/site-packages:${PYTHONPATH} /usr/bin/python3 -W ignore:setup.py install is deprecated -W ignore:easy_install command is deprecated setup.py egg_info --egg-base ../../../build/lslidar_catorgrapher build --build-base /home/yht/SLAM_2D_Learn/SLAM_2D_Learn/build/lslidar_catorgrapher/build install --record /home/yht/SLAM_2D_Learn/SLAM_2D_Learn/build/lslidar_catorgrapher/install.log --single-version-externally-managed install_data
[1.675s] DEBUG:colcon.colcon_core.event_handler.log_command:Invoking command in '/home/yht/SLAM_2D_Learn/SLAM_2D_Learn/src/Lslidar_ROS2_main/lslidar_slam': DEBUGINFOD_URLS=https://debuginfod.ubuntu.com PYTHONPATH=/home/yht/SLAM_2D_Learn/SLAM_2D_Learn/build/lslidar_slam/prefix_override:/usr/lib/python3/dist-packages/colcon_core/task/python/colcon_distutils_commands:/home/yht/SLAM_2D_Learn/SLAM_2D_Learn/install/lslidar_slam/lib/python3.12/site-packages:${PYTHONPATH} /usr/bin/python3 -W ignore:setup.py install is deprecated -W ignore:easy_install command is deprecated setup.py egg_info --egg-base ../../../build/lslidar_slam build --build-base /home/yht/SLAM_2D_Learn/SLAM_2D_Learn/build/lslidar_slam/build install --record /home/yht/SLAM_2D_Learn/SLAM_2D_Learn/build/lslidar_slam/install.log --single-version-externally-managed install_data
[1.677s] DEBUG:colcon.colcon_core.event_handler.log_command:Invoking command in '/home/yht/SLAM_2D_Learn/SLAM_2D_Learn/src/ros_basics': DEBUGINFOD_URLS=https://debuginfod.ubuntu.com PYTHONPATH=/home/yht/SLAM_2D_Learn/SLAM_2D_Learn/build/ros_basics/prefix_override:/usr/lib/python3/dist-packages/colcon_core/task/python/colcon_distutils_commands:/home/yht/SLAM_2D_Learn/SLAM_2D_Learn/install/ros_basics/lib/python3.12/site-packages:${PYTHONPATH} /usr/bin/python3 -W ignore:setup.py install is deprecated -W ignore:easy_install command is deprecated setup.py egg_info --egg-base ../../build/ros_basics build --build-base /home/yht/SLAM_2D_Learn/SLAM_2D_Learn/build/ros_basics/build install --record /home/yht/SLAM_2D_Learn/SLAM_2D_Learn/build/ros_basics/install.log --single-version-externally-managed install_data
[2.232s] Level 1:colcon.colcon_core.environment:checking '/home/yht/SLAM_2D_Learn/SLAM_2D_Learn/install/lslidar_catorgrapher' for CMake module files
[2.233s] DEBUG:colcon.colcon_core.event_handler.log_command:Invoked command in '/home/yht/SLAM_2D_Learn/SLAM_2D_Learn/src/Lslidar_ROS2_main/lslidar_catorgrapher' returned '0': DEBUGINFOD_URLS=https://debuginfod.ubuntu.com PYTHONPATH=/home/yht/SLAM_2D_Learn/SLAM_2D_Learn/build/lslidar_catorgrapher/prefix_override:/usr/lib/python3/dist-packages/colcon_core/task/python/colcon_distutils_commands:/home/yht/SLAM_2D_Learn/SLAM_2D_Learn/install/lslidar_catorgrapher/lib/python3.12/site-packages:${PYTHONPATH} /usr/bin/python3 -W ignore:setup.py install is deprecated -W ignore:easy_install command is deprecated setup.py egg_info --egg-base ../../../build/lslidar_catorgrapher build --build-base /home/yht/SLAM_2D_Learn/SLAM_2D_Learn/build/lslidar_catorgrapher/build install --record /home/yht/SLAM_2D_Learn/SLAM_2D_Learn/build/lslidar_catorgrapher/install.log --single-version-externally-managed install_data
[2.233s] Level 1:colcon.colcon_core.environment:checking '/home/yht/SLAM_2D_Learn/SLAM_2D_Learn/install/lslidar_catorgrapher' for CMake config files
[2.337s] Level 1:colcon.colcon_core.environment:checking '/home/yht/SLAM_2D_Learn/SLAM_2D_Learn/install/lslidar_catorgrapher/lib'
[2.337s] Level 1:colcon.colcon_core.environment:checking '/home/yht/SLAM_2D_Learn/SLAM_2D_Learn/install/lslidar_catorgrapher/bin'
[2.337s] Level 1:colcon.colcon_core.environment:checking '/home/yht/SLAM_2D_Learn/SLAM_2D_Learn/install/lslidar_catorgrapher/lib/pkgconfig/lslidar_catorgrapher.pc'
[2.338s] Level 1:colcon.colcon_core.environment:checking '/home/yht/SLAM_2D_Learn/SLAM_2D_Learn/install/lslidar_catorgrapher/lib/python3.12/site-packages'
[2.338s] Level 1:colcon.colcon_core.shell:create_environment_hook('lslidar_catorgrapher', 'pythonpath')
[2.338s] INFO:colcon.colcon_core.shell:Creating environment hook '/home/yht/SLAM_2D_Learn/SLAM_2D_Learn/install/lslidar_catorgrapher/share/lslidar_catorgrapher/hook/pythonpath.ps1'
[2.339s] INFO:colcon.colcon_core.shell:Creating environment descriptor '/home/yht/SLAM_2D_Learn/SLAM_2D_Learn/install/lslidar_catorgrapher/share/lslidar_catorgrapher/hook/pythonpath.dsv'
[2.339s] INFO:colcon.colcon_core.shell:Creating environment hook '/home/yht/SLAM_2D_Learn/SLAM_2D_Learn/install/lslidar_catorgrapher/share/lslidar_catorgrapher/hook/pythonpath.sh'
[2.340s] Level 1:colcon.colcon_core.environment:checking '/home/yht/SLAM_2D_Learn/SLAM_2D_Learn/install/lslidar_catorgrapher/bin'
[2.340s] Level 1:colcon.colcon_core.environment:create_environment_scripts_only(lslidar_catorgrapher)
[2.341s] INFO:colcon.colcon_core.shell:Creating package script '/home/yht/SLAM_2D_Learn/SLAM_2D_Learn/install/lslidar_catorgrapher/share/lslidar_catorgrapher/package.ps1'
[2.342s] INFO:colcon.colcon_core.shell:Creating package descriptor '/home/yht/SLAM_2D_Learn/SLAM_2D_Learn/install/lslidar_catorgrapher/share/lslidar_catorgrapher/package.dsv'
[2.342s] INFO:colcon.colcon_core.shell:Creating package script '/home/yht/SLAM_2D_Learn/SLAM_2D_Learn/install/lslidar_catorgrapher/share/lslidar_catorgrapher/package.sh'
[2.343s] INFO:colcon.colcon_core.shell:Creating package script '/home/yht/SLAM_2D_Learn/SLAM_2D_Learn/install/lslidar_catorgrapher/share/lslidar_catorgrapher/package.bash'
[2.343s] INFO:colcon.colcon_core.shell:Creating package script '/home/yht/SLAM_2D_Learn/SLAM_2D_Learn/install/lslidar_catorgrapher/share/lslidar_catorgrapher/package.zsh'
[2.343s] Level 1:colcon.colcon_core.environment:create_file_with_runtime_dependencies(/home/yht/SLAM_2D_Learn/SLAM_2D_Learn/install/lslidar_catorgrapher/share/colcon-core/packages/lslidar_catorgrapher)
[2.345s] Level 1:colcon.colcon_core.environment:checking '/home/yht/SLAM_2D_Learn/SLAM_2D_Learn/install/lslidar_slam' for CMake module files
[2.345s] DEBUG:colcon.colcon_core.event_handler.log_command:Invoked command in '/home/yht/SLAM_2D_Learn/SLAM_2D_Learn/src/Lslidar_ROS2_main/lslidar_slam' returned '0': DEBUGINFOD_URLS=https://debuginfod.ubuntu.com PYTHONPATH=/home/yht/SLAM_2D_Learn/SLAM_2D_Learn/build/lslidar_slam/prefix_override:/usr/lib/python3/dist-packages/colcon_core/task/python/colcon_distutils_commands:/home/yht/SLAM_2D_Learn/SLAM_2D_Learn/install/lslidar_slam/lib/python3.12/site-packages:${PYTHONPATH} /usr/bin/python3 -W ignore:setup.py install is deprecated -W ignore:easy_install command is deprecated setup.py egg_info --egg-base ../../../build/lslidar_slam build --build-base /home/yht/SLAM_2D_Learn/SLAM_2D_Learn/build/lslidar_slam/build install --record /home/yht/SLAM_2D_Learn/SLAM_2D_Learn/build/lslidar_slam/install.log --single-version-externally-managed install_data
[2.346s] Level 1:colcon.colcon_core.environment:checking '/home/yht/SLAM_2D_Learn/SLAM_2D_Learn/install/lslidar_slam' for CMake config files
[2.347s] Level 1:colcon.colcon_core.environment:checking '/home/yht/SLAM_2D_Learn/SLAM_2D_Learn/install/lslidar_slam/lib'
[2.347s] Level 1:colcon.colcon_core.environment:checking '/home/yht/SLAM_2D_Learn/SLAM_2D_Learn/install/lslidar_slam/bin'
[2.347s] Level 1:colcon.colcon_core.environment:checking '/home/yht/SLAM_2D_Learn/SLAM_2D_Learn/install/lslidar_slam/lib/pkgconfig/lslidar_slam.pc'
[2.347s] Level 1:colcon.colcon_core.environment:checking '/home/yht/SLAM_2D_Learn/SLAM_2D_Learn/install/lslidar_slam/lib/python3.12/site-packages'
[2.348s] Level 1:colcon.colcon_core.shell:create_environment_hook('lslidar_slam', 'pythonpath')
[2.348s] INFO:colcon.colcon_core.shell:Creating environment hook '/home/yht/SLAM_2D_Learn/SLAM_2D_Learn/install/lslidar_slam/share/lslidar_slam/hook/pythonpath.ps1'
[2.348s] INFO:colcon.colcon_core.shell:Creating environment descriptor '/home/yht/SLAM_2D_Learn/SLAM_2D_Learn/install/lslidar_slam/share/lslidar_slam/hook/pythonpath.dsv'
[2.348s] INFO:colcon.colcon_core.shell:Creating environment hook '/home/yht/SLAM_2D_Learn/SLAM_2D_Learn/install/lslidar_slam/share/lslidar_slam/hook/pythonpath.sh'
[2.349s] Level 1:colcon.colcon_core.environment:checking '/home/yht/SLAM_2D_Learn/SLAM_2D_Learn/install/lslidar_slam/bin'
[2.349s] Level 1:colcon.colcon_core.environment:create_environment_scripts_only(lslidar_slam)
[2.350s] INFO:colcon.colcon_core.shell:Creating package script '/home/yht/SLAM_2D_Learn/SLAM_2D_Learn/install/lslidar_slam/share/lslidar_slam/package.ps1'
[2.350s] INFO:colcon.colcon_core.shell:Creating package descriptor '/home/yht/SLAM_2D_Learn/SLAM_2D_Learn/install/lslidar_slam/share/lslidar_slam/package.dsv'
[2.351s] INFO:colcon.colcon_core.shell:Creating package script '/home/yht/SLAM_2D_Learn/SLAM_2D_Learn/install/lslidar_slam/share/lslidar_slam/package.sh'
[2.351s] INFO:colcon.colcon_core.shell:Creating package script '/home/yht/SLAM_2D_Learn/SLAM_2D_Learn/install/lslidar_slam/share/lslidar_slam/package.bash'
[2.351s] INFO:colcon.colcon_core.shell:Creating package script '/home/yht/SLAM_2D_Learn/SLAM_2D_Learn/install/lslidar_slam/share/lslidar_slam/package.zsh'
[2.351s] Level 1:colcon.colcon_core.environment:create_file_with_runtime_dependencies(/home/yht/SLAM_2D_Learn/SLAM_2D_Learn/install/lslidar_slam/share/colcon-core/packages/lslidar_slam)
[2.353s] Level 1:colcon.colcon_core.environment:checking '/home/yht/SLAM_2D_Learn/SLAM_2D_Learn/install/leo_explore' for CMake module files
[2.354s] DEBUG:colcon.colcon_core.event_handler.log_command:Invoked command in '/home/yht/SLAM_2D_Learn/SLAM_2D_Learn/src/leo_explore' returned '0': DEBUGINFOD_URLS=https://debuginfod.ubuntu.com PYTHONPATH=/home/yht/SLAM_2D_Learn/SLAM_2D_Learn/build/leo_explore/prefix_override:/usr/lib/python3/dist-packages/colcon_core/task/python/colcon_distutils_commands:/home/yht/SLAM_2D_Learn/SLAM_2D_Learn/install/leo_explore/lib/python3.12/site-packages:${PYTHONPATH} /usr/bin/python3 -W ignore:setup.py install is deprecated -W ignore:easy_install command is deprecated setup.py egg_info --egg-base ../../build/leo_explore build --build-base /home/yht/SLAM_2D_Learn/SLAM_2D_Learn/build/leo_explore/build install --record /home/yht/SLAM_2D_Learn/SLAM_2D_Learn/build/leo_explore/install.log --single-version-externally-managed install_data
[2.354s] Level 1:colcon.colcon_core.environment:checking '/home/yht/SLAM_2D_Learn/SLAM_2D_Learn/install/leo_explore' for CMake config files
[2.355s] Level 1:colcon.colcon_core.environment:checking '/home/yht/SLAM_2D_Learn/SLAM_2D_Learn/install/leo_explore/lib'
[2.355s] Level 1:colcon.colcon_core.environment:checking '/home/yht/SLAM_2D_Learn/SLAM_2D_Learn/install/leo_explore/bin'
[2.355s] Level 1:colcon.colcon_core.environment:checking '/home/yht/SLAM_2D_Learn/SLAM_2D_Learn/install/leo_explore/lib/pkgconfig/leo_explore.pc'
[2.355s] Level 1:colcon.colcon_core.environment:checking '/home/yht/SLAM_2D_Learn/SLAM_2D_Learn/install/leo_explore/lib/python3.12/site-packages'
[2.355s] Level 1:colcon.colcon_core.shell:create_environment_hook('leo_explore', 'pythonpath')
[2.356s] INFO:colcon.colcon_core.shell:Creating environment hook '/home/yht/SLAM_2D_Learn/SLAM_2D_Learn/install/leo_explore/share/leo_explore/hook/pythonpath.ps1'
[2.356s] INFO:colcon.colcon_core.shell:Creating environment descriptor '/home/yht/SLAM_2D_Learn/SLAM_2D_Learn/install/leo_explore/share/leo_explore/hook/pythonpath.dsv'
[2.356s] INFO:colcon.colcon_core.shell:Creating environment hook '/home/yht/SLAM_2D_Learn/SLAM_2D_Learn/install/leo_explore/share/leo_explore/hook/pythonpath.sh'
[2.357s] Level 1:colcon.colcon_core.environment:checking '/home/yht/SLAM_2D_Learn/SLAM_2D_Learn/install/leo_explore/bin'
[2.357s] Level 1:colcon.colcon_core.environment:create_environment_scripts_only(leo_explore)
[2.357s] INFO:colcon.colcon_core.shell:Creating package script '/home/yht/SLAM_2D_Learn/SLAM_2D_Learn/install/leo_explore/share/leo_explore/package.ps1'
[2.358s] INFO:colcon.colcon_core.shell:Creating package descriptor '/home/yht/SLAM_2D_Learn/SLAM_2D_Learn/install/leo_explore/share/leo_explore/package.dsv'
[2.358s] INFO:colcon.colcon_core.shell:Creating package script '/home/yht/SLAM_2D_Learn/SLAM_2D_Learn/install/leo_explore/share/leo_explore/package.sh'
[2.359s] INFO:colcon.colcon_core.shell:Creating package script '/home/yht/SLAM_2D_Learn/SLAM_2D_Learn/install/leo_explore/share/leo_explore/package.bash'
[2.359s] INFO:colcon.colcon_core.shell:Creating package script '/home/yht/SLAM_2D_Learn/SLAM_2D_Learn/install/leo_explore/share/leo_explore/package.zsh'
[2.359s] Level 1:colcon.colcon_core.environment:create_file_with_runtime_dependencies(/home/yht/SLAM_2D_Learn/SLAM_2D_Learn/install/leo_explore/share/colcon-core/packages/leo_explore)
[2.361s] Level 1:colcon.colcon_core.environment:checking '/home/yht/SLAM_2D_Learn/SLAM_2D_Learn/install/ros_basics' for CMake module files
[2.361s] DEBUG:colcon.colcon_core.event_handler.log_command:Invoked command in '/home/yht/SLAM_2D_Learn/SLAM_2D_Learn/src/ros_basics' returned '0': DEBUGINFOD_URLS=https://debuginfod.ubuntu.com PYTHONPATH=/home/yht/SLAM_2D_Learn/SLAM_2D_Learn/build/ros_basics/prefix_override:/usr/lib/python3/dist-packages/colcon_core/task/python/colcon_distutils_commands:/home/yht/SLAM_2D_Learn/SLAM_2D_Learn/install/ros_basics/lib/python3.12/site-packages:${PYTHONPATH} /usr/bin/python3 -W ignore:setup.py install is deprecated -W ignore:easy_install command is deprecated setup.py egg_info --egg-base ../../build/ros_basics build --build-base /home/yht/SLAM_2D_Learn/SLAM_2D_Learn/build/ros_basics/build install --record /home/yht/SLAM_2D_Learn/SLAM_2D_Learn/build/ros_basics/install.log --single-version-externally-managed install_data
[2.362s] Level 1:colcon.colcon_core.environment:checking '/home/yht/SLAM_2D_Learn/SLAM_2D_Learn/install/ros_basics' for CMake config files
[2.363s] Level 1:colcon.colcon_core.environment:checking '/home/yht/SLAM_2D_Learn/SLAM_2D_Learn/install/ros_basics/lib'
[2.363s] Level 1:colcon.colcon_core.environment:checking '/home/yht/SLAM_2D_Learn/SLAM_2D_Learn/install/ros_basics/bin'
[2.363s] Level 1:colcon.colcon_core.environment:checking '/home/yht/SLAM_2D_Learn/SLAM_2D_Learn/install/ros_basics/lib/pkgconfig/ros_basics.pc'
[2.364s] Level 1:colcon.colcon_core.environment:checking '/home/yht/SLAM_2D_Learn/SLAM_2D_Learn/install/ros_basics/lib/python3.12/site-packages'
[2.364s] Level 1:colcon.colcon_core.shell:create_environment_hook('ros_basics', 'pythonpath')
[2.364s] INFO:colcon.colcon_core.shell:Creating environment hook '/home/yht/SLAM_2D_Learn/SLAM_2D_Learn/install/ros_basics/share/ros_basics/hook/pythonpath.ps1'
[2.364s] INFO:colcon.colcon_core.shell:Creating environment descriptor '/home/yht/SLAM_2D_Learn/SLAM_2D_Learn/install/ros_basics/share/ros_basics/hook/pythonpath.dsv'
[2.365s] INFO:colcon.colcon_core.shell:Creating environment hook '/home/yht/SLAM_2D_Learn/SLAM_2D_Learn/install/ros_basics/share/ros_basics/hook/pythonpath.sh'
[2.366s] Level 1:colcon.colcon_core.environment:checking '/home/yht/SLAM_2D_Learn/SLAM_2D_Learn/install/ros_basics/bin'
[2.366s] Level 1:colcon.colcon_core.environment:create_environment_scripts_only(ros_basics)
[2.366s] INFO:colcon.colcon_core.shell:Creating package script '/home/yht/SLAM_2D_Learn/SLAM_2D_Learn/install/ros_basics/share/ros_basics/package.ps1'
[2.367s] INFO:colcon.colcon_core.shell:Creating package descriptor '/home/yht/SLAM_2D_Learn/SLAM_2D_Learn/install/ros_basics/share/ros_basics/package.dsv'
[2.367s] INFO:colcon.colcon_core.shell:Creating package script '/home/yht/SLAM_2D_Learn/SLAM_2D_Learn/install/ros_basics/share/ros_basics/package.sh'
[2.368s] INFO:colcon.colcon_core.shell:Creating package script '/home/yht/SLAM_2D_Learn/SLAM_2D_Learn/install/ros_basics/share/ros_basics/package.bash'
[2.368s] INFO:colcon.colcon_core.shell:Creating package script '/home/yht/SLAM_2D_Learn/SLAM_2D_Learn/install/ros_basics/share/ros_basics/package.zsh'
[2.368s] Level 1:colcon.colcon_core.environment:create_file_with_runtime_dependencies(/home/yht/SLAM_2D_Learn/SLAM_2D_Learn/install/ros_basics/share/colcon-core/packages/ros_basics)
[2.369s] DEBUG:colcon.colcon_parallel_executor.executor.parallel:closing loop
[2.369s] DEBUG:colcon.colcon_parallel_executor.executor.parallel:loop closed
[2.369s] DEBUG:colcon.colcon_parallel_executor.executor.parallel:run_until_complete finished with '0'
[2.369s] DEBUG:colcon.colcon_core.event_reactor:joining thread
[2.378s] INFO:colcon.colcon_core.plugin_system:Skipping extension 'colcon_notification.desktop_notification.terminal_notifier': Not used on non-Darwin systems
[2.378s] INFO:colcon.colcon_core.plugin_system:Skipping extension 'colcon_notification.desktop_notification.win32': Not used on non-Windows systems
[2.378s] INFO:colcon.colcon_notification.desktop_notification:Sending desktop notification using 'notify2'
[2.400s] DEBUG:colcon.colcon_core.event_reactor:joined thread
[2.401s] INFO:colcon.colcon_core.shell:Creating prefix script '/home/yht/SLAM_2D_Learn/SLAM_2D_Learn/install/local_setup.ps1'
[2.534s] INFO:colcon.colcon_core.shell:Creating prefix util module '/home/yht/SLAM_2D_Learn/SLAM_2D_Learn/install/_local_setup_util_ps1.py'
[2.536s] INFO:colcon.colcon_core.shell:Creating prefix chain script '/home/yht/SLAM_2D_Learn/SLAM_2D_Learn/install/setup.ps1'
[2.537s] INFO:colcon.colcon_core.shell:Creating prefix script '/home/yht/SLAM_2D_Learn/SLAM_2D_Learn/install/local_setup.sh'
[2.538s] INFO:colcon.colcon_core.shell:Creating prefix util module '/home/yht/SLAM_2D_Learn/SLAM_2D_Learn/install/_local_setup_util_sh.py'
[2.539s] INFO:colcon.colcon_core.shell:Creating prefix chain script '/home/yht/SLAM_2D_Learn/SLAM_2D_Learn/install/setup.sh'
[2.540s] INFO:colcon.colcon_core.shell:Creating prefix script '/home/yht/SLAM_2D_Learn/SLAM_2D_Learn/install/local_setup.bash'
[2.541s] INFO:colcon.colcon_core.shell:Creating prefix chain script '/home/yht/SLAM_2D_Learn/SLAM_2D_Learn/install/setup.bash'
[2.542s] INFO:colcon.colcon_core.shell:Creating prefix script '/home/yht/SLAM_2D_Learn/SLAM_2D_Learn/install/local_setup.zsh'
[2.543s] INFO:colcon.colcon_core.shell:Creating prefix chain script '/home/yht/SLAM_2D_Learn/SLAM_2D_Learn/install/setup.zsh'
