-- The C compiler identification is GNU 13.3.0
-- The CXX compiler identification is GNU 13.3.0
-- Detecting C compiler ABI info
-- Detecting C compiler ABI info - done
-- Check for working C compiler: /usr/bin/cc - skipped
-- Detecting C compile features
-- Detecting C compile features - done
-- Detecting CXX compiler ABI info
-- Detecting CXX compiler ABI info - done
-- Check for working CXX compiler: /usr/bin/c++ - skipped
-- Detecting CXX compile features
-- Detecting CXX compile features - done
-- Found ament_cmake: 2.5.4 (/opt/ros/jazzy/share/ament_cmake/cmake)
-- Found Python3: /usr/bin/python3 (found version "3.12.3") found components: Interpreter 
-- Configuring done (1.2s)
-- Generating done (0.0s)
-- Build files have been written to: /home/yht/SLAM_2D_Learn/SLAM_2D_Learn/build/leo_nav
-- Install configuration: ""
-- Installing: /home/yht/SLAM_2D_Learn/SLAM_2D_Learn/install/leo_nav/share/leo_nav/config
-- Installing: /home/yht/SLAM_2D_Learn/SLAM_2D_Learn/install/leo_nav/share/leo_nav/config/navigation_stereo_camera.yaml
-- Installing: /home/yht/SLAM_2D_Learn/SLAM_2D_Learn/install/leo_nav/share/leo_nav/config/navigation.yaml
-- Installing: /home/yht/SLAM_2D_Learn/SLAM_2D_Learn/install/leo_nav/share/leo_nav/config/amcl.yaml
-- Installing: /home/yht/SLAM_2D_Learn/SLAM_2D_Learn/install/leo_nav/share/leo_nav/config/slam_toolbox.yaml
-- Installing: /home/yht/SLAM_2D_Learn/SLAM_2D_Learn/install/leo_nav/share/leo_nav/config/behavior_trees
-- Installing: /home/yht/SLAM_2D_Learn/SLAM_2D_Learn/install/leo_nav/share/leo_nav/config/behavior_trees/navigate_w_replanning_time.xml
-- Installing: /home/yht/SLAM_2D_Learn/SLAM_2D_Learn/install/leo_nav/share/leo_nav/launch
-- Installing: /home/yht/SLAM_2D_Learn/SLAM_2D_Learn/install/leo_nav/share/leo_nav/launch/amcl.launch.py
-- Installing: /home/yht/SLAM_2D_Learn/SLAM_2D_Learn/install/leo_nav/share/leo_nav/launch/navigation.launch.xml
-- Installing: /home/yht/SLAM_2D_Learn/SLAM_2D_Learn/install/leo_nav/share/leo_nav/launch/slam_toolbox.launch.py
-- Installing: /home/yht/SLAM_2D_Learn/SLAM_2D_Learn/install/leo_nav/share/leo_nav/maps
-- Installing: /home/yht/SLAM_2D_Learn/SLAM_2D_Learn/install/leo_nav/share/leo_nav/maps/empty_map.pgm
-- Installing: /home/yht/SLAM_2D_Learn/SLAM_2D_Learn/install/leo_nav/share/leo_nav/maps/empty_map.yaml
-- Installing: /home/yht/SLAM_2D_Learn/SLAM_2D_Learn/install/leo_nav/share/ament_index/resource_index/package_run_dependencies/leo_nav
-- Installing: /home/yht/SLAM_2D_Learn/SLAM_2D_Learn/install/leo_nav/share/ament_index/resource_index/parent_prefix_path/leo_nav
-- Installing: /home/yht/SLAM_2D_Learn/SLAM_2D_Learn/install/leo_nav/share/leo_nav/environment/ament_prefix_path.sh
-- Installing: /home/yht/SLAM_2D_Learn/SLAM_2D_Learn/install/leo_nav/share/leo_nav/environment/ament_prefix_path.dsv
-- Installing: /home/yht/SLAM_2D_Learn/SLAM_2D_Learn/install/leo_nav/share/leo_nav/environment/path.sh
-- Installing: /home/yht/SLAM_2D_Learn/SLAM_2D_Learn/install/leo_nav/share/leo_nav/environment/path.dsv
-- Installing: /home/yht/SLAM_2D_Learn/SLAM_2D_Learn/install/leo_nav/share/leo_nav/local_setup.bash
-- Installing: /home/yht/SLAM_2D_Learn/SLAM_2D_Learn/install/leo_nav/share/leo_nav/local_setup.sh
-- Installing: /home/yht/SLAM_2D_Learn/SLAM_2D_Learn/install/leo_nav/share/leo_nav/local_setup.zsh
-- Installing: /home/yht/SLAM_2D_Learn/SLAM_2D_Learn/install/leo_nav/share/leo_nav/local_setup.dsv
-- Installing: /home/yht/SLAM_2D_Learn/SLAM_2D_Learn/install/leo_nav/share/leo_nav/package.dsv
-- Installing: /home/yht/SLAM_2D_Learn/SLAM_2D_Learn/install/leo_nav/share/ament_index/resource_index/packages/leo_nav
-- Installing: /home/yht/SLAM_2D_Learn/SLAM_2D_Learn/install/leo_nav/share/leo_nav/cmake/leo_navConfig.cmake
-- Installing: /home/yht/SLAM_2D_Learn/SLAM_2D_Learn/install/leo_nav/share/leo_nav/cmake/leo_navConfig-version.cmake
-- Installing: /home/yht/SLAM_2D_Learn/SLAM_2D_Learn/install/leo_nav/share/leo_nav/package.xml
