[0.250s] Invoking command in '/home/yht/SLAM_2D_Learn/SLAM_2D_Learn/build/leo_nav': CMAKE_PREFIX_PATH=${CMAKE_PREFIX_PATH}:/home/yht/SLAM_2D_Learn/SLAM_2D_Learn/install/ros_basics:/home/yht/SLAM_2D_Learn/SLAM_2D_Learn/install/lslidar_slam:/home/yht/SLAM_2D_Learn/SLAM_2D_Learn/install/lslidar_catorgrapher:/home/yht/SLAM_2D_Learn/SLAM_2D_Learn/install/leo_explore:/opt/ros/jazzy DEBUGINFOD_URLS=https://debuginfod.ubuntu.com /usr/bin/cmake /home/yht/SLAM_2D_Learn/SLAM_2D_Learn/src/leo_navigation_tutorial -DCMAKE_INSTALL_PREFIX=/home/yht/SLAM_2D_Learn/SLAM_2D_Learn/install/leo_nav
[0.999s] -- The C compiler identification is GNU 13.3.0
[0.999s] -- The CXX compiler identification is GNU 13.3.0
[0.999s] -- Detecting C compiler ABI info
[1.000s] -- Detecting C compiler ABI info - done
[1.000s] -- Check for working C compiler: /usr/bin/cc - skipped
[1.000s] -- Detecting C compile features
[1.000s] -- Detecting C compile features - done
[1.000s] -- Detecting CXX compiler ABI info
[1.006s] -- Detecting CXX compiler ABI info - done
[1.025s] -- Check for working CXX compiler: /usr/bin/c++ - skipped
[1.026s] -- Detecting CXX compile features
[1.027s] -- Detecting CXX compile features - done
[1.039s] -- Found ament_cmake: 2.5.4 (/opt/ros/jazzy/share/ament_cmake/cmake)
[1.252s] -- Found Python3: /usr/bin/python3 (found version "3.12.3") found components: Interpreter 
[1.541s] -- Configuring done (1.2s)
[1.543s] -- Generating done (0.0s)
[1.546s] -- Build files have been written to: /home/yht/SLAM_2D_Learn/SLAM_2D_Learn/build/leo_nav
[1.552s] Invoked command in '/home/yht/SLAM_2D_Learn/SLAM_2D_Learn/build/leo_nav' returned '0': CMAKE_PREFIX_PATH=${CMAKE_PREFIX_PATH}:/home/yht/SLAM_2D_Learn/SLAM_2D_Learn/install/ros_basics:/home/yht/SLAM_2D_Learn/SLAM_2D_Learn/install/lslidar_slam:/home/yht/SLAM_2D_Learn/SLAM_2D_Learn/install/lslidar_catorgrapher:/home/yht/SLAM_2D_Learn/SLAM_2D_Learn/install/leo_explore:/opt/ros/jazzy DEBUGINFOD_URLS=https://debuginfod.ubuntu.com /usr/bin/cmake /home/yht/SLAM_2D_Learn/SLAM_2D_Learn/src/leo_navigation_tutorial -DCMAKE_INSTALL_PREFIX=/home/yht/SLAM_2D_Learn/SLAM_2D_Learn/install/leo_nav
[1.554s] Invoking command in '/home/yht/SLAM_2D_Learn/SLAM_2D_Learn/build/leo_nav': CMAKE_PREFIX_PATH=${CMAKE_PREFIX_PATH}:/home/yht/SLAM_2D_Learn/SLAM_2D_Learn/install/ros_basics:/home/yht/SLAM_2D_Learn/SLAM_2D_Learn/install/lslidar_slam:/home/yht/SLAM_2D_Learn/SLAM_2D_Learn/install/lslidar_catorgrapher:/home/yht/SLAM_2D_Learn/SLAM_2D_Learn/install/leo_explore:/opt/ros/jazzy DEBUGINFOD_URLS=https://debuginfod.ubuntu.com /usr/bin/cmake --build /home/yht/SLAM_2D_Learn/SLAM_2D_Learn/build/leo_nav -- -j32 -l32
[1.611s] Invoked command in '/home/yht/SLAM_2D_Learn/SLAM_2D_Learn/build/leo_nav' returned '0': CMAKE_PREFIX_PATH=${CMAKE_PREFIX_PATH}:/home/yht/SLAM_2D_Learn/SLAM_2D_Learn/install/ros_basics:/home/yht/SLAM_2D_Learn/SLAM_2D_Learn/install/lslidar_slam:/home/yht/SLAM_2D_Learn/SLAM_2D_Learn/install/lslidar_catorgrapher:/home/yht/SLAM_2D_Learn/SLAM_2D_Learn/install/leo_explore:/opt/ros/jazzy DEBUGINFOD_URLS=https://debuginfod.ubuntu.com /usr/bin/cmake --build /home/yht/SLAM_2D_Learn/SLAM_2D_Learn/build/leo_nav -- -j32 -l32
[1.629s] Invoking command in '/home/yht/SLAM_2D_Learn/SLAM_2D_Learn/build/leo_nav': CMAKE_PREFIX_PATH=${CMAKE_PREFIX_PATH}:/home/yht/SLAM_2D_Learn/SLAM_2D_Learn/install/ros_basics:/home/yht/SLAM_2D_Learn/SLAM_2D_Learn/install/lslidar_slam:/home/yht/SLAM_2D_Learn/SLAM_2D_Learn/install/lslidar_catorgrapher:/home/yht/SLAM_2D_Learn/SLAM_2D_Learn/install/leo_explore:/opt/ros/jazzy DEBUGINFOD_URLS=https://debuginfod.ubuntu.com /usr/bin/cmake --install /home/yht/SLAM_2D_Learn/SLAM_2D_Learn/build/leo_nav
[1.643s] -- Install configuration: ""
[1.643s] -- Installing: /home/yht/SLAM_2D_Learn/SLAM_2D_Learn/install/leo_nav/share/leo_nav/config
[1.643s] -- Installing: /home/yht/SLAM_2D_Learn/SLAM_2D_Learn/install/leo_nav/share/leo_nav/config/navigation_stereo_camera.yaml
[1.645s] -- Installing: /home/yht/SLAM_2D_Learn/SLAM_2D_Learn/install/leo_nav/share/leo_nav/config/navigation.yaml
[1.645s] -- Installing: /home/yht/SLAM_2D_Learn/SLAM_2D_Learn/install/leo_nav/share/leo_nav/config/amcl.yaml
[1.646s] -- Installing: /home/yht/SLAM_2D_Learn/SLAM_2D_Learn/install/leo_nav/share/leo_nav/config/slam_toolbox.yaml
[1.646s] -- Installing: /home/yht/SLAM_2D_Learn/SLAM_2D_Learn/install/leo_nav/share/leo_nav/config/behavior_trees
[1.646s] -- Installing: /home/yht/SLAM_2D_Learn/SLAM_2D_Learn/install/leo_nav/share/leo_nav/config/behavior_trees/navigate_w_replanning_time.xml
[1.646s] -- Installing: /home/yht/SLAM_2D_Learn/SLAM_2D_Learn/install/leo_nav/share/leo_nav/launch
[1.646s] -- Installing: /home/yht/SLAM_2D_Learn/SLAM_2D_Learn/install/leo_nav/share/leo_nav/launch/amcl.launch.py
[1.646s] -- Installing: /home/yht/SLAM_2D_Learn/SLAM_2D_Learn/install/leo_nav/share/leo_nav/launch/navigation.launch.xml
[1.647s] -- Installing: /home/yht/SLAM_2D_Learn/SLAM_2D_Learn/install/leo_nav/share/leo_nav/launch/slam_toolbox.launch.py
[1.647s] -- Installing: /home/yht/SLAM_2D_Learn/SLAM_2D_Learn/install/leo_nav/share/leo_nav/maps
[1.647s] -- Installing: /home/yht/SLAM_2D_Learn/SLAM_2D_Learn/install/leo_nav/share/leo_nav/maps/empty_map.pgm
[1.647s] -- Installing: /home/yht/SLAM_2D_Learn/SLAM_2D_Learn/install/leo_nav/share/leo_nav/maps/empty_map.yaml
[1.648s] -- Installing: /home/yht/SLAM_2D_Learn/SLAM_2D_Learn/install/leo_nav/share/ament_index/resource_index/package_run_dependencies/leo_nav
[1.648s] -- Installing: /home/yht/SLAM_2D_Learn/SLAM_2D_Learn/install/leo_nav/share/ament_index/resource_index/parent_prefix_path/leo_nav
[1.648s] -- Installing: /home/yht/SLAM_2D_Learn/SLAM_2D_Learn/install/leo_nav/share/leo_nav/environment/ament_prefix_path.sh
[1.648s] -- Installing: /home/yht/SLAM_2D_Learn/SLAM_2D_Learn/install/leo_nav/share/leo_nav/environment/ament_prefix_path.dsv
[1.648s] -- Installing: /home/yht/SLAM_2D_Learn/SLAM_2D_Learn/install/leo_nav/share/leo_nav/environment/path.sh
[1.649s] -- Installing: /home/yht/SLAM_2D_Learn/SLAM_2D_Learn/install/leo_nav/share/leo_nav/environment/path.dsv
[1.649s] -- Installing: /home/yht/SLAM_2D_Learn/SLAM_2D_Learn/install/leo_nav/share/leo_nav/local_setup.bash
[1.649s] -- Installing: /home/yht/SLAM_2D_Learn/SLAM_2D_Learn/install/leo_nav/share/leo_nav/local_setup.sh
[1.649s] -- Installing: /home/yht/SLAM_2D_Learn/SLAM_2D_Learn/install/leo_nav/share/leo_nav/local_setup.zsh
[1.649s] -- Installing: /home/yht/SLAM_2D_Learn/SLAM_2D_Learn/install/leo_nav/share/leo_nav/local_setup.dsv
[1.649s] -- Installing: /home/yht/SLAM_2D_Learn/SLAM_2D_Learn/install/leo_nav/share/leo_nav/package.dsv
[1.649s] -- Installing: /home/yht/SLAM_2D_Learn/SLAM_2D_Learn/install/leo_nav/share/ament_index/resource_index/packages/leo_nav
[1.650s] -- Installing: /home/yht/SLAM_2D_Learn/SLAM_2D_Learn/install/leo_nav/share/leo_nav/cmake/leo_navConfig.cmake
[1.650s] -- Installing: /home/yht/SLAM_2D_Learn/SLAM_2D_Learn/install/leo_nav/share/leo_nav/cmake/leo_navConfig-version.cmake
[1.650s] -- Installing: /home/yht/SLAM_2D_Learn/SLAM_2D_Learn/install/leo_nav/share/leo_nav/package.xml
[1.652s] Invoked command in '/home/yht/SLAM_2D_Learn/SLAM_2D_Learn/build/leo_nav' returned '0': CMAKE_PREFIX_PATH=${CMAKE_PREFIX_PATH}:/home/yht/SLAM_2D_Learn/SLAM_2D_Learn/install/ros_basics:/home/yht/SLAM_2D_Learn/SLAM_2D_Learn/install/lslidar_slam:/home/yht/SLAM_2D_Learn/SLAM_2D_Learn/install/lslidar_catorgrapher:/home/yht/SLAM_2D_Learn/SLAM_2D_Learn/install/leo_explore:/opt/ros/jazzy DEBUGINFOD_URLS=https://debuginfod.ubuntu.com /usr/bin/cmake --install /home/yht/SLAM_2D_Learn/SLAM_2D_Learn/build/leo_nav
