running egg_info
writing ../../build/leo_explore/leo_explore.egg-info/PKG-INFO
writing dependency_links to ../../build/leo_explore/leo_explore.egg-info/dependency_links.txt
writing entry points to ../../build/leo_explore/leo_explore.egg-info/entry_points.txt
writing requirements to ../../build/leo_explore/leo_explore.egg-info/requires.txt
writing top-level names to ../../build/leo_explore/leo_explore.egg-info/top_level.txt
reading manifest file '../../build/leo_explore/leo_explore.egg-info/SOURCES.txt'
writing manifest file '../../build/leo_explore/leo_explore.egg-info/SOURCES.txt'
running build
running build_py
copying leo_explore/wander.py -> /home/yht/SLAM_2D_Learn/SLAM_2D_Learn/build/leo_explore/build/lib/leo_explore
running install
running install_lib
copying /home/yht/SLAM_2D_Learn/SLAM_2D_Learn/build/leo_explore/build/lib/leo_explore/wander.py -> /home/yht/SLAM_2D_Learn/SLAM_2D_Learn/install/leo_explore/lib/python3.12/site-packages/leo_explore
byte-compiling /home/yht/SLAM_2D_Learn/SLAM_2D_Learn/install/leo_explore/lib/python3.12/site-packages/leo_explore/wander.py to wander.cpython-312.pyc
running install_data
copying package.xml -> /home/yht/SLAM_2D_Learn/SLAM_2D_Learn/install/leo_explore/share/leo_explore
copying launch/auto_slam_wander.launch.py -> /home/yht/SLAM_2D_Learn/SLAM_2D_Learn/install/leo_explore/share/leo_explore/launch
running install_egg_info
removing '/home/yht/SLAM_2D_Learn/SLAM_2D_Learn/install/leo_explore/lib/python3.12/site-packages/leo_explore-0.0.0-py3.12.egg-info' (and everything under it)
Copying ../../build/leo_explore/leo_explore.egg-info to /home/yht/SLAM_2D_Learn/SLAM_2D_Learn/install/leo_explore/lib/python3.12/site-packages/leo_explore-0.0.0-py3.12.egg-info
running install_scripts
Installing wander script to /home/yht/SLAM_2D_Learn/SLAM_2D_Learn/install/leo_explore/lib/leo_explore
writing list of installed files to '/home/yht/SLAM_2D_Learn/SLAM_2D_Learn/build/leo_explore/install.log'
