[1.311s] Invoking command in '/home/yht/SLAM_2D_Learn/SLAM_2D_Learn/src/leo_explore': DEBUGINFOD_URLS=https://debuginfod.ubuntu.com PYTHONPATH=/home/yht/SLAM_2D_Learn/SLAM_2D_Learn/build/leo_explore/prefix_override:/usr/lib/python3/dist-packages/colcon_core/task/python/colcon_distutils_commands:/home/yht/SLAM_2D_Learn/SLAM_2D_Learn/install/leo_explore/lib/python3.12/site-packages:${PYTHONPATH} /usr/bin/python3 -W ignore:setup.py install is deprecated -W ignore:easy_install command is deprecated setup.py egg_info --egg-base ../../build/leo_explore build --build-base /home/yht/SLAM_2D_Learn/SLAM_2D_Learn/build/leo_explore/build install --record /home/yht/SLAM_2D_Learn/SLAM_2D_Learn/build/leo_explore/install.log --single-version-externally-managed install_data
[1.491s] running egg_info
[1.503s] writing ../../build/leo_explore/leo_explore.egg-info/PKG-INFO
[1.506s] writing dependency_links to ../../build/leo_explore/leo_explore.egg-info/dependency_links.txt
[1.506s] writing entry points to ../../build/leo_explore/leo_explore.egg-info/entry_points.txt
[1.506s] writing requirements to ../../build/leo_explore/leo_explore.egg-info/requires.txt
[1.506s] writing top-level names to ../../build/leo_explore/leo_explore.egg-info/top_level.txt
[1.530s] reading manifest file '../../build/leo_explore/leo_explore.egg-info/SOURCES.txt'
[1.674s] writing manifest file '../../build/leo_explore/leo_explore.egg-info/SOURCES.txt'
[1.674s] running build
[1.674s] running build_py
[1.674s] copying leo_explore/wander.py -> /home/yht/SLAM_2D_Learn/SLAM_2D_Learn/build/leo_explore/build/lib/leo_explore
[1.675s] running install
[1.685s] running install_lib
[1.723s] copying /home/yht/SLAM_2D_Learn/SLAM_2D_Learn/build/leo_explore/build/lib/leo_explore/wander.py -> /home/yht/SLAM_2D_Learn/SLAM_2D_Learn/install/leo_explore/lib/python3.12/site-packages/leo_explore
[1.726s] byte-compiling /home/yht/SLAM_2D_Learn/SLAM_2D_Learn/install/leo_explore/lib/python3.12/site-packages/leo_explore/wander.py to wander.cpython-312.pyc
[1.727s] running install_data
[1.728s] copying package.xml -> /home/yht/SLAM_2D_Learn/SLAM_2D_Learn/install/leo_explore/share/leo_explore
[1.729s] copying launch/auto_slam_wander.launch.py -> /home/yht/SLAM_2D_Learn/SLAM_2D_Learn/install/leo_explore/share/leo_explore/launch
[1.729s] running install_egg_info
[1.748s] removing '/home/yht/SLAM_2D_Learn/SLAM_2D_Learn/install/leo_explore/lib/python3.12/site-packages/leo_explore-0.0.0-py3.12.egg-info' (and everything under it)
[1.748s] Copying ../../build/leo_explore/leo_explore.egg-info to /home/yht/SLAM_2D_Learn/SLAM_2D_Learn/install/leo_explore/lib/python3.12/site-packages/leo_explore-0.0.0-py3.12.egg-info
[1.748s] running install_scripts
[1.848s] Installing wander script to /home/yht/SLAM_2D_Learn/SLAM_2D_Learn/install/leo_explore/lib/leo_explore
[1.849s] writing list of installed files to '/home/yht/SLAM_2D_Learn/SLAM_2D_Learn/build/leo_explore/install.log'
[1.992s] Invoked command in '/home/yht/SLAM_2D_Learn/SLAM_2D_Learn/src/leo_explore' returned '0': DEBUGINFOD_URLS=https://debuginfod.ubuntu.com PYTHONPATH=/home/yht/SLAM_2D_Learn/SLAM_2D_Learn/build/leo_explore/prefix_override:/usr/lib/python3/dist-packages/colcon_core/task/python/colcon_distutils_commands:/home/yht/SLAM_2D_Learn/SLAM_2D_Learn/install/leo_explore/lib/python3.12/site-packages:${PYTHONPATH} /usr/bin/python3 -W ignore:setup.py install is deprecated -W ignore:easy_install command is deprecated setup.py egg_info --egg-base ../../build/leo_explore build --build-base /home/yht/SLAM_2D_Learn/SLAM_2D_Learn/build/leo_explore/build install --record /home/yht/SLAM_2D_Learn/SLAM_2D_Learn/build/leo_explore/install.log --single-version-externally-managed install_data
