running egg_info
creating ../../../build/lslidar_slam/lslidar_slam.egg-info
writing ../../../build/lslidar_slam/lslidar_slam.egg-info/PKG-INFO
writing dependency_links to ../../../build/lslidar_slam/lslidar_slam.egg-info/dependency_links.txt
writing requirements to ../../../build/lslidar_slam/lslidar_slam.egg-info/requires.txt
writing top-level names to ../../../build/lslidar_slam/lslidar_slam.egg-info/top_level.txt
writing manifest file '../../../build/lslidar_slam/lslidar_slam.egg-info/SOURCES.txt'
reading manifest file '../../../build/lslidar_slam/lslidar_slam.egg-info/SOURCES.txt'
writing manifest file '../../../build/lslidar_slam/lslidar_slam.egg-info/SOURCES.txt'
running build
running build_py
creating /home/yht/SLAM_2D_Learn/SLAM_2D_Learn/build/lslidar_slam/build
creating /home/yht/SLAM_2D_Learn/SLAM_2D_Learn/build/lslidar_slam/build/lib
creating /home/yht/SLAM_2D_Learn/SLAM_2D_Learn/build/lslidar_slam/build/lib/lslidar_slam
copying lslidar_slam/__init__.py -> /home/yht/SLAM_2D_Learn/SLAM_2D_Learn/build/lslidar_slam/build/lib/lslidar_slam
running install
running install_lib
creating /home/yht/SLAM_2D_Learn/SLAM_2D_Learn/install/lslidar_slam/lib/python3.12/site-packages/lslidar_slam
copying /home/yht/SLAM_2D_Learn/SLAM_2D_Learn/build/lslidar_slam/build/lib/lslidar_slam/__init__.py -> /home/yht/SLAM_2D_Learn/SLAM_2D_Learn/install/lslidar_slam/lib/python3.12/site-packages/lslidar_slam
byte-compiling /home/yht/SLAM_2D_Learn/SLAM_2D_Learn/install/lslidar_slam/lib/python3.12/site-packages/lslidar_slam/__init__.py to __init__.cpython-312.pyc
running install_data
creating /home/yht/SLAM_2D_Learn/SLAM_2D_Learn/install/lslidar_slam/share/ament_index
creating /home/yht/SLAM_2D_Learn/SLAM_2D_Learn/install/lslidar_slam/share/ament_index/resource_index
creating /home/yht/SLAM_2D_Learn/SLAM_2D_Learn/install/lslidar_slam/share/ament_index/resource_index/packages
copying resource/lslidar_slam -> /home/yht/SLAM_2D_Learn/SLAM_2D_Learn/install/lslidar_slam/share/ament_index/resource_index/packages
copying package.xml -> /home/yht/SLAM_2D_Learn/SLAM_2D_Learn/install/lslidar_slam/share/lslidar_slam
creating /home/yht/SLAM_2D_Learn/SLAM_2D_Learn/install/lslidar_slam/share/lslidar_slam/launch
copying launch/lslidar_slam_tf.py -> /home/yht/SLAM_2D_Learn/SLAM_2D_Learn/install/lslidar_slam/share/lslidar_slam/launch
copying launch/lslidar_slam_launch.py -> /home/yht/SLAM_2D_Learn/SLAM_2D_Learn/install/lslidar_slam/share/lslidar_slam/launch
copying launch/lslidar_slam_slam.py -> /home/yht/SLAM_2D_Learn/SLAM_2D_Learn/install/lslidar_slam/share/lslidar_slam/launch
copying launch/lslidar_slam_rviz.py -> /home/yht/SLAM_2D_Learn/SLAM_2D_Learn/install/lslidar_slam/share/lslidar_slam/launch
copying launch/lslidar_slam_laser.py -> /home/yht/SLAM_2D_Learn/SLAM_2D_Learn/install/lslidar_slam/share/lslidar_slam/launch
creating /home/yht/SLAM_2D_Learn/SLAM_2D_Learn/install/lslidar_slam/share/lslidar_slam/config
copying config/slam_toolbox_rviz.rviz -> /home/yht/SLAM_2D_Learn/SLAM_2D_Learn/install/lslidar_slam/share/lslidar_slam/config
copying config/slam_config.yaml -> /home/yht/SLAM_2D_Learn/SLAM_2D_Learn/install/lslidar_slam/share/lslidar_slam/config
running install_egg_info
Copying ../../../build/lslidar_slam/lslidar_slam.egg-info to /home/yht/SLAM_2D_Learn/SLAM_2D_Learn/install/lslidar_slam/lib/python3.12/site-packages/lslidar_slam-0.0.0-py3.12.egg-info
running install_scripts
writing list of installed files to '/home/yht/SLAM_2D_Learn/SLAM_2D_Learn/build/lslidar_slam/install.log'
