[0.100s] DEBUG:colcon:Command line arguments: ['/usr/bin/colcon', 'build']
[0.100s] DEBUG:colcon:Parsed command line arguments: Namespace(log_base=None, log_level=None, verb_name='build', build_base='build', install_base='install', merge_install=False, symlink_install=False, test_result_base=None, continue_on_error=False, executor='parallel', parallel_workers=32, event_handlers=None, ignore_user_meta=False, metas=['./colcon.meta'], base_paths=['.'], packages_ignore=None, packages_ignore_regex=None, paths=None, packages_up_to=None, packages_up_to_regex=None, packages_above=None, packages_above_and_dependencies=None, packages_above_depth=None, packages_select_by_dep=None, packages_skip_by_dep=None, packages_skip_up_to=None, packages_select_build_failed=False, packages_skip_build_finished=False, packages_select_test_failures=False, packages_skip_test_passed=False, packages_select=None, packages_skip=None, packages_select_regex=None, packages_skip_regex=None, packages_start=None, packages_end=None, allow_overriding=[], cmake_args=None, cmake_target=None, cmake_target_skip_unavailable=False, cmake_clean_cache=False, cmake_clean_first=False, cmake_force_configure=False, ament_cmake_args=None, catkin_cmake_args=None, catkin_skip_building_tests=False, mixin_files=None, mixin=None, verb_parser=<colcon_mixin.mixin.mixin_argument.MixinArgumentDecorator object at 0x7cf156da2030>, verb_extension=<colcon_core.verb.build.BuildVerb object at 0x7cf156ec6930>, main=<bound method BuildVerb.main of <colcon_core.verb.build.BuildVerb object at 0x7cf156ec6930>>, mixin_verb=('build',))
[0.137s] Level 1:colcon.colcon_core.package_discovery:discover_packages(colcon_meta) check parameters
[0.137s] Level 1:colcon.colcon_core.package_discovery:discover_packages(recursive) check parameters
[0.137s] Level 1:colcon.colcon_core.package_discovery:discover_packages(ignore) check parameters
[0.137s] Level 1:colcon.colcon_core.package_discovery:discover_packages(path) check parameters
[0.137s] Level 1:colcon.colcon_core.package_discovery:discover_packages(colcon_meta) discover
[0.137s] Level 1:colcon.colcon_core.package_discovery:discover_packages(recursive) discover
[0.137s] INFO:colcon.colcon_core.package_discovery:Crawling recursively for packages in '/home/yht/SLAM_2D_Learn/SLAM_2D_Learn'
[0.137s] Level 1:colcon.colcon_core.package_identification:_identify(.) by extensions ['ignore', 'ignore_ament_install']
[0.137s] Level 1:colcon.colcon_core.package_identification:_identify(.) by extension 'ignore'
[0.137s] Level 1:colcon.colcon_core.package_identification:_identify(.) by extension 'ignore_ament_install'
[0.137s] Level 1:colcon.colcon_core.package_identification:_identify(.) by extensions ['colcon_pkg']
[0.138s] Level 1:colcon.colcon_core.package_identification:_identify(.) by extension 'colcon_pkg'
[0.138s] Level 1:colcon.colcon_core.package_identification:_identify(.) by extensions ['colcon_meta']
[0.138s] Level 1:colcon.colcon_core.package_identification:_identify(.) by extension 'colcon_meta'
[0.138s] Level 1:colcon.colcon_core.package_identification:_identify(.) by extensions ['ros']
[0.138s] Level 1:colcon.colcon_core.package_identification:_identify(.) by extension 'ros'
[0.163s] Level 1:colcon.colcon_core.package_identification:_identify(.) by extensions ['cmake', 'python']
[0.163s] Level 1:colcon.colcon_core.package_identification:_identify(.) by extension 'cmake'
[0.163s] Level 1:colcon.colcon_core.package_identification:_identify(.) by extension 'python'
[0.163s] Level 1:colcon.colcon_core.package_identification:_identify(.) by extensions ['python_setup_py']
[0.163s] Level 1:colcon.colcon_core.package_identification:_identify(.) by extension 'python_setup_py'
[0.163s] Level 1:colcon.colcon_core.package_identification:_identify(build) by extensions ['ignore', 'ignore_ament_install']
[0.164s] Level 1:colcon.colcon_core.package_identification:_identify(build) by extension 'ignore'
[0.164s] Level 1:colcon.colcon_core.package_identification:_identify(build) ignored
[0.164s] Level 1:colcon.colcon_core.package_identification:_identify(install) by extensions ['ignore', 'ignore_ament_install']
[0.164s] Level 1:colcon.colcon_core.package_identification:_identify(install) by extension 'ignore'
[0.164s] Level 1:colcon.colcon_core.package_identification:_identify(install) ignored
[0.164s] Level 1:colcon.colcon_core.package_identification:_identify(log) by extensions ['ignore', 'ignore_ament_install']
[0.164s] Level 1:colcon.colcon_core.package_identification:_identify(log) by extension 'ignore'
[0.164s] Level 1:colcon.colcon_core.package_identification:_identify(log) ignored
[0.164s] Level 1:colcon.colcon_core.package_identification:_identify(src) by extensions ['ignore', 'ignore_ament_install']
[0.164s] Level 1:colcon.colcon_core.package_identification:_identify(src) by extension 'ignore'
[0.164s] Level 1:colcon.colcon_core.package_identification:_identify(src) by extension 'ignore_ament_install'
[0.164s] Level 1:colcon.colcon_core.package_identification:_identify(src) by extensions ['colcon_pkg']
[0.164s] Level 1:colcon.colcon_core.package_identification:_identify(src) by extension 'colcon_pkg'
[0.164s] Level 1:colcon.colcon_core.package_identification:_identify(src) by extensions ['colcon_meta']
[0.164s] Level 1:colcon.colcon_core.package_identification:_identify(src) by extension 'colcon_meta'
[0.164s] Level 1:colcon.colcon_core.package_identification:_identify(src) by extensions ['ros']
[0.164s] Level 1:colcon.colcon_core.package_identification:_identify(src) by extension 'ros'
[0.164s] Level 1:colcon.colcon_core.package_identification:_identify(src) by extensions ['cmake', 'python']
[0.164s] Level 1:colcon.colcon_core.package_identification:_identify(src) by extension 'cmake'
[0.164s] Level 1:colcon.colcon_core.package_identification:_identify(src) by extension 'python'
[0.164s] Level 1:colcon.colcon_core.package_identification:_identify(src) by extensions ['python_setup_py']
[0.164s] Level 1:colcon.colcon_core.package_identification:_identify(src) by extension 'python_setup_py'
[0.165s] Level 1:colcon.colcon_core.package_identification:_identify(src/Lslidar_ROS2_main) by extensions ['ignore', 'ignore_ament_install']
[0.165s] Level 1:colcon.colcon_core.package_identification:_identify(src/Lslidar_ROS2_main) by extension 'ignore'
[0.165s] Level 1:colcon.colcon_core.package_identification:_identify(src/Lslidar_ROS2_main) by extension 'ignore_ament_install'
[0.165s] Level 1:colcon.colcon_core.package_identification:_identify(src/Lslidar_ROS2_main) by extensions ['colcon_pkg']
[0.165s] Level 1:colcon.colcon_core.package_identification:_identify(src/Lslidar_ROS2_main) by extension 'colcon_pkg'
[0.165s] Level 1:colcon.colcon_core.package_identification:_identify(src/Lslidar_ROS2_main) by extensions ['colcon_meta']
[0.165s] Level 1:colcon.colcon_core.package_identification:_identify(src/Lslidar_ROS2_main) by extension 'colcon_meta'
[0.165s] Level 1:colcon.colcon_core.package_identification:_identify(src/Lslidar_ROS2_main) by extensions ['ros']
[0.165s] Level 1:colcon.colcon_core.package_identification:_identify(src/Lslidar_ROS2_main) by extension 'ros'
[0.165s] Level 1:colcon.colcon_core.package_identification:_identify(src/Lslidar_ROS2_main) by extensions ['cmake', 'python']
[0.165s] Level 1:colcon.colcon_core.package_identification:_identify(src/Lslidar_ROS2_main) by extension 'cmake'
[0.165s] Level 1:colcon.colcon_core.package_identification:_identify(src/Lslidar_ROS2_main) by extension 'python'
[0.165s] Level 1:colcon.colcon_core.package_identification:_identify(src/Lslidar_ROS2_main) by extensions ['python_setup_py']
[0.165s] Level 1:colcon.colcon_core.package_identification:_identify(src/Lslidar_ROS2_main) by extension 'python_setup_py'
[0.165s] Level 1:colcon.colcon_core.package_identification:_identify(src/Lslidar_ROS2_main/lslidar_catorgrapher) by extensions ['ignore', 'ignore_ament_install']
[0.165s] Level 1:colcon.colcon_core.package_identification:_identify(src/Lslidar_ROS2_main/lslidar_catorgrapher) by extension 'ignore'
[0.165s] Level 1:colcon.colcon_core.package_identification:_identify(src/Lslidar_ROS2_main/lslidar_catorgrapher) by extension 'ignore_ament_install'
[0.165s] Level 1:colcon.colcon_core.package_identification:_identify(src/Lslidar_ROS2_main/lslidar_catorgrapher) by extensions ['colcon_pkg']
[0.165s] Level 1:colcon.colcon_core.package_identification:_identify(src/Lslidar_ROS2_main/lslidar_catorgrapher) by extension 'colcon_pkg'
[0.165s] Level 1:colcon.colcon_core.package_identification:_identify(src/Lslidar_ROS2_main/lslidar_catorgrapher) by extensions ['colcon_meta']
[0.165s] Level 1:colcon.colcon_core.package_identification:_identify(src/Lslidar_ROS2_main/lslidar_catorgrapher) by extension 'colcon_meta'
[0.165s] Level 1:colcon.colcon_core.package_identification:_identify(src/Lslidar_ROS2_main/lslidar_catorgrapher) by extensions ['ros']
[0.165s] Level 1:colcon.colcon_core.package_identification:_identify(src/Lslidar_ROS2_main/lslidar_catorgrapher) by extension 'ros'
[0.168s] DEBUG:colcon.colcon_core.package_identification:Package 'src/Lslidar_ROS2_main/lslidar_catorgrapher' with type 'ros.ament_python' and name 'lslidar_catorgrapher'
[0.168s] Level 1:colcon.colcon_core.package_identification:_identify(src/Lslidar_ROS2_main/lslidar_slam) by extensions ['ignore', 'ignore_ament_install']
[0.168s] Level 1:colcon.colcon_core.package_identification:_identify(src/Lslidar_ROS2_main/lslidar_slam) by extension 'ignore'
[0.168s] Level 1:colcon.colcon_core.package_identification:_identify(src/Lslidar_ROS2_main/lslidar_slam) by extension 'ignore_ament_install'
[0.168s] Level 1:colcon.colcon_core.package_identification:_identify(src/Lslidar_ROS2_main/lslidar_slam) by extensions ['colcon_pkg']
[0.168s] Level 1:colcon.colcon_core.package_identification:_identify(src/Lslidar_ROS2_main/lslidar_slam) by extension 'colcon_pkg'
[0.168s] Level 1:colcon.colcon_core.package_identification:_identify(src/Lslidar_ROS2_main/lslidar_slam) by extensions ['colcon_meta']
[0.168s] Level 1:colcon.colcon_core.package_identification:_identify(src/Lslidar_ROS2_main/lslidar_slam) by extension 'colcon_meta'
[0.168s] Level 1:colcon.colcon_core.package_identification:_identify(src/Lslidar_ROS2_main/lslidar_slam) by extensions ['ros']
[0.168s] Level 1:colcon.colcon_core.package_identification:_identify(src/Lslidar_ROS2_main/lslidar_slam) by extension 'ros'
[0.169s] DEBUG:colcon.colcon_core.package_identification:Package 'src/Lslidar_ROS2_main/lslidar_slam' with type 'ros.ament_python' and name 'lslidar_slam'
[0.169s] Level 1:colcon.colcon_core.package_identification:_identify(src/leo_explore) by extensions ['ignore', 'ignore_ament_install']
[0.169s] Level 1:colcon.colcon_core.package_identification:_identify(src/leo_explore) by extension 'ignore'
[0.169s] Level 1:colcon.colcon_core.package_identification:_identify(src/leo_explore) by extension 'ignore_ament_install'
[0.169s] Level 1:colcon.colcon_core.package_identification:_identify(src/leo_explore) by extensions ['colcon_pkg']
[0.169s] Level 1:colcon.colcon_core.package_identification:_identify(src/leo_explore) by extension 'colcon_pkg'
[0.169s] Level 1:colcon.colcon_core.package_identification:_identify(src/leo_explore) by extensions ['colcon_meta']
[0.169s] Level 1:colcon.colcon_core.package_identification:_identify(src/leo_explore) by extension 'colcon_meta'
[0.169s] Level 1:colcon.colcon_core.package_identification:_identify(src/leo_explore) by extensions ['ros']
[0.169s] Level 1:colcon.colcon_core.package_identification:_identify(src/leo_explore) by extension 'ros'
[0.170s] DEBUG:colcon.colcon_core.package_identification:Package 'src/leo_explore' with type 'ros.ament_python' and name 'leo_explore'
[0.170s] Level 1:colcon.colcon_core.package_identification:_identify(src/leo_navigation_tutorial) by extensions ['ignore', 'ignore_ament_install']
[0.170s] Level 1:colcon.colcon_core.package_identification:_identify(src/leo_navigation_tutorial) by extension 'ignore'
[0.170s] Level 1:colcon.colcon_core.package_identification:_identify(src/leo_navigation_tutorial) by extension 'ignore_ament_install'
[0.170s] Level 1:colcon.colcon_core.package_identification:_identify(src/leo_navigation_tutorial) by extensions ['colcon_pkg']
[0.170s] Level 1:colcon.colcon_core.package_identification:_identify(src/leo_navigation_tutorial) by extension 'colcon_pkg'
[0.170s] Level 1:colcon.colcon_core.package_identification:_identify(src/leo_navigation_tutorial) by extensions ['colcon_meta']
[0.170s] Level 1:colcon.colcon_core.package_identification:_identify(src/leo_navigation_tutorial) by extension 'colcon_meta'
[0.170s] Level 1:colcon.colcon_core.package_identification:_identify(src/leo_navigation_tutorial) by extensions ['ros']
[0.170s] Level 1:colcon.colcon_core.package_identification:_identify(src/leo_navigation_tutorial) by extension 'ros'
[0.171s] DEBUG:colcon.colcon_core.package_identification:Package 'src/leo_navigation_tutorial' with type 'ros.ament_cmake' and name 'leo_nav'
[0.171s] Level 1:colcon.colcon_core.package_identification:_identify(src/ros_basics) by extensions ['ignore', 'ignore_ament_install']
[0.171s] Level 1:colcon.colcon_core.package_identification:_identify(src/ros_basics) by extension 'ignore'
[0.171s] Level 1:colcon.colcon_core.package_identification:_identify(src/ros_basics) by extension 'ignore_ament_install'
[0.171s] Level 1:colcon.colcon_core.package_identification:_identify(src/ros_basics) by extensions ['colcon_pkg']
[0.171s] Level 1:colcon.colcon_core.package_identification:_identify(src/ros_basics) by extension 'colcon_pkg'
[0.171s] Level 1:colcon.colcon_core.package_identification:_identify(src/ros_basics) by extensions ['colcon_meta']
[0.171s] Level 1:colcon.colcon_core.package_identification:_identify(src/ros_basics) by extension 'colcon_meta'
[0.171s] Level 1:colcon.colcon_core.package_identification:_identify(src/ros_basics) by extensions ['ros']
[0.171s] Level 1:colcon.colcon_core.package_identification:_identify(src/ros_basics) by extension 'ros'
[0.172s] DEBUG:colcon.colcon_core.package_identification:Package 'src/ros_basics' with type 'ros.ament_python' and name 'ros_basics'
[0.172s] Level 1:colcon.colcon_core.package_identification:_identify(src/rplidar_ros) by extensions ['ignore', 'ignore_ament_install']
[0.172s] Level 1:colcon.colcon_core.package_identification:_identify(src/rplidar_ros) by extension 'ignore'
[0.172s] Level 1:colcon.colcon_core.package_identification:_identify(src/rplidar_ros) by extension 'ignore_ament_install'
[0.172s] Level 1:colcon.colcon_core.package_identification:_identify(src/rplidar_ros) by extensions ['colcon_pkg']
[0.172s] Level 1:colcon.colcon_core.package_identification:_identify(src/rplidar_ros) by extension 'colcon_pkg'
[0.172s] Level 1:colcon.colcon_core.package_identification:_identify(src/rplidar_ros) by extensions ['colcon_meta']
[0.172s] Level 1:colcon.colcon_core.package_identification:_identify(src/rplidar_ros) by extension 'colcon_meta'
[0.172s] Level 1:colcon.colcon_core.package_identification:_identify(src/rplidar_ros) by extensions ['ros']
[0.172s] Level 1:colcon.colcon_core.package_identification:_identify(src/rplidar_ros) by extension 'ros'
[0.173s] DEBUG:colcon.colcon_core.package_identification:Package 'src/rplidar_ros' with type 'ros.ament_cmake' and name 'rplidar_ros'
[0.173s] Level 1:colcon.colcon_core.package_discovery:discover_packages(recursive) using defaults
[0.173s] Level 1:colcon.colcon_core.package_discovery:discover_packages(ignore) discover
[0.173s] Level 1:colcon.colcon_core.package_discovery:discover_packages(ignore) using defaults
[0.173s] Level 1:colcon.colcon_core.package_discovery:discover_packages(path) discover
[0.173s] Level 1:colcon.colcon_core.package_discovery:discover_packages(path) using defaults
[0.191s] Level 1:colcon.colcon_core.package_discovery:discover_packages(prefix_path) check parameters
[0.192s] Level 1:colcon.colcon_core.package_discovery:discover_packages(prefix_path) discover
[0.192s] WARNING:colcon.colcon_ros.prefix_path.ament:The path '/home/yht/SLAM_2D_Learn/SLAM_2D_Learn/install/rplidar_ros' in the environment variable AMENT_PREFIX_PATH doesn't exist
[0.192s] WARNING:colcon.colcon_ros.prefix_path.ament:The path '/home/yht/SLAM_2D_Learn/SLAM_2D_Learn/install/ros_basics' in the environment variable AMENT_PREFIX_PATH doesn't exist
[0.192s] WARNING:colcon.colcon_ros.prefix_path.ament:The path '/home/yht/SLAM_2D_Learn/SLAM_2D_Learn/install/lslidar_slam' in the environment variable AMENT_PREFIX_PATH doesn't exist
[0.192s] WARNING:colcon.colcon_ros.prefix_path.ament:The path '/home/yht/SLAM_2D_Learn/SLAM_2D_Learn/install/lslidar_catorgrapher' in the environment variable AMENT_PREFIX_PATH doesn't exist
[0.192s] WARNING:colcon.colcon_ros.prefix_path.ament:The path '/home/yht/SLAM_2D_Learn/SLAM_2D_Learn/install/leo_simulator' in the environment variable AMENT_PREFIX_PATH doesn't exist
[0.192s] WARNING:colcon.colcon_ros.prefix_path.ament:The path '/home/yht/SLAM_2D_Learn/SLAM_2D_Learn/install/leo_nav' in the environment variable AMENT_PREFIX_PATH doesn't exist
[0.192s] WARNING:colcon.colcon_ros.prefix_path.ament:The path '/home/yht/SLAM_2D_Learn/SLAM_2D_Learn/install/leo_gz_bringup' in the environment variable AMENT_PREFIX_PATH doesn't exist
[0.193s] WARNING:colcon.colcon_ros.prefix_path.ament:The path '/home/yht/SLAM_2D_Learn/SLAM_2D_Learn/install/leo_gz_worlds' in the environment variable AMENT_PREFIX_PATH doesn't exist
[0.193s] WARNING:colcon.colcon_ros.prefix_path.ament:The path '/home/yht/SLAM_2D_Learn/SLAM_2D_Learn/install/leo_gz_plugins' in the environment variable AMENT_PREFIX_PATH doesn't exist
[0.193s] WARNING:colcon.colcon_ros.prefix_path.ament:The path '/home/yht/SLAM_2D_Learn/SLAM_2D_Learn/install/leo_explore' in the environment variable AMENT_PREFIX_PATH doesn't exist
[0.193s] WARNING:colcon.colcon_ros.prefix_path.catkin:The path '/home/yht/SLAM_2D_Learn/SLAM_2D_Learn/install/rplidar_ros' in the environment variable CMAKE_PREFIX_PATH doesn't exist
[0.193s] WARNING:colcon.colcon_ros.prefix_path.catkin:The path '/home/yht/SLAM_2D_Learn/SLAM_2D_Learn/install/leo_simulator' in the environment variable CMAKE_PREFIX_PATH doesn't exist
[0.193s] WARNING:colcon.colcon_ros.prefix_path.catkin:The path '/home/yht/SLAM_2D_Learn/SLAM_2D_Learn/install/leo_nav' in the environment variable CMAKE_PREFIX_PATH doesn't exist
[0.193s] WARNING:colcon.colcon_ros.prefix_path.catkin:The path '/home/yht/SLAM_2D_Learn/SLAM_2D_Learn/install/leo_gz_bringup' in the environment variable CMAKE_PREFIX_PATH doesn't exist
[0.193s] WARNING:colcon.colcon_ros.prefix_path.catkin:The path '/home/yht/SLAM_2D_Learn/SLAM_2D_Learn/install/leo_gz_worlds' in the environment variable CMAKE_PREFIX_PATH doesn't exist
[0.193s] WARNING:colcon.colcon_ros.prefix_path.catkin:The path '/home/yht/SLAM_2D_Learn/SLAM_2D_Learn/install/leo_gz_plugins' in the environment variable CMAKE_PREFIX_PATH doesn't exist
[0.193s] DEBUG:colcon.colcon_installed_package_information.package_discovery:Found 0 installed packages in /home/yht/SLAM_2D_Learn/SLAM_2D_Learn/install
[0.195s] DEBUG:colcon.colcon_installed_package_information.package_discovery:Found 443 installed packages in /opt/ros/jazzy
[0.196s] Level 1:colcon.colcon_core.package_discovery:discover_packages(prefix_path) using defaults
[0.246s] Level 5:colcon.colcon_core.verb:set package 'leo_explore' build argument 'cmake_args' from command line to 'None'
[0.246s] Level 5:colcon.colcon_core.verb:set package 'leo_explore' build argument 'cmake_target' from command line to 'None'
[0.246s] Level 5:colcon.colcon_core.verb:set package 'leo_explore' build argument 'cmake_target_skip_unavailable' from command line to 'False'
[0.247s] Level 5:colcon.colcon_core.verb:set package 'leo_explore' build argument 'cmake_clean_cache' from command line to 'False'
[0.247s] Level 5:colcon.colcon_core.verb:set package 'leo_explore' build argument 'cmake_clean_first' from command line to 'False'
[0.247s] Level 5:colcon.colcon_core.verb:set package 'leo_explore' build argument 'cmake_force_configure' from command line to 'False'
[0.247s] Level 5:colcon.colcon_core.verb:set package 'leo_explore' build argument 'ament_cmake_args' from command line to 'None'
[0.247s] Level 5:colcon.colcon_core.verb:set package 'leo_explore' build argument 'catkin_cmake_args' from command line to 'None'
[0.247s] Level 5:colcon.colcon_core.verb:set package 'leo_explore' build argument 'catkin_skip_building_tests' from command line to 'False'
[0.247s] DEBUG:colcon.colcon_core.verb:Building package 'leo_explore' with the following arguments: {'ament_cmake_args': None, 'build_base': '/home/yht/SLAM_2D_Learn/SLAM_2D_Learn/build/leo_explore', 'catkin_cmake_args': None, 'catkin_skip_building_tests': False, 'cmake_args': None, 'cmake_clean_cache': False, 'cmake_clean_first': False, 'cmake_force_configure': False, 'cmake_target': None, 'cmake_target_skip_unavailable': False, 'install_base': '/home/yht/SLAM_2D_Learn/SLAM_2D_Learn/install/leo_explore', 'merge_install': False, 'path': '/home/yht/SLAM_2D_Learn/SLAM_2D_Learn/src/leo_explore', 'symlink_install': False, 'test_result_base': None}
[0.247s] Level 5:colcon.colcon_core.verb:set package 'leo_nav' build argument 'cmake_args' from command line to 'None'
[0.247s] Level 5:colcon.colcon_core.verb:set package 'leo_nav' build argument 'cmake_target' from command line to 'None'
[0.247s] Level 5:colcon.colcon_core.verb:set package 'leo_nav' build argument 'cmake_target_skip_unavailable' from command line to 'False'
[0.247s] Level 5:colcon.colcon_core.verb:set package 'leo_nav' build argument 'cmake_clean_cache' from command line to 'False'
[0.247s] Level 5:colcon.colcon_core.verb:set package 'leo_nav' build argument 'cmake_clean_first' from command line to 'False'
[0.247s] Level 5:colcon.colcon_core.verb:set package 'leo_nav' build argument 'cmake_force_configure' from command line to 'False'
[0.247s] Level 5:colcon.colcon_core.verb:set package 'leo_nav' build argument 'ament_cmake_args' from command line to 'None'
[0.247s] Level 5:colcon.colcon_core.verb:set package 'leo_nav' build argument 'catkin_cmake_args' from command line to 'None'
[0.247s] Level 5:colcon.colcon_core.verb:set package 'leo_nav' build argument 'catkin_skip_building_tests' from command line to 'False'
[0.247s] DEBUG:colcon.colcon_core.verb:Building package 'leo_nav' with the following arguments: {'ament_cmake_args': None, 'build_base': '/home/yht/SLAM_2D_Learn/SLAM_2D_Learn/build/leo_nav', 'catkin_cmake_args': None, 'catkin_skip_building_tests': False, 'cmake_args': None, 'cmake_clean_cache': False, 'cmake_clean_first': False, 'cmake_force_configure': False, 'cmake_target': None, 'cmake_target_skip_unavailable': False, 'install_base': '/home/yht/SLAM_2D_Learn/SLAM_2D_Learn/install/leo_nav', 'merge_install': False, 'path': '/home/yht/SLAM_2D_Learn/SLAM_2D_Learn/src/leo_navigation_tutorial', 'symlink_install': False, 'test_result_base': None}
[0.247s] Level 5:colcon.colcon_core.verb:set package 'lslidar_catorgrapher' build argument 'cmake_args' from command line to 'None'
[0.247s] Level 5:colcon.colcon_core.verb:set package 'lslidar_catorgrapher' build argument 'cmake_target' from command line to 'None'
[0.247s] Level 5:colcon.colcon_core.verb:set package 'lslidar_catorgrapher' build argument 'cmake_target_skip_unavailable' from command line to 'False'
[0.247s] Level 5:colcon.colcon_core.verb:set package 'lslidar_catorgrapher' build argument 'cmake_clean_cache' from command line to 'False'
[0.247s] Level 5:colcon.colcon_core.verb:set package 'lslidar_catorgrapher' build argument 'cmake_clean_first' from command line to 'False'
[0.247s] Level 5:colcon.colcon_core.verb:set package 'lslidar_catorgrapher' build argument 'cmake_force_configure' from command line to 'False'
[0.247s] Level 5:colcon.colcon_core.verb:set package 'lslidar_catorgrapher' build argument 'ament_cmake_args' from command line to 'None'
[0.247s] Level 5:colcon.colcon_core.verb:set package 'lslidar_catorgrapher' build argument 'catkin_cmake_args' from command line to 'None'
[0.247s] Level 5:colcon.colcon_core.verb:set package 'lslidar_catorgrapher' build argument 'catkin_skip_building_tests' from command line to 'False'
[0.247s] DEBUG:colcon.colcon_core.verb:Building package 'lslidar_catorgrapher' with the following arguments: {'ament_cmake_args': None, 'build_base': '/home/yht/SLAM_2D_Learn/SLAM_2D_Learn/build/lslidar_catorgrapher', 'catkin_cmake_args': None, 'catkin_skip_building_tests': False, 'cmake_args': None, 'cmake_clean_cache': False, 'cmake_clean_first': False, 'cmake_force_configure': False, 'cmake_target': None, 'cmake_target_skip_unavailable': False, 'install_base': '/home/yht/SLAM_2D_Learn/SLAM_2D_Learn/install/lslidar_catorgrapher', 'merge_install': False, 'path': '/home/yht/SLAM_2D_Learn/SLAM_2D_Learn/src/Lslidar_ROS2_main/lslidar_catorgrapher', 'symlink_install': False, 'test_result_base': None}
[0.248s] Level 5:colcon.colcon_core.verb:set package 'lslidar_slam' build argument 'cmake_args' from command line to 'None'
[0.248s] Level 5:colcon.colcon_core.verb:set package 'lslidar_slam' build argument 'cmake_target' from command line to 'None'
[0.248s] Level 5:colcon.colcon_core.verb:set package 'lslidar_slam' build argument 'cmake_target_skip_unavailable' from command line to 'False'
[0.248s] Level 5:colcon.colcon_core.verb:set package 'lslidar_slam' build argument 'cmake_clean_cache' from command line to 'False'
[0.248s] Level 5:colcon.colcon_core.verb:set package 'lslidar_slam' build argument 'cmake_clean_first' from command line to 'False'
[0.248s] Level 5:colcon.colcon_core.verb:set package 'lslidar_slam' build argument 'cmake_force_configure' from command line to 'False'
[0.248s] Level 5:colcon.colcon_core.verb:set package 'lslidar_slam' build argument 'ament_cmake_args' from command line to 'None'
[0.248s] Level 5:colcon.colcon_core.verb:set package 'lslidar_slam' build argument 'catkin_cmake_args' from command line to 'None'
[0.248s] Level 5:colcon.colcon_core.verb:set package 'lslidar_slam' build argument 'catkin_skip_building_tests' from command line to 'False'
[0.248s] DEBUG:colcon.colcon_core.verb:Building package 'lslidar_slam' with the following arguments: {'ament_cmake_args': None, 'build_base': '/home/yht/SLAM_2D_Learn/SLAM_2D_Learn/build/lslidar_slam', 'catkin_cmake_args': None, 'catkin_skip_building_tests': False, 'cmake_args': None, 'cmake_clean_cache': False, 'cmake_clean_first': False, 'cmake_force_configure': False, 'cmake_target': None, 'cmake_target_skip_unavailable': False, 'install_base': '/home/yht/SLAM_2D_Learn/SLAM_2D_Learn/install/lslidar_slam', 'merge_install': False, 'path': '/home/yht/SLAM_2D_Learn/SLAM_2D_Learn/src/Lslidar_ROS2_main/lslidar_slam', 'symlink_install': False, 'test_result_base': None}
[0.248s] Level 5:colcon.colcon_core.verb:set package 'ros_basics' build argument 'cmake_args' from command line to 'None'
[0.248s] Level 5:colcon.colcon_core.verb:set package 'ros_basics' build argument 'cmake_target' from command line to 'None'
[0.248s] Level 5:colcon.colcon_core.verb:set package 'ros_basics' build argument 'cmake_target_skip_unavailable' from command line to 'False'
[0.248s] Level 5:colcon.colcon_core.verb:set package 'ros_basics' build argument 'cmake_clean_cache' from command line to 'False'
[0.248s] Level 5:colcon.colcon_core.verb:set package 'ros_basics' build argument 'cmake_clean_first' from command line to 'False'
[0.248s] Level 5:colcon.colcon_core.verb:set package 'ros_basics' build argument 'cmake_force_configure' from command line to 'False'
[0.248s] Level 5:colcon.colcon_core.verb:set package 'ros_basics' build argument 'ament_cmake_args' from command line to 'None'
[0.248s] Level 5:colcon.colcon_core.verb:set package 'ros_basics' build argument 'catkin_cmake_args' from command line to 'None'
[0.248s] Level 5:colcon.colcon_core.verb:set package 'ros_basics' build argument 'catkin_skip_building_tests' from command line to 'False'
[0.248s] DEBUG:colcon.colcon_core.verb:Building package 'ros_basics' with the following arguments: {'ament_cmake_args': None, 'build_base': '/home/yht/SLAM_2D_Learn/SLAM_2D_Learn/build/ros_basics', 'catkin_cmake_args': None, 'catkin_skip_building_tests': False, 'cmake_args': None, 'cmake_clean_cache': False, 'cmake_clean_first': False, 'cmake_force_configure': False, 'cmake_target': None, 'cmake_target_skip_unavailable': False, 'install_base': '/home/yht/SLAM_2D_Learn/SLAM_2D_Learn/install/ros_basics', 'merge_install': False, 'path': '/home/yht/SLAM_2D_Learn/SLAM_2D_Learn/src/ros_basics', 'symlink_install': False, 'test_result_base': None}
[0.248s] Level 5:colcon.colcon_core.verb:set package 'rplidar_ros' build argument 'cmake_args' from command line to 'None'
[0.248s] Level 5:colcon.colcon_core.verb:set package 'rplidar_ros' build argument 'cmake_target' from command line to 'None'
[0.248s] Level 5:colcon.colcon_core.verb:set package 'rplidar_ros' build argument 'cmake_target_skip_unavailable' from command line to 'False'
[0.248s] Level 5:colcon.colcon_core.verb:set package 'rplidar_ros' build argument 'cmake_clean_cache' from command line to 'False'
[0.248s] Level 5:colcon.colcon_core.verb:set package 'rplidar_ros' build argument 'cmake_clean_first' from command line to 'False'
[0.248s] Level 5:colcon.colcon_core.verb:set package 'rplidar_ros' build argument 'cmake_force_configure' from command line to 'False'
[0.248s] Level 5:colcon.colcon_core.verb:set package 'rplidar_ros' build argument 'ament_cmake_args' from command line to 'None'
[0.248s] Level 5:colcon.colcon_core.verb:set package 'rplidar_ros' build argument 'catkin_cmake_args' from command line to 'None'
[0.248s] Level 5:colcon.colcon_core.verb:set package 'rplidar_ros' build argument 'catkin_skip_building_tests' from command line to 'False'
[0.248s] DEBUG:colcon.colcon_core.verb:Building package 'rplidar_ros' with the following arguments: {'ament_cmake_args': None, 'build_base': '/home/yht/SLAM_2D_Learn/SLAM_2D_Learn/build/rplidar_ros', 'catkin_cmake_args': None, 'catkin_skip_building_tests': False, 'cmake_args': None, 'cmake_clean_cache': False, 'cmake_clean_first': False, 'cmake_force_configure': False, 'cmake_target': None, 'cmake_target_skip_unavailable': False, 'install_base': '/home/yht/SLAM_2D_Learn/SLAM_2D_Learn/install/rplidar_ros', 'merge_install': False, 'path': '/home/yht/SLAM_2D_Learn/SLAM_2D_Learn/src/rplidar_ros', 'symlink_install': False, 'test_result_base': None}
[0.249s] INFO:colcon.colcon_core.executor:Executing jobs using 'parallel' executor
[0.249s] DEBUG:colcon.colcon_parallel_executor.executor.parallel:run_until_complete
[0.250s] INFO:colcon.colcon_ros.task.ament_python.build:Building ROS package in '/home/yht/SLAM_2D_Learn/SLAM_2D_Learn/src/leo_explore' with build type 'ament_python'
[0.250s] Level 1:colcon.colcon_core.shell:create_environment_hook('leo_explore', 'ament_prefix_path')
[0.251s] INFO:colcon.colcon_core.plugin_system:Skipping extension 'colcon_core.shell.bat': Not used on non-Windows systems
[0.252s] INFO:colcon.colcon_core.shell:Creating environment hook '/home/yht/SLAM_2D_Learn/SLAM_2D_Learn/install/leo_explore/share/leo_explore/hook/ament_prefix_path.ps1'
[0.252s] INFO:colcon.colcon_core.shell:Creating environment descriptor '/home/yht/SLAM_2D_Learn/SLAM_2D_Learn/install/leo_explore/share/leo_explore/hook/ament_prefix_path.dsv'
[0.253s] INFO:colcon.colcon_core.shell:Creating environment hook '/home/yht/SLAM_2D_Learn/SLAM_2D_Learn/install/leo_explore/share/leo_explore/hook/ament_prefix_path.sh'
[0.253s] INFO:colcon.colcon_core.shell:Skip shell extension 'powershell' for command environment: Not usable outside of PowerShell
[0.253s] DEBUG:colcon.colcon_core.shell:Skip shell extension 'dsv' for command environment
[0.257s] INFO:colcon.colcon_ros.task.ament_cmake.build:Building ROS package in '/home/yht/SLAM_2D_Learn/SLAM_2D_Learn/src/leo_navigation_tutorial' with build type 'ament_cmake'
[0.257s] INFO:colcon.colcon_cmake.task.cmake.build:Building CMake package in '/home/yht/SLAM_2D_Learn/SLAM_2D_Learn/src/leo_navigation_tutorial'
[0.257s] INFO:colcon.colcon_core.shell:Skip shell extension 'powershell' for command environment: Not usable outside of PowerShell
[0.257s] DEBUG:colcon.colcon_core.shell:Skip shell extension 'dsv' for command environment
[0.261s] INFO:colcon.colcon_ros.task.ament_python.build:Building ROS package in '/home/yht/SLAM_2D_Learn/SLAM_2D_Learn/src/Lslidar_ROS2_main/lslidar_catorgrapher' with build type 'ament_python'
[0.261s] Level 1:colcon.colcon_core.shell:create_environment_hook('lslidar_catorgrapher', 'ament_prefix_path')
[0.262s] INFO:colcon.colcon_core.shell:Creating environment hook '/home/yht/SLAM_2D_Learn/SLAM_2D_Learn/install/lslidar_catorgrapher/share/lslidar_catorgrapher/hook/ament_prefix_path.ps1'
[0.262s] INFO:colcon.colcon_core.shell:Creating environment descriptor '/home/yht/SLAM_2D_Learn/SLAM_2D_Learn/install/lslidar_catorgrapher/share/lslidar_catorgrapher/hook/ament_prefix_path.dsv'
[0.263s] INFO:colcon.colcon_core.shell:Creating environment hook '/home/yht/SLAM_2D_Learn/SLAM_2D_Learn/install/lslidar_catorgrapher/share/lslidar_catorgrapher/hook/ament_prefix_path.sh'
[0.263s] INFO:colcon.colcon_core.shell:Skip shell extension 'powershell' for command environment: Not usable outside of PowerShell
[0.263s] DEBUG:colcon.colcon_core.shell:Skip shell extension 'dsv' for command environment
[0.267s] INFO:colcon.colcon_ros.task.ament_python.build:Building ROS package in '/home/yht/SLAM_2D_Learn/SLAM_2D_Learn/src/Lslidar_ROS2_main/lslidar_slam' with build type 'ament_python'
[0.267s] Level 1:colcon.colcon_core.shell:create_environment_hook('lslidar_slam', 'ament_prefix_path')
[0.267s] INFO:colcon.colcon_core.shell:Creating environment hook '/home/yht/SLAM_2D_Learn/SLAM_2D_Learn/install/lslidar_slam/share/lslidar_slam/hook/ament_prefix_path.ps1'
[0.268s] INFO:colcon.colcon_core.shell:Creating environment descriptor '/home/yht/SLAM_2D_Learn/SLAM_2D_Learn/install/lslidar_slam/share/lslidar_slam/hook/ament_prefix_path.dsv'
[0.268s] INFO:colcon.colcon_core.shell:Creating environment hook '/home/yht/SLAM_2D_Learn/SLAM_2D_Learn/install/lslidar_slam/share/lslidar_slam/hook/ament_prefix_path.sh'
[0.269s] INFO:colcon.colcon_core.shell:Skip shell extension 'powershell' for command environment: Not usable outside of PowerShell
[0.269s] DEBUG:colcon.colcon_core.shell:Skip shell extension 'dsv' for command environment
[0.273s] INFO:colcon.colcon_ros.task.ament_python.build:Building ROS package in '/home/yht/SLAM_2D_Learn/SLAM_2D_Learn/src/ros_basics' with build type 'ament_python'
[0.273s] Level 1:colcon.colcon_core.shell:create_environment_hook('ros_basics', 'ament_prefix_path')
[0.273s] INFO:colcon.colcon_core.shell:Creating environment hook '/home/yht/SLAM_2D_Learn/SLAM_2D_Learn/install/ros_basics/share/ros_basics/hook/ament_prefix_path.ps1'
[0.273s] INFO:colcon.colcon_core.shell:Creating environment descriptor '/home/yht/SLAM_2D_Learn/SLAM_2D_Learn/install/ros_basics/share/ros_basics/hook/ament_prefix_path.dsv'
[0.274s] INFO:colcon.colcon_core.shell:Creating environment hook '/home/yht/SLAM_2D_Learn/SLAM_2D_Learn/install/ros_basics/share/ros_basics/hook/ament_prefix_path.sh'
[0.274s] INFO:colcon.colcon_core.shell:Skip shell extension 'powershell' for command environment: Not usable outside of PowerShell
[0.274s] DEBUG:colcon.colcon_core.shell:Skip shell extension 'dsv' for command environment
[0.278s] INFO:colcon.colcon_ros.task.ament_cmake.build:Building ROS package in '/home/yht/SLAM_2D_Learn/SLAM_2D_Learn/src/rplidar_ros' with build type 'ament_cmake'
[0.278s] INFO:colcon.colcon_cmake.task.cmake.build:Building CMake package in '/home/yht/SLAM_2D_Learn/SLAM_2D_Learn/src/rplidar_ros'
[0.278s] INFO:colcon.colcon_core.shell:Skip shell extension 'powershell' for command environment: Not usable outside of PowerShell
[0.278s] DEBUG:colcon.colcon_core.shell:Skip shell extension 'dsv' for command environment
[0.502s] INFO:colcon.colcon_core.task.python.build:Building Python package in '/home/yht/SLAM_2D_Learn/SLAM_2D_Learn/src/leo_explore'
[0.502s] INFO:colcon.colcon_core.shell:Skip shell extension 'powershell' for command environment: Not usable outside of PowerShell
[0.502s] DEBUG:colcon.colcon_core.shell:Skip shell extension 'dsv' for command environment
[0.508s] DEBUG:colcon.colcon_core.event_handler.log_command:Invoking command in '/home/yht/SLAM_2D_Learn/SLAM_2D_Learn/build/leo_nav': CMAKE_PREFIX_PATH=${CMAKE_PREFIX_PATH}:/home/yht/SLAM_2D_Learn/SLAM_2D_Learn/install/ros_basics:/home/yht/SLAM_2D_Learn/SLAM_2D_Learn/install/lslidar_slam:/home/yht/SLAM_2D_Learn/SLAM_2D_Learn/install/lslidar_catorgrapher:/home/yht/SLAM_2D_Learn/SLAM_2D_Learn/install/leo_explore:/opt/ros/jazzy DEBUGINFOD_URLS=https://debuginfod.ubuntu.com /usr/bin/cmake /home/yht/SLAM_2D_Learn/SLAM_2D_Learn/src/leo_navigation_tutorial -DCMAKE_INSTALL_PREFIX=/home/yht/SLAM_2D_Learn/SLAM_2D_Learn/install/leo_nav
[0.746s] INFO:colcon.colcon_core.task.python.build:Building Python package in '/home/yht/SLAM_2D_Learn/SLAM_2D_Learn/src/Lslidar_ROS2_main/lslidar_catorgrapher'
[0.746s] INFO:colcon.colcon_core.shell:Skip shell extension 'powershell' for command environment: Not usable outside of PowerShell
[0.746s] DEBUG:colcon.colcon_core.shell:Skip shell extension 'dsv' for command environment
[0.987s] INFO:colcon.colcon_core.task.python.build:Building Python package in '/home/yht/SLAM_2D_Learn/SLAM_2D_Learn/src/Lslidar_ROS2_main/lslidar_slam'
[0.987s] INFO:colcon.colcon_core.shell:Skip shell extension 'powershell' for command environment: Not usable outside of PowerShell
[0.987s] DEBUG:colcon.colcon_core.shell:Skip shell extension 'dsv' for command environment
[1.236s] INFO:colcon.colcon_core.task.python.build:Building Python package in '/home/yht/SLAM_2D_Learn/SLAM_2D_Learn/src/ros_basics'
[1.236s] INFO:colcon.colcon_core.shell:Skip shell extension 'powershell' for command environment: Not usable outside of PowerShell
[1.236s] DEBUG:colcon.colcon_core.shell:Skip shell extension 'dsv' for command environment
[1.261s] DEBUG:colcon.colcon_core.event_handler.log_command:Invoking command in '/home/yht/SLAM_2D_Learn/SLAM_2D_Learn/build/rplidar_ros': CMAKE_PREFIX_PATH=${CMAKE_PREFIX_PATH}:/home/yht/SLAM_2D_Learn/SLAM_2D_Learn/install/ros_basics:/home/yht/SLAM_2D_Learn/SLAM_2D_Learn/install/lslidar_slam:/home/yht/SLAM_2D_Learn/SLAM_2D_Learn/install/lslidar_catorgrapher:/home/yht/SLAM_2D_Learn/SLAM_2D_Learn/install/leo_explore:/opt/ros/jazzy DEBUGINFOD_URLS=https://debuginfod.ubuntu.com /usr/bin/cmake /home/yht/SLAM_2D_Learn/SLAM_2D_Learn/src/rplidar_ros -DCMAKE_INSTALL_PREFIX=/home/yht/SLAM_2D_Learn/SLAM_2D_Learn/install/rplidar_ros
[1.810s] DEBUG:colcon.colcon_core.event_handler.log_command:Invoked command in '/home/yht/SLAM_2D_Learn/SLAM_2D_Learn/build/leo_nav' returned '0': CMAKE_PREFIX_PATH=${CMAKE_PREFIX_PATH}:/home/yht/SLAM_2D_Learn/SLAM_2D_Learn/install/ros_basics:/home/yht/SLAM_2D_Learn/SLAM_2D_Learn/install/lslidar_slam:/home/yht/SLAM_2D_Learn/SLAM_2D_Learn/install/lslidar_catorgrapher:/home/yht/SLAM_2D_Learn/SLAM_2D_Learn/install/leo_explore:/opt/ros/jazzy DEBUGINFOD_URLS=https://debuginfod.ubuntu.com /usr/bin/cmake /home/yht/SLAM_2D_Learn/SLAM_2D_Learn/src/leo_navigation_tutorial -DCMAKE_INSTALL_PREFIX=/home/yht/SLAM_2D_Learn/SLAM_2D_Learn/install/leo_nav
[1.812s] DEBUG:colcon.colcon_core.event_handler.log_command:Invoking command in '/home/yht/SLAM_2D_Learn/SLAM_2D_Learn/build/leo_nav': CMAKE_PREFIX_PATH=${CMAKE_PREFIX_PATH}:/home/yht/SLAM_2D_Learn/SLAM_2D_Learn/install/ros_basics:/home/yht/SLAM_2D_Learn/SLAM_2D_Learn/install/lslidar_slam:/home/yht/SLAM_2D_Learn/SLAM_2D_Learn/install/lslidar_catorgrapher:/home/yht/SLAM_2D_Learn/SLAM_2D_Learn/install/leo_explore:/opt/ros/jazzy DEBUGINFOD_URLS=https://debuginfod.ubuntu.com /usr/bin/cmake --build /home/yht/SLAM_2D_Learn/SLAM_2D_Learn/build/leo_nav -- -j32 -l32
[1.869s] DEBUG:colcon.colcon_core.event_handler.log_command:Invoked command in '/home/yht/SLAM_2D_Learn/SLAM_2D_Learn/build/leo_nav' returned '0': CMAKE_PREFIX_PATH=${CMAKE_PREFIX_PATH}:/home/yht/SLAM_2D_Learn/SLAM_2D_Learn/install/ros_basics:/home/yht/SLAM_2D_Learn/SLAM_2D_Learn/install/lslidar_slam:/home/yht/SLAM_2D_Learn/SLAM_2D_Learn/install/lslidar_catorgrapher:/home/yht/SLAM_2D_Learn/SLAM_2D_Learn/install/leo_explore:/opt/ros/jazzy DEBUGINFOD_URLS=https://debuginfod.ubuntu.com /usr/bin/cmake --build /home/yht/SLAM_2D_Learn/SLAM_2D_Learn/build/leo_nav -- -j32 -l32
[1.887s] DEBUG:colcon.colcon_core.event_handler.log_command:Invoking command in '/home/yht/SLAM_2D_Learn/SLAM_2D_Learn/build/leo_nav': CMAKE_PREFIX_PATH=${CMAKE_PREFIX_PATH}:/home/yht/SLAM_2D_Learn/SLAM_2D_Learn/install/ros_basics:/home/yht/SLAM_2D_Learn/SLAM_2D_Learn/install/lslidar_slam:/home/yht/SLAM_2D_Learn/SLAM_2D_Learn/install/lslidar_catorgrapher:/home/yht/SLAM_2D_Learn/SLAM_2D_Learn/install/leo_explore:/opt/ros/jazzy DEBUGINFOD_URLS=https://debuginfod.ubuntu.com /usr/bin/cmake --install /home/yht/SLAM_2D_Learn/SLAM_2D_Learn/build/leo_nav
[1.908s] Level 1:colcon.colcon_core.environment:create_environment_scripts_only(leo_nav)
[1.909s] DEBUG:colcon.colcon_core.event_handler.log_command:Invoked command in '/home/yht/SLAM_2D_Learn/SLAM_2D_Learn/build/leo_nav' returned '0': CMAKE_PREFIX_PATH=${CMAKE_PREFIX_PATH}:/home/yht/SLAM_2D_Learn/SLAM_2D_Learn/install/ros_basics:/home/yht/SLAM_2D_Learn/SLAM_2D_Learn/install/lslidar_slam:/home/yht/SLAM_2D_Learn/SLAM_2D_Learn/install/lslidar_catorgrapher:/home/yht/SLAM_2D_Learn/SLAM_2D_Learn/install/leo_explore:/opt/ros/jazzy DEBUGINFOD_URLS=https://debuginfod.ubuntu.com /usr/bin/cmake --install /home/yht/SLAM_2D_Learn/SLAM_2D_Learn/build/leo_nav
[1.911s] Level 1:colcon.colcon_core.environment:checking '/home/yht/SLAM_2D_Learn/SLAM_2D_Learn/install/leo_nav' for CMake module files
[1.911s] Level 1:colcon.colcon_core.environment:checking '/home/yht/SLAM_2D_Learn/SLAM_2D_Learn/install/leo_nav' for CMake config files
[1.912s] Level 1:colcon.colcon_core.shell:create_environment_hook('leo_nav', 'cmake_prefix_path')
[1.912s] INFO:colcon.colcon_core.shell:Creating environment hook '/home/yht/SLAM_2D_Learn/SLAM_2D_Learn/install/leo_nav/share/leo_nav/hook/cmake_prefix_path.ps1'
[1.912s] INFO:colcon.colcon_core.shell:Creating environment descriptor '/home/yht/SLAM_2D_Learn/SLAM_2D_Learn/install/leo_nav/share/leo_nav/hook/cmake_prefix_path.dsv'
[1.913s] INFO:colcon.colcon_core.shell:Creating environment hook '/home/yht/SLAM_2D_Learn/SLAM_2D_Learn/install/leo_nav/share/leo_nav/hook/cmake_prefix_path.sh'
[1.913s] Level 1:colcon.colcon_core.environment:checking '/home/yht/SLAM_2D_Learn/SLAM_2D_Learn/install/leo_nav/bin'
[1.913s] Level 1:colcon.colcon_core.environment:checking '/home/yht/SLAM_2D_Learn/SLAM_2D_Learn/install/leo_nav/lib/pkgconfig/leo_nav.pc'
[1.914s] Level 1:colcon.colcon_core.environment:checking '/home/yht/SLAM_2D_Learn/SLAM_2D_Learn/install/leo_nav/lib/python3.12/site-packages'
[1.914s] Level 1:colcon.colcon_core.environment:checking '/home/yht/SLAM_2D_Learn/SLAM_2D_Learn/install/leo_nav/bin'
[1.914s] INFO:colcon.colcon_core.shell:Creating package script '/home/yht/SLAM_2D_Learn/SLAM_2D_Learn/install/leo_nav/share/leo_nav/package.ps1'
[1.915s] INFO:colcon.colcon_core.shell:Creating package descriptor '/home/yht/SLAM_2D_Learn/SLAM_2D_Learn/install/leo_nav/share/leo_nav/package.dsv'
[1.916s] INFO:colcon.colcon_core.shell:Creating package script '/home/yht/SLAM_2D_Learn/SLAM_2D_Learn/install/leo_nav/share/leo_nav/package.sh'
[1.916s] INFO:colcon.colcon_core.shell:Creating package script '/home/yht/SLAM_2D_Learn/SLAM_2D_Learn/install/leo_nav/share/leo_nav/package.bash'
[1.917s] INFO:colcon.colcon_core.shell:Creating package script '/home/yht/SLAM_2D_Learn/SLAM_2D_Learn/install/leo_nav/share/leo_nav/package.zsh'
[1.917s] Level 1:colcon.colcon_core.environment:create_file_with_runtime_dependencies(/home/yht/SLAM_2D_Learn/SLAM_2D_Learn/install/leo_nav/share/colcon-core/packages/leo_nav)
[1.918s] Level 1:colcon.colcon_core.environment:create_environment_scripts_only(leo_nav)
[1.918s] Level 1:colcon.colcon_core.environment:checking '/home/yht/SLAM_2D_Learn/SLAM_2D_Learn/install/leo_nav' for CMake module files
[1.918s] Level 1:colcon.colcon_core.environment:checking '/home/yht/SLAM_2D_Learn/SLAM_2D_Learn/install/leo_nav' for CMake config files
[1.918s] Level 1:colcon.colcon_core.shell:create_environment_hook('leo_nav', 'cmake_prefix_path')
[1.919s] INFO:colcon.colcon_core.shell:Creating environment hook '/home/yht/SLAM_2D_Learn/SLAM_2D_Learn/install/leo_nav/share/leo_nav/hook/cmake_prefix_path.ps1'
[1.919s] INFO:colcon.colcon_core.shell:Creating environment descriptor '/home/yht/SLAM_2D_Learn/SLAM_2D_Learn/install/leo_nav/share/leo_nav/hook/cmake_prefix_path.dsv'
[1.919s] INFO:colcon.colcon_core.shell:Creating environment hook '/home/yht/SLAM_2D_Learn/SLAM_2D_Learn/install/leo_nav/share/leo_nav/hook/cmake_prefix_path.sh'
[1.920s] Level 1:colcon.colcon_core.environment:checking '/home/yht/SLAM_2D_Learn/SLAM_2D_Learn/install/leo_nav/bin'
[1.920s] Level 1:colcon.colcon_core.environment:checking '/home/yht/SLAM_2D_Learn/SLAM_2D_Learn/install/leo_nav/lib/pkgconfig/leo_nav.pc'
[1.920s] Level 1:colcon.colcon_core.environment:checking '/home/yht/SLAM_2D_Learn/SLAM_2D_Learn/install/leo_nav/lib/python3.12/site-packages'
[1.920s] Level 1:colcon.colcon_core.environment:checking '/home/yht/SLAM_2D_Learn/SLAM_2D_Learn/install/leo_nav/bin'
[1.921s] INFO:colcon.colcon_core.shell:Creating package script '/home/yht/SLAM_2D_Learn/SLAM_2D_Learn/install/leo_nav/share/leo_nav/package.ps1'
[1.921s] INFO:colcon.colcon_core.shell:Creating package descriptor '/home/yht/SLAM_2D_Learn/SLAM_2D_Learn/install/leo_nav/share/leo_nav/package.dsv'
[1.922s] INFO:colcon.colcon_core.shell:Creating package script '/home/yht/SLAM_2D_Learn/SLAM_2D_Learn/install/leo_nav/share/leo_nav/package.sh'
[1.922s] INFO:colcon.colcon_core.shell:Creating package script '/home/yht/SLAM_2D_Learn/SLAM_2D_Learn/install/leo_nav/share/leo_nav/package.bash'
[1.922s] INFO:colcon.colcon_core.shell:Creating package script '/home/yht/SLAM_2D_Learn/SLAM_2D_Learn/install/leo_nav/share/leo_nav/package.zsh'
[1.923s] Level 1:colcon.colcon_core.environment:create_file_with_runtime_dependencies(/home/yht/SLAM_2D_Learn/SLAM_2D_Learn/install/leo_nav/share/colcon-core/packages/leo_nav)
[1.927s] DEBUG:colcon.colcon_core.event_handler.log_command:Invoking command in '/home/yht/SLAM_2D_Learn/SLAM_2D_Learn/src/leo_explore': DEBUGINFOD_URLS=https://debuginfod.ubuntu.com PYTHONPATH=/home/yht/SLAM_2D_Learn/SLAM_2D_Learn/build/leo_explore/prefix_override:/usr/lib/python3/dist-packages/colcon_core/task/python/colcon_distutils_commands:/home/yht/SLAM_2D_Learn/SLAM_2D_Learn/install/leo_explore/lib/python3.12/site-packages:${PYTHONPATH} /usr/bin/python3 -W ignore:setup.py install is deprecated -W ignore:easy_install command is deprecated setup.py egg_info --egg-base ../../build/leo_explore build --build-base /home/yht/SLAM_2D_Learn/SLAM_2D_Learn/build/leo_explore/build install --record /home/yht/SLAM_2D_Learn/SLAM_2D_Learn/build/leo_explore/install.log --single-version-externally-managed install_data
[1.929s] DEBUG:colcon.colcon_core.event_handler.log_command:Invoking command in '/home/yht/SLAM_2D_Learn/SLAM_2D_Learn/src/ros_basics': DEBUGINFOD_URLS=https://debuginfod.ubuntu.com PYTHONPATH=/home/yht/SLAM_2D_Learn/SLAM_2D_Learn/build/ros_basics/prefix_override:/usr/lib/python3/dist-packages/colcon_core/task/python/colcon_distutils_commands:/home/yht/SLAM_2D_Learn/SLAM_2D_Learn/install/ros_basics/lib/python3.12/site-packages:${PYTHONPATH} /usr/bin/python3 -W ignore:setup.py install is deprecated -W ignore:easy_install command is deprecated setup.py egg_info --egg-base ../../build/ros_basics build --build-base /home/yht/SLAM_2D_Learn/SLAM_2D_Learn/build/ros_basics/build install --record /home/yht/SLAM_2D_Learn/SLAM_2D_Learn/build/ros_basics/install.log --single-version-externally-managed install_data
[1.931s] DEBUG:colcon.colcon_core.event_handler.log_command:Invoking command in '/home/yht/SLAM_2D_Learn/SLAM_2D_Learn/src/Lslidar_ROS2_main/lslidar_slam': DEBUGINFOD_URLS=https://debuginfod.ubuntu.com PYTHONPATH=/home/yht/SLAM_2D_Learn/SLAM_2D_Learn/build/lslidar_slam/prefix_override:/usr/lib/python3/dist-packages/colcon_core/task/python/colcon_distutils_commands:/home/yht/SLAM_2D_Learn/SLAM_2D_Learn/install/lslidar_slam/lib/python3.12/site-packages:${PYTHONPATH} /usr/bin/python3 -W ignore:setup.py install is deprecated -W ignore:easy_install command is deprecated setup.py egg_info --egg-base ../../../build/lslidar_slam build --build-base /home/yht/SLAM_2D_Learn/SLAM_2D_Learn/build/lslidar_slam/build install --record /home/yht/SLAM_2D_Learn/SLAM_2D_Learn/build/lslidar_slam/install.log --single-version-externally-managed install_data
[1.933s] DEBUG:colcon.colcon_core.event_handler.log_command:Invoking command in '/home/yht/SLAM_2D_Learn/SLAM_2D_Learn/src/Lslidar_ROS2_main/lslidar_catorgrapher': DEBUGINFOD_URLS=https://debuginfod.ubuntu.com PYTHONPATH=/home/yht/SLAM_2D_Learn/SLAM_2D_Learn/build/lslidar_catorgrapher/prefix_override:/usr/lib/python3/dist-packages/colcon_core/task/python/colcon_distutils_commands:/home/yht/SLAM_2D_Learn/SLAM_2D_Learn/install/lslidar_catorgrapher/lib/python3.12/site-packages:${PYTHONPATH} /usr/bin/python3 -W ignore:setup.py install is deprecated -W ignore:easy_install command is deprecated setup.py egg_info --egg-base ../../../build/lslidar_catorgrapher build --build-base /home/yht/SLAM_2D_Learn/SLAM_2D_Learn/build/lslidar_catorgrapher/build install --record /home/yht/SLAM_2D_Learn/SLAM_2D_Learn/build/lslidar_catorgrapher/install.log --single-version-externally-managed install_data
[2.528s] Level 1:colcon.colcon_core.environment:checking '/home/yht/SLAM_2D_Learn/SLAM_2D_Learn/install/lslidar_slam' for CMake module files
[2.530s] DEBUG:colcon.colcon_core.event_handler.log_command:Invoked command in '/home/yht/SLAM_2D_Learn/SLAM_2D_Learn/src/Lslidar_ROS2_main/lslidar_slam' returned '0': DEBUGINFOD_URLS=https://debuginfod.ubuntu.com PYTHONPATH=/home/yht/SLAM_2D_Learn/SLAM_2D_Learn/build/lslidar_slam/prefix_override:/usr/lib/python3/dist-packages/colcon_core/task/python/colcon_distutils_commands:/home/yht/SLAM_2D_Learn/SLAM_2D_Learn/install/lslidar_slam/lib/python3.12/site-packages:${PYTHONPATH} /usr/bin/python3 -W ignore:setup.py install is deprecated -W ignore:easy_install command is deprecated setup.py egg_info --egg-base ../../../build/lslidar_slam build --build-base /home/yht/SLAM_2D_Learn/SLAM_2D_Learn/build/lslidar_slam/build install --record /home/yht/SLAM_2D_Learn/SLAM_2D_Learn/build/lslidar_slam/install.log --single-version-externally-managed install_data
[2.530s] Level 1:colcon.colcon_core.environment:checking '/home/yht/SLAM_2D_Learn/SLAM_2D_Learn/install/lslidar_slam' for CMake config files
[2.531s] Level 1:colcon.colcon_core.environment:checking '/home/yht/SLAM_2D_Learn/SLAM_2D_Learn/install/lslidar_slam/lib'
[2.531s] Level 1:colcon.colcon_core.environment:checking '/home/yht/SLAM_2D_Learn/SLAM_2D_Learn/install/lslidar_slam/bin'
[2.531s] Level 1:colcon.colcon_core.environment:checking '/home/yht/SLAM_2D_Learn/SLAM_2D_Learn/install/lslidar_slam/lib/pkgconfig/lslidar_slam.pc'
[2.532s] Level 1:colcon.colcon_core.environment:checking '/home/yht/SLAM_2D_Learn/SLAM_2D_Learn/install/lslidar_slam/lib/python3.12/site-packages'
[2.532s] Level 1:colcon.colcon_core.shell:create_environment_hook('lslidar_slam', 'pythonpath')
[2.532s] INFO:colcon.colcon_core.shell:Creating environment hook '/home/yht/SLAM_2D_Learn/SLAM_2D_Learn/install/lslidar_slam/share/lslidar_slam/hook/pythonpath.ps1'
[2.533s] INFO:colcon.colcon_core.shell:Creating environment descriptor '/home/yht/SLAM_2D_Learn/SLAM_2D_Learn/install/lslidar_slam/share/lslidar_slam/hook/pythonpath.dsv'
[2.533s] INFO:colcon.colcon_core.shell:Creating environment hook '/home/yht/SLAM_2D_Learn/SLAM_2D_Learn/install/lslidar_slam/share/lslidar_slam/hook/pythonpath.sh'
[2.535s] Level 1:colcon.colcon_core.environment:checking '/home/yht/SLAM_2D_Learn/SLAM_2D_Learn/install/lslidar_slam/bin'
[2.535s] Level 1:colcon.colcon_core.environment:create_environment_scripts_only(lslidar_slam)
[2.535s] INFO:colcon.colcon_core.shell:Creating package script '/home/yht/SLAM_2D_Learn/SLAM_2D_Learn/install/lslidar_slam/share/lslidar_slam/package.ps1'
[2.536s] INFO:colcon.colcon_core.shell:Creating package descriptor '/home/yht/SLAM_2D_Learn/SLAM_2D_Learn/install/lslidar_slam/share/lslidar_slam/package.dsv'
[2.536s] INFO:colcon.colcon_core.shell:Creating package script '/home/yht/SLAM_2D_Learn/SLAM_2D_Learn/install/lslidar_slam/share/lslidar_slam/package.sh'
[2.537s] INFO:colcon.colcon_core.shell:Creating package script '/home/yht/SLAM_2D_Learn/SLAM_2D_Learn/install/lslidar_slam/share/lslidar_slam/package.bash'
[2.537s] INFO:colcon.colcon_core.shell:Creating package script '/home/yht/SLAM_2D_Learn/SLAM_2D_Learn/install/lslidar_slam/share/lslidar_slam/package.zsh'
[2.538s] Level 1:colcon.colcon_core.environment:create_file_with_runtime_dependencies(/home/yht/SLAM_2D_Learn/SLAM_2D_Learn/install/lslidar_slam/share/colcon-core/packages/lslidar_slam)
[2.538s] Level 1:colcon.colcon_core.environment:checking '/home/yht/SLAM_2D_Learn/SLAM_2D_Learn/install/lslidar_catorgrapher' for CMake module files
[2.540s] DEBUG:colcon.colcon_core.event_handler.log_command:Invoked command in '/home/yht/SLAM_2D_Learn/SLAM_2D_Learn/src/Lslidar_ROS2_main/lslidar_catorgrapher' returned '0': DEBUGINFOD_URLS=https://debuginfod.ubuntu.com PYTHONPATH=/home/yht/SLAM_2D_Learn/SLAM_2D_Learn/build/lslidar_catorgrapher/prefix_override:/usr/lib/python3/dist-packages/colcon_core/task/python/colcon_distutils_commands:/home/yht/SLAM_2D_Learn/SLAM_2D_Learn/install/lslidar_catorgrapher/lib/python3.12/site-packages:${PYTHONPATH} /usr/bin/python3 -W ignore:setup.py install is deprecated -W ignore:easy_install command is deprecated setup.py egg_info --egg-base ../../../build/lslidar_catorgrapher build --build-base /home/yht/SLAM_2D_Learn/SLAM_2D_Learn/build/lslidar_catorgrapher/build install --record /home/yht/SLAM_2D_Learn/SLAM_2D_Learn/build/lslidar_catorgrapher/install.log --single-version-externally-managed install_data
[2.540s] Level 1:colcon.colcon_core.environment:checking '/home/yht/SLAM_2D_Learn/SLAM_2D_Learn/install/lslidar_catorgrapher' for CMake config files
[2.541s] Level 1:colcon.colcon_core.environment:checking '/home/yht/SLAM_2D_Learn/SLAM_2D_Learn/install/lslidar_catorgrapher/lib'
[2.541s] Level 1:colcon.colcon_core.environment:checking '/home/yht/SLAM_2D_Learn/SLAM_2D_Learn/install/lslidar_catorgrapher/bin'
[2.541s] Level 1:colcon.colcon_core.environment:checking '/home/yht/SLAM_2D_Learn/SLAM_2D_Learn/install/lslidar_catorgrapher/lib/pkgconfig/lslidar_catorgrapher.pc'
[2.542s] Level 1:colcon.colcon_core.environment:checking '/home/yht/SLAM_2D_Learn/SLAM_2D_Learn/install/lslidar_catorgrapher/lib/python3.12/site-packages'
[2.542s] Level 1:colcon.colcon_core.shell:create_environment_hook('lslidar_catorgrapher', 'pythonpath')
[2.542s] INFO:colcon.colcon_core.shell:Creating environment hook '/home/yht/SLAM_2D_Learn/SLAM_2D_Learn/install/lslidar_catorgrapher/share/lslidar_catorgrapher/hook/pythonpath.ps1'
[2.542s] INFO:colcon.colcon_core.shell:Creating environment descriptor '/home/yht/SLAM_2D_Learn/SLAM_2D_Learn/install/lslidar_catorgrapher/share/lslidar_catorgrapher/hook/pythonpath.dsv'
[2.542s] INFO:colcon.colcon_core.shell:Creating environment hook '/home/yht/SLAM_2D_Learn/SLAM_2D_Learn/install/lslidar_catorgrapher/share/lslidar_catorgrapher/hook/pythonpath.sh'
[2.543s] Level 1:colcon.colcon_core.environment:checking '/home/yht/SLAM_2D_Learn/SLAM_2D_Learn/install/lslidar_catorgrapher/bin'
[2.543s] Level 1:colcon.colcon_core.environment:create_environment_scripts_only(lslidar_catorgrapher)
[2.543s] INFO:colcon.colcon_core.shell:Creating package script '/home/yht/SLAM_2D_Learn/SLAM_2D_Learn/install/lslidar_catorgrapher/share/lslidar_catorgrapher/package.ps1'
[2.544s] INFO:colcon.colcon_core.shell:Creating package descriptor '/home/yht/SLAM_2D_Learn/SLAM_2D_Learn/install/lslidar_catorgrapher/share/lslidar_catorgrapher/package.dsv'
[2.544s] INFO:colcon.colcon_core.shell:Creating package script '/home/yht/SLAM_2D_Learn/SLAM_2D_Learn/install/lslidar_catorgrapher/share/lslidar_catorgrapher/package.sh'
[2.545s] INFO:colcon.colcon_core.shell:Creating package script '/home/yht/SLAM_2D_Learn/SLAM_2D_Learn/install/lslidar_catorgrapher/share/lslidar_catorgrapher/package.bash'
[2.545s] INFO:colcon.colcon_core.shell:Creating package script '/home/yht/SLAM_2D_Learn/SLAM_2D_Learn/install/lslidar_catorgrapher/share/lslidar_catorgrapher/package.zsh'
[2.545s] Level 1:colcon.colcon_core.environment:create_file_with_runtime_dependencies(/home/yht/SLAM_2D_Learn/SLAM_2D_Learn/install/lslidar_catorgrapher/share/colcon-core/packages/lslidar_catorgrapher)
[2.547s] Level 1:colcon.colcon_core.environment:checking '/home/yht/SLAM_2D_Learn/SLAM_2D_Learn/install/leo_explore' for CMake module files
[2.547s] DEBUG:colcon.colcon_core.event_handler.log_command:Invoked command in '/home/yht/SLAM_2D_Learn/SLAM_2D_Learn/src/leo_explore' returned '0': DEBUGINFOD_URLS=https://debuginfod.ubuntu.com PYTHONPATH=/home/yht/SLAM_2D_Learn/SLAM_2D_Learn/build/leo_explore/prefix_override:/usr/lib/python3/dist-packages/colcon_core/task/python/colcon_distutils_commands:/home/yht/SLAM_2D_Learn/SLAM_2D_Learn/install/leo_explore/lib/python3.12/site-packages:${PYTHONPATH} /usr/bin/python3 -W ignore:setup.py install is deprecated -W ignore:easy_install command is deprecated setup.py egg_info --egg-base ../../build/leo_explore build --build-base /home/yht/SLAM_2D_Learn/SLAM_2D_Learn/build/leo_explore/build install --record /home/yht/SLAM_2D_Learn/SLAM_2D_Learn/build/leo_explore/install.log --single-version-externally-managed install_data
[2.548s] Level 1:colcon.colcon_core.environment:checking '/home/yht/SLAM_2D_Learn/SLAM_2D_Learn/install/leo_explore' for CMake config files
[2.548s] Level 1:colcon.colcon_core.environment:checking '/home/yht/SLAM_2D_Learn/SLAM_2D_Learn/install/leo_explore/lib'
[2.549s] Level 1:colcon.colcon_core.environment:checking '/home/yht/SLAM_2D_Learn/SLAM_2D_Learn/install/leo_explore/bin'
[2.549s] Level 1:colcon.colcon_core.environment:checking '/home/yht/SLAM_2D_Learn/SLAM_2D_Learn/install/leo_explore/lib/pkgconfig/leo_explore.pc'
[2.549s] Level 1:colcon.colcon_core.environment:checking '/home/yht/SLAM_2D_Learn/SLAM_2D_Learn/install/leo_explore/lib/python3.12/site-packages'
[2.549s] Level 1:colcon.colcon_core.shell:create_environment_hook('leo_explore', 'pythonpath')
[2.549s] INFO:colcon.colcon_core.shell:Creating environment hook '/home/yht/SLAM_2D_Learn/SLAM_2D_Learn/install/leo_explore/share/leo_explore/hook/pythonpath.ps1'
[2.550s] INFO:colcon.colcon_core.shell:Creating environment descriptor '/home/yht/SLAM_2D_Learn/SLAM_2D_Learn/install/leo_explore/share/leo_explore/hook/pythonpath.dsv'
[2.550s] INFO:colcon.colcon_core.shell:Creating environment hook '/home/yht/SLAM_2D_Learn/SLAM_2D_Learn/install/leo_explore/share/leo_explore/hook/pythonpath.sh'
[2.550s] Level 1:colcon.colcon_core.environment:checking '/home/yht/SLAM_2D_Learn/SLAM_2D_Learn/install/leo_explore/bin'
[2.551s] Level 1:colcon.colcon_core.environment:create_environment_scripts_only(leo_explore)
[2.551s] INFO:colcon.colcon_core.shell:Creating package script '/home/yht/SLAM_2D_Learn/SLAM_2D_Learn/install/leo_explore/share/leo_explore/package.ps1'
[2.551s] INFO:colcon.colcon_core.shell:Creating package descriptor '/home/yht/SLAM_2D_Learn/SLAM_2D_Learn/install/leo_explore/share/leo_explore/package.dsv'
[2.552s] INFO:colcon.colcon_core.shell:Creating package script '/home/yht/SLAM_2D_Learn/SLAM_2D_Learn/install/leo_explore/share/leo_explore/package.sh'
[2.552s] INFO:colcon.colcon_core.shell:Creating package script '/home/yht/SLAM_2D_Learn/SLAM_2D_Learn/install/leo_explore/share/leo_explore/package.bash'
[2.552s] INFO:colcon.colcon_core.shell:Creating package script '/home/yht/SLAM_2D_Learn/SLAM_2D_Learn/install/leo_explore/share/leo_explore/package.zsh'
[2.552s] Level 1:colcon.colcon_core.environment:create_file_with_runtime_dependencies(/home/yht/SLAM_2D_Learn/SLAM_2D_Learn/install/leo_explore/share/colcon-core/packages/leo_explore)
[2.553s] Level 1:colcon.colcon_core.environment:checking '/home/yht/SLAM_2D_Learn/SLAM_2D_Learn/install/ros_basics' for CMake module files
[2.554s] Level 1:colcon.colcon_core.environment:checking '/home/yht/SLAM_2D_Learn/SLAM_2D_Learn/install/ros_basics' for CMake config files
[2.554s] DEBUG:colcon.colcon_core.event_handler.log_command:Invoked command in '/home/yht/SLAM_2D_Learn/SLAM_2D_Learn/src/ros_basics' returned '0': DEBUGINFOD_URLS=https://debuginfod.ubuntu.com PYTHONPATH=/home/yht/SLAM_2D_Learn/SLAM_2D_Learn/build/ros_basics/prefix_override:/usr/lib/python3/dist-packages/colcon_core/task/python/colcon_distutils_commands:/home/yht/SLAM_2D_Learn/SLAM_2D_Learn/install/ros_basics/lib/python3.12/site-packages:${PYTHONPATH} /usr/bin/python3 -W ignore:setup.py install is deprecated -W ignore:easy_install command is deprecated setup.py egg_info --egg-base ../../build/ros_basics build --build-base /home/yht/SLAM_2D_Learn/SLAM_2D_Learn/build/ros_basics/build install --record /home/yht/SLAM_2D_Learn/SLAM_2D_Learn/build/ros_basics/install.log --single-version-externally-managed install_data
[2.554s] Level 1:colcon.colcon_core.environment:checking '/home/yht/SLAM_2D_Learn/SLAM_2D_Learn/install/ros_basics/lib'
[2.554s] Level 1:colcon.colcon_core.environment:checking '/home/yht/SLAM_2D_Learn/SLAM_2D_Learn/install/ros_basics/bin'
[2.555s] Level 1:colcon.colcon_core.environment:checking '/home/yht/SLAM_2D_Learn/SLAM_2D_Learn/install/ros_basics/lib/pkgconfig/ros_basics.pc'
[2.555s] Level 1:colcon.colcon_core.environment:checking '/home/yht/SLAM_2D_Learn/SLAM_2D_Learn/install/ros_basics/lib/python3.12/site-packages'
[2.555s] Level 1:colcon.colcon_core.shell:create_environment_hook('ros_basics', 'pythonpath')
[2.555s] INFO:colcon.colcon_core.shell:Creating environment hook '/home/yht/SLAM_2D_Learn/SLAM_2D_Learn/install/ros_basics/share/ros_basics/hook/pythonpath.ps1'
[2.555s] INFO:colcon.colcon_core.shell:Creating environment descriptor '/home/yht/SLAM_2D_Learn/SLAM_2D_Learn/install/ros_basics/share/ros_basics/hook/pythonpath.dsv'
[2.556s] INFO:colcon.colcon_core.shell:Creating environment hook '/home/yht/SLAM_2D_Learn/SLAM_2D_Learn/install/ros_basics/share/ros_basics/hook/pythonpath.sh'
[2.556s] Level 1:colcon.colcon_core.environment:checking '/home/yht/SLAM_2D_Learn/SLAM_2D_Learn/install/ros_basics/bin'
[2.557s] Level 1:colcon.colcon_core.environment:create_environment_scripts_only(ros_basics)
[2.557s] INFO:colcon.colcon_core.shell:Creating package script '/home/yht/SLAM_2D_Learn/SLAM_2D_Learn/install/ros_basics/share/ros_basics/package.ps1'
[2.557s] INFO:colcon.colcon_core.shell:Creating package descriptor '/home/yht/SLAM_2D_Learn/SLAM_2D_Learn/install/ros_basics/share/ros_basics/package.dsv'
[2.558s] INFO:colcon.colcon_core.shell:Creating package script '/home/yht/SLAM_2D_Learn/SLAM_2D_Learn/install/ros_basics/share/ros_basics/package.sh'
[2.558s] INFO:colcon.colcon_core.shell:Creating package script '/home/yht/SLAM_2D_Learn/SLAM_2D_Learn/install/ros_basics/share/ros_basics/package.bash'
[2.558s] INFO:colcon.colcon_core.shell:Creating package script '/home/yht/SLAM_2D_Learn/SLAM_2D_Learn/install/ros_basics/share/ros_basics/package.zsh'
[2.559s] Level 1:colcon.colcon_core.environment:create_file_with_runtime_dependencies(/home/yht/SLAM_2D_Learn/SLAM_2D_Learn/install/ros_basics/share/colcon-core/packages/ros_basics)
[3.052s] DEBUG:colcon.colcon_core.event_handler.log_command:Invoked command in '/home/yht/SLAM_2D_Learn/SLAM_2D_Learn/build/rplidar_ros' returned '0': CMAKE_PREFIX_PATH=${CMAKE_PREFIX_PATH}:/home/yht/SLAM_2D_Learn/SLAM_2D_Learn/install/ros_basics:/home/yht/SLAM_2D_Learn/SLAM_2D_Learn/install/lslidar_slam:/home/yht/SLAM_2D_Learn/SLAM_2D_Learn/install/lslidar_catorgrapher:/home/yht/SLAM_2D_Learn/SLAM_2D_Learn/install/leo_explore:/opt/ros/jazzy DEBUGINFOD_URLS=https://debuginfod.ubuntu.com /usr/bin/cmake /home/yht/SLAM_2D_Learn/SLAM_2D_Learn/src/rplidar_ros -DCMAKE_INSTALL_PREFIX=/home/yht/SLAM_2D_Learn/SLAM_2D_Learn/install/rplidar_ros
[3.052s] DEBUG:colcon.colcon_core.event_handler.log_command:Invoking command in '/home/yht/SLAM_2D_Learn/SLAM_2D_Learn/build/rplidar_ros': CMAKE_PREFIX_PATH=${CMAKE_PREFIX_PATH}:/home/yht/SLAM_2D_Learn/SLAM_2D_Learn/install/ros_basics:/home/yht/SLAM_2D_Learn/SLAM_2D_Learn/install/lslidar_slam:/home/yht/SLAM_2D_Learn/SLAM_2D_Learn/install/lslidar_catorgrapher:/home/yht/SLAM_2D_Learn/SLAM_2D_Learn/install/leo_explore:/opt/ros/jazzy DEBUGINFOD_URLS=https://debuginfod.ubuntu.com /usr/bin/cmake --build /home/yht/SLAM_2D_Learn/SLAM_2D_Learn/build/rplidar_ros -- -j32 -l32
[11.473s] DEBUG:colcon.colcon_core.event_handler.log_command:Invoked command in '/home/yht/SLAM_2D_Learn/SLAM_2D_Learn/build/rplidar_ros' returned '0': CMAKE_PREFIX_PATH=${CMAKE_PREFIX_PATH}:/home/yht/SLAM_2D_Learn/SLAM_2D_Learn/install/ros_basics:/home/yht/SLAM_2D_Learn/SLAM_2D_Learn/install/lslidar_slam:/home/yht/SLAM_2D_Learn/SLAM_2D_Learn/install/lslidar_catorgrapher:/home/yht/SLAM_2D_Learn/SLAM_2D_Learn/install/leo_explore:/opt/ros/jazzy DEBUGINFOD_URLS=https://debuginfod.ubuntu.com /usr/bin/cmake --build /home/yht/SLAM_2D_Learn/SLAM_2D_Learn/build/rplidar_ros -- -j32 -l32
[11.477s] DEBUG:colcon.colcon_core.event_handler.log_command:Invoking command in '/home/yht/SLAM_2D_Learn/SLAM_2D_Learn/build/rplidar_ros': CMAKE_PREFIX_PATH=${CMAKE_PREFIX_PATH}:/home/yht/SLAM_2D_Learn/SLAM_2D_Learn/install/ros_basics:/home/yht/SLAM_2D_Learn/SLAM_2D_Learn/install/lslidar_slam:/home/yht/SLAM_2D_Learn/SLAM_2D_Learn/install/lslidar_catorgrapher:/home/yht/SLAM_2D_Learn/SLAM_2D_Learn/install/leo_explore:/opt/ros/jazzy DEBUGINFOD_URLS=https://debuginfod.ubuntu.com /usr/bin/cmake --install /home/yht/SLAM_2D_Learn/SLAM_2D_Learn/build/rplidar_ros
[11.536s] Level 1:colcon.colcon_core.environment:create_environment_scripts_only(rplidar_ros)
[11.536s] Level 1:colcon.colcon_core.environment:checking '/home/yht/SLAM_2D_Learn/SLAM_2D_Learn/install/rplidar_ros' for CMake module files
[11.538s] DEBUG:colcon.colcon_core.event_handler.log_command:Invoked command in '/home/yht/SLAM_2D_Learn/SLAM_2D_Learn/build/rplidar_ros' returned '0': CMAKE_PREFIX_PATH=${CMAKE_PREFIX_PATH}:/home/yht/SLAM_2D_Learn/SLAM_2D_Learn/install/ros_basics:/home/yht/SLAM_2D_Learn/SLAM_2D_Learn/install/lslidar_slam:/home/yht/SLAM_2D_Learn/SLAM_2D_Learn/install/lslidar_catorgrapher:/home/yht/SLAM_2D_Learn/SLAM_2D_Learn/install/leo_explore:/opt/ros/jazzy DEBUGINFOD_URLS=https://debuginfod.ubuntu.com /usr/bin/cmake --install /home/yht/SLAM_2D_Learn/SLAM_2D_Learn/build/rplidar_ros
[11.539s] Level 1:colcon.colcon_core.environment:checking '/home/yht/SLAM_2D_Learn/SLAM_2D_Learn/install/rplidar_ros' for CMake config files
[11.539s] Level 1:colcon.colcon_core.shell:create_environment_hook('rplidar_ros', 'cmake_prefix_path')
[11.540s] INFO:colcon.colcon_core.shell:Creating environment hook '/home/yht/SLAM_2D_Learn/SLAM_2D_Learn/install/rplidar_ros/share/rplidar_ros/hook/cmake_prefix_path.ps1'
[11.542s] INFO:colcon.colcon_core.shell:Creating environment descriptor '/home/yht/SLAM_2D_Learn/SLAM_2D_Learn/install/rplidar_ros/share/rplidar_ros/hook/cmake_prefix_path.dsv'
[11.542s] INFO:colcon.colcon_core.shell:Creating environment hook '/home/yht/SLAM_2D_Learn/SLAM_2D_Learn/install/rplidar_ros/share/rplidar_ros/hook/cmake_prefix_path.sh'
[11.544s] Level 1:colcon.colcon_core.environment:checking '/home/yht/SLAM_2D_Learn/SLAM_2D_Learn/install/rplidar_ros/lib'
[11.545s] Level 1:colcon.colcon_core.environment:checking '/home/yht/SLAM_2D_Learn/SLAM_2D_Learn/install/rplidar_ros/bin'
[11.545s] Level 1:colcon.colcon_core.environment:checking '/home/yht/SLAM_2D_Learn/SLAM_2D_Learn/install/rplidar_ros/lib/pkgconfig/rplidar_ros.pc'
[11.546s] Level 1:colcon.colcon_core.environment:checking '/home/yht/SLAM_2D_Learn/SLAM_2D_Learn/install/rplidar_ros/lib/python3.12/site-packages'
[11.547s] Level 1:colcon.colcon_core.environment:checking '/home/yht/SLAM_2D_Learn/SLAM_2D_Learn/install/rplidar_ros/bin'
[11.547s] INFO:colcon.colcon_core.shell:Creating package script '/home/yht/SLAM_2D_Learn/SLAM_2D_Learn/install/rplidar_ros/share/rplidar_ros/package.ps1'
[11.549s] INFO:colcon.colcon_core.shell:Creating package descriptor '/home/yht/SLAM_2D_Learn/SLAM_2D_Learn/install/rplidar_ros/share/rplidar_ros/package.dsv'
[11.550s] INFO:colcon.colcon_core.shell:Creating package script '/home/yht/SLAM_2D_Learn/SLAM_2D_Learn/install/rplidar_ros/share/rplidar_ros/package.sh'
[11.551s] INFO:colcon.colcon_core.shell:Creating package script '/home/yht/SLAM_2D_Learn/SLAM_2D_Learn/install/rplidar_ros/share/rplidar_ros/package.bash'
[11.551s] INFO:colcon.colcon_core.shell:Creating package script '/home/yht/SLAM_2D_Learn/SLAM_2D_Learn/install/rplidar_ros/share/rplidar_ros/package.zsh'
[11.552s] Level 1:colcon.colcon_core.environment:create_file_with_runtime_dependencies(/home/yht/SLAM_2D_Learn/SLAM_2D_Learn/install/rplidar_ros/share/colcon-core/packages/rplidar_ros)
[11.553s] Level 1:colcon.colcon_core.environment:create_environment_scripts_only(rplidar_ros)
[11.553s] Level 1:colcon.colcon_core.environment:checking '/home/yht/SLAM_2D_Learn/SLAM_2D_Learn/install/rplidar_ros' for CMake module files
[11.555s] Level 1:colcon.colcon_core.environment:checking '/home/yht/SLAM_2D_Learn/SLAM_2D_Learn/install/rplidar_ros' for CMake config files
[11.555s] Level 1:colcon.colcon_core.shell:create_environment_hook('rplidar_ros', 'cmake_prefix_path')
[11.555s] INFO:colcon.colcon_core.shell:Creating environment hook '/home/yht/SLAM_2D_Learn/SLAM_2D_Learn/install/rplidar_ros/share/rplidar_ros/hook/cmake_prefix_path.ps1'
[11.556s] INFO:colcon.colcon_core.shell:Creating environment descriptor '/home/yht/SLAM_2D_Learn/SLAM_2D_Learn/install/rplidar_ros/share/rplidar_ros/hook/cmake_prefix_path.dsv'
[11.557s] INFO:colcon.colcon_core.shell:Creating environment hook '/home/yht/SLAM_2D_Learn/SLAM_2D_Learn/install/rplidar_ros/share/rplidar_ros/hook/cmake_prefix_path.sh'
[11.558s] Level 1:colcon.colcon_core.environment:checking '/home/yht/SLAM_2D_Learn/SLAM_2D_Learn/install/rplidar_ros/lib'
[11.558s] Level 1:colcon.colcon_core.environment:checking '/home/yht/SLAM_2D_Learn/SLAM_2D_Learn/install/rplidar_ros/bin'
[11.558s] Level 1:colcon.colcon_core.environment:checking '/home/yht/SLAM_2D_Learn/SLAM_2D_Learn/install/rplidar_ros/lib/pkgconfig/rplidar_ros.pc'
[11.559s] Level 1:colcon.colcon_core.environment:checking '/home/yht/SLAM_2D_Learn/SLAM_2D_Learn/install/rplidar_ros/lib/python3.12/site-packages'
[11.560s] Level 1:colcon.colcon_core.environment:checking '/home/yht/SLAM_2D_Learn/SLAM_2D_Learn/install/rplidar_ros/bin'
[11.560s] INFO:colcon.colcon_core.shell:Creating package script '/home/yht/SLAM_2D_Learn/SLAM_2D_Learn/install/rplidar_ros/share/rplidar_ros/package.ps1'
[11.562s] INFO:colcon.colcon_core.shell:Creating package descriptor '/home/yht/SLAM_2D_Learn/SLAM_2D_Learn/install/rplidar_ros/share/rplidar_ros/package.dsv'
[11.563s] INFO:colcon.colcon_core.shell:Creating package script '/home/yht/SLAM_2D_Learn/SLAM_2D_Learn/install/rplidar_ros/share/rplidar_ros/package.sh'
[11.563s] INFO:colcon.colcon_core.shell:Creating package script '/home/yht/SLAM_2D_Learn/SLAM_2D_Learn/install/rplidar_ros/share/rplidar_ros/package.bash'
[11.564s] INFO:colcon.colcon_core.shell:Creating package script '/home/yht/SLAM_2D_Learn/SLAM_2D_Learn/install/rplidar_ros/share/rplidar_ros/package.zsh'
[11.565s] Level 1:colcon.colcon_core.environment:create_file_with_runtime_dependencies(/home/yht/SLAM_2D_Learn/SLAM_2D_Learn/install/rplidar_ros/share/colcon-core/packages/rplidar_ros)
[11.566s] DEBUG:colcon.colcon_parallel_executor.executor.parallel:closing loop
[11.566s] DEBUG:colcon.colcon_parallel_executor.executor.parallel:loop closed
[11.567s] DEBUG:colcon.colcon_parallel_executor.executor.parallel:run_until_complete finished with '0'
[11.567s] DEBUG:colcon.colcon_core.event_reactor:joining thread
[11.595s] INFO:colcon.colcon_core.plugin_system:Skipping extension 'colcon_notification.desktop_notification.terminal_notifier': Not used on non-Darwin systems
[11.595s] INFO:colcon.colcon_core.plugin_system:Skipping extension 'colcon_notification.desktop_notification.win32': Not used on non-Windows systems
[11.595s] INFO:colcon.colcon_notification.desktop_notification:Sending desktop notification using 'notify2'
[11.635s] DEBUG:colcon.colcon_core.event_reactor:joined thread
[11.636s] INFO:colcon.colcon_core.shell:Creating prefix script '/home/yht/SLAM_2D_Learn/SLAM_2D_Learn/install/local_setup.ps1'
[11.638s] INFO:colcon.colcon_core.shell:Creating prefix util module '/home/yht/SLAM_2D_Learn/SLAM_2D_Learn/install/_local_setup_util_ps1.py'
[11.640s] INFO:colcon.colcon_core.shell:Creating prefix chain script '/home/yht/SLAM_2D_Learn/SLAM_2D_Learn/install/setup.ps1'
[11.642s] INFO:colcon.colcon_core.shell:Creating prefix script '/home/yht/SLAM_2D_Learn/SLAM_2D_Learn/install/local_setup.sh'
[11.643s] INFO:colcon.colcon_core.shell:Creating prefix util module '/home/yht/SLAM_2D_Learn/SLAM_2D_Learn/install/_local_setup_util_sh.py'
[11.644s] INFO:colcon.colcon_core.shell:Creating prefix chain script '/home/yht/SLAM_2D_Learn/SLAM_2D_Learn/install/setup.sh'
[11.647s] INFO:colcon.colcon_core.shell:Creating prefix script '/home/yht/SLAM_2D_Learn/SLAM_2D_Learn/install/local_setup.bash'
[11.647s] INFO:colcon.colcon_core.shell:Creating prefix chain script '/home/yht/SLAM_2D_Learn/SLAM_2D_Learn/install/setup.bash'
[11.649s] INFO:colcon.colcon_core.shell:Creating prefix script '/home/yht/SLAM_2D_Learn/SLAM_2D_Learn/install/local_setup.zsh'
[11.650s] INFO:colcon.colcon_core.shell:Creating prefix chain script '/home/yht/SLAM_2D_Learn/SLAM_2D_Learn/install/setup.zsh'
