/home/yht/SLAM_2D_Learn/SLAM_2D_Learn/install/lslidar_catorgrapher/lib/python3.12/site-packages/lslidar_catorgrapher/check_block.py
/home/yht/SLAM_2D_Learn/SLAM_2D_Learn/install/lslidar_catorgrapher/lib/python3.12/site-packages/lslidar_catorgrapher/read_map_pos.py
/home/yht/SLAM_2D_Learn/SLAM_2D_Learn/install/lslidar_catorgrapher/lib/python3.12/site-packages/lslidar_catorgrapher/__init__.py
/home/yht/SLAM_2D_Learn/SLAM_2D_Learn/install/lslidar_catorgrapher/lib/python3.12/site-packages/lslidar_catorgrapher/__pycache__/check_block.cpython-312.pyc
/home/yht/SLAM_2D_Learn/SLAM_2D_Learn/install/lslidar_catorgrapher/lib/python3.12/site-packages/lslidar_catorgrapher/__pycache__/read_map_pos.cpython-312.pyc
/home/yht/SLAM_2D_Learn/SLAM_2D_Learn/install/lslidar_catorgrapher/lib/python3.12/site-packages/lslidar_catorgrapher/__pycache__/__init__.cpython-312.pyc
/home/yht/SLAM_2D_Learn/SLAM_2D_Learn/install/lslidar_catorgrapher/share/ament_index/resource_index/packages/lslidar_catorgrapher
/home/yht/SLAM_2D_Learn/SLAM_2D_Learn/install/lslidar_catorgrapher/share/lslidar_catorgrapher/package.xml
/home/yht/SLAM_2D_Learn/SLAM_2D_Learn/install/lslidar_catorgrapher/share/lslidar_catorgrapher/launch/catorgrapher_calc.py
/home/yht/SLAM_2D_Learn/SLAM_2D_Learn/install/lslidar_catorgrapher/share/lslidar_catorgrapher/launch/catorgrapher_launch.py
/home/yht/SLAM_2D_Learn/SLAM_2D_Learn/install/lslidar_catorgrapher/share/lslidar_catorgrapher/launch/catorgrapher_rviz.py
/home/yht/SLAM_2D_Learn/SLAM_2D_Learn/install/lslidar_catorgrapher/share/lslidar_catorgrapher/config/catorgrapher_rviz.rviz
/home/yht/SLAM_2D_Learn/SLAM_2D_Learn/install/lslidar_catorgrapher/share/lslidar_catorgrapher/config/catorgrapher_config.lua
/home/yht/SLAM_2D_Learn/SLAM_2D_Learn/install/lslidar_catorgrapher/share/lslidar_catorgrapher/config/catorgrapher_urdf.urdf
/home/yht/SLAM_2D_Learn/SLAM_2D_Learn/install/lslidar_catorgrapher/lib/python3.12/site-packages/lslidar_catorgrapher-0.0.0-py3.12.egg-info/dependency_links.txt
/home/yht/SLAM_2D_Learn/SLAM_2D_Learn/install/lslidar_catorgrapher/lib/python3.12/site-packages/lslidar_catorgrapher-0.0.0-py3.12.egg-info/PKG-INFO
/home/yht/SLAM_2D_Learn/SLAM_2D_Learn/install/lslidar_catorgrapher/lib/python3.12/site-packages/lslidar_catorgrapher-0.0.0-py3.12.egg-info/SOURCES.txt
/home/yht/SLAM_2D_Learn/SLAM_2D_Learn/install/lslidar_catorgrapher/lib/python3.12/site-packages/lslidar_catorgrapher-0.0.0-py3.12.egg-info/zip-safe
/home/yht/SLAM_2D_Learn/SLAM_2D_Learn/install/lslidar_catorgrapher/lib/python3.12/site-packages/lslidar_catorgrapher-0.0.0-py3.12.egg-info/top_level.txt
/home/yht/SLAM_2D_Learn/SLAM_2D_Learn/install/lslidar_catorgrapher/lib/python3.12/site-packages/lslidar_catorgrapher-0.0.0-py3.12.egg-info/requires.txt
