running egg_info
creating ../../build/ros_basics/ros_basics.egg-info
writing ../../build/ros_basics/ros_basics.egg-info/PKG-INFO
writing dependency_links to ../../build/ros_basics/ros_basics.egg-info/dependency_links.txt
writing entry points to ../../build/ros_basics/ros_basics.egg-info/entry_points.txt
writing requirements to ../../build/ros_basics/ros_basics.egg-info/requires.txt
writing top-level names to ../../build/ros_basics/ros_basics.egg-info/top_level.txt
writing manifest file '../../build/ros_basics/ros_basics.egg-info/SOURCES.txt'
reading manifest file '../../build/ros_basics/ros_basics.egg-info/SOURCES.txt'
writing manifest file '../../build/ros_basics/ros_basics.egg-info/SOURCES.txt'
running build
running build_py
creating /home/yht/SLAM_2D_Learn/SLAM_2D_Learn/build/ros_basics/build
creating /home/yht/SLAM_2D_Learn/SLAM_2D_Learn/build/ros_basics/build/lib
creating /home/yht/SLAM_2D_Learn/SLAM_2D_Learn/build/ros_basics/build/lib/ros_basics
copying ros_basics/__init__.py -> /home/yht/SLAM_2D_Learn/SLAM_2D_Learn/build/ros_basics/build/lib/ros_basics
copying ros_basics/move_robot.py -> /home/yht/SLAM_2D_Learn/SLAM_2D_Learn/build/ros_basics/build/lib/ros_basics
running install
running install_lib
creating /home/yht/SLAM_2D_Learn/SLAM_2D_Learn/install/ros_basics/lib/python3.12/site-packages/ros_basics
copying /home/yht/SLAM_2D_Learn/SLAM_2D_Learn/build/ros_basics/build/lib/ros_basics/__init__.py -> /home/yht/SLAM_2D_Learn/SLAM_2D_Learn/install/ros_basics/lib/python3.12/site-packages/ros_basics
copying /home/yht/SLAM_2D_Learn/SLAM_2D_Learn/build/ros_basics/build/lib/ros_basics/move_robot.py -> /home/yht/SLAM_2D_Learn/SLAM_2D_Learn/install/ros_basics/lib/python3.12/site-packages/ros_basics
byte-compiling /home/yht/SLAM_2D_Learn/SLAM_2D_Learn/install/ros_basics/lib/python3.12/site-packages/ros_basics/__init__.py to __init__.cpython-312.pyc
byte-compiling /home/yht/SLAM_2D_Learn/SLAM_2D_Learn/install/ros_basics/lib/python3.12/site-packages/ros_basics/move_robot.py to move_robot.cpython-312.pyc
running install_data
creating /home/yht/SLAM_2D_Learn/SLAM_2D_Learn/install/ros_basics/share/ament_index
creating /home/yht/SLAM_2D_Learn/SLAM_2D_Learn/install/ros_basics/share/ament_index/resource_index
creating /home/yht/SLAM_2D_Learn/SLAM_2D_Learn/install/ros_basics/share/ament_index/resource_index/packages
copying resource/ros_basics -> /home/yht/SLAM_2D_Learn/SLAM_2D_Learn/install/ros_basics/share/ament_index/resource_index/packages
copying package.xml -> /home/yht/SLAM_2D_Learn/SLAM_2D_Learn/install/ros_basics/share/ros_basics
creating /home/yht/SLAM_2D_Learn/SLAM_2D_Learn/install/ros_basics/share/ros_basics/launch
copying launch/robot_move.launch.py -> /home/yht/SLAM_2D_Learn/SLAM_2D_Learn/install/ros_basics/share/ros_basics/launch
creating /home/yht/SLAM_2D_Learn/SLAM_2D_Learn/install/ros_basics/share/ros_basics/rviz
running install_egg_info
Copying ../../build/ros_basics/ros_basics.egg-info to /home/yht/SLAM_2D_Learn/SLAM_2D_Learn/install/ros_basics/lib/python3.12/site-packages/ros_basics-0.0.0-py3.12.egg-info
running install_scripts
Installing move_robot_node script to /home/yht/SLAM_2D_Learn/SLAM_2D_Learn/install/ros_basics/lib/ros_basics
writing list of installed files to '/home/yht/SLAM_2D_Learn/SLAM_2D_Learn/build/ros_basics/install.log'
