[1.655s] Invoking command in '/home/yht/SLAM_2D_Learn/SLAM_2D_Learn/src/ros_basics': DEBUGINFOD_URLS=https://debuginfod.ubuntu.com PYTHONPATH=/home/yht/SLAM_2D_Learn/SLAM_2D_Learn/build/ros_basics/prefix_override:/usr/lib/python3/dist-packages/colcon_core/task/python/colcon_distutils_commands:/home/yht/SLAM_2D_Learn/SLAM_2D_Learn/install/ros_basics/lib/python3.12/site-packages:${PYTHONPATH} /usr/bin/python3 -W ignore:setup.py install is deprecated -W ignore:easy_install command is deprecated setup.py egg_info --egg-base ../../build/ros_basics build --build-base /home/yht/SLAM_2D_Learn/SLAM_2D_Learn/build/ros_basics/build install --record /home/yht/SLAM_2D_Learn/SLAM_2D_Learn/build/ros_basics/install.log --single-version-externally-managed install_data
[1.962s] running egg_info
[1.963s] creating ../../build/ros_basics/ros_basics.egg-info
[1.984s] writing ../../build/ros_basics/ros_basics.egg-info/PKG-INFO
[1.984s] writing dependency_links to ../../build/ros_basics/ros_basics.egg-info/dependency_links.txt
[1.984s] writing entry points to ../../build/ros_basics/ros_basics.egg-info/entry_points.txt
[1.984s] writing requirements to ../../build/ros_basics/ros_basics.egg-info/requires.txt
[1.984s] writing top-level names to ../../build/ros_basics/ros_basics.egg-info/top_level.txt
[1.984s] writing manifest file '../../build/ros_basics/ros_basics.egg-info/SOURCES.txt'
[2.028s] reading manifest file '../../build/ros_basics/ros_basics.egg-info/SOURCES.txt'
[2.028s] writing manifest file '../../build/ros_basics/ros_basics.egg-info/SOURCES.txt'
[2.029s] running build
[2.029s] running build_py
[2.029s] creating /home/yht/SLAM_2D_Learn/SLAM_2D_Learn/build/ros_basics/build
[2.029s] creating /home/yht/SLAM_2D_Learn/SLAM_2D_Learn/build/ros_basics/build/lib
[2.029s] creating /home/yht/SLAM_2D_Learn/SLAM_2D_Learn/build/ros_basics/build/lib/ros_basics
[2.029s] copying ros_basics/__init__.py -> /home/yht/SLAM_2D_Learn/SLAM_2D_Learn/build/ros_basics/build/lib/ros_basics
[2.029s] copying ros_basics/move_robot.py -> /home/yht/SLAM_2D_Learn/SLAM_2D_Learn/build/ros_basics/build/lib/ros_basics
[2.029s] running install
[2.037s] running install_lib
[2.058s] creating /home/yht/SLAM_2D_Learn/SLAM_2D_Learn/install/ros_basics/lib/python3.12/site-packages/ros_basics
[2.058s] copying /home/yht/SLAM_2D_Learn/SLAM_2D_Learn/build/ros_basics/build/lib/ros_basics/__init__.py -> /home/yht/SLAM_2D_Learn/SLAM_2D_Learn/install/ros_basics/lib/python3.12/site-packages/ros_basics
[2.058s] copying /home/yht/SLAM_2D_Learn/SLAM_2D_Learn/build/ros_basics/build/lib/ros_basics/move_robot.py -> /home/yht/SLAM_2D_Learn/SLAM_2D_Learn/install/ros_basics/lib/python3.12/site-packages/ros_basics
[2.059s] byte-compiling /home/yht/SLAM_2D_Learn/SLAM_2D_Learn/install/ros_basics/lib/python3.12/site-packages/ros_basics/__init__.py to __init__.cpython-312.pyc
[2.059s] byte-compiling /home/yht/SLAM_2D_Learn/SLAM_2D_Learn/install/ros_basics/lib/python3.12/site-packages/ros_basics/move_robot.py to move_robot.cpython-312.pyc
[2.060s] running install_data
[2.060s] creating /home/yht/SLAM_2D_Learn/SLAM_2D_Learn/install/ros_basics/share/ament_index
[2.060s] creating /home/yht/SLAM_2D_Learn/SLAM_2D_Learn/install/ros_basics/share/ament_index/resource_index
[2.060s] creating /home/yht/SLAM_2D_Learn/SLAM_2D_Learn/install/ros_basics/share/ament_index/resource_index/packages
[2.060s] copying resource/ros_basics -> /home/yht/SLAM_2D_Learn/SLAM_2D_Learn/install/ros_basics/share/ament_index/resource_index/packages
[2.060s] copying package.xml -> /home/yht/SLAM_2D_Learn/SLAM_2D_Learn/install/ros_basics/share/ros_basics
[2.060s] creating /home/yht/SLAM_2D_Learn/SLAM_2D_Learn/install/ros_basics/share/ros_basics/launch
[2.060s] copying launch/robot_move.launch.py -> /home/yht/SLAM_2D_Learn/SLAM_2D_Learn/install/ros_basics/share/ros_basics/launch
[2.061s] creating /home/yht/SLAM_2D_Learn/SLAM_2D_Learn/install/ros_basics/share/ros_basics/rviz
[2.061s] running install_egg_info
[2.084s] Copying ../../build/ros_basics/ros_basics.egg-info to /home/yht/SLAM_2D_Learn/SLAM_2D_Learn/install/ros_basics/lib/python3.12/site-packages/ros_basics-0.0.0-py3.12.egg-info
[2.085s] running install_scripts
[2.231s] Installing move_robot_node script to /home/yht/SLAM_2D_Learn/SLAM_2D_Learn/install/ros_basics/lib/ros_basics
[2.231s] writing list of installed files to '/home/yht/SLAM_2D_Learn/SLAM_2D_Learn/build/ros_basics/install.log'
[2.281s] Invoked command in '/home/yht/SLAM_2D_Learn/SLAM_2D_Learn/src/ros_basics' returned '0': DEBUGINFOD_URLS=https://debuginfod.ubuntu.com PYTHONPATH=/home/yht/SLAM_2D_Learn/SLAM_2D_Learn/build/ros_basics/prefix_override:/usr/lib/python3/dist-packages/colcon_core/task/python/colcon_distutils_commands:/home/yht/SLAM_2D_Learn/SLAM_2D_Learn/install/ros_basics/lib/python3.12/site-packages:${PYTHONPATH} /usr/bin/python3 -W ignore:setup.py install is deprecated -W ignore:easy_install command is deprecated setup.py egg_info --egg-base ../../build/ros_basics build --build-base /home/yht/SLAM_2D_Learn/SLAM_2D_Learn/build/ros_basics/build install --record /home/yht/SLAM_2D_Learn/SLAM_2D_Learn/build/ros_basics/install.log --single-version-externally-managed install_data
