[0.105s] DEBUG:colcon:Command line arguments: ['/usr/bin/colcon', 'build']
[0.105s] DEBUG:colcon:Parsed command line arguments: Namespace(log_base=None, log_level=None, verb_name='build', build_base='build', install_base='install', merge_install=False, symlink_install=False, test_result_base=None, continue_on_error=False, executor='parallel', parallel_workers=32, event_handlers=None, ignore_user_meta=False, metas=['./colcon.meta'], base_paths=['.'], packages_ignore=None, packages_ignore_regex=None, paths=None, packages_up_to=None, packages_up_to_regex=None, packages_above=None, packages_above_and_dependencies=None, packages_above_depth=None, packages_select_by_dep=None, packages_skip_by_dep=None, packages_skip_up_to=None, packages_select_build_failed=False, packages_skip_build_finished=False, packages_select_test_failures=False, packages_skip_test_passed=False, packages_select=None, packages_skip=None, packages_select_regex=None, packages_skip_regex=None, packages_start=None, packages_end=None, allow_overriding=[], cmake_args=None, cmake_target=None, cmake_target_skip_unavailable=False, cmake_clean_cache=False, cmake_clean_first=False, cmake_force_configure=False, ament_cmake_args=None, catkin_cmake_args=None, catkin_skip_building_tests=False, mixin_files=None, mixin=None, verb_parser=<colcon_mixin.mixin.mixin_argument.MixinArgumentDecorator object at 0x735a471aa0c0>, verb_extension=<colcon_core.verb.build.BuildVerb object at 0x735a4714c4d0>, main=<bound method BuildVerb.main of <colcon_core.verb.build.BuildVerb object at 0x735a4714c4d0>>, mixin_verb=('build',))
[0.142s] Level 1:colcon.colcon_core.package_discovery:discover_packages(colcon_meta) check parameters
[0.143s] Level 1:colcon.colcon_core.package_discovery:discover_packages(recursive) check parameters
[0.143s] Level 1:colcon.colcon_core.package_discovery:discover_packages(ignore) check parameters
[0.143s] Level 1:colcon.colcon_core.package_discovery:discover_packages(path) check parameters
[0.143s] Level 1:colcon.colcon_core.package_discovery:discover_packages(colcon_meta) discover
[0.143s] Level 1:colcon.colcon_core.package_discovery:discover_packages(recursive) discover
[0.143s] INFO:colcon.colcon_core.package_discovery:Crawling recursively for packages in '/home/yht/SLAM_2D_Learn/SLAM_2D_Learn'
[0.143s] Level 1:colcon.colcon_core.package_identification:_identify(.) by extensions ['ignore', 'ignore_ament_install']
[0.143s] Level 1:colcon.colcon_core.package_identification:_identify(.) by extension 'ignore'
[0.143s] Level 1:colcon.colcon_core.package_identification:_identify(.) by extension 'ignore_ament_install'
[0.143s] Level 1:colcon.colcon_core.package_identification:_identify(.) by extensions ['colcon_pkg']
[0.143s] Level 1:colcon.colcon_core.package_identification:_identify(.) by extension 'colcon_pkg'
[0.143s] Level 1:colcon.colcon_core.package_identification:_identify(.) by extensions ['colcon_meta']
[0.143s] Level 1:colcon.colcon_core.package_identification:_identify(.) by extension 'colcon_meta'
[0.143s] Level 1:colcon.colcon_core.package_identification:_identify(.) by extensions ['ros']
[0.143s] Level 1:colcon.colcon_core.package_identification:_identify(.) by extension 'ros'
[0.169s] Level 1:colcon.colcon_core.package_identification:_identify(.) by extensions ['cmake', 'python']
[0.169s] Level 1:colcon.colcon_core.package_identification:_identify(.) by extension 'cmake'
[0.170s] Level 1:colcon.colcon_core.package_identification:_identify(.) by extension 'python'
[0.170s] Level 1:colcon.colcon_core.package_identification:_identify(.) by extensions ['python_setup_py']
[0.170s] Level 1:colcon.colcon_core.package_identification:_identify(.) by extension 'python_setup_py'
[0.170s] Level 1:colcon.colcon_core.package_identification:_identify(build) by extensions ['ignore', 'ignore_ament_install']
[0.170s] Level 1:colcon.colcon_core.package_identification:_identify(build) by extension 'ignore'
[0.170s] Level 1:colcon.colcon_core.package_identification:_identify(build) ignored
[0.170s] Level 1:colcon.colcon_core.package_identification:_identify(install) by extensions ['ignore', 'ignore_ament_install']
[0.170s] Level 1:colcon.colcon_core.package_identification:_identify(install) by extension 'ignore'
[0.170s] Level 1:colcon.colcon_core.package_identification:_identify(install) ignored
[0.170s] Level 1:colcon.colcon_core.package_identification:_identify(log) by extensions ['ignore', 'ignore_ament_install']
[0.170s] Level 1:colcon.colcon_core.package_identification:_identify(log) by extension 'ignore'
[0.170s] Level 1:colcon.colcon_core.package_identification:_identify(log) ignored
[0.170s] Level 1:colcon.colcon_core.package_identification:_identify(src) by extensions ['ignore', 'ignore_ament_install']
[0.170s] Level 1:colcon.colcon_core.package_identification:_identify(src) by extension 'ignore'
[0.170s] Level 1:colcon.colcon_core.package_identification:_identify(src) by extension 'ignore_ament_install'
[0.170s] Level 1:colcon.colcon_core.package_identification:_identify(src) by extensions ['colcon_pkg']
[0.171s] Level 1:colcon.colcon_core.package_identification:_identify(src) by extension 'colcon_pkg'
[0.171s] Level 1:colcon.colcon_core.package_identification:_identify(src) by extensions ['colcon_meta']
[0.171s] Level 1:colcon.colcon_core.package_identification:_identify(src) by extension 'colcon_meta'
[0.171s] Level 1:colcon.colcon_core.package_identification:_identify(src) by extensions ['ros']
[0.171s] Level 1:colcon.colcon_core.package_identification:_identify(src) by extension 'ros'
[0.171s] Level 1:colcon.colcon_core.package_identification:_identify(src) by extensions ['cmake', 'python']
[0.171s] Level 1:colcon.colcon_core.package_identification:_identify(src) by extension 'cmake'
[0.171s] Level 1:colcon.colcon_core.package_identification:_identify(src) by extension 'python'
[0.171s] Level 1:colcon.colcon_core.package_identification:_identify(src) by extensions ['python_setup_py']
[0.171s] Level 1:colcon.colcon_core.package_identification:_identify(src) by extension 'python_setup_py'
[0.171s] Level 1:colcon.colcon_core.package_identification:_identify(src/Lslidar_ROS2_main) by extensions ['ignore', 'ignore_ament_install']
[0.171s] Level 1:colcon.colcon_core.package_identification:_identify(src/Lslidar_ROS2_main) by extension 'ignore'
[0.171s] Level 1:colcon.colcon_core.package_identification:_identify(src/Lslidar_ROS2_main) by extension 'ignore_ament_install'
[0.171s] Level 1:colcon.colcon_core.package_identification:_identify(src/Lslidar_ROS2_main) by extensions ['colcon_pkg']
[0.171s] Level 1:colcon.colcon_core.package_identification:_identify(src/Lslidar_ROS2_main) by extension 'colcon_pkg'
[0.171s] Level 1:colcon.colcon_core.package_identification:_identify(src/Lslidar_ROS2_main) by extensions ['colcon_meta']
[0.171s] Level 1:colcon.colcon_core.package_identification:_identify(src/Lslidar_ROS2_main) by extension 'colcon_meta'
[0.171s] Level 1:colcon.colcon_core.package_identification:_identify(src/Lslidar_ROS2_main) by extensions ['ros']
[0.171s] Level 1:colcon.colcon_core.package_identification:_identify(src/Lslidar_ROS2_main) by extension 'ros'
[0.171s] Level 1:colcon.colcon_core.package_identification:_identify(src/Lslidar_ROS2_main) by extensions ['cmake', 'python']
[0.171s] Level 1:colcon.colcon_core.package_identification:_identify(src/Lslidar_ROS2_main) by extension 'cmake'
[0.171s] Level 1:colcon.colcon_core.package_identification:_identify(src/Lslidar_ROS2_main) by extension 'python'
[0.171s] Level 1:colcon.colcon_core.package_identification:_identify(src/Lslidar_ROS2_main) by extensions ['python_setup_py']
[0.171s] Level 1:colcon.colcon_core.package_identification:_identify(src/Lslidar_ROS2_main) by extension 'python_setup_py'
[0.171s] Level 1:colcon.colcon_core.package_identification:_identify(src/Lslidar_ROS2_main/lslidar_catorgrapher) by extensions ['ignore', 'ignore_ament_install']
[0.172s] Level 1:colcon.colcon_core.package_identification:_identify(src/Lslidar_ROS2_main/lslidar_catorgrapher) by extension 'ignore'
[0.172s] Level 1:colcon.colcon_core.package_identification:_identify(src/Lslidar_ROS2_main/lslidar_catorgrapher) by extension 'ignore_ament_install'
[0.172s] Level 1:colcon.colcon_core.package_identification:_identify(src/Lslidar_ROS2_main/lslidar_catorgrapher) by extensions ['colcon_pkg']
[0.172s] Level 1:colcon.colcon_core.package_identification:_identify(src/Lslidar_ROS2_main/lslidar_catorgrapher) by extension 'colcon_pkg'
[0.172s] Level 1:colcon.colcon_core.package_identification:_identify(src/Lslidar_ROS2_main/lslidar_catorgrapher) by extensions ['colcon_meta']
[0.172s] Level 1:colcon.colcon_core.package_identification:_identify(src/Lslidar_ROS2_main/lslidar_catorgrapher) by extension 'colcon_meta'
[0.172s] Level 1:colcon.colcon_core.package_identification:_identify(src/Lslidar_ROS2_main/lslidar_catorgrapher) by extensions ['ros']
[0.172s] Level 1:colcon.colcon_core.package_identification:_identify(src/Lslidar_ROS2_main/lslidar_catorgrapher) by extension 'ros'
[0.174s] DEBUG:colcon.colcon_core.package_identification:Package 'src/Lslidar_ROS2_main/lslidar_catorgrapher' with type 'ros.ament_python' and name 'lslidar_catorgrapher'
[0.174s] Level 1:colcon.colcon_core.package_identification:_identify(src/Lslidar_ROS2_main/lslidar_slam) by extensions ['ignore', 'ignore_ament_install']
[0.174s] Level 1:colcon.colcon_core.package_identification:_identify(src/Lslidar_ROS2_main/lslidar_slam) by extension 'ignore'
[0.174s] Level 1:colcon.colcon_core.package_identification:_identify(src/Lslidar_ROS2_main/lslidar_slam) by extension 'ignore_ament_install'
[0.174s] Level 1:colcon.colcon_core.package_identification:_identify(src/Lslidar_ROS2_main/lslidar_slam) by extensions ['colcon_pkg']
[0.174s] Level 1:colcon.colcon_core.package_identification:_identify(src/Lslidar_ROS2_main/lslidar_slam) by extension 'colcon_pkg'
[0.174s] Level 1:colcon.colcon_core.package_identification:_identify(src/Lslidar_ROS2_main/lslidar_slam) by extensions ['colcon_meta']
[0.175s] Level 1:colcon.colcon_core.package_identification:_identify(src/Lslidar_ROS2_main/lslidar_slam) by extension 'colcon_meta'
[0.175s] Level 1:colcon.colcon_core.package_identification:_identify(src/Lslidar_ROS2_main/lslidar_slam) by extensions ['ros']
[0.175s] Level 1:colcon.colcon_core.package_identification:_identify(src/Lslidar_ROS2_main/lslidar_slam) by extension 'ros'
[0.175s] DEBUG:colcon.colcon_core.package_identification:Package 'src/Lslidar_ROS2_main/lslidar_slam' with type 'ros.ament_python' and name 'lslidar_slam'
[0.175s] Level 1:colcon.colcon_core.package_identification:_identify(src/leo_explore) by extensions ['ignore', 'ignore_ament_install']
[0.175s] Level 1:colcon.colcon_core.package_identification:_identify(src/leo_explore) by extension 'ignore'
[0.175s] Level 1:colcon.colcon_core.package_identification:_identify(src/leo_explore) by extension 'ignore_ament_install'
[0.175s] Level 1:colcon.colcon_core.package_identification:_identify(src/leo_explore) by extensions ['colcon_pkg']
[0.175s] Level 1:colcon.colcon_core.package_identification:_identify(src/leo_explore) by extension 'colcon_pkg'
[0.175s] Level 1:colcon.colcon_core.package_identification:_identify(src/leo_explore) by extensions ['colcon_meta']
[0.175s] Level 1:colcon.colcon_core.package_identification:_identify(src/leo_explore) by extension 'colcon_meta'
[0.175s] Level 1:colcon.colcon_core.package_identification:_identify(src/leo_explore) by extensions ['ros']
[0.175s] Level 1:colcon.colcon_core.package_identification:_identify(src/leo_explore) by extension 'ros'
[0.176s] DEBUG:colcon.colcon_core.package_identification:Package 'src/leo_explore' with type 'ros.ament_python' and name 'leo_explore'
[0.176s] Level 1:colcon.colcon_core.package_identification:_identify(src/leo_navigation_tutorial) by extensions ['ignore', 'ignore_ament_install']
[0.176s] Level 1:colcon.colcon_core.package_identification:_identify(src/leo_navigation_tutorial) by extension 'ignore'
[0.176s] Level 1:colcon.colcon_core.package_identification:_identify(src/leo_navigation_tutorial) by extension 'ignore_ament_install'
[0.176s] Level 1:colcon.colcon_core.package_identification:_identify(src/leo_navigation_tutorial) by extensions ['colcon_pkg']
[0.176s] Level 1:colcon.colcon_core.package_identification:_identify(src/leo_navigation_tutorial) by extension 'colcon_pkg'
[0.176s] Level 1:colcon.colcon_core.package_identification:_identify(src/leo_navigation_tutorial) by extensions ['colcon_meta']
[0.176s] Level 1:colcon.colcon_core.package_identification:_identify(src/leo_navigation_tutorial) by extension 'colcon_meta'
[0.176s] Level 1:colcon.colcon_core.package_identification:_identify(src/leo_navigation_tutorial) by extensions ['ros']
[0.176s] Level 1:colcon.colcon_core.package_identification:_identify(src/leo_navigation_tutorial) by extension 'ros'
[0.177s] DEBUG:colcon.colcon_core.package_identification:Package 'src/leo_navigation_tutorial' with type 'ros.ament_cmake' and name 'leo_nav'
[0.177s] Level 1:colcon.colcon_core.package_identification:_identify(src/ros_basics) by extensions ['ignore', 'ignore_ament_install']
[0.177s] Level 1:colcon.colcon_core.package_identification:_identify(src/ros_basics) by extension 'ignore'
[0.177s] Level 1:colcon.colcon_core.package_identification:_identify(src/ros_basics) by extension 'ignore_ament_install'
[0.177s] Level 1:colcon.colcon_core.package_identification:_identify(src/ros_basics) by extensions ['colcon_pkg']
[0.177s] Level 1:colcon.colcon_core.package_identification:_identify(src/ros_basics) by extension 'colcon_pkg'
[0.177s] Level 1:colcon.colcon_core.package_identification:_identify(src/ros_basics) by extensions ['colcon_meta']
[0.177s] Level 1:colcon.colcon_core.package_identification:_identify(src/ros_basics) by extension 'colcon_meta'
[0.177s] Level 1:colcon.colcon_core.package_identification:_identify(src/ros_basics) by extensions ['ros']
[0.177s] Level 1:colcon.colcon_core.package_identification:_identify(src/ros_basics) by extension 'ros'
[0.178s] DEBUG:colcon.colcon_core.package_identification:Package 'src/ros_basics' with type 'ros.ament_python' and name 'ros_basics'
[0.178s] Level 1:colcon.colcon_core.package_identification:_identify(src/rplidar_ros) by extensions ['ignore', 'ignore_ament_install']
[0.178s] Level 1:colcon.colcon_core.package_identification:_identify(src/rplidar_ros) by extension 'ignore'
[0.178s] Level 1:colcon.colcon_core.package_identification:_identify(src/rplidar_ros) by extension 'ignore_ament_install'
[0.178s] Level 1:colcon.colcon_core.package_identification:_identify(src/rplidar_ros) by extensions ['colcon_pkg']
[0.178s] Level 1:colcon.colcon_core.package_identification:_identify(src/rplidar_ros) by extension 'colcon_pkg'
[0.178s] Level 1:colcon.colcon_core.package_identification:_identify(src/rplidar_ros) by extensions ['colcon_meta']
[0.178s] Level 1:colcon.colcon_core.package_identification:_identify(src/rplidar_ros) by extension 'colcon_meta'
[0.178s] Level 1:colcon.colcon_core.package_identification:_identify(src/rplidar_ros) by extensions ['ros']
[0.178s] Level 1:colcon.colcon_core.package_identification:_identify(src/rplidar_ros) by extension 'ros'
[0.179s] DEBUG:colcon.colcon_core.package_identification:Package 'src/rplidar_ros' with type 'ros.ament_cmake' and name 'rplidar_ros'
[0.179s] Level 1:colcon.colcon_core.package_discovery:discover_packages(recursive) using defaults
[0.179s] Level 1:colcon.colcon_core.package_discovery:discover_packages(ignore) discover
[0.179s] Level 1:colcon.colcon_core.package_discovery:discover_packages(ignore) using defaults
[0.179s] Level 1:colcon.colcon_core.package_discovery:discover_packages(path) discover
[0.179s] Level 1:colcon.colcon_core.package_discovery:discover_packages(path) using defaults
[0.198s] Level 1:colcon.colcon_core.package_discovery:discover_packages(prefix_path) check parameters
[0.198s] Level 1:colcon.colcon_core.package_discovery:discover_packages(prefix_path) discover
[0.200s] DEBUG:colcon.colcon_installed_package_information.package_discovery:Found 6 installed packages in /home/yht/SLAM_2D_Learn/SLAM_2D_Learn/install
[0.202s] DEBUG:colcon.colcon_installed_package_information.package_discovery:Found 443 installed packages in /opt/ros/jazzy
[0.203s] Level 1:colcon.colcon_core.package_discovery:discover_packages(prefix_path) using defaults
[0.272s] Level 5:colcon.colcon_core.verb:set package 'leo_explore' build argument 'cmake_args' from command line to 'None'
[0.272s] Level 5:colcon.colcon_core.verb:set package 'leo_explore' build argument 'cmake_target' from command line to 'None'
[0.272s] Level 5:colcon.colcon_core.verb:set package 'leo_explore' build argument 'cmake_target_skip_unavailable' from command line to 'False'
[0.272s] Level 5:colcon.colcon_core.verb:set package 'leo_explore' build argument 'cmake_clean_cache' from command line to 'False'
[0.272s] Level 5:colcon.colcon_core.verb:set package 'leo_explore' build argument 'cmake_clean_first' from command line to 'False'
[0.272s] Level 5:colcon.colcon_core.verb:set package 'leo_explore' build argument 'cmake_force_configure' from command line to 'False'
[0.272s] Level 5:colcon.colcon_core.verb:set package 'leo_explore' build argument 'ament_cmake_args' from command line to 'None'
[0.272s] Level 5:colcon.colcon_core.verb:set package 'leo_explore' build argument 'catkin_cmake_args' from command line to 'None'
[0.272s] Level 5:colcon.colcon_core.verb:set package 'leo_explore' build argument 'catkin_skip_building_tests' from command line to 'False'
[0.272s] DEBUG:colcon.colcon_core.verb:Building package 'leo_explore' with the following arguments: {'ament_cmake_args': None, 'build_base': '/home/yht/SLAM_2D_Learn/SLAM_2D_Learn/build/leo_explore', 'catkin_cmake_args': None, 'catkin_skip_building_tests': False, 'cmake_args': None, 'cmake_clean_cache': False, 'cmake_clean_first': False, 'cmake_force_configure': False, 'cmake_target': None, 'cmake_target_skip_unavailable': False, 'install_base': '/home/yht/SLAM_2D_Learn/SLAM_2D_Learn/install/leo_explore', 'merge_install': False, 'path': '/home/yht/SLAM_2D_Learn/SLAM_2D_Learn/src/leo_explore', 'symlink_install': False, 'test_result_base': None}
[0.272s] Level 5:colcon.colcon_core.verb:set package 'leo_nav' build argument 'cmake_args' from command line to 'None'
[0.272s] Level 5:colcon.colcon_core.verb:set package 'leo_nav' build argument 'cmake_target' from command line to 'None'
[0.272s] Level 5:colcon.colcon_core.verb:set package 'leo_nav' build argument 'cmake_target_skip_unavailable' from command line to 'False'
[0.272s] Level 5:colcon.colcon_core.verb:set package 'leo_nav' build argument 'cmake_clean_cache' from command line to 'False'
[0.272s] Level 5:colcon.colcon_core.verb:set package 'leo_nav' build argument 'cmake_clean_first' from command line to 'False'
[0.272s] Level 5:colcon.colcon_core.verb:set package 'leo_nav' build argument 'cmake_force_configure' from command line to 'False'
[0.272s] Level 5:colcon.colcon_core.verb:set package 'leo_nav' build argument 'ament_cmake_args' from command line to 'None'
[0.272s] Level 5:colcon.colcon_core.verb:set package 'leo_nav' build argument 'catkin_cmake_args' from command line to 'None'
[0.272s] Level 5:colcon.colcon_core.verb:set package 'leo_nav' build argument 'catkin_skip_building_tests' from command line to 'False'
[0.272s] DEBUG:colcon.colcon_core.verb:Building package 'leo_nav' with the following arguments: {'ament_cmake_args': None, 'build_base': '/home/yht/SLAM_2D_Learn/SLAM_2D_Learn/build/leo_nav', 'catkin_cmake_args': None, 'catkin_skip_building_tests': False, 'cmake_args': None, 'cmake_clean_cache': False, 'cmake_clean_first': False, 'cmake_force_configure': False, 'cmake_target': None, 'cmake_target_skip_unavailable': False, 'install_base': '/home/yht/SLAM_2D_Learn/SLAM_2D_Learn/install/leo_nav', 'merge_install': False, 'path': '/home/yht/SLAM_2D_Learn/SLAM_2D_Learn/src/leo_navigation_tutorial', 'symlink_install': False, 'test_result_base': None}
[0.272s] Level 5:colcon.colcon_core.verb:set package 'lslidar_catorgrapher' build argument 'cmake_args' from command line to 'None'
[0.273s] Level 5:colcon.colcon_core.verb:set package 'lslidar_catorgrapher' build argument 'cmake_target' from command line to 'None'
[0.273s] Level 5:colcon.colcon_core.verb:set package 'lslidar_catorgrapher' build argument 'cmake_target_skip_unavailable' from command line to 'False'
[0.273s] Level 5:colcon.colcon_core.verb:set package 'lslidar_catorgrapher' build argument 'cmake_clean_cache' from command line to 'False'
[0.273s] Level 5:colcon.colcon_core.verb:set package 'lslidar_catorgrapher' build argument 'cmake_clean_first' from command line to 'False'
[0.273s] Level 5:colcon.colcon_core.verb:set package 'lslidar_catorgrapher' build argument 'cmake_force_configure' from command line to 'False'
[0.273s] Level 5:colcon.colcon_core.verb:set package 'lslidar_catorgrapher' build argument 'ament_cmake_args' from command line to 'None'
[0.273s] Level 5:colcon.colcon_core.verb:set package 'lslidar_catorgrapher' build argument 'catkin_cmake_args' from command line to 'None'
[0.273s] Level 5:colcon.colcon_core.verb:set package 'lslidar_catorgrapher' build argument 'catkin_skip_building_tests' from command line to 'False'
[0.273s] DEBUG:colcon.colcon_core.verb:Building package 'lslidar_catorgrapher' with the following arguments: {'ament_cmake_args': None, 'build_base': '/home/yht/SLAM_2D_Learn/SLAM_2D_Learn/build/lslidar_catorgrapher', 'catkin_cmake_args': None, 'catkin_skip_building_tests': False, 'cmake_args': None, 'cmake_clean_cache': False, 'cmake_clean_first': False, 'cmake_force_configure': False, 'cmake_target': None, 'cmake_target_skip_unavailable': False, 'install_base': '/home/yht/SLAM_2D_Learn/SLAM_2D_Learn/install/lslidar_catorgrapher', 'merge_install': False, 'path': '/home/yht/SLAM_2D_Learn/SLAM_2D_Learn/src/Lslidar_ROS2_main/lslidar_catorgrapher', 'symlink_install': False, 'test_result_base': None}
[0.273s] Level 5:colcon.colcon_core.verb:set package 'lslidar_slam' build argument 'cmake_args' from command line to 'None'
[0.273s] Level 5:colcon.colcon_core.verb:set package 'lslidar_slam' build argument 'cmake_target' from command line to 'None'
[0.273s] Level 5:colcon.colcon_core.verb:set package 'lslidar_slam' build argument 'cmake_target_skip_unavailable' from command line to 'False'
[0.273s] Level 5:colcon.colcon_core.verb:set package 'lslidar_slam' build argument 'cmake_clean_cache' from command line to 'False'
[0.273s] Level 5:colcon.colcon_core.verb:set package 'lslidar_slam' build argument 'cmake_clean_first' from command line to 'False'
[0.273s] Level 5:colcon.colcon_core.verb:set package 'lslidar_slam' build argument 'cmake_force_configure' from command line to 'False'
[0.273s] Level 5:colcon.colcon_core.verb:set package 'lslidar_slam' build argument 'ament_cmake_args' from command line to 'None'
[0.273s] Level 5:colcon.colcon_core.verb:set package 'lslidar_slam' build argument 'catkin_cmake_args' from command line to 'None'
[0.273s] Level 5:colcon.colcon_core.verb:set package 'lslidar_slam' build argument 'catkin_skip_building_tests' from command line to 'False'
[0.273s] DEBUG:colcon.colcon_core.verb:Building package 'lslidar_slam' with the following arguments: {'ament_cmake_args': None, 'build_base': '/home/yht/SLAM_2D_Learn/SLAM_2D_Learn/build/lslidar_slam', 'catkin_cmake_args': None, 'catkin_skip_building_tests': False, 'cmake_args': None, 'cmake_clean_cache': False, 'cmake_clean_first': False, 'cmake_force_configure': False, 'cmake_target': None, 'cmake_target_skip_unavailable': False, 'install_base': '/home/yht/SLAM_2D_Learn/SLAM_2D_Learn/install/lslidar_slam', 'merge_install': False, 'path': '/home/yht/SLAM_2D_Learn/SLAM_2D_Learn/src/Lslidar_ROS2_main/lslidar_slam', 'symlink_install': False, 'test_result_base': None}
[0.273s] Level 5:colcon.colcon_core.verb:set package 'ros_basics' build argument 'cmake_args' from command line to 'None'
[0.273s] Level 5:colcon.colcon_core.verb:set package 'ros_basics' build argument 'cmake_target' from command line to 'None'
[0.273s] Level 5:colcon.colcon_core.verb:set package 'ros_basics' build argument 'cmake_target_skip_unavailable' from command line to 'False'
[0.273s] Level 5:colcon.colcon_core.verb:set package 'ros_basics' build argument 'cmake_clean_cache' from command line to 'False'
[0.273s] Level 5:colcon.colcon_core.verb:set package 'ros_basics' build argument 'cmake_clean_first' from command line to 'False'
[0.273s] Level 5:colcon.colcon_core.verb:set package 'ros_basics' build argument 'cmake_force_configure' from command line to 'False'
[0.273s] Level 5:colcon.colcon_core.verb:set package 'ros_basics' build argument 'ament_cmake_args' from command line to 'None'
[0.273s] Level 5:colcon.colcon_core.verb:set package 'ros_basics' build argument 'catkin_cmake_args' from command line to 'None'
[0.273s] Level 5:colcon.colcon_core.verb:set package 'ros_basics' build argument 'catkin_skip_building_tests' from command line to 'False'
[0.273s] DEBUG:colcon.colcon_core.verb:Building package 'ros_basics' with the following arguments: {'ament_cmake_args': None, 'build_base': '/home/yht/SLAM_2D_Learn/SLAM_2D_Learn/build/ros_basics', 'catkin_cmake_args': None, 'catkin_skip_building_tests': False, 'cmake_args': None, 'cmake_clean_cache': False, 'cmake_clean_first': False, 'cmake_force_configure': False, 'cmake_target': None, 'cmake_target_skip_unavailable': False, 'install_base': '/home/yht/SLAM_2D_Learn/SLAM_2D_Learn/install/ros_basics', 'merge_install': False, 'path': '/home/yht/SLAM_2D_Learn/SLAM_2D_Learn/src/ros_basics', 'symlink_install': False, 'test_result_base': None}
[0.274s] Level 5:colcon.colcon_core.verb:set package 'rplidar_ros' build argument 'cmake_args' from command line to 'None'
[0.274s] Level 5:colcon.colcon_core.verb:set package 'rplidar_ros' build argument 'cmake_target' from command line to 'None'
[0.274s] Level 5:colcon.colcon_core.verb:set package 'rplidar_ros' build argument 'cmake_target_skip_unavailable' from command line to 'False'
[0.274s] Level 5:colcon.colcon_core.verb:set package 'rplidar_ros' build argument 'cmake_clean_cache' from command line to 'False'
[0.274s] Level 5:colcon.colcon_core.verb:set package 'rplidar_ros' build argument 'cmake_clean_first' from command line to 'False'
[0.274s] Level 5:colcon.colcon_core.verb:set package 'rplidar_ros' build argument 'cmake_force_configure' from command line to 'False'
[0.274s] Level 5:colcon.colcon_core.verb:set package 'rplidar_ros' build argument 'ament_cmake_args' from command line to 'None'
[0.274s] Level 5:colcon.colcon_core.verb:set package 'rplidar_ros' build argument 'catkin_cmake_args' from command line to 'None'
[0.274s] Level 5:colcon.colcon_core.verb:set package 'rplidar_ros' build argument 'catkin_skip_building_tests' from command line to 'False'
[0.274s] DEBUG:colcon.colcon_core.verb:Building package 'rplidar_ros' with the following arguments: {'ament_cmake_args': None, 'build_base': '/home/yht/SLAM_2D_Learn/SLAM_2D_Learn/build/rplidar_ros', 'catkin_cmake_args': None, 'catkin_skip_building_tests': False, 'cmake_args': None, 'cmake_clean_cache': False, 'cmake_clean_first': False, 'cmake_force_configure': False, 'cmake_target': None, 'cmake_target_skip_unavailable': False, 'install_base': '/home/yht/SLAM_2D_Learn/SLAM_2D_Learn/install/rplidar_ros', 'merge_install': False, 'path': '/home/yht/SLAM_2D_Learn/SLAM_2D_Learn/src/rplidar_ros', 'symlink_install': False, 'test_result_base': None}
[0.274s] INFO:colcon.colcon_core.executor:Executing jobs using 'parallel' executor
[0.275s] DEBUG:colcon.colcon_parallel_executor.executor.parallel:run_until_complete
[0.275s] INFO:colcon.colcon_ros.task.ament_python.build:Building ROS package in '/home/yht/SLAM_2D_Learn/SLAM_2D_Learn/src/leo_explore' with build type 'ament_python'
[0.275s] Level 1:colcon.colcon_core.shell:create_environment_hook('leo_explore', 'ament_prefix_path')
[0.277s] INFO:colcon.colcon_core.plugin_system:Skipping extension 'colcon_core.shell.bat': Not used on non-Windows systems
[0.277s] INFO:colcon.colcon_core.shell:Creating environment hook '/home/yht/SLAM_2D_Learn/SLAM_2D_Learn/install/leo_explore/share/leo_explore/hook/ament_prefix_path.ps1'
[0.278s] INFO:colcon.colcon_core.shell:Creating environment descriptor '/home/yht/SLAM_2D_Learn/SLAM_2D_Learn/install/leo_explore/share/leo_explore/hook/ament_prefix_path.dsv'
[0.278s] INFO:colcon.colcon_core.shell:Creating environment hook '/home/yht/SLAM_2D_Learn/SLAM_2D_Learn/install/leo_explore/share/leo_explore/hook/ament_prefix_path.sh'
[0.279s] INFO:colcon.colcon_core.shell:Skip shell extension 'powershell' for command environment: Not usable outside of PowerShell
[0.279s] DEBUG:colcon.colcon_core.shell:Skip shell extension 'dsv' for command environment
[0.283s] INFO:colcon.colcon_ros.task.ament_cmake.build:Building ROS package in '/home/yht/SLAM_2D_Learn/SLAM_2D_Learn/src/leo_navigation_tutorial' with build type 'ament_cmake'
[0.283s] INFO:colcon.colcon_cmake.task.cmake.build:Building CMake package in '/home/yht/SLAM_2D_Learn/SLAM_2D_Learn/src/leo_navigation_tutorial'
[0.283s] INFO:colcon.colcon_core.shell:Skip shell extension 'powershell' for command environment: Not usable outside of PowerShell
[0.283s] DEBUG:colcon.colcon_core.shell:Skip shell extension 'dsv' for command environment
[0.287s] INFO:colcon.colcon_ros.task.ament_python.build:Building ROS package in '/home/yht/SLAM_2D_Learn/SLAM_2D_Learn/src/Lslidar_ROS2_main/lslidar_catorgrapher' with build type 'ament_python'
[0.287s] Level 1:colcon.colcon_core.shell:create_environment_hook('lslidar_catorgrapher', 'ament_prefix_path')
[0.288s] INFO:colcon.colcon_core.shell:Creating environment hook '/home/yht/SLAM_2D_Learn/SLAM_2D_Learn/install/lslidar_catorgrapher/share/lslidar_catorgrapher/hook/ament_prefix_path.ps1'
[0.288s] INFO:colcon.colcon_core.shell:Creating environment descriptor '/home/yht/SLAM_2D_Learn/SLAM_2D_Learn/install/lslidar_catorgrapher/share/lslidar_catorgrapher/hook/ament_prefix_path.dsv'
[0.289s] INFO:colcon.colcon_core.shell:Creating environment hook '/home/yht/SLAM_2D_Learn/SLAM_2D_Learn/install/lslidar_catorgrapher/share/lslidar_catorgrapher/hook/ament_prefix_path.sh'
[0.289s] INFO:colcon.colcon_core.shell:Skip shell extension 'powershell' for command environment: Not usable outside of PowerShell
[0.289s] DEBUG:colcon.colcon_core.shell:Skip shell extension 'dsv' for command environment
[0.293s] INFO:colcon.colcon_ros.task.ament_python.build:Building ROS package in '/home/yht/SLAM_2D_Learn/SLAM_2D_Learn/src/Lslidar_ROS2_main/lslidar_slam' with build type 'ament_python'
[0.293s] Level 1:colcon.colcon_core.shell:create_environment_hook('lslidar_slam', 'ament_prefix_path')
[0.294s] INFO:colcon.colcon_core.shell:Creating environment hook '/home/yht/SLAM_2D_Learn/SLAM_2D_Learn/install/lslidar_slam/share/lslidar_slam/hook/ament_prefix_path.ps1'
[0.294s] INFO:colcon.colcon_core.shell:Creating environment descriptor '/home/yht/SLAM_2D_Learn/SLAM_2D_Learn/install/lslidar_slam/share/lslidar_slam/hook/ament_prefix_path.dsv'
[0.294s] INFO:colcon.colcon_core.shell:Creating environment hook '/home/yht/SLAM_2D_Learn/SLAM_2D_Learn/install/lslidar_slam/share/lslidar_slam/hook/ament_prefix_path.sh'
[0.295s] INFO:colcon.colcon_core.shell:Skip shell extension 'powershell' for command environment: Not usable outside of PowerShell
[0.295s] DEBUG:colcon.colcon_core.shell:Skip shell extension 'dsv' for command environment
[0.298s] INFO:colcon.colcon_ros.task.ament_python.build:Building ROS package in '/home/yht/SLAM_2D_Learn/SLAM_2D_Learn/src/ros_basics' with build type 'ament_python'
[0.299s] Level 1:colcon.colcon_core.shell:create_environment_hook('ros_basics', 'ament_prefix_path')
[0.299s] INFO:colcon.colcon_core.shell:Creating environment hook '/home/yht/SLAM_2D_Learn/SLAM_2D_Learn/install/ros_basics/share/ros_basics/hook/ament_prefix_path.ps1'
[0.299s] INFO:colcon.colcon_core.shell:Creating environment descriptor '/home/yht/SLAM_2D_Learn/SLAM_2D_Learn/install/ros_basics/share/ros_basics/hook/ament_prefix_path.dsv'
[0.300s] INFO:colcon.colcon_core.shell:Creating environment hook '/home/yht/SLAM_2D_Learn/SLAM_2D_Learn/install/ros_basics/share/ros_basics/hook/ament_prefix_path.sh'
[0.300s] INFO:colcon.colcon_core.shell:Skip shell extension 'powershell' for command environment: Not usable outside of PowerShell
[0.300s] DEBUG:colcon.colcon_core.shell:Skip shell extension 'dsv' for command environment
[0.304s] INFO:colcon.colcon_ros.task.ament_cmake.build:Building ROS package in '/home/yht/SLAM_2D_Learn/SLAM_2D_Learn/src/rplidar_ros' with build type 'ament_cmake'
[0.304s] INFO:colcon.colcon_cmake.task.cmake.build:Building CMake package in '/home/yht/SLAM_2D_Learn/SLAM_2D_Learn/src/rplidar_ros'
[0.304s] INFO:colcon.colcon_core.shell:Skip shell extension 'powershell' for command environment: Not usable outside of PowerShell
[0.304s] DEBUG:colcon.colcon_core.shell:Skip shell extension 'dsv' for command environment
[0.538s] INFO:colcon.colcon_core.task.python.build:Building Python package in '/home/yht/SLAM_2D_Learn/SLAM_2D_Learn/src/leo_explore'
[0.538s] INFO:colcon.colcon_core.shell:Skip shell extension 'powershell' for command environment: Not usable outside of PowerShell
[0.538s] DEBUG:colcon.colcon_core.shell:Skip shell extension 'dsv' for command environment
[0.544s] DEBUG:colcon.colcon_core.event_handler.log_command:Invoking command in '/home/yht/SLAM_2D_Learn/SLAM_2D_Learn/build/leo_nav': CMAKE_PREFIX_PATH=${CMAKE_PREFIX_PATH}:/home/yht/SLAM_2D_Learn/SLAM_2D_Learn/install/ros_basics:/home/yht/SLAM_2D_Learn/SLAM_2D_Learn/install/lslidar_slam:/home/yht/SLAM_2D_Learn/SLAM_2D_Learn/install/lslidar_catorgrapher:/home/yht/SLAM_2D_Learn/SLAM_2D_Learn/install/leo_explore:/opt/ros/jazzy DEBUGINFOD_URLS=https://debuginfod.ubuntu.com /usr/bin/cmake --build /home/yht/SLAM_2D_Learn/SLAM_2D_Learn/build/leo_nav -- -j32 -l32
[0.781s] INFO:colcon.colcon_core.task.python.build:Building Python package in '/home/yht/SLAM_2D_Learn/SLAM_2D_Learn/src/Lslidar_ROS2_main/lslidar_catorgrapher'
[0.781s] INFO:colcon.colcon_core.shell:Skip shell extension 'powershell' for command environment: Not usable outside of PowerShell
[0.781s] DEBUG:colcon.colcon_core.shell:Skip shell extension 'dsv' for command environment
[1.001s] INFO:colcon.colcon_core.task.python.build:Building Python package in '/home/yht/SLAM_2D_Learn/SLAM_2D_Learn/src/Lslidar_ROS2_main/lslidar_slam'
[1.001s] INFO:colcon.colcon_core.shell:Skip shell extension 'powershell' for command environment: Not usable outside of PowerShell
[1.001s] DEBUG:colcon.colcon_core.shell:Skip shell extension 'dsv' for command environment
[1.232s] INFO:colcon.colcon_core.task.python.build:Building Python package in '/home/yht/SLAM_2D_Learn/SLAM_2D_Learn/src/ros_basics'
[1.232s] INFO:colcon.colcon_core.shell:Skip shell extension 'powershell' for command environment: Not usable outside of PowerShell
[1.232s] DEBUG:colcon.colcon_core.shell:Skip shell extension 'dsv' for command environment
[1.241s] DEBUG:colcon.colcon_core.event_handler.log_command:Invoking command in '/home/yht/SLAM_2D_Learn/SLAM_2D_Learn/build/rplidar_ros': CMAKE_PREFIX_PATH=${CMAKE_PREFIX_PATH}:/home/yht/SLAM_2D_Learn/SLAM_2D_Learn/install/ros_basics:/home/yht/SLAM_2D_Learn/SLAM_2D_Learn/install/lslidar_slam:/home/yht/SLAM_2D_Learn/SLAM_2D_Learn/install/lslidar_catorgrapher:/home/yht/SLAM_2D_Learn/SLAM_2D_Learn/install/leo_explore:/opt/ros/jazzy DEBUGINFOD_URLS=https://debuginfod.ubuntu.com /usr/bin/cmake --build /home/yht/SLAM_2D_Learn/SLAM_2D_Learn/build/rplidar_ros -- -j32 -l32
[1.242s] DEBUG:colcon.colcon_core.event_handler.log_command:Invoked command in '/home/yht/SLAM_2D_Learn/SLAM_2D_Learn/build/leo_nav' returned '0': CMAKE_PREFIX_PATH=${CMAKE_PREFIX_PATH}:/home/yht/SLAM_2D_Learn/SLAM_2D_Learn/install/ros_basics:/home/yht/SLAM_2D_Learn/SLAM_2D_Learn/install/lslidar_slam:/home/yht/SLAM_2D_Learn/SLAM_2D_Learn/install/lslidar_catorgrapher:/home/yht/SLAM_2D_Learn/SLAM_2D_Learn/install/leo_explore:/opt/ros/jazzy DEBUGINFOD_URLS=https://debuginfod.ubuntu.com /usr/bin/cmake --build /home/yht/SLAM_2D_Learn/SLAM_2D_Learn/build/leo_nav -- -j32 -l32
[1.255s] DEBUG:colcon.colcon_core.event_handler.log_command:Invoking command in '/home/yht/SLAM_2D_Learn/SLAM_2D_Learn/build/leo_nav': CMAKE_PREFIX_PATH=${CMAKE_PREFIX_PATH}:/home/yht/SLAM_2D_Learn/SLAM_2D_Learn/install/ros_basics:/home/yht/SLAM_2D_Learn/SLAM_2D_Learn/install/lslidar_slam:/home/yht/SLAM_2D_Learn/SLAM_2D_Learn/install/lslidar_catorgrapher:/home/yht/SLAM_2D_Learn/SLAM_2D_Learn/install/leo_explore:/opt/ros/jazzy DEBUGINFOD_URLS=https://debuginfod.ubuntu.com /usr/bin/cmake --install /home/yht/SLAM_2D_Learn/SLAM_2D_Learn/build/leo_nav
[1.272s] Level 1:colcon.colcon_core.environment:create_environment_scripts_only(leo_nav)
[1.273s] DEBUG:colcon.colcon_core.event_handler.log_command:Invoked command in '/home/yht/SLAM_2D_Learn/SLAM_2D_Learn/build/leo_nav' returned '0': CMAKE_PREFIX_PATH=${CMAKE_PREFIX_PATH}:/home/yht/SLAM_2D_Learn/SLAM_2D_Learn/install/ros_basics:/home/yht/SLAM_2D_Learn/SLAM_2D_Learn/install/lslidar_slam:/home/yht/SLAM_2D_Learn/SLAM_2D_Learn/install/lslidar_catorgrapher:/home/yht/SLAM_2D_Learn/SLAM_2D_Learn/install/leo_explore:/opt/ros/jazzy DEBUGINFOD_URLS=https://debuginfod.ubuntu.com /usr/bin/cmake --install /home/yht/SLAM_2D_Learn/SLAM_2D_Learn/build/leo_nav
[1.275s] Level 1:colcon.colcon_core.environment:checking '/home/yht/SLAM_2D_Learn/SLAM_2D_Learn/install/leo_nav' for CMake module files
[1.276s] Level 1:colcon.colcon_core.environment:checking '/home/yht/SLAM_2D_Learn/SLAM_2D_Learn/install/leo_nav' for CMake config files
[1.276s] Level 1:colcon.colcon_core.shell:create_environment_hook('leo_nav', 'cmake_prefix_path')
[1.276s] INFO:colcon.colcon_core.shell:Creating environment hook '/home/yht/SLAM_2D_Learn/SLAM_2D_Learn/install/leo_nav/share/leo_nav/hook/cmake_prefix_path.ps1'
[1.277s] INFO:colcon.colcon_core.shell:Creating environment descriptor '/home/yht/SLAM_2D_Learn/SLAM_2D_Learn/install/leo_nav/share/leo_nav/hook/cmake_prefix_path.dsv'
[1.277s] INFO:colcon.colcon_core.shell:Creating environment hook '/home/yht/SLAM_2D_Learn/SLAM_2D_Learn/install/leo_nav/share/leo_nav/hook/cmake_prefix_path.sh'
[1.278s] Level 1:colcon.colcon_core.environment:checking '/home/yht/SLAM_2D_Learn/SLAM_2D_Learn/install/leo_nav/bin'
[1.278s] Level 1:colcon.colcon_core.environment:checking '/home/yht/SLAM_2D_Learn/SLAM_2D_Learn/install/leo_nav/lib/pkgconfig/leo_nav.pc'
[1.279s] Level 1:colcon.colcon_core.environment:checking '/home/yht/SLAM_2D_Learn/SLAM_2D_Learn/install/leo_nav/lib/python3.12/site-packages'
[1.279s] Level 1:colcon.colcon_core.environment:checking '/home/yht/SLAM_2D_Learn/SLAM_2D_Learn/install/leo_nav/bin'
[1.279s] INFO:colcon.colcon_core.shell:Creating package script '/home/yht/SLAM_2D_Learn/SLAM_2D_Learn/install/leo_nav/share/leo_nav/package.ps1'
[1.280s] INFO:colcon.colcon_core.shell:Creating package descriptor '/home/yht/SLAM_2D_Learn/SLAM_2D_Learn/install/leo_nav/share/leo_nav/package.dsv'
[1.281s] INFO:colcon.colcon_core.shell:Creating package script '/home/yht/SLAM_2D_Learn/SLAM_2D_Learn/install/leo_nav/share/leo_nav/package.sh'
[1.282s] INFO:colcon.colcon_core.shell:Creating package script '/home/yht/SLAM_2D_Learn/SLAM_2D_Learn/install/leo_nav/share/leo_nav/package.bash'
[1.282s] INFO:colcon.colcon_core.shell:Creating package script '/home/yht/SLAM_2D_Learn/SLAM_2D_Learn/install/leo_nav/share/leo_nav/package.zsh'
[1.283s] Level 1:colcon.colcon_core.environment:create_file_with_runtime_dependencies(/home/yht/SLAM_2D_Learn/SLAM_2D_Learn/install/leo_nav/share/colcon-core/packages/leo_nav)
[1.284s] Level 1:colcon.colcon_core.environment:create_environment_scripts_only(leo_nav)
[1.284s] Level 1:colcon.colcon_core.environment:checking '/home/yht/SLAM_2D_Learn/SLAM_2D_Learn/install/leo_nav' for CMake module files
[1.284s] Level 1:colcon.colcon_core.environment:checking '/home/yht/SLAM_2D_Learn/SLAM_2D_Learn/install/leo_nav' for CMake config files
[1.285s] Level 1:colcon.colcon_core.shell:create_environment_hook('leo_nav', 'cmake_prefix_path')
[1.285s] INFO:colcon.colcon_core.shell:Creating environment hook '/home/yht/SLAM_2D_Learn/SLAM_2D_Learn/install/leo_nav/share/leo_nav/hook/cmake_prefix_path.ps1'
[1.285s] INFO:colcon.colcon_core.shell:Creating environment descriptor '/home/yht/SLAM_2D_Learn/SLAM_2D_Learn/install/leo_nav/share/leo_nav/hook/cmake_prefix_path.dsv'
[1.286s] INFO:colcon.colcon_core.shell:Creating environment hook '/home/yht/SLAM_2D_Learn/SLAM_2D_Learn/install/leo_nav/share/leo_nav/hook/cmake_prefix_path.sh'
[1.286s] Level 1:colcon.colcon_core.environment:checking '/home/yht/SLAM_2D_Learn/SLAM_2D_Learn/install/leo_nav/bin'
[1.286s] Level 1:colcon.colcon_core.environment:checking '/home/yht/SLAM_2D_Learn/SLAM_2D_Learn/install/leo_nav/lib/pkgconfig/leo_nav.pc'
[1.287s] Level 1:colcon.colcon_core.environment:checking '/home/yht/SLAM_2D_Learn/SLAM_2D_Learn/install/leo_nav/lib/python3.12/site-packages'
[1.287s] Level 1:colcon.colcon_core.environment:checking '/home/yht/SLAM_2D_Learn/SLAM_2D_Learn/install/leo_nav/bin'
[1.287s] INFO:colcon.colcon_core.shell:Creating package script '/home/yht/SLAM_2D_Learn/SLAM_2D_Learn/install/leo_nav/share/leo_nav/package.ps1'
[1.288s] INFO:colcon.colcon_core.shell:Creating package descriptor '/home/yht/SLAM_2D_Learn/SLAM_2D_Learn/install/leo_nav/share/leo_nav/package.dsv'
[1.289s] INFO:colcon.colcon_core.shell:Creating package script '/home/yht/SLAM_2D_Learn/SLAM_2D_Learn/install/leo_nav/share/leo_nav/package.sh'
[1.289s] INFO:colcon.colcon_core.shell:Creating package script '/home/yht/SLAM_2D_Learn/SLAM_2D_Learn/install/leo_nav/share/leo_nav/package.bash'
[1.290s] INFO:colcon.colcon_core.shell:Creating package script '/home/yht/SLAM_2D_Learn/SLAM_2D_Learn/install/leo_nav/share/leo_nav/package.zsh'
[1.290s] Level 1:colcon.colcon_core.environment:create_file_with_runtime_dependencies(/home/yht/SLAM_2D_Learn/SLAM_2D_Learn/install/leo_nav/share/colcon-core/packages/leo_nav)
[1.356s] DEBUG:colcon.colcon_core.event_handler.log_command:Invoked command in '/home/yht/SLAM_2D_Learn/SLAM_2D_Learn/build/rplidar_ros' returned '0': CMAKE_PREFIX_PATH=${CMAKE_PREFIX_PATH}:/home/yht/SLAM_2D_Learn/SLAM_2D_Learn/install/ros_basics:/home/yht/SLAM_2D_Learn/SLAM_2D_Learn/install/lslidar_slam:/home/yht/SLAM_2D_Learn/SLAM_2D_Learn/install/lslidar_catorgrapher:/home/yht/SLAM_2D_Learn/SLAM_2D_Learn/install/leo_explore:/opt/ros/jazzy DEBUGINFOD_URLS=https://debuginfod.ubuntu.com /usr/bin/cmake --build /home/yht/SLAM_2D_Learn/SLAM_2D_Learn/build/rplidar_ros -- -j32 -l32
[1.357s] DEBUG:colcon.colcon_core.event_handler.log_command:Invoking command in '/home/yht/SLAM_2D_Learn/SLAM_2D_Learn/build/rplidar_ros': CMAKE_PREFIX_PATH=${CMAKE_PREFIX_PATH}:/home/yht/SLAM_2D_Learn/SLAM_2D_Learn/install/ros_basics:/home/yht/SLAM_2D_Learn/SLAM_2D_Learn/install/lslidar_slam:/home/yht/SLAM_2D_Learn/SLAM_2D_Learn/install/lslidar_catorgrapher:/home/yht/SLAM_2D_Learn/SLAM_2D_Learn/install/leo_explore:/opt/ros/jazzy DEBUGINFOD_URLS=https://debuginfod.ubuntu.com /usr/bin/cmake --install /home/yht/SLAM_2D_Learn/SLAM_2D_Learn/build/rplidar_ros
[1.375s] Level 1:colcon.colcon_core.environment:create_environment_scripts_only(rplidar_ros)
[1.376s] Level 1:colcon.colcon_core.environment:checking '/home/yht/SLAM_2D_Learn/SLAM_2D_Learn/install/rplidar_ros' for CMake module files
[1.376s] DEBUG:colcon.colcon_core.event_handler.log_command:Invoked command in '/home/yht/SLAM_2D_Learn/SLAM_2D_Learn/build/rplidar_ros' returned '0': CMAKE_PREFIX_PATH=${CMAKE_PREFIX_PATH}:/home/yht/SLAM_2D_Learn/SLAM_2D_Learn/install/ros_basics:/home/yht/SLAM_2D_Learn/SLAM_2D_Learn/install/lslidar_slam:/home/yht/SLAM_2D_Learn/SLAM_2D_Learn/install/lslidar_catorgrapher:/home/yht/SLAM_2D_Learn/SLAM_2D_Learn/install/leo_explore:/opt/ros/jazzy DEBUGINFOD_URLS=https://debuginfod.ubuntu.com /usr/bin/cmake --install /home/yht/SLAM_2D_Learn/SLAM_2D_Learn/build/rplidar_ros
[1.377s] Level 1:colcon.colcon_core.environment:checking '/home/yht/SLAM_2D_Learn/SLAM_2D_Learn/install/rplidar_ros' for CMake config files
[1.377s] Level 1:colcon.colcon_core.shell:create_environment_hook('rplidar_ros', 'cmake_prefix_path')
[1.377s] INFO:colcon.colcon_core.shell:Creating environment hook '/home/yht/SLAM_2D_Learn/SLAM_2D_Learn/install/rplidar_ros/share/rplidar_ros/hook/cmake_prefix_path.ps1'
[1.377s] INFO:colcon.colcon_core.shell:Creating environment descriptor '/home/yht/SLAM_2D_Learn/SLAM_2D_Learn/install/rplidar_ros/share/rplidar_ros/hook/cmake_prefix_path.dsv'
[1.378s] INFO:colcon.colcon_core.shell:Creating environment hook '/home/yht/SLAM_2D_Learn/SLAM_2D_Learn/install/rplidar_ros/share/rplidar_ros/hook/cmake_prefix_path.sh'
[1.378s] Level 1:colcon.colcon_core.environment:checking '/home/yht/SLAM_2D_Learn/SLAM_2D_Learn/install/rplidar_ros/lib'
[1.379s] Level 1:colcon.colcon_core.environment:checking '/home/yht/SLAM_2D_Learn/SLAM_2D_Learn/install/rplidar_ros/bin'
[1.379s] Level 1:colcon.colcon_core.environment:checking '/home/yht/SLAM_2D_Learn/SLAM_2D_Learn/install/rplidar_ros/lib/pkgconfig/rplidar_ros.pc'
[1.379s] Level 1:colcon.colcon_core.environment:checking '/home/yht/SLAM_2D_Learn/SLAM_2D_Learn/install/rplidar_ros/lib/python3.12/site-packages'
[1.379s] Level 1:colcon.colcon_core.environment:checking '/home/yht/SLAM_2D_Learn/SLAM_2D_Learn/install/rplidar_ros/bin'
[1.379s] INFO:colcon.colcon_core.shell:Creating package script '/home/yht/SLAM_2D_Learn/SLAM_2D_Learn/install/rplidar_ros/share/rplidar_ros/package.ps1'
[1.380s] INFO:colcon.colcon_core.shell:Creating package descriptor '/home/yht/SLAM_2D_Learn/SLAM_2D_Learn/install/rplidar_ros/share/rplidar_ros/package.dsv'
[1.380s] INFO:colcon.colcon_core.shell:Creating package script '/home/yht/SLAM_2D_Learn/SLAM_2D_Learn/install/rplidar_ros/share/rplidar_ros/package.sh'
[1.381s] INFO:colcon.colcon_core.shell:Creating package script '/home/yht/SLAM_2D_Learn/SLAM_2D_Learn/install/rplidar_ros/share/rplidar_ros/package.bash'
[1.381s] INFO:colcon.colcon_core.shell:Creating package script '/home/yht/SLAM_2D_Learn/SLAM_2D_Learn/install/rplidar_ros/share/rplidar_ros/package.zsh'
[1.381s] Level 1:colcon.colcon_core.environment:create_file_with_runtime_dependencies(/home/yht/SLAM_2D_Learn/SLAM_2D_Learn/install/rplidar_ros/share/colcon-core/packages/rplidar_ros)
[1.381s] Level 1:colcon.colcon_core.environment:create_environment_scripts_only(rplidar_ros)
[1.382s] Level 1:colcon.colcon_core.environment:checking '/home/yht/SLAM_2D_Learn/SLAM_2D_Learn/install/rplidar_ros' for CMake module files
[1.382s] Level 1:colcon.colcon_core.environment:checking '/home/yht/SLAM_2D_Learn/SLAM_2D_Learn/install/rplidar_ros' for CMake config files
[1.382s] Level 1:colcon.colcon_core.shell:create_environment_hook('rplidar_ros', 'cmake_prefix_path')
[1.382s] INFO:colcon.colcon_core.shell:Creating environment hook '/home/yht/SLAM_2D_Learn/SLAM_2D_Learn/install/rplidar_ros/share/rplidar_ros/hook/cmake_prefix_path.ps1'
[1.383s] INFO:colcon.colcon_core.shell:Creating environment descriptor '/home/yht/SLAM_2D_Learn/SLAM_2D_Learn/install/rplidar_ros/share/rplidar_ros/hook/cmake_prefix_path.dsv'
[1.383s] INFO:colcon.colcon_core.shell:Creating environment hook '/home/yht/SLAM_2D_Learn/SLAM_2D_Learn/install/rplidar_ros/share/rplidar_ros/hook/cmake_prefix_path.sh'
[1.384s] Level 1:colcon.colcon_core.environment:checking '/home/yht/SLAM_2D_Learn/SLAM_2D_Learn/install/rplidar_ros/lib'
[1.384s] Level 1:colcon.colcon_core.environment:checking '/home/yht/SLAM_2D_Learn/SLAM_2D_Learn/install/rplidar_ros/bin'
[1.384s] Level 1:colcon.colcon_core.environment:checking '/home/yht/SLAM_2D_Learn/SLAM_2D_Learn/install/rplidar_ros/lib/pkgconfig/rplidar_ros.pc'
[1.384s] Level 1:colcon.colcon_core.environment:checking '/home/yht/SLAM_2D_Learn/SLAM_2D_Learn/install/rplidar_ros/lib/python3.12/site-packages'
[1.384s] Level 1:colcon.colcon_core.environment:checking '/home/yht/SLAM_2D_Learn/SLAM_2D_Learn/install/rplidar_ros/bin'
[1.385s] INFO:colcon.colcon_core.shell:Creating package script '/home/yht/SLAM_2D_Learn/SLAM_2D_Learn/install/rplidar_ros/share/rplidar_ros/package.ps1'
[1.385s] INFO:colcon.colcon_core.shell:Creating package descriptor '/home/yht/SLAM_2D_Learn/SLAM_2D_Learn/install/rplidar_ros/share/rplidar_ros/package.dsv'
[1.386s] INFO:colcon.colcon_core.shell:Creating package script '/home/yht/SLAM_2D_Learn/SLAM_2D_Learn/install/rplidar_ros/share/rplidar_ros/package.sh'
[1.386s] INFO:colcon.colcon_core.shell:Creating package script '/home/yht/SLAM_2D_Learn/SLAM_2D_Learn/install/rplidar_ros/share/rplidar_ros/package.bash'
[1.386s] INFO:colcon.colcon_core.shell:Creating package script '/home/yht/SLAM_2D_Learn/SLAM_2D_Learn/install/rplidar_ros/share/rplidar_ros/package.zsh'
[1.387s] Level 1:colcon.colcon_core.environment:create_file_with_runtime_dependencies(/home/yht/SLAM_2D_Learn/SLAM_2D_Learn/install/rplidar_ros/share/colcon-core/packages/rplidar_ros)
[1.908s] DEBUG:colcon.colcon_core.event_handler.log_command:Invoking command in '/home/yht/SLAM_2D_Learn/SLAM_2D_Learn/src/leo_explore': DEBUGINFOD_URLS=https://debuginfod.ubuntu.com PYTHONPATH=/home/yht/SLAM_2D_Learn/SLAM_2D_Learn/build/leo_explore/prefix_override:/usr/lib/python3/dist-packages/colcon_core/task/python/colcon_distutils_commands:/home/yht/SLAM_2D_Learn/SLAM_2D_Learn/install/leo_explore/lib/python3.12/site-packages:${PYTHONPATH} /usr/bin/python3 -W ignore:setup.py install is deprecated -W ignore:easy_install command is deprecated setup.py egg_info --egg-base ../../build/leo_explore build --build-base /home/yht/SLAM_2D_Learn/SLAM_2D_Learn/build/leo_explore/build install --record /home/yht/SLAM_2D_Learn/SLAM_2D_Learn/build/leo_explore/install.log --single-version-externally-managed install_data
[1.912s] DEBUG:colcon.colcon_core.event_handler.log_command:Invoking command in '/home/yht/SLAM_2D_Learn/SLAM_2D_Learn/src/ros_basics': DEBUGINFOD_URLS=https://debuginfod.ubuntu.com PYTHONPATH=/home/yht/SLAM_2D_Learn/SLAM_2D_Learn/build/ros_basics/prefix_override:/usr/lib/python3/dist-packages/colcon_core/task/python/colcon_distutils_commands:/home/yht/SLAM_2D_Learn/SLAM_2D_Learn/install/ros_basics/lib/python3.12/site-packages:${PYTHONPATH} /usr/bin/python3 -W ignore:setup.py install is deprecated -W ignore:easy_install command is deprecated setup.py egg_info --egg-base ../../build/ros_basics build --build-base /home/yht/SLAM_2D_Learn/SLAM_2D_Learn/build/ros_basics/build install --record /home/yht/SLAM_2D_Learn/SLAM_2D_Learn/build/ros_basics/install.log --single-version-externally-managed install_data
[1.914s] DEBUG:colcon.colcon_core.event_handler.log_command:Invoking command in '/home/yht/SLAM_2D_Learn/SLAM_2D_Learn/src/Lslidar_ROS2_main/lslidar_catorgrapher': DEBUGINFOD_URLS=https://debuginfod.ubuntu.com PYTHONPATH=/home/yht/SLAM_2D_Learn/SLAM_2D_Learn/build/lslidar_catorgrapher/prefix_override:/usr/lib/python3/dist-packages/colcon_core/task/python/colcon_distutils_commands:/home/yht/SLAM_2D_Learn/SLAM_2D_Learn/install/lslidar_catorgrapher/lib/python3.12/site-packages:${PYTHONPATH} /usr/bin/python3 -W ignore:setup.py install is deprecated -W ignore:easy_install command is deprecated setup.py egg_info --egg-base ../../../build/lslidar_catorgrapher build --build-base /home/yht/SLAM_2D_Learn/SLAM_2D_Learn/build/lslidar_catorgrapher/build install --record /home/yht/SLAM_2D_Learn/SLAM_2D_Learn/build/lslidar_catorgrapher/install.log --single-version-externally-managed install_data
[1.917s] DEBUG:colcon.colcon_core.event_handler.log_command:Invoking command in '/home/yht/SLAM_2D_Learn/SLAM_2D_Learn/src/Lslidar_ROS2_main/lslidar_slam': DEBUGINFOD_URLS=https://debuginfod.ubuntu.com PYTHONPATH=/home/yht/SLAM_2D_Learn/SLAM_2D_Learn/build/lslidar_slam/prefix_override:/usr/lib/python3/dist-packages/colcon_core/task/python/colcon_distutils_commands:/home/yht/SLAM_2D_Learn/SLAM_2D_Learn/install/lslidar_slam/lib/python3.12/site-packages:${PYTHONPATH} /usr/bin/python3 -W ignore:setup.py install is deprecated -W ignore:easy_install command is deprecated setup.py egg_info --egg-base ../../../build/lslidar_slam build --build-base /home/yht/SLAM_2D_Learn/SLAM_2D_Learn/build/lslidar_slam/build install --record /home/yht/SLAM_2D_Learn/SLAM_2D_Learn/build/lslidar_slam/install.log --single-version-externally-managed install_data
[2.504s] Level 1:colcon.colcon_core.environment:checking '/home/yht/SLAM_2D_Learn/SLAM_2D_Learn/install/leo_explore' for CMake module files
[2.505s] DEBUG:colcon.colcon_core.event_handler.log_command:Invoked command in '/home/yht/SLAM_2D_Learn/SLAM_2D_Learn/src/leo_explore' returned '0': DEBUGINFOD_URLS=https://debuginfod.ubuntu.com PYTHONPATH=/home/yht/SLAM_2D_Learn/SLAM_2D_Learn/build/leo_explore/prefix_override:/usr/lib/python3/dist-packages/colcon_core/task/python/colcon_distutils_commands:/home/yht/SLAM_2D_Learn/SLAM_2D_Learn/install/leo_explore/lib/python3.12/site-packages:${PYTHONPATH} /usr/bin/python3 -W ignore:setup.py install is deprecated -W ignore:easy_install command is deprecated setup.py egg_info --egg-base ../../build/leo_explore build --build-base /home/yht/SLAM_2D_Learn/SLAM_2D_Learn/build/leo_explore/build install --record /home/yht/SLAM_2D_Learn/SLAM_2D_Learn/build/leo_explore/install.log --single-version-externally-managed install_data
[2.506s] Level 1:colcon.colcon_core.environment:checking '/home/yht/SLAM_2D_Learn/SLAM_2D_Learn/install/leo_explore' for CMake config files
[2.507s] Level 1:colcon.colcon_core.environment:checking '/home/yht/SLAM_2D_Learn/SLAM_2D_Learn/install/leo_explore/lib'
[2.507s] Level 1:colcon.colcon_core.environment:checking '/home/yht/SLAM_2D_Learn/SLAM_2D_Learn/install/leo_explore/bin'
[2.507s] Level 1:colcon.colcon_core.environment:checking '/home/yht/SLAM_2D_Learn/SLAM_2D_Learn/install/leo_explore/lib/pkgconfig/leo_explore.pc'
[2.507s] Level 1:colcon.colcon_core.environment:checking '/home/yht/SLAM_2D_Learn/SLAM_2D_Learn/install/leo_explore/lib/python3.12/site-packages'
[2.508s] Level 1:colcon.colcon_core.shell:create_environment_hook('leo_explore', 'pythonpath')
[2.508s] INFO:colcon.colcon_core.shell:Creating environment hook '/home/yht/SLAM_2D_Learn/SLAM_2D_Learn/install/leo_explore/share/leo_explore/hook/pythonpath.ps1'
[2.509s] INFO:colcon.colcon_core.shell:Creating environment descriptor '/home/yht/SLAM_2D_Learn/SLAM_2D_Learn/install/leo_explore/share/leo_explore/hook/pythonpath.dsv'
[2.509s] INFO:colcon.colcon_core.shell:Creating environment hook '/home/yht/SLAM_2D_Learn/SLAM_2D_Learn/install/leo_explore/share/leo_explore/hook/pythonpath.sh'
[2.510s] Level 1:colcon.colcon_core.environment:checking '/home/yht/SLAM_2D_Learn/SLAM_2D_Learn/install/leo_explore/bin'
[2.511s] Level 1:colcon.colcon_core.environment:create_environment_scripts_only(leo_explore)
[2.511s] INFO:colcon.colcon_core.shell:Creating package script '/home/yht/SLAM_2D_Learn/SLAM_2D_Learn/install/leo_explore/share/leo_explore/package.ps1'
[2.511s] INFO:colcon.colcon_core.shell:Creating package descriptor '/home/yht/SLAM_2D_Learn/SLAM_2D_Learn/install/leo_explore/share/leo_explore/package.dsv'
[2.512s] INFO:colcon.colcon_core.shell:Creating package script '/home/yht/SLAM_2D_Learn/SLAM_2D_Learn/install/leo_explore/share/leo_explore/package.sh'
[2.512s] INFO:colcon.colcon_core.shell:Creating package script '/home/yht/SLAM_2D_Learn/SLAM_2D_Learn/install/leo_explore/share/leo_explore/package.bash'
[2.512s] INFO:colcon.colcon_core.shell:Creating package script '/home/yht/SLAM_2D_Learn/SLAM_2D_Learn/install/leo_explore/share/leo_explore/package.zsh'
[2.513s] Level 1:colcon.colcon_core.environment:create_file_with_runtime_dependencies(/home/yht/SLAM_2D_Learn/SLAM_2D_Learn/install/leo_explore/share/colcon-core/packages/leo_explore)
[2.515s] Level 1:colcon.colcon_core.environment:checking '/home/yht/SLAM_2D_Learn/SLAM_2D_Learn/install/ros_basics' for CMake module files
[2.517s] DEBUG:colcon.colcon_core.event_handler.log_command:Invoked command in '/home/yht/SLAM_2D_Learn/SLAM_2D_Learn/src/ros_basics' returned '0': DEBUGINFOD_URLS=https://debuginfod.ubuntu.com PYTHONPATH=/home/yht/SLAM_2D_Learn/SLAM_2D_Learn/build/ros_basics/prefix_override:/usr/lib/python3/dist-packages/colcon_core/task/python/colcon_distutils_commands:/home/yht/SLAM_2D_Learn/SLAM_2D_Learn/install/ros_basics/lib/python3.12/site-packages:${PYTHONPATH} /usr/bin/python3 -W ignore:setup.py install is deprecated -W ignore:easy_install command is deprecated setup.py egg_info --egg-base ../../build/ros_basics build --build-base /home/yht/SLAM_2D_Learn/SLAM_2D_Learn/build/ros_basics/build install --record /home/yht/SLAM_2D_Learn/SLAM_2D_Learn/build/ros_basics/install.log --single-version-externally-managed install_data
[2.517s] Level 1:colcon.colcon_core.environment:checking '/home/yht/SLAM_2D_Learn/SLAM_2D_Learn/install/ros_basics' for CMake config files
[2.518s] Level 1:colcon.colcon_core.environment:checking '/home/yht/SLAM_2D_Learn/SLAM_2D_Learn/install/ros_basics/lib'
[2.518s] Level 1:colcon.colcon_core.environment:checking '/home/yht/SLAM_2D_Learn/SLAM_2D_Learn/install/ros_basics/bin'
[2.518s] Level 1:colcon.colcon_core.environment:checking '/home/yht/SLAM_2D_Learn/SLAM_2D_Learn/install/ros_basics/lib/pkgconfig/ros_basics.pc'
[2.518s] Level 1:colcon.colcon_core.environment:checking '/home/yht/SLAM_2D_Learn/SLAM_2D_Learn/install/ros_basics/lib/python3.12/site-packages'
[2.518s] Level 1:colcon.colcon_core.shell:create_environment_hook('ros_basics', 'pythonpath')
[2.518s] INFO:colcon.colcon_core.shell:Creating environment hook '/home/yht/SLAM_2D_Learn/SLAM_2D_Learn/install/ros_basics/share/ros_basics/hook/pythonpath.ps1'
[2.519s] INFO:colcon.colcon_core.shell:Creating environment descriptor '/home/yht/SLAM_2D_Learn/SLAM_2D_Learn/install/ros_basics/share/ros_basics/hook/pythonpath.dsv'
[2.519s] INFO:colcon.colcon_core.shell:Creating environment hook '/home/yht/SLAM_2D_Learn/SLAM_2D_Learn/install/ros_basics/share/ros_basics/hook/pythonpath.sh'
[2.520s] Level 1:colcon.colcon_core.environment:checking '/home/yht/SLAM_2D_Learn/SLAM_2D_Learn/install/ros_basics/bin'
[2.520s] Level 1:colcon.colcon_core.environment:create_environment_scripts_only(ros_basics)
[2.520s] INFO:colcon.colcon_core.shell:Creating package script '/home/yht/SLAM_2D_Learn/SLAM_2D_Learn/install/ros_basics/share/ros_basics/package.ps1'
[2.520s] INFO:colcon.colcon_core.shell:Creating package descriptor '/home/yht/SLAM_2D_Learn/SLAM_2D_Learn/install/ros_basics/share/ros_basics/package.dsv'
[2.521s] INFO:colcon.colcon_core.shell:Creating package script '/home/yht/SLAM_2D_Learn/SLAM_2D_Learn/install/ros_basics/share/ros_basics/package.sh'
[2.521s] INFO:colcon.colcon_core.shell:Creating package script '/home/yht/SLAM_2D_Learn/SLAM_2D_Learn/install/ros_basics/share/ros_basics/package.bash'
[2.521s] INFO:colcon.colcon_core.shell:Creating package script '/home/yht/SLAM_2D_Learn/SLAM_2D_Learn/install/ros_basics/share/ros_basics/package.zsh'
[2.522s] Level 1:colcon.colcon_core.environment:create_file_with_runtime_dependencies(/home/yht/SLAM_2D_Learn/SLAM_2D_Learn/install/ros_basics/share/colcon-core/packages/ros_basics)
[2.522s] Level 1:colcon.colcon_core.environment:checking '/home/yht/SLAM_2D_Learn/SLAM_2D_Learn/install/lslidar_catorgrapher' for CMake module files
[2.523s] DEBUG:colcon.colcon_core.event_handler.log_command:Invoked command in '/home/yht/SLAM_2D_Learn/SLAM_2D_Learn/src/Lslidar_ROS2_main/lslidar_catorgrapher' returned '0': DEBUGINFOD_URLS=https://debuginfod.ubuntu.com PYTHONPATH=/home/yht/SLAM_2D_Learn/SLAM_2D_Learn/build/lslidar_catorgrapher/prefix_override:/usr/lib/python3/dist-packages/colcon_core/task/python/colcon_distutils_commands:/home/yht/SLAM_2D_Learn/SLAM_2D_Learn/install/lslidar_catorgrapher/lib/python3.12/site-packages:${PYTHONPATH} /usr/bin/python3 -W ignore:setup.py install is deprecated -W ignore:easy_install command is deprecated setup.py egg_info --egg-base ../../../build/lslidar_catorgrapher build --build-base /home/yht/SLAM_2D_Learn/SLAM_2D_Learn/build/lslidar_catorgrapher/build install --record /home/yht/SLAM_2D_Learn/SLAM_2D_Learn/build/lslidar_catorgrapher/install.log --single-version-externally-managed install_data
[2.523s] Level 1:colcon.colcon_core.environment:checking '/home/yht/SLAM_2D_Learn/SLAM_2D_Learn/install/lslidar_catorgrapher' for CMake config files
[2.524s] Level 1:colcon.colcon_core.environment:checking '/home/yht/SLAM_2D_Learn/SLAM_2D_Learn/install/lslidar_catorgrapher/lib'
[2.524s] Level 1:colcon.colcon_core.environment:checking '/home/yht/SLAM_2D_Learn/SLAM_2D_Learn/install/lslidar_catorgrapher/bin'
[2.525s] Level 1:colcon.colcon_core.environment:checking '/home/yht/SLAM_2D_Learn/SLAM_2D_Learn/install/lslidar_catorgrapher/lib/pkgconfig/lslidar_catorgrapher.pc'
[2.525s] Level 1:colcon.colcon_core.environment:checking '/home/yht/SLAM_2D_Learn/SLAM_2D_Learn/install/lslidar_catorgrapher/lib/python3.12/site-packages'
[2.525s] Level 1:colcon.colcon_core.shell:create_environment_hook('lslidar_catorgrapher', 'pythonpath')
[2.525s] INFO:colcon.colcon_core.shell:Creating environment hook '/home/yht/SLAM_2D_Learn/SLAM_2D_Learn/install/lslidar_catorgrapher/share/lslidar_catorgrapher/hook/pythonpath.ps1'
[2.526s] INFO:colcon.colcon_core.shell:Creating environment descriptor '/home/yht/SLAM_2D_Learn/SLAM_2D_Learn/install/lslidar_catorgrapher/share/lslidar_catorgrapher/hook/pythonpath.dsv'
[2.527s] INFO:colcon.colcon_core.shell:Creating environment hook '/home/yht/SLAM_2D_Learn/SLAM_2D_Learn/install/lslidar_catorgrapher/share/lslidar_catorgrapher/hook/pythonpath.sh'
[2.528s] Level 1:colcon.colcon_core.environment:checking '/home/yht/SLAM_2D_Learn/SLAM_2D_Learn/install/lslidar_catorgrapher/bin'
[2.528s] Level 1:colcon.colcon_core.environment:create_environment_scripts_only(lslidar_catorgrapher)
[2.528s] INFO:colcon.colcon_core.shell:Creating package script '/home/yht/SLAM_2D_Learn/SLAM_2D_Learn/install/lslidar_catorgrapher/share/lslidar_catorgrapher/package.ps1'
[2.529s] INFO:colcon.colcon_core.shell:Creating package descriptor '/home/yht/SLAM_2D_Learn/SLAM_2D_Learn/install/lslidar_catorgrapher/share/lslidar_catorgrapher/package.dsv'
[2.530s] INFO:colcon.colcon_core.shell:Creating package script '/home/yht/SLAM_2D_Learn/SLAM_2D_Learn/install/lslidar_catorgrapher/share/lslidar_catorgrapher/package.sh'
[2.530s] INFO:colcon.colcon_core.shell:Creating package script '/home/yht/SLAM_2D_Learn/SLAM_2D_Learn/install/lslidar_catorgrapher/share/lslidar_catorgrapher/package.bash'
[2.531s] INFO:colcon.colcon_core.shell:Creating package script '/home/yht/SLAM_2D_Learn/SLAM_2D_Learn/install/lslidar_catorgrapher/share/lslidar_catorgrapher/package.zsh'
[2.531s] Level 1:colcon.colcon_core.environment:create_file_with_runtime_dependencies(/home/yht/SLAM_2D_Learn/SLAM_2D_Learn/install/lslidar_catorgrapher/share/colcon-core/packages/lslidar_catorgrapher)
[2.532s] Level 1:colcon.colcon_core.environment:checking '/home/yht/SLAM_2D_Learn/SLAM_2D_Learn/install/lslidar_slam' for CMake module files
[2.533s] DEBUG:colcon.colcon_core.event_handler.log_command:Invoked command in '/home/yht/SLAM_2D_Learn/SLAM_2D_Learn/src/Lslidar_ROS2_main/lslidar_slam' returned '0': DEBUGINFOD_URLS=https://debuginfod.ubuntu.com PYTHONPATH=/home/yht/SLAM_2D_Learn/SLAM_2D_Learn/build/lslidar_slam/prefix_override:/usr/lib/python3/dist-packages/colcon_core/task/python/colcon_distutils_commands:/home/yht/SLAM_2D_Learn/SLAM_2D_Learn/install/lslidar_slam/lib/python3.12/site-packages:${PYTHONPATH} /usr/bin/python3 -W ignore:setup.py install is deprecated -W ignore:easy_install command is deprecated setup.py egg_info --egg-base ../../../build/lslidar_slam build --build-base /home/yht/SLAM_2D_Learn/SLAM_2D_Learn/build/lslidar_slam/build install --record /home/yht/SLAM_2D_Learn/SLAM_2D_Learn/build/lslidar_slam/install.log --single-version-externally-managed install_data
[2.533s] Level 1:colcon.colcon_core.environment:checking '/home/yht/SLAM_2D_Learn/SLAM_2D_Learn/install/lslidar_slam' for CMake config files
[2.534s] Level 1:colcon.colcon_core.environment:checking '/home/yht/SLAM_2D_Learn/SLAM_2D_Learn/install/lslidar_slam/lib'
[2.534s] Level 1:colcon.colcon_core.environment:checking '/home/yht/SLAM_2D_Learn/SLAM_2D_Learn/install/lslidar_slam/bin'
[2.534s] Level 1:colcon.colcon_core.environment:checking '/home/yht/SLAM_2D_Learn/SLAM_2D_Learn/install/lslidar_slam/lib/pkgconfig/lslidar_slam.pc'
[2.535s] Level 1:colcon.colcon_core.environment:checking '/home/yht/SLAM_2D_Learn/SLAM_2D_Learn/install/lslidar_slam/lib/python3.12/site-packages'
[2.535s] Level 1:colcon.colcon_core.shell:create_environment_hook('lslidar_slam', 'pythonpath')
[2.535s] INFO:colcon.colcon_core.shell:Creating environment hook '/home/yht/SLAM_2D_Learn/SLAM_2D_Learn/install/lslidar_slam/share/lslidar_slam/hook/pythonpath.ps1'
[2.535s] INFO:colcon.colcon_core.shell:Creating environment descriptor '/home/yht/SLAM_2D_Learn/SLAM_2D_Learn/install/lslidar_slam/share/lslidar_slam/hook/pythonpath.dsv'
[2.536s] INFO:colcon.colcon_core.shell:Creating environment hook '/home/yht/SLAM_2D_Learn/SLAM_2D_Learn/install/lslidar_slam/share/lslidar_slam/hook/pythonpath.sh'
[2.537s] Level 1:colcon.colcon_core.environment:checking '/home/yht/SLAM_2D_Learn/SLAM_2D_Learn/install/lslidar_slam/bin'
[2.537s] Level 1:colcon.colcon_core.environment:create_environment_scripts_only(lslidar_slam)
[2.537s] INFO:colcon.colcon_core.shell:Creating package script '/home/yht/SLAM_2D_Learn/SLAM_2D_Learn/install/lslidar_slam/share/lslidar_slam/package.ps1'
[2.537s] INFO:colcon.colcon_core.shell:Creating package descriptor '/home/yht/SLAM_2D_Learn/SLAM_2D_Learn/install/lslidar_slam/share/lslidar_slam/package.dsv'
[2.538s] INFO:colcon.colcon_core.shell:Creating package script '/home/yht/SLAM_2D_Learn/SLAM_2D_Learn/install/lslidar_slam/share/lslidar_slam/package.sh'
[2.538s] INFO:colcon.colcon_core.shell:Creating package script '/home/yht/SLAM_2D_Learn/SLAM_2D_Learn/install/lslidar_slam/share/lslidar_slam/package.bash'
[2.539s] INFO:colcon.colcon_core.shell:Creating package script '/home/yht/SLAM_2D_Learn/SLAM_2D_Learn/install/lslidar_slam/share/lslidar_slam/package.zsh'
[2.539s] Level 1:colcon.colcon_core.environment:create_file_with_runtime_dependencies(/home/yht/SLAM_2D_Learn/SLAM_2D_Learn/install/lslidar_slam/share/colcon-core/packages/lslidar_slam)
[2.540s] DEBUG:colcon.colcon_parallel_executor.executor.parallel:closing loop
[2.540s] DEBUG:colcon.colcon_parallel_executor.executor.parallel:loop closed
[2.540s] DEBUG:colcon.colcon_parallel_executor.executor.parallel:run_until_complete finished with '0'
[2.540s] DEBUG:colcon.colcon_core.event_reactor:joining thread
[2.548s] INFO:colcon.colcon_core.plugin_system:Skipping extension 'colcon_notification.desktop_notification.terminal_notifier': Not used on non-Darwin systems
[2.548s] INFO:colcon.colcon_core.plugin_system:Skipping extension 'colcon_notification.desktop_notification.win32': Not used on non-Windows systems
[2.548s] INFO:colcon.colcon_notification.desktop_notification:Sending desktop notification using 'notify2'
[2.565s] DEBUG:colcon.colcon_core.event_reactor:joined thread
[2.566s] INFO:colcon.colcon_core.shell:Creating prefix script '/home/yht/SLAM_2D_Learn/SLAM_2D_Learn/install/local_setup.ps1'
[2.567s] INFO:colcon.colcon_core.shell:Creating prefix util module '/home/yht/SLAM_2D_Learn/SLAM_2D_Learn/install/_local_setup_util_ps1.py'
[2.568s] INFO:colcon.colcon_core.shell:Creating prefix chain script '/home/yht/SLAM_2D_Learn/SLAM_2D_Learn/install/setup.ps1'
[2.569s] INFO:colcon.colcon_core.shell:Creating prefix script '/home/yht/SLAM_2D_Learn/SLAM_2D_Learn/install/local_setup.sh'
[2.570s] INFO:colcon.colcon_core.shell:Creating prefix util module '/home/yht/SLAM_2D_Learn/SLAM_2D_Learn/install/_local_setup_util_sh.py'
[2.571s] INFO:colcon.colcon_core.shell:Creating prefix chain script '/home/yht/SLAM_2D_Learn/SLAM_2D_Learn/install/setup.sh'
[2.572s] INFO:colcon.colcon_core.shell:Creating prefix script '/home/yht/SLAM_2D_Learn/SLAM_2D_Learn/install/local_setup.bash'
[2.573s] INFO:colcon.colcon_core.shell:Creating prefix chain script '/home/yht/SLAM_2D_Learn/SLAM_2D_Learn/install/setup.bash'
[2.574s] INFO:colcon.colcon_core.shell:Creating prefix script '/home/yht/SLAM_2D_Learn/SLAM_2D_Learn/install/local_setup.zsh'
[2.574s] INFO:colcon.colcon_core.shell:Creating prefix chain script '/home/yht/SLAM_2D_Learn/SLAM_2D_Learn/install/setup.zsh'
