[0.317s] Invoking command in '/home/yht/SLAM_2D_Learn/SLAM_2D_Learn/build/leo_nav': CMAKE_PREFIX_PATH=${CMAKE_PREFIX_PATH}:/opt/ros/jazzy DEBUGINFOD_URLS=https://debuginfod.ubuntu.com /usr/bin/cmake --build /home/yht/SLAM_2D_Learn/SLAM_2D_Learn/build/leo_nav -- -j32 -l32
[0.761s] Invoked command in '/home/yht/SLAM_2D_Learn/SLAM_2D_Learn/build/leo_nav' returned '0': CMAKE_PREFIX_PATH=${CMAKE_PREFIX_PATH}:/opt/ros/jazzy DEBUGINFOD_URLS=https://debuginfod.ubuntu.com /usr/bin/cmake --build /home/yht/SLAM_2D_Learn/SLAM_2D_Learn/build/leo_nav -- -j32 -l32
[0.771s] Invoking command in '/home/yht/SLAM_2D_Learn/SLAM_2D_Learn/build/leo_nav': CMAKE_PREFIX_PATH=${CMAKE_PREFIX_PATH}:/opt/ros/jazzy DEBUGINFOD_URLS=https://debuginfod.ubuntu.com /usr/bin/cmake --install /home/yht/SLAM_2D_Learn/SLAM_2D_Learn/build/leo_nav
[0.779s] -- Install configuration: ""
[0.780s] -- Up-to-date: /home/yht/SLAM_2D_Learn/SLAM_2D_Learn/install/leo_nav/share/leo_nav/config
[0.780s] -- Up-to-date: /home/yht/SLAM_2D_Learn/SLAM_2D_Learn/install/leo_nav/share/leo_nav/config/navigation_stereo_camera.yaml
[0.780s] -- Up-to-date: /home/yht/SLAM_2D_Learn/SLAM_2D_Learn/install/leo_nav/share/leo_nav/config/navigation.yaml
[0.780s] -- Up-to-date: /home/yht/SLAM_2D_Learn/SLAM_2D_Learn/install/leo_nav/share/leo_nav/config/amcl.yaml
[0.780s] -- Up-to-date: /home/yht/SLAM_2D_Learn/SLAM_2D_Learn/install/leo_nav/share/leo_nav/config/slam_toolbox.yaml
[0.780s] -- Up-to-date: /home/yht/SLAM_2D_Learn/SLAM_2D_Learn/install/leo_nav/share/leo_nav/config/behavior_trees
[0.780s] -- Up-to-date: /home/yht/SLAM_2D_Learn/SLAM_2D_Learn/install/leo_nav/share/leo_nav/config/behavior_trees/navigate_w_replanning_time.xml
[0.780s] -- Up-to-date: /home/yht/SLAM_2D_Learn/SLAM_2D_Learn/install/leo_nav/share/leo_nav/launch
[0.781s] -- Up-to-date: /home/yht/SLAM_2D_Learn/SLAM_2D_Learn/install/leo_nav/share/leo_nav/launch/amcl.launch.py
[0.781s] -- Up-to-date: /home/yht/SLAM_2D_Learn/SLAM_2D_Learn/install/leo_nav/share/leo_nav/launch/navigation.launch.xml
[0.781s] -- Up-to-date: /home/yht/SLAM_2D_Learn/SLAM_2D_Learn/install/leo_nav/share/leo_nav/launch/slam_toolbox.launch.py
[0.781s] -- Up-to-date: /home/yht/SLAM_2D_Learn/SLAM_2D_Learn/install/leo_nav/share/leo_nav/maps
[0.781s] -- Up-to-date: /home/yht/SLAM_2D_Learn/SLAM_2D_Learn/install/leo_nav/share/leo_nav/maps/empty_map.pgm
[0.781s] -- Up-to-date: /home/yht/SLAM_2D_Learn/SLAM_2D_Learn/install/leo_nav/share/leo_nav/maps/empty_map.yaml
[0.781s] -- Up-to-date: /home/yht/SLAM_2D_Learn/SLAM_2D_Learn/install/leo_nav/share/ament_index/resource_index/package_run_dependencies/leo_nav
[0.781s] -- Up-to-date: /home/yht/SLAM_2D_Learn/SLAM_2D_Learn/install/leo_nav/share/ament_index/resource_index/parent_prefix_path/leo_nav
[0.781s] -- Up-to-date: /home/yht/SLAM_2D_Learn/SLAM_2D_Learn/install/leo_nav/share/leo_nav/environment/ament_prefix_path.sh
[0.781s] -- Up-to-date: /home/yht/SLAM_2D_Learn/SLAM_2D_Learn/install/leo_nav/share/leo_nav/environment/ament_prefix_path.dsv
[0.781s] -- Up-to-date: /home/yht/SLAM_2D_Learn/SLAM_2D_Learn/install/leo_nav/share/leo_nav/environment/path.sh
[0.781s] -- Up-to-date: /home/yht/SLAM_2D_Learn/SLAM_2D_Learn/install/leo_nav/share/leo_nav/environment/path.dsv
[0.781s] -- Up-to-date: /home/yht/SLAM_2D_Learn/SLAM_2D_Learn/install/leo_nav/share/leo_nav/local_setup.bash
[0.781s] -- Up-to-date: /home/yht/SLAM_2D_Learn/SLAM_2D_Learn/install/leo_nav/share/leo_nav/local_setup.sh
[0.781s] -- Up-to-date: /home/yht/SLAM_2D_Learn/SLAM_2D_Learn/install/leo_nav/share/leo_nav/local_setup.zsh
[0.781s] -- Up-to-date: /home/yht/SLAM_2D_Learn/SLAM_2D_Learn/install/leo_nav/share/leo_nav/local_setup.dsv
[0.781s] -- Up-to-date: /home/yht/SLAM_2D_Learn/SLAM_2D_Learn/install/leo_nav/share/leo_nav/package.dsv
[0.782s] -- Up-to-date: /home/yht/SLAM_2D_Learn/SLAM_2D_Learn/install/leo_nav/share/ament_index/resource_index/packages/leo_nav
[0.782s] -- Up-to-date: /home/yht/SLAM_2D_Learn/SLAM_2D_Learn/install/leo_nav/share/leo_nav/cmake/leo_navConfig.cmake
[0.782s] -- Up-to-date: /home/yht/SLAM_2D_Learn/SLAM_2D_Learn/install/leo_nav/share/leo_nav/cmake/leo_navConfig-version.cmake
[0.782s] -- Up-to-date: /home/yht/SLAM_2D_Learn/SLAM_2D_Learn/install/leo_nav/share/leo_nav/package.xml
[0.782s] Invoked command in '/home/yht/SLAM_2D_Learn/SLAM_2D_Learn/build/leo_nav' returned '0': CMAKE_PREFIX_PATH=${CMAKE_PREFIX_PATH}:/opt/ros/jazzy DEBUGINFOD_URLS=https://debuginfod.ubuntu.com /usr/bin/cmake --install /home/yht/SLAM_2D_Learn/SLAM_2D_Learn/build/leo_nav
