running egg_info
creating ../../build/leo_explore/leo_explore.egg-info
writing ../../build/leo_explore/leo_explore.egg-info/PKG-INFO
writing dependency_links to ../../build/leo_explore/leo_explore.egg-info/dependency_links.txt
writing entry points to ../../build/leo_explore/leo_explore.egg-info/entry_points.txt
writing requirements to ../../build/leo_explore/leo_explore.egg-info/requires.txt
writing top-level names to ../../build/leo_explore/leo_explore.egg-info/top_level.txt
writing manifest file '../../build/leo_explore/leo_explore.egg-info/SOURCES.txt'
reading manifest file '../../build/leo_explore/leo_explore.egg-info/SOURCES.txt'
writing manifest file '../../build/leo_explore/leo_explore.egg-info/SOURCES.txt'
running build
running build_py
creating /home/yht/SLAM_2D_Learn/SLAM_2D_Learn/build/leo_explore/build
creating /home/yht/SLAM_2D_Learn/SLAM_2D_Learn/build/leo_explore/build/lib
creating /home/yht/SLAM_2D_Learn/SLAM_2D_Learn/build/leo_explore/build/lib/leo_explore
copying leo_explore/__init__.py -> /home/yht/SLAM_2D_Learn/SLAM_2D_Learn/build/leo_explore/build/lib/leo_explore
copying leo_explore/wander.py -> /home/yht/SLAM_2D_Learn/SLAM_2D_Learn/build/leo_explore/build/lib/leo_explore
running install
running install_lib
creating /home/yht/SLAM_2D_Learn/SLAM_2D_Learn/install/leo_explore/lib/python3.12/site-packages/leo_explore
copying /home/yht/SLAM_2D_Learn/SLAM_2D_Learn/build/leo_explore/build/lib/leo_explore/__init__.py -> /home/yht/SLAM_2D_Learn/SLAM_2D_Learn/install/leo_explore/lib/python3.12/site-packages/leo_explore
copying /home/yht/SLAM_2D_Learn/SLAM_2D_Learn/build/leo_explore/build/lib/leo_explore/wander.py -> /home/yht/SLAM_2D_Learn/SLAM_2D_Learn/install/leo_explore/lib/python3.12/site-packages/leo_explore
byte-compiling /home/yht/SLAM_2D_Learn/SLAM_2D_Learn/install/leo_explore/lib/python3.12/site-packages/leo_explore/__init__.py to __init__.cpython-312.pyc
byte-compiling /home/yht/SLAM_2D_Learn/SLAM_2D_Learn/install/leo_explore/lib/python3.12/site-packages/leo_explore/wander.py to wander.cpython-312.pyc
running install_data
creating /home/yht/SLAM_2D_Learn/SLAM_2D_Learn/install/leo_explore/share/ament_index
creating /home/yht/SLAM_2D_Learn/SLAM_2D_Learn/install/leo_explore/share/ament_index/resource_index
creating /home/yht/SLAM_2D_Learn/SLAM_2D_Learn/install/leo_explore/share/ament_index/resource_index/packages
copying resource/leo_explore -> /home/yht/SLAM_2D_Learn/SLAM_2D_Learn/install/leo_explore/share/ament_index/resource_index/packages
copying package.xml -> /home/yht/SLAM_2D_Learn/SLAM_2D_Learn/install/leo_explore/share/leo_explore
creating /home/yht/SLAM_2D_Learn/SLAM_2D_Learn/install/leo_explore/share/leo_explore/launch
copying launch/auto_slam_wander.launch.py -> /home/yht/SLAM_2D_Learn/SLAM_2D_Learn/install/leo_explore/share/leo_explore/launch
running install_egg_info
Copying ../../build/leo_explore/leo_explore.egg-info to /home/yht/SLAM_2D_Learn/SLAM_2D_Learn/install/leo_explore/lib/python3.12/site-packages/leo_explore-0.0.0-py3.12.egg-info
running install_scripts
Installing wander script to /home/yht/SLAM_2D_Learn/SLAM_2D_Learn/install/leo_explore/lib/leo_explore
writing list of installed files to '/home/yht/SLAM_2D_Learn/SLAM_2D_Learn/build/leo_explore/install.log'
