[1.676s] Invoking command in '/home/yht/SLAM_2D_Learn/SLAM_2D_Learn/src/leo_explore': DEBUGINFOD_URLS=https://debuginfod.ubuntu.com PYTHONPATH=/home/yht/SLAM_2D_Learn/SLAM_2D_Learn/build/leo_explore/prefix_override:/usr/lib/python3/dist-packages/colcon_core/task/python/colcon_distutils_commands:/home/yht/SLAM_2D_Learn/SLAM_2D_Learn/install/leo_explore/lib/python3.12/site-packages:${PYTHONPATH} /usr/bin/python3 -W ignore:setup.py install is deprecated -W ignore:easy_install command is deprecated setup.py egg_info --egg-base ../../build/leo_explore build --build-base /home/yht/SLAM_2D_Learn/SLAM_2D_Learn/build/leo_explore/build install --record /home/yht/SLAM_2D_Learn/SLAM_2D_Learn/build/leo_explore/install.log --single-version-externally-managed install_data
[1.981s] running egg_info
[1.981s] creating ../../build/leo_explore/leo_explore.egg-info
[2.002s] writing ../../build/leo_explore/leo_explore.egg-info/PKG-INFO
[2.003s] writing dependency_links to ../../build/leo_explore/leo_explore.egg-info/dependency_links.txt
[2.003s] writing entry points to ../../build/leo_explore/leo_explore.egg-info/entry_points.txt
[2.003s] writing requirements to ../../build/leo_explore/leo_explore.egg-info/requires.txt
[2.004s] writing top-level names to ../../build/leo_explore/leo_explore.egg-info/top_level.txt
[2.004s] writing manifest file '../../build/leo_explore/leo_explore.egg-info/SOURCES.txt'
[2.046s] reading manifest file '../../build/leo_explore/leo_explore.egg-info/SOURCES.txt'
[2.046s] writing manifest file '../../build/leo_explore/leo_explore.egg-info/SOURCES.txt'
[2.047s] running build
[2.047s] running build_py
[2.047s] creating /home/yht/SLAM_2D_Learn/SLAM_2D_Learn/build/leo_explore/build
[2.047s] creating /home/yht/SLAM_2D_Learn/SLAM_2D_Learn/build/leo_explore/build/lib
[2.048s] creating /home/yht/SLAM_2D_Learn/SLAM_2D_Learn/build/leo_explore/build/lib/leo_explore
[2.048s] copying leo_explore/__init__.py -> /home/yht/SLAM_2D_Learn/SLAM_2D_Learn/build/leo_explore/build/lib/leo_explore
[2.048s] copying leo_explore/wander.py -> /home/yht/SLAM_2D_Learn/SLAM_2D_Learn/build/leo_explore/build/lib/leo_explore
[2.048s] running install
[2.054s] running install_lib
[2.076s] creating /home/yht/SLAM_2D_Learn/SLAM_2D_Learn/install/leo_explore/lib/python3.12/site-packages/leo_explore
[2.076s] copying /home/yht/SLAM_2D_Learn/SLAM_2D_Learn/build/leo_explore/build/lib/leo_explore/__init__.py -> /home/yht/SLAM_2D_Learn/SLAM_2D_Learn/install/leo_explore/lib/python3.12/site-packages/leo_explore
[2.076s] copying /home/yht/SLAM_2D_Learn/SLAM_2D_Learn/build/leo_explore/build/lib/leo_explore/wander.py -> /home/yht/SLAM_2D_Learn/SLAM_2D_Learn/install/leo_explore/lib/python3.12/site-packages/leo_explore
[2.077s] byte-compiling /home/yht/SLAM_2D_Learn/SLAM_2D_Learn/install/leo_explore/lib/python3.12/site-packages/leo_explore/__init__.py to __init__.cpython-312.pyc
[2.077s] byte-compiling /home/yht/SLAM_2D_Learn/SLAM_2D_Learn/install/leo_explore/lib/python3.12/site-packages/leo_explore/wander.py to wander.cpython-312.pyc
[2.078s] running install_data
[2.078s] creating /home/yht/SLAM_2D_Learn/SLAM_2D_Learn/install/leo_explore/share/ament_index
[2.078s] creating /home/yht/SLAM_2D_Learn/SLAM_2D_Learn/install/leo_explore/share/ament_index/resource_index
[2.078s] creating /home/yht/SLAM_2D_Learn/SLAM_2D_Learn/install/leo_explore/share/ament_index/resource_index/packages
[2.079s] copying resource/leo_explore -> /home/yht/SLAM_2D_Learn/SLAM_2D_Learn/install/leo_explore/share/ament_index/resource_index/packages
[2.079s] copying package.xml -> /home/yht/SLAM_2D_Learn/SLAM_2D_Learn/install/leo_explore/share/leo_explore
[2.079s] creating /home/yht/SLAM_2D_Learn/SLAM_2D_Learn/install/leo_explore/share/leo_explore/launch
[2.079s] copying launch/auto_slam_wander.launch.py -> /home/yht/SLAM_2D_Learn/SLAM_2D_Learn/install/leo_explore/share/leo_explore/launch
[2.079s] running install_egg_info
[2.103s] Copying ../../build/leo_explore/leo_explore.egg-info to /home/yht/SLAM_2D_Learn/SLAM_2D_Learn/install/leo_explore/lib/python3.12/site-packages/leo_explore-0.0.0-py3.12.egg-info
[2.103s] running install_scripts
[2.247s] Installing wander script to /home/yht/SLAM_2D_Learn/SLAM_2D_Learn/install/leo_explore/lib/leo_explore
[2.247s] writing list of installed files to '/home/yht/SLAM_2D_Learn/SLAM_2D_Learn/build/leo_explore/install.log'
[2.297s] Invoked command in '/home/yht/SLAM_2D_Learn/SLAM_2D_Learn/src/leo_explore' returned '0': DEBUGINFOD_URLS=https://debuginfod.ubuntu.com PYTHONPATH=/home/yht/SLAM_2D_Learn/SLAM_2D_Learn/build/leo_explore/prefix_override:/usr/lib/python3/dist-packages/colcon_core/task/python/colcon_distutils_commands:/home/yht/SLAM_2D_Learn/SLAM_2D_Learn/install/leo_explore/lib/python3.12/site-packages:${PYTHONPATH} /usr/bin/python3 -W ignore:setup.py install is deprecated -W ignore:easy_install command is deprecated setup.py egg_info --egg-base ../../build/leo_explore build --build-base /home/yht/SLAM_2D_Learn/SLAM_2D_Learn/build/leo_explore/build install --record /home/yht/SLAM_2D_Learn/SLAM_2D_Learn/build/leo_explore/install.log --single-version-externally-managed install_data
